<?xml version="1.0" encoding="UTF-8"?>
<testsuite name="pl.drat.dominik.unit_test.RegisterApplicationTests" tests="1" skipped="0" failures="0" errors="0" timestamp="2017-09-14T20:27:29" hostname="Doomnyx-PC" time="0.012">
  <properties/>
  <testcase name="contextLoads" classname="pl.drat.dominik.unit_test.RegisterApplicationTests" time="0.012"/>
  <system-out><![CDATA[2017-09-14 22:27:29.437  INFO 8168 --- [    Test worker] .b.t.c.SpringBootTestContextBootstrapper : Neither @ContextConfiguration nor @ContextHierarchy found for test class [pl.drat.dominik.unit_test.RegisterApplicationTests], using SpringBootContextLoader
2017-09-14 22:27:29.439  INFO 8168 --- [    Test worker] o.s.t.c.support.AbstractContextLoader    : Could not detect default resource locations for test class [pl.drat.dominik.unit_test.RegisterApplicationTests]: no resource found for suffixes {-context.xml, Context.groovy}.
2017-09-14 22:27:29.439  INFO 8168 --- [    Test worker] t.c.s.AnnotationConfigContextLoaderUtils : Could not detect default configuration classes for test class [pl.drat.dominik.unit_test.RegisterApplicationTests]: RegisterApplicationTests does not declare any static, non-private, non-final, nested classes annotated with @Configuration.
2017-09-14 22:27:29.496  INFO 8168 --- [    Test worker] .b.t.c.SpringBootTestContextBootstrapper : Found @SpringBootConfiguration pl.drat.dominik.RegisterApplication for test class pl.drat.dominik.unit_test.RegisterApplicationTests
2017-09-14 22:27:29.512  INFO 8168 --- [    Test worker] .b.t.c.SpringBootTestContextBootstrapper : Loaded default TestExecutionListener class names from location [META-INF/spring.factories]: [org.springframework.boot.test.mock.mockito.MockitoTestExecutionListener, org.springframework.boot.test.mock.mockito.ResetMocksTestExecutionListener, org.springframework.boot.test.autoconfigure.restdocs.RestDocsTestExecutionListener, org.springframework.boot.test.autoconfigure.web.client.MockRestServiceServerResetTestExecutionListener, org.springframework.boot.test.autoconfigure.web.servlet.MockMvcPrintOnlyOnFailureTestExecutionListener, org.springframework.boot.test.autoconfigure.web.servlet.WebDriverTestExecutionListener, org.springframework.test.context.web.ServletTestExecutionListener, org.springframework.test.context.support.DirtiesContextBeforeModesTestExecutionListener, org.springframework.test.context.support.DependencyInjectionTestExecutionListener, org.springframework.test.context.support.DirtiesContextTestExecutionListener, org.springframework.test.context.transaction.TransactionalTestExecutionListener, org.springframework.test.context.jdbc.SqlScriptsTestExecutionListener]
2017-09-14 22:27:29.522  INFO 8168 --- [    Test worker] .b.t.c.SpringBootTestContextBootstrapper : Using TestExecutionListeners: [org.springframework.test.context.web.ServletTestExecutionListener@6bb3c9bb, org.springframework.test.context.support.DirtiesContextBeforeModesTestExecutionListener@63a4db58, org.springframework.boot.test.autoconfigure.SpringBootDependencyInjectionTestExecutionListener@37b61c02, org.springframework.test.context.support.DirtiesContextTestExecutionListener@7a41c2b8, org.springframework.test.context.transaction.TransactionalTestExecutionListener@f4a325a, org.springframework.test.context.jdbc.SqlScriptsTestExecutionListener@4a7156f0, org.springframework.boot.test.autoconfigure.web.servlet.WebDriverTestExecutionListener@4d2005b0, org.springframework.boot.test.autoconfigure.web.client.MockRestServiceServerResetTestExecutionListener@39805aae, org.springframework.boot.test.mock.mockito.MockitoTestExecutionListener@67067726, org.springframework.boot.test.autoconfigure.web.servlet.MockMvcPrintOnlyOnFailureTestExecutionListener@27007be0, org.springframework.boot.test.mock.mockito.ResetMocksTestExecutionListener@6a40f735, org.springframework.boot.test.autoconfigure.restdocs.RestDocsTestExecutionListener@51ae85f9]
]]></system-out>
  <system-err><![CDATA[]]></system-err>
</testsuite>
