<?xml version="1.0" encoding="UTF-8"?>
<testsuite name="pl.drat.dominik.service.IPServiceTest" tests="1" skipped="0" failures="0" errors="0" timestamp="2017-09-14T20:27:29" hostname="Doomnyx-PC" time="0.247">
  <properties/>
  <testcase name="ipIsInSchoolNetworkRange" classname="pl.drat.dominik.service.IPServiceTest" time="0.247"/>
  <system-out><![CDATA[22:26:57.731 [Test worker] DEBUG org.springframework.test.context.junit4.SpringJUnit4ClassRunner - SpringJUnit4ClassRunner constructor called with [class pl.drat.dominik.service.IPServiceTest]
22:26:57.745 [Test worker] DEBUG org.springframework.test.context.BootstrapUtils - Instantiating CacheAwareContextLoaderDelegate from class [org.springframework.test.context.cache.DefaultCacheAwareContextLoaderDelegate]
22:26:57.797 [Test worker] DEBUG org.springframework.test.context.BootstrapUtils - Instantiating BootstrapContext using constructor [public org.springframework.test.context.support.DefaultBootstrapContext(java.lang.Class,org.springframework.test.context.CacheAwareContextLoaderDelegate)]
22:26:57.881 [Test worker] DEBUG org.springframework.test.context.BootstrapUtils - Instantiating TestContextBootstrapper for test class [pl.drat.dominik.service.IPServiceTest] from class [org.springframework.boot.test.context.SpringBootTestContextBootstrapper]
22:26:57.955 [Test worker] INFO org.springframework.boot.test.context.SpringBootTestContextBootstrapper - Neither @ContextConfiguration nor @ContextHierarchy found for test class [pl.drat.dominik.service.IPServiceTest], using SpringBootContextLoader
22:26:57.976 [Test worker] DEBUG org.springframework.test.context.support.AbstractContextLoader - Did not detect default resource location for test class [pl.drat.dominik.service.IPServiceTest]: class path resource [pl/drat/dominik/service/IPServiceTest-context.xml] does not exist
22:26:57.978 [Test worker] DEBUG org.springframework.test.context.support.AbstractContextLoader - Did not detect default resource location for test class [pl.drat.dominik.service.IPServiceTest]: class path resource [pl/drat/dominik/service/IPServiceTestContext.groovy] does not exist
22:26:57.983 [Test worker] INFO org.springframework.test.context.support.AbstractContextLoader - Could not detect default resource locations for test class [pl.drat.dominik.service.IPServiceTest]: no resource found for suffixes {-context.xml, Context.groovy}.
22:26:57.993 [Test worker] INFO org.springframework.test.context.support.AnnotationConfigContextLoaderUtils - Could not detect default configuration classes for test class [pl.drat.dominik.service.IPServiceTest]: IPServiceTest does not declare any static, non-private, non-final, nested classes annotated with @Configuration.
22:26:58.324 [Test worker] DEBUG org.springframework.test.context.support.ActiveProfilesUtils - Could not find an 'annotation declaring class' for annotation type [org.springframework.test.context.ActiveProfiles] and class [pl.drat.dominik.service.IPServiceTest]
22:26:58.363 [Test worker] DEBUG org.springframework.core.env.StandardEnvironment - Adding [systemProperties] PropertySource with lowest search precedence
22:26:58.364 [Test worker] DEBUG org.springframework.core.env.StandardEnvironment - Adding [systemEnvironment] PropertySource with lowest search precedence
22:26:58.365 [Test worker] DEBUG org.springframework.core.env.StandardEnvironment - Initialized StandardEnvironment with PropertySources [systemProperties,systemEnvironment]
22:26:58.437 [Test worker] DEBUG org.springframework.core.io.support.PathMatchingResourcePatternResolver - Resolved classpath location [pl/drat/dominik/service/] to resources [URL [file:/C:/register-master2/build/classes/test/pl/drat/dominik/service/], URL [file:/C:/register-master2/build/classes/main/pl/drat/dominik/service/]]
22:26:58.440 [Test worker] DEBUG org.springframework.core.io.support.PathMatchingResourcePatternResolver - Looking for matching resources in directory tree [C:\register-master2\build\classes\test\pl\drat\dominik\service]
22:26:58.442 [Test worker] DEBUG org.springframework.core.io.support.PathMatchingResourcePatternResolver - Searching directory [C:\register-master2\build\classes\test\pl\drat\dominik\service] for files matching pattern [C:/register-master2/build/classes/test/pl/drat/dominik/service/*.class]
22:26:58.452 [Test worker] DEBUG org.springframework.core.io.support.PathMatchingResourcePatternResolver - Looking for matching resources in directory tree [C:\register-master2\build\classes\main\pl\drat\dominik\service]
22:26:58.453 [Test worker] DEBUG org.springframework.core.io.support.PathMatchingResourcePatternResolver - Searching directory [C:\register-master2\build\classes\main\pl\drat\dominik\service] for files matching pattern [C:/register-master2/build/classes/main/pl/drat/dominik/service/*.class]
22:26:58.470 [Test worker] DEBUG org.springframework.core.io.support.PathMatchingResourcePatternResolver - Resolved location pattern [classpath*:pl/drat/dominik/service/*.class] to resources [file [C:\register-master2\build\classes\test\pl\drat\dominik\service\IPServiceTest.class], file [C:\register-master2\build\classes\main\pl\drat\dominik\service\IPService.class], file [C:\register-master2\build\classes\main\pl\drat\dominik\service\IPServiceImpl.class], file [C:\register-master2\build\classes\main\pl\drat\dominik\service\PresenceService.class], file [C:\register-master2\build\classes\main\pl\drat\dominik\service\PresenceServiceImpl.class], file [C:\register-master2\build\classes\main\pl\drat\dominik\service\RoleService.class], file [C:\register-master2\build\classes\main\pl\drat\dominik\service\RoleServiceImpl.class], file [C:\register-master2\build\classes\main\pl\drat\dominik\service\SubjectService.class], file [C:\register-master2\build\classes\main\pl\drat\dominik\service\SubjectServiceImpl.class], file [C:\register-master2\build\classes\main\pl\drat\dominik\service\UserService.class], file [C:\register-master2\build\classes\main\pl\drat\dominik\service\UserServiceImpl.class]]
22:26:58.699 [Test worker] DEBUG org.springframework.core.io.support.PathMatchingResourcePatternResolver - Resolved classpath location [pl/drat/dominik/] to resources [URL [file:/C:/register-master2/build/classes/test/pl/drat/dominik/], URL [file:/C:/register-master2/build/classes/main/pl/drat/dominik/]]
22:26:58.699 [Test worker] DEBUG org.springframework.core.io.support.PathMatchingResourcePatternResolver - Looking for matching resources in directory tree [C:\register-master2\build\classes\test\pl\drat\dominik]
22:26:58.700 [Test worker] DEBUG org.springframework.core.io.support.PathMatchingResourcePatternResolver - Searching directory [C:\register-master2\build\classes\test\pl\drat\dominik] for files matching pattern [C:/register-master2/build/classes/test/pl/drat/dominik/*.class]
22:26:58.701 [Test worker] DEBUG org.springframework.core.io.support.PathMatchingResourcePatternResolver - Looking for matching resources in directory tree [C:\register-master2\build\classes\main\pl\drat\dominik]
22:26:58.702 [Test worker] DEBUG org.springframework.core.io.support.PathMatchingResourcePatternResolver - Searching directory [C:\register-master2\build\classes\main\pl\drat\dominik] for files matching pattern [C:/register-master2/build/classes/main/pl/drat/dominik/*.class]
22:26:58.705 [Test worker] DEBUG org.springframework.core.io.support.PathMatchingResourcePatternResolver - Resolved location pattern [classpath*:pl/drat/dominik/*.class] to resources [file [C:\register-master2\build\classes\main\pl\drat\dominik\RegisterApplication.class]]
22:26:58.841 [Test worker] DEBUG org.springframework.context.annotation.ClassPathScanningCandidateComponentProvider - Identified candidate component class: file [C:\register-master2\build\classes\main\pl\drat\dominik\RegisterApplication.class]
22:26:58.848 [Test worker] INFO org.springframework.boot.test.context.SpringBootTestContextBootstrapper - Found @SpringBootConfiguration pl.drat.dominik.RegisterApplication for test class pl.drat.dominik.service.IPServiceTest
22:26:58.861 [Test worker] DEBUG org.springframework.boot.test.context.SpringBootTestContextBootstrapper - @TestExecutionListeners is not present for class [pl.drat.dominik.service.IPServiceTest]: using defaults.
22:26:58.881 [Test worker] INFO org.springframework.boot.test.context.SpringBootTestContextBootstrapper - Loaded default TestExecutionListener class names from location [META-INF/spring.factories]: [org.springframework.boot.test.mock.mockito.MockitoTestExecutionListener, org.springframework.boot.test.mock.mockito.ResetMocksTestExecutionListener, org.springframework.boot.test.autoconfigure.restdocs.RestDocsTestExecutionListener, org.springframework.boot.test.autoconfigure.web.client.MockRestServiceServerResetTestExecutionListener, org.springframework.boot.test.autoconfigure.web.servlet.MockMvcPrintOnlyOnFailureTestExecutionListener, org.springframework.boot.test.autoconfigure.web.servlet.WebDriverTestExecutionListener, org.springframework.test.context.web.ServletTestExecutionListener, org.springframework.test.context.support.DirtiesContextBeforeModesTestExecutionListener, org.springframework.test.context.support.DependencyInjectionTestExecutionListener, org.springframework.test.context.support.DirtiesContextTestExecutionListener, org.springframework.test.context.transaction.TransactionalTestExecutionListener, org.springframework.test.context.jdbc.SqlScriptsTestExecutionListener]
22:26:59.002 [Test worker] INFO org.springframework.boot.test.context.SpringBootTestContextBootstrapper - Using TestExecutionListeners: [org.springframework.test.context.web.ServletTestExecutionListener@1a81efb9, org.springframework.test.context.support.DirtiesContextBeforeModesTestExecutionListener@1d442fbc, org.springframework.boot.test.autoconfigure.SpringBootDependencyInjectionTestExecutionListener@5e49532f, org.springframework.test.context.support.DirtiesContextTestExecutionListener@1072cda7, org.springframework.test.context.transaction.TransactionalTestExecutionListener@51b0437, org.springframework.test.context.jdbc.SqlScriptsTestExecutionListener@391ef2e7, org.springframework.boot.test.autoconfigure.web.servlet.WebDriverTestExecutionListener@2d5a0ec0, org.springframework.boot.test.autoconfigure.web.client.MockRestServiceServerResetTestExecutionListener@2b43f139, org.springframework.boot.test.mock.mockito.MockitoTestExecutionListener@76a462da, org.springframework.boot.test.autoconfigure.web.servlet.MockMvcPrintOnlyOnFailureTestExecutionListener@38e32f23, org.springframework.boot.test.mock.mockito.ResetMocksTestExecutionListener@45b21af1, org.springframework.boot.test.autoconfigure.restdocs.RestDocsTestExecutionListener@71ccf147]
22:26:59.017 [Test worker] DEBUG org.springframework.test.annotation.ProfileValueUtils - Retrieved @ProfileValueSourceConfiguration [null] for test class [pl.drat.dominik.service.IPServiceTest]
22:26:59.019 [Test worker] DEBUG org.springframework.test.annotation.ProfileValueUtils - Retrieved ProfileValueSource type [class org.springframework.test.annotation.SystemProfileValueSource] for class [pl.drat.dominik.service.IPServiceTest]
22:26:59.021 [Test worker] DEBUG org.springframework.test.annotation.ProfileValueUtils - Retrieved @ProfileValueSourceConfiguration [null] for test class [pl.drat.dominik.service.IPServiceTest]
22:26:59.021 [Test worker] DEBUG org.springframework.test.annotation.ProfileValueUtils - Retrieved ProfileValueSource type [class org.springframework.test.annotation.SystemProfileValueSource] for class [pl.drat.dominik.service.IPServiceTest]
22:26:59.038 [Test worker] DEBUG org.springframework.test.context.support.AbstractDirtiesContextTestExecutionListener - Before test class: context [DefaultTestContext@4c3ac5e1 testClass = IPServiceTest, testInstance = [null], testMethod = [null], testException = [null], mergedContextConfiguration = [WebMergedContextConfiguration@589ac65f testClass = IPServiceTest, locations = '{}', classes = '{class pl.drat.dominik.RegisterApplication}', contextInitializerClasses = '[]', activeProfiles = '{}', propertySourceLocations = '{}', propertySourceProperties = '{org.springframework.boot.test.context.SpringBootTestContextBootstrapper=true}', contextCustomizers = set[org.springframework.boot.test.context.SpringBootTestContextCustomizer@515c0402, org.springframework.boot.test.context.filter.ExcludeFilterContextCustomizer@21568b69, org.springframework.boot.test.mock.mockito.MockitoContextCustomizer@0, org.springframework.boot.test.autoconfigure.properties.PropertyMappingContextCustomizer@0, org.springframework.boot.test.autoconfigure.web.servlet.WebDriverContextCustomizerFactory$Customizer@6b69ec53], resourceBasePath = 'src/main/webapp', contextLoader = 'org.springframework.boot.test.context.SpringBootContextLoader', parent = [null]]], class annotated with @DirtiesContext [false] with mode [null].
22:26:59.041 [Test worker] DEBUG org.springframework.test.annotation.ProfileValueUtils - Retrieved @ProfileValueSourceConfiguration [null] for test class [pl.drat.dominik.service.IPServiceTest]
22:26:59.042 [Test worker] DEBUG org.springframework.test.annotation.ProfileValueUtils - Retrieved ProfileValueSource type [class org.springframework.test.annotation.SystemProfileValueSource] for class [pl.drat.dominik.service.IPServiceTest]
22:26:59.360 [Test worker] DEBUG org.springframework.core.env.StandardEnvironment - Adding [systemProperties] PropertySource with lowest search precedence
22:26:59.361 [Test worker] DEBUG org.springframework.core.env.StandardEnvironment - Adding [systemEnvironment] PropertySource with lowest search precedence
22:26:59.361 [Test worker] DEBUG org.springframework.core.env.StandardEnvironment - Initialized StandardEnvironment with PropertySources [systemProperties,systemEnvironment]
22:26:59.365 [Test worker] DEBUG org.springframework.core.env.MutablePropertySources - Adding [inline] PropertySource with highest search precedence
22:26:59.389 [Test worker] DEBUG org.springframework.test.context.support.TestPropertySourceUtils - Adding inlined properties to environment: {spring.jmx.enabled=false, org.springframework.boot.test.context.SpringBootTestContextBootstrapper=true, server.port=-1}
22:26:59.391 [Test worker] DEBUG org.springframework.core.env.StandardEnvironment - Adding [Inlined Test Properties] PropertySource with highest search precedence

  .   ____          _            __ _ _
 /\\ / ___'_ __ _ _(_)_ __  __ _ \ \ \ \
( ( )\___ | '_ | '_| | '_ \/ _` | \ \ \ \
 \\/  ___)| |_)| | | | | || (_| |  ) ) ) )
  '  |____| .__|_| |_|_| |_\__, | / / / /
 =========|_|==============|___/=/_/_/_/
 :: Spring Boot ::        (v1.5.1.RELEASE)

2017-09-14 22:27:00.410  INFO 8168 --- [    Test worker] pl.drat.dominik.service.IPServiceTest    : Starting IPServiceTest on Doomnyx-PC with PID 8168 (started by Doomnyx in C:\register-master2)
2017-09-14 22:27:00.413  INFO 8168 --- [    Test worker] pl.drat.dominik.service.IPServiceTest    : No active profile set, falling back to default profiles: default
2017-09-14 22:27:00.555  INFO 8168 --- [    Test worker] o.s.w.c.s.GenericWebApplicationContext   : Refreshing org.springframework.web.context.support.GenericWebApplicationContext@629a1522: startup date [Thu Sep 14 22:27:00 CEST 2017]; root of context hierarchy
2017-09-14 22:27:00.556 DEBUG 8168 --- [    Test worker] o.s.w.c.s.GenericWebApplicationContext   : Bean factory for org.springframework.web.context.support.GenericWebApplicationContext@629a1522: org.springframework.beans.factory.support.DefaultListableBeanFactory@56cccc7a: defining beans [org.springframework.boot.test.mock.mockito.MockitoPostProcessor$SpyPostProcessor,org.springframework.boot.test.mock.mockito.MockitoPostProcessor,org.springframework.context.annotation.internalConfigurationAnnotationProcessor,org.springframework.context.annotation.internalAutowiredAnnotationProcessor,org.springframework.context.annotation.internalRequiredAnnotationProcessor,org.springframework.context.annotation.internalCommonAnnotationProcessor,org.springframework.context.annotation.internalPersistenceAnnotationProcessor,org.springframework.context.event.internalEventListenerProcessor,org.springframework.context.event.internalEventListenerFactory,registerApplication]; root of factory hierarchy
2017-09-14 22:27:03.018 DEBUG 8168 --- [kground-preinit] o.h.v.i.e.r.DefaultTraversableResolver   : Found javax.persistence.Persistence on classpath containing 'getPersistenceUtil'. Assuming JPA 2 environment. Trying to instantiate JPA aware TraversableResolver
2017-09-14 22:27:03.032 DEBUG 8168 --- [kground-preinit] o.h.v.i.e.r.DefaultTraversableResolver   : Instantiated JPA aware TraversableResolver of type org.hibernate.validator.internal.engine.resolver.JPATraversableResolver.
2017-09-14 22:27:08.433  INFO 8168 --- [    Test worker] trationDelegate$BeanPostProcessorChecker : Bean 'org.springframework.boot.autoconfigure.validation.ValidationAutoConfiguration' of type [class org.springframework.boot.autoconfigure.validation.ValidationAutoConfiguration] is not eligible for getting processed by all BeanPostProcessors (for example: not eligible for auto-proxying)
2017-09-14 22:27:08.452 DEBUG 8168 --- [    Test worker] o.h.v.i.e.r.DefaultTraversableResolver   : Found javax.persistence.Persistence on classpath containing 'getPersistenceUtil'. Assuming JPA 2 environment. Trying to instantiate JPA aware TraversableResolver
2017-09-14 22:27:08.453 DEBUG 8168 --- [    Test worker] o.h.v.i.e.r.DefaultTraversableResolver   : Instantiated JPA aware TraversableResolver of type org.hibernate.validator.internal.engine.resolver.JPATraversableResolver.
2017-09-14 22:27:08.590 DEBUG 8168 --- [    Test worker] o.h.v.i.e.r.DefaultTraversableResolver   : Found javax.persistence.Persistence on classpath containing 'getPersistenceUtil'. Assuming JPA 2 environment. Trying to instantiate JPA aware TraversableResolver
2017-09-14 22:27:08.598 DEBUG 8168 --- [    Test worker] o.h.v.i.e.r.DefaultTraversableResolver   : Instantiated JPA aware TraversableResolver of type org.hibernate.validator.internal.engine.resolver.JPATraversableResolver.
2017-09-14 22:27:08.616 DEBUG 8168 --- [    Test worker] o.h.v.internal.engine.ConfigurationImpl  : Setting custom MessageInterpolator of type org.springframework.validation.beanvalidation.LocaleContextMessageInterpolator
2017-09-14 22:27:08.618 DEBUG 8168 --- [    Test worker] o.h.v.internal.engine.ConfigurationImpl  : Setting custom ConstraintValidatorFactory of type org.springframework.validation.beanvalidation.SpringConstraintValidatorFactory
2017-09-14 22:27:08.622 DEBUG 8168 --- [    Test worker] o.h.v.internal.engine.ConfigurationImpl  : Setting custom ParameterNameProvider of type com.sun.proxy.$Proxy85
2017-09-14 22:27:08.628 DEBUG 8168 --- [    Test worker] o.h.v.internal.xml.ValidationXmlParser   : Trying to load META-INF/validation.xml for XML based Validator configuration.
2017-09-14 22:27:08.636 DEBUG 8168 --- [    Test worker] o.h.v.internal.xml.ResourceLoaderHelper  : Trying to load META-INF/validation.xml via user class loader
2017-09-14 22:27:08.640 DEBUG 8168 --- [    Test worker] o.h.v.internal.xml.ResourceLoaderHelper  : Trying to load META-INF/validation.xml via TCCL
2017-09-14 22:27:08.642 DEBUG 8168 --- [    Test worker] o.h.v.internal.xml.ResourceLoaderHelper  : Trying to load META-INF/validation.xml via Hibernate Validator's class loader
2017-09-14 22:27:08.652 DEBUG 8168 --- [    Test worker] o.h.v.internal.xml.ValidationXmlParser   : No META-INF/validation.xml found. Using annotation based configuration only.
2017-09-14 22:27:08.812  INFO 8168 --- [    Test worker] trationDelegate$BeanPostProcessorChecker : Bean 'validator' of type [class org.springframework.validation.beanvalidation.LocalValidatorFactoryBean] is not eligible for getting processed by all BeanPostProcessors (for example: not eligible for auto-proxying)
2017-09-14 22:27:09.171  INFO 8168 --- [    Test worker] trationDelegate$BeanPostProcessorChecker : Bean 'org.springframework.transaction.annotation.ProxyTransactionManagementConfiguration' of type [class org.springframework.transaction.annotation.ProxyTransactionManagementConfiguration$$EnhancerBySpringCGLIB$$f38c5173] is not eligible for getting processed by all BeanPostProcessors (for example: not eligible for auto-proxying)
2017-09-14 22:27:09.324 DEBUG 8168 --- [    Test worker] o.s.w.c.s.GenericWebApplicationContext   : Unable to locate MessageSource with name 'messageSource': using default [org.springframework.context.support.DelegatingMessageSource@7876a34b]
2017-09-14 22:27:09.324 DEBUG 8168 --- [    Test worker] o.s.w.c.s.GenericWebApplicationContext   : Unable to locate ApplicationEventMulticaster with name 'applicationEventMulticaster': using default [org.springframework.context.event.SimpleApplicationEventMulticaster@5d4e9901]
2017-09-14 22:27:09.364 DEBUG 8168 --- [    Test worker] o.h.v.i.e.r.DefaultTraversableResolver   : Found javax.persistence.Persistence on classpath containing 'getPersistenceUtil'. Assuming JPA 2 environment. Trying to instantiate JPA aware TraversableResolver
2017-09-14 22:27:09.366 DEBUG 8168 --- [    Test worker] o.h.v.i.e.r.DefaultTraversableResolver   : Instantiated JPA aware TraversableResolver of type org.hibernate.validator.internal.engine.resolver.JPATraversableResolver.
2017-09-14 22:27:09.367 DEBUG 8168 --- [    Test worker] o.h.v.i.e.r.DefaultTraversableResolver   : Found javax.persistence.Persistence on classpath containing 'getPersistenceUtil'. Assuming JPA 2 environment. Trying to instantiate JPA aware TraversableResolver
2017-09-14 22:27:09.368 DEBUG 8168 --- [    Test worker] o.h.v.i.e.r.DefaultTraversableResolver   : Instantiated JPA aware TraversableResolver of type org.hibernate.validator.internal.engine.resolver.JPATraversableResolver.
2017-09-14 22:27:09.368 DEBUG 8168 --- [    Test worker] o.h.v.internal.engine.ConfigurationImpl  : Setting custom MessageInterpolator of type org.springframework.validation.beanvalidation.LocaleContextMessageInterpolator
2017-09-14 22:27:09.368 DEBUG 8168 --- [    Test worker] o.h.v.internal.engine.ConfigurationImpl  : Setting custom ConstraintValidatorFactory of type org.springframework.validation.beanvalidation.SpringConstraintValidatorFactory
2017-09-14 22:27:09.372 DEBUG 8168 --- [    Test worker] o.h.v.internal.engine.ConfigurationImpl  : Setting custom ParameterNameProvider of type com.sun.proxy.$Proxy85
2017-09-14 22:27:09.373 DEBUG 8168 --- [    Test worker] o.h.v.internal.xml.ValidationXmlParser   : Trying to load META-INF/validation.xml for XML based Validator configuration.
2017-09-14 22:27:09.374 DEBUG 8168 --- [    Test worker] o.h.v.internal.xml.ResourceLoaderHelper  : Trying to load META-INF/validation.xml via user class loader
2017-09-14 22:27:09.375 DEBUG 8168 --- [    Test worker] o.h.v.internal.xml.ResourceLoaderHelper  : Trying to load META-INF/validation.xml via TCCL
2017-09-14 22:27:09.377 DEBUG 8168 --- [    Test worker] o.h.v.internal.xml.ResourceLoaderHelper  : Trying to load META-INF/validation.xml via Hibernate Validator's class loader
2017-09-14 22:27:09.378 DEBUG 8168 --- [    Test worker] o.h.v.internal.xml.ValidationXmlParser   : No META-INF/validation.xml found. Using annotation based configuration only.
2017-09-14 22:27:11.188 ERROR 8168 --- [    Test worker] o.a.tomcat.jdbc.pool.ConnectionPool      : Unable to create initial connections of pool.

java.sql.SQLException: Access denied for user 'root'@'localhost' (using password: YES)
	at com.mysql.jdbc.SQLError.createSQLException(SQLError.java:964) ~[mysql-connector-java-5.1.40.jar:5.1.40]
	at com.mysql.jdbc.MysqlIO.checkErrorPacket(MysqlIO.java:3970) ~[mysql-connector-java-5.1.40.jar:5.1.40]
	at com.mysql.jdbc.MysqlIO.checkErrorPacket(MysqlIO.java:3906) ~[mysql-connector-java-5.1.40.jar:5.1.40]
	at com.mysql.jdbc.MysqlIO.checkErrorPacket(MysqlIO.java:873) ~[mysql-connector-java-5.1.40.jar:5.1.40]
	at com.mysql.jdbc.MysqlIO.proceedHandshakeWithPluggableAuthentication(MysqlIO.java:1710) ~[mysql-connector-java-5.1.40.jar:5.1.40]
	at com.mysql.jdbc.MysqlIO.doHandshake(MysqlIO.java:1226) ~[mysql-connector-java-5.1.40.jar:5.1.40]
	at com.mysql.jdbc.ConnectionImpl.coreConnect(ConnectionImpl.java:2253) ~[mysql-connector-java-5.1.40.jar:5.1.40]
	at com.mysql.jdbc.ConnectionImpl.connectOneTryOnly(ConnectionImpl.java:2284) ~[mysql-connector-java-5.1.40.jar:5.1.40]
	at com.mysql.jdbc.ConnectionImpl.createNewIO(ConnectionImpl.java:2083) ~[mysql-connector-java-5.1.40.jar:5.1.40]
	at com.mysql.jdbc.ConnectionImpl.<init>(ConnectionImpl.java:806) ~[mysql-connector-java-5.1.40.jar:5.1.40]
	at com.mysql.jdbc.JDBC4Connection.<init>(JDBC4Connection.java:47) ~[mysql-connector-java-5.1.40.jar:5.1.40]
	at sun.reflect.NativeConstructorAccessorImpl.newInstance0(Native Method) ~[na:1.8.0_65]
	at sun.reflect.NativeConstructorAccessorImpl.newInstance(NativeConstructorAccessorImpl.java:62) ~[na:1.8.0_65]
	at sun.reflect.DelegatingConstructorAccessorImpl.newInstance(DelegatingConstructorAccessorImpl.java:45) ~[na:1.8.0_65]
	at java.lang.reflect.Constructor.newInstance(Constructor.java:422) ~[na:1.8.0_65]
	at com.mysql.jdbc.Util.handleNewInstance(Util.java:425) ~[mysql-connector-java-5.1.40.jar:5.1.40]
	at com.mysql.jdbc.ConnectionImpl.getInstance(ConnectionImpl.java:410) ~[mysql-connector-java-5.1.40.jar:5.1.40]
	at com.mysql.jdbc.NonRegisteringDriver.connect(NonRegisteringDriver.java:328) ~[mysql-connector-java-5.1.40.jar:5.1.40]
	at org.apache.tomcat.jdbc.pool.PooledConnection.connectUsingDriver(PooledConnection.java:310) ~[tomcat-jdbc-8.5.11.jar:na]
	at org.apache.tomcat.jdbc.pool.PooledConnection.connect(PooledConnection.java:203) ~[tomcat-jdbc-8.5.11.jar:na]
	at org.apache.tomcat.jdbc.pool.ConnectionPool.createConnection(ConnectionPool.java:732) [tomcat-jdbc-8.5.11.jar:na]
	at org.apache.tomcat.jdbc.pool.ConnectionPool.borrowConnection(ConnectionPool.java:664) [tomcat-jdbc-8.5.11.jar:na]
	at org.apache.tomcat.jdbc.pool.ConnectionPool.init(ConnectionPool.java:479) [tomcat-jdbc-8.5.11.jar:na]
	at org.apache.tomcat.jdbc.pool.ConnectionPool.<init>(ConnectionPool.java:154) [tomcat-jdbc-8.5.11.jar:na]
	at org.apache.tomcat.jdbc.pool.DataSourceProxy.pCreatePool(DataSourceProxy.java:118) [tomcat-jdbc-8.5.11.jar:na]
	at org.apache.tomcat.jdbc.pool.DataSourceProxy.createPool(DataSourceProxy.java:107) [tomcat-jdbc-8.5.11.jar:na]
	at org.apache.tomcat.jdbc.pool.DataSourceProxy.getConnection(DataSourceProxy.java:131) [tomcat-jdbc-8.5.11.jar:na]
	at org.springframework.jdbc.datasource.DataSourceUtils.doGetConnection(DataSourceUtils.java:111) [spring-jdbc-4.3.6.RELEASE.jar:4.3.6.RELEASE]
	at org.springframework.jdbc.datasource.DataSourceUtils.getConnection(DataSourceUtils.java:77) [spring-jdbc-4.3.6.RELEASE.jar:4.3.6.RELEASE]
	at org.springframework.jdbc.support.JdbcUtils.extractDatabaseMetaData(JdbcUtils.java:326) [spring-jdbc-4.3.6.RELEASE.jar:4.3.6.RELEASE]
	at org.springframework.jdbc.support.JdbcUtils.extractDatabaseMetaData(JdbcUtils.java:366) [spring-jdbc-4.3.6.RELEASE.jar:4.3.6.RELEASE]
	at org.springframework.boot.autoconfigure.orm.jpa.DatabaseLookup.getDatabase(DatabaseLookup.java:72) [spring-boot-autoconfigure-1.5.1.RELEASE.jar:1.5.1.RELEASE]
	at org.springframework.boot.autoconfigure.orm.jpa.JpaProperties.determineDatabase(JpaProperties.java:139) [spring-boot-autoconfigure-1.5.1.RELEASE.jar:1.5.1.RELEASE]
	at org.springframework.boot.autoconfigure.orm.jpa.JpaBaseConfiguration.jpaVendorAdapter(JpaBaseConfiguration.java:105) [spring-boot-autoconfigure-1.5.1.RELEASE.jar:1.5.1.RELEASE]
	at org.springframework.boot.autoconfigure.orm.jpa.HibernateJpaAutoConfiguration$$EnhancerBySpringCGLIB$$5d12b593.CGLIB$jpaVendorAdapter$6(<generated>) [spring-boot-autoconfigure-1.5.1.RELEASE.jar:1.5.1.RELEASE]
	at org.springframework.boot.autoconfigure.orm.jpa.HibernateJpaAutoConfiguration$$EnhancerBySpringCGLIB$$5d12b593$$FastClassBySpringCGLIB$$84b7c6db.invoke(<generated>) [spring-boot-autoconfigure-1.5.1.RELEASE.jar:1.5.1.RELEASE]
	at org.springframework.cglib.proxy.MethodProxy.invokeSuper(MethodProxy.java:228) [spring-core-4.3.6.RELEASE.jar:4.3.6.RELEASE]
	at org.springframework.context.annotation.ConfigurationClassEnhancer$BeanMethodInterceptor.intercept(ConfigurationClassEnhancer.java:356) [spring-context-4.3.6.RELEASE.jar:4.3.6.RELEASE]
	at org.springframework.boot.autoconfigure.orm.jpa.HibernateJpaAutoConfiguration$$EnhancerBySpringCGLIB$$5d12b593.jpaVendorAdapter(<generated>) [spring-boot-autoconfigure-1.5.1.RELEASE.jar:1.5.1.RELEASE]
	at sun.reflect.NativeMethodAccessorImpl.invoke0(Native Method) ~[na:1.8.0_65]
	at sun.reflect.NativeMethodAccessorImpl.invoke(NativeMethodAccessorImpl.java:62) ~[na:1.8.0_65]
	at sun.reflect.DelegatingMethodAccessorImpl.invoke(DelegatingMethodAccessorImpl.java:43) ~[na:1.8.0_65]
	at java.lang.reflect.Method.invoke(Method.java:497) ~[na:1.8.0_65]
	at org.springframework.beans.factory.support.SimpleInstantiationStrategy.instantiate(SimpleInstantiationStrategy.java:162) [spring-beans-4.3.6.RELEASE.jar:4.3.6.RELEASE]
	at org.springframework.beans.factory.support.ConstructorResolver.instantiateUsingFactoryMethod(ConstructorResolver.java:588) [spring-beans-4.3.6.RELEASE.jar:4.3.6.RELEASE]
	at org.springframework.beans.factory.support.AbstractAutowireCapableBeanFactory.instantiateUsingFactoryMethod(AbstractAutowireCapableBeanFactory.java:1173) [spring-beans-4.3.6.RELEASE.jar:4.3.6.RELEASE]
	at org.springframework.beans.factory.support.AbstractAutowireCapableBeanFactory.createBeanInstance(AbstractAutowireCapableBeanFactory.java:1067) [spring-beans-4.3.6.RELEASE.jar:4.3.6.RELEASE]
	at org.springframework.beans.factory.support.AbstractAutowireCapableBeanFactory.doCreateBean(AbstractAutowireCapableBeanFactory.java:513) [spring-beans-4.3.6.RELEASE.jar:4.3.6.RELEASE]
	at org.springframework.beans.factory.support.AbstractAutowireCapableBeanFactory.createBean(AbstractAutowireCapableBeanFactory.java:483) [spring-beans-4.3.6.RELEASE.jar:4.3.6.RELEASE]
	at org.springframework.beans.factory.support.AbstractBeanFactory$1.getObject(AbstractBeanFactory.java:306) [spring-beans-4.3.6.RELEASE.jar:4.3.6.RELEASE]
	at org.springframework.beans.factory.support.DefaultSingletonBeanRegistry.getSingleton(DefaultSingletonBeanRegistry.java:230) [spring-beans-4.3.6.RELEASE.jar:4.3.6.RELEASE]
	at org.springframework.beans.factory.support.AbstractBeanFactory.doGetBean(AbstractBeanFactory.java:302) [spring-beans-4.3.6.RELEASE.jar:4.3.6.RELEASE]
	at org.springframework.beans.factory.support.AbstractBeanFactory.getBean(AbstractBeanFactory.java:202) [spring-beans-4.3.6.RELEASE.jar:4.3.6.RELEASE]
	at org.springframework.beans.factory.config.DependencyDescriptor.resolveCandidate(DependencyDescriptor.java:208) [spring-beans-4.3.6.RELEASE.jar:4.3.6.RELEASE]
	at org.springframework.beans.factory.support.DefaultListableBeanFactory.doResolveDependency(DefaultListableBeanFactory.java:1138) [spring-beans-4.3.6.RELEASE.jar:4.3.6.RELEASE]
	at org.springframework.beans.factory.support.DefaultListableBeanFactory.resolveDependency(DefaultListableBeanFactory.java:1066) [spring-beans-4.3.6.RELEASE.jar:4.3.6.RELEASE]
	at org.springframework.beans.factory.support.ConstructorResolver.resolveAutowiredArgument(ConstructorResolver.java:835) [spring-beans-4.3.6.RELEASE.jar:4.3.6.RELEASE]
	at org.springframework.beans.factory.support.ConstructorResolver.createArgumentArray(ConstructorResolver.java:741) [spring-beans-4.3.6.RELEASE.jar:4.3.6.RELEASE]
	at org.springframework.beans.factory.support.ConstructorResolver.instantiateUsingFactoryMethod(ConstructorResolver.java:467) [spring-beans-4.3.6.RELEASE.jar:4.3.6.RELEASE]
	at org.springframework.beans.factory.support.AbstractAutowireCapableBeanFactory.instantiateUsingFactoryMethod(AbstractAutowireCapableBeanFactory.java:1173) [spring-beans-4.3.6.RELEASE.jar:4.3.6.RELEASE]
	at org.springframework.beans.factory.support.AbstractAutowireCapableBeanFactory.createBeanInstance(AbstractAutowireCapableBeanFactory.java:1067) [spring-beans-4.3.6.RELEASE.jar:4.3.6.RELEASE]
	at org.springframework.beans.factory.support.AbstractAutowireCapableBeanFactory.doCreateBean(AbstractAutowireCapableBeanFactory.java:513) [spring-beans-4.3.6.RELEASE.jar:4.3.6.RELEASE]
	at org.springframework.beans.factory.support.AbstractAutowireCapableBeanFactory.createBean(AbstractAutowireCapableBeanFactory.java:483) [spring-beans-4.3.6.RELEASE.jar:4.3.6.RELEASE]
	at org.springframework.beans.factory.support.AbstractBeanFactory$1.getObject(AbstractBeanFactory.java:306) [spring-beans-4.3.6.RELEASE.jar:4.3.6.RELEASE]
	at org.springframework.beans.factory.support.DefaultSingletonBeanRegistry.getSingleton(DefaultSingletonBeanRegistry.java:230) [spring-beans-4.3.6.RELEASE.jar:4.3.6.RELEASE]
	at org.springframework.beans.factory.support.AbstractBeanFactory.doGetBean(AbstractBeanFactory.java:302) [spring-beans-4.3.6.RELEASE.jar:4.3.6.RELEASE]
	at org.springframework.beans.factory.support.AbstractBeanFactory.getBean(AbstractBeanFactory.java:202) [spring-beans-4.3.6.RELEASE.jar:4.3.6.RELEASE]
	at org.springframework.beans.factory.config.DependencyDescriptor.resolveCandidate(DependencyDescriptor.java:208) [spring-beans-4.3.6.RELEASE.jar:4.3.6.RELEASE]
	at org.springframework.beans.factory.support.DefaultListableBeanFactory.doResolveDependency(DefaultListableBeanFactory.java:1138) [spring-beans-4.3.6.RELEASE.jar:4.3.6.RELEASE]
	at org.springframework.beans.factory.support.DefaultListableBeanFactory.resolveDependency(DefaultListableBeanFactory.java:1066) [spring-beans-4.3.6.RELEASE.jar:4.3.6.RELEASE]
	at org.springframework.beans.factory.support.ConstructorResolver.resolveAutowiredArgument(ConstructorResolver.java:835) [spring-beans-4.3.6.RELEASE.jar:4.3.6.RELEASE]
	at org.springframework.beans.factory.support.ConstructorResolver.createArgumentArray(ConstructorResolver.java:741) [spring-beans-4.3.6.RELEASE.jar:4.3.6.RELEASE]
	at org.springframework.beans.factory.support.ConstructorResolver.instantiateUsingFactoryMethod(ConstructorResolver.java:467) [spring-beans-4.3.6.RELEASE.jar:4.3.6.RELEASE]
	at org.springframework.beans.factory.support.AbstractAutowireCapableBeanFactory.instantiateUsingFactoryMethod(AbstractAutowireCapableBeanFactory.java:1173) [spring-beans-4.3.6.RELEASE.jar:4.3.6.RELEASE]
	at org.springframework.beans.factory.support.AbstractAutowireCapableBeanFactory.createBeanInstance(AbstractAutowireCapableBeanFactory.java:1067) [spring-beans-4.3.6.RELEASE.jar:4.3.6.RELEASE]
	at org.springframework.beans.factory.support.AbstractAutowireCapableBeanFactory.doCreateBean(AbstractAutowireCapableBeanFactory.java:513) [spring-beans-4.3.6.RELEASE.jar:4.3.6.RELEASE]
	at org.springframework.beans.factory.support.AbstractAutowireCapableBeanFactory.createBean(AbstractAutowireCapableBeanFactory.java:483) [spring-beans-4.3.6.RELEASE.jar:4.3.6.RELEASE]
	at org.springframework.beans.factory.support.AbstractBeanFactory$1.getObject(AbstractBeanFactory.java:306) [spring-beans-4.3.6.RELEASE.jar:4.3.6.RELEASE]
	at org.springframework.beans.factory.support.DefaultSingletonBeanRegistry.getSingleton(DefaultSingletonBeanRegistry.java:230) [spring-beans-4.3.6.RELEASE.jar:4.3.6.RELEASE]
	at org.springframework.beans.factory.support.AbstractBeanFactory.doGetBean(AbstractBeanFactory.java:302) [spring-beans-4.3.6.RELEASE.jar:4.3.6.RELEASE]
	at org.springframework.beans.factory.support.AbstractBeanFactory.getBean(AbstractBeanFactory.java:197) [spring-beans-4.3.6.RELEASE.jar:4.3.6.RELEASE]
	at org.springframework.context.support.AbstractApplicationContext.getBean(AbstractApplicationContext.java:1081) [spring-context-4.3.6.RELEASE.jar:4.3.6.RELEASE]
	at org.springframework.context.support.AbstractApplicationContext.finishBeanFactoryInitialization(AbstractApplicationContext.java:856) [spring-context-4.3.6.RELEASE.jar:4.3.6.RELEASE]
	at org.springframework.context.support.AbstractApplicationContext.refresh(AbstractApplicationContext.java:542) [spring-context-4.3.6.RELEASE.jar:4.3.6.RELEASE]
	at org.springframework.boot.SpringApplication.refresh(SpringApplication.java:737) [spring-boot-1.5.1.RELEASE.jar:1.5.1.RELEASE]
	at org.springframework.boot.SpringApplication.refreshContext(SpringApplication.java:370) [spring-boot-1.5.1.RELEASE.jar:1.5.1.RELEASE]
	at org.springframework.boot.SpringApplication.run(SpringApplication.java:314) [spring-boot-1.5.1.RELEASE.jar:1.5.1.RELEASE]
	at org.springframework.boot.test.context.SpringBootContextLoader.loadContext(SpringBootContextLoader.java:120) [spring-boot-test-1.5.1.RELEASE.jar:1.5.1.RELEASE]
	at org.springframework.test.context.cache.DefaultCacheAwareContextLoaderDelegate.loadContextInternal(DefaultCacheAwareContextLoaderDelegate.java:98) [spring-test-4.3.6.RELEASE.jar:4.3.6.RELEASE]
	at org.springframework.test.context.cache.DefaultCacheAwareContextLoaderDelegate.loadContext(DefaultCacheAwareContextLoaderDelegate.java:116) [spring-test-4.3.6.RELEASE.jar:4.3.6.RELEASE]
	at org.springframework.test.context.support.DefaultTestContext.getApplicationContext(DefaultTestContext.java:83) [spring-test-4.3.6.RELEASE.jar:4.3.6.RELEASE]
	at org.springframework.test.context.web.ServletTestExecutionListener.setUpRequestContextIfNecessary(ServletTestExecutionListener.java:189) [spring-test-4.3.6.RELEASE.jar:4.3.6.RELEASE]
	at org.springframework.test.context.web.ServletTestExecutionListener.prepareTestInstance(ServletTestExecutionListener.java:131) [spring-test-4.3.6.RELEASE.jar:4.3.6.RELEASE]
	at org.springframework.test.context.TestContextManager.prepareTestInstance(TestContextManager.java:230) [spring-test-4.3.6.RELEASE.jar:4.3.6.RELEASE]
	at org.springframework.test.context.junit4.SpringJUnit4ClassRunner.createTest(SpringJUnit4ClassRunner.java:228) [spring-test-4.3.6.RELEASE.jar:4.3.6.RELEASE]
	at org.springframework.test.context.junit4.SpringJUnit4ClassRunner$1.runReflectiveCall(SpringJUnit4ClassRunner.java:287) [spring-test-4.3.6.RELEASE.jar:4.3.6.RELEASE]
	at org.junit.internal.runners.model.ReflectiveCallable.run(ReflectiveCallable.java:12) [junit-4.12.jar:4.12]
	at org.springframework.test.context.junit4.SpringJUnit4ClassRunner.methodBlock(SpringJUnit4ClassRunner.java:289) [spring-test-4.3.6.RELEASE.jar:4.3.6.RELEASE]
	at org.springframework.test.context.junit4.SpringJUnit4ClassRunner.runChild(SpringJUnit4ClassRunner.java:247) [spring-test-4.3.6.RELEASE.jar:4.3.6.RELEASE]
	at org.springframework.test.context.junit4.SpringJUnit4ClassRunner.runChild(SpringJUnit4ClassRunner.java:94) [spring-test-4.3.6.RELEASE.jar:4.3.6.RELEASE]
	at org.junit.runners.ParentRunner$3.run(ParentRunner.java:290) [junit-4.12.jar:4.12]
	at org.junit.runners.ParentRunner$1.schedule(ParentRunner.java:71) [junit-4.12.jar:4.12]
	at org.junit.runners.ParentRunner.runChildren(ParentRunner.java:288) [junit-4.12.jar:4.12]
	at org.junit.runners.ParentRunner.access$000(ParentRunner.java:58) [junit-4.12.jar:4.12]
	at org.junit.runners.ParentRunner$2.evaluate(ParentRunner.java:268) [junit-4.12.jar:4.12]
	at org.springframework.test.context.junit4.statements.RunBeforeTestClassCallbacks.evaluate(RunBeforeTestClassCallbacks.java:61) [spring-test-4.3.6.RELEASE.jar:4.3.6.RELEASE]
	at org.springframework.test.context.junit4.statements.RunAfterTestClassCallbacks.evaluate(RunAfterTestClassCallbacks.java:70) [spring-test-4.3.6.RELEASE.jar:4.3.6.RELEASE]
	at org.junit.runners.ParentRunner.run(ParentRunner.java:363) [junit-4.12.jar:4.12]
	at org.springframework.test.context.junit4.SpringJUnit4ClassRunner.run(SpringJUnit4ClassRunner.java:191) [spring-test-4.3.6.RELEASE.jar:4.3.6.RELEASE]
	at org.gradle.api.internal.tasks.testing.junit.JUnitTestClassExecuter.runTestClass(JUnitTestClassExecuter.java:114) [gradle-testing-jvm-3.3.jar:3.3]
	at org.gradle.api.internal.tasks.testing.junit.JUnitTestClassExecuter.execute(JUnitTestClassExecuter.java:57) [gradle-testing-jvm-3.3.jar:3.3]
	at org.gradle.api.internal.tasks.testing.junit.JUnitTestClassProcessor.processTestClass(JUnitTestClassProcessor.java:66) [gradle-testing-jvm-3.3.jar:3.3]
	at org.gradle.api.internal.tasks.testing.SuiteTestClassProcessor.processTestClass(SuiteTestClassProcessor.java:51) [gradle-testing-base-3.3.jar:3.3]
	at sun.reflect.NativeMethodAccessorImpl.invoke0(Native Method) ~[na:1.8.0_65]
	at sun.reflect.NativeMethodAccessorImpl.invoke(NativeMethodAccessorImpl.java:62) ~[na:1.8.0_65]
	at sun.reflect.DelegatingMethodAccessorImpl.invoke(DelegatingMethodAccessorImpl.java:43) ~[na:1.8.0_65]
	at java.lang.reflect.Method.invoke(Method.java:497) ~[na:1.8.0_65]
	at org.gradle.internal.dispatch.ReflectionDispatch.dispatch(ReflectionDispatch.java:35) [gradle-messaging-3.3.jar:3.3]
	at org.gradle.internal.dispatch.ReflectionDispatch.dispatch(ReflectionDispatch.java:24) [gradle-messaging-3.3.jar:3.3]
	at org.gradle.internal.dispatch.ContextClassLoaderDispatch.dispatch(ContextClassLoaderDispatch.java:32) [gradle-messaging-3.3.jar:3.3]
	at org.gradle.internal.dispatch.ProxyDispatchAdapter$DispatchingInvocationHandler.invoke(ProxyDispatchAdapter.java:93) [gradle-messaging-3.3.jar:3.3]
	at com.sun.proxy.$Proxy3.processTestClass(Unknown Source) [na:na]
	at org.gradle.api.internal.tasks.testing.worker.TestWorker.processTestClass(TestWorker.java:109) [gradle-testing-base-3.3.jar:3.3]
	at sun.reflect.NativeMethodAccessorImpl.invoke0(Native Method) ~[na:1.8.0_65]
	at sun.reflect.NativeMethodAccessorImpl.invoke(NativeMethodAccessorImpl.java:62) ~[na:1.8.0_65]
	at sun.reflect.DelegatingMethodAccessorImpl.invoke(DelegatingMethodAccessorImpl.java:43) ~[na:1.8.0_65]
	at java.lang.reflect.Method.invoke(Method.java:497) ~[na:1.8.0_65]
	at org.gradle.internal.dispatch.ReflectionDispatch.dispatch(ReflectionDispatch.java:35) [gradle-messaging-3.3.jar:3.3]
	at org.gradle.internal.dispatch.ReflectionDispatch.dispatch(ReflectionDispatch.java:24) [gradle-messaging-3.3.jar:3.3]
	at org.gradle.internal.remote.internal.hub.MessageHub$Handler.run(MessageHub.java:377) [gradle-messaging-3.3.jar:3.3]
	at org.gradle.internal.concurrent.ExecutorPolicy$CatchAndRecordFailures.onExecute(ExecutorPolicy.java:54) [gradle-base-services-3.3.jar:3.3]
	at org.gradle.internal.concurrent.StoppableExecutorImpl$1.run(StoppableExecutorImpl.java:40) [gradle-base-services-3.3.jar:3.3]
	at java.util.concurrent.ThreadPoolExecutor.runWorker(ThreadPoolExecutor.java:1142) [na:1.8.0_65]
	at java.util.concurrent.ThreadPoolExecutor$Worker.run(ThreadPoolExecutor.java:617) [na:1.8.0_65]
	at java.lang.Thread.run(Thread.java:745) [na:1.8.0_65]

2017-09-14 22:27:11.225  WARN 8168 --- [    Test worker] o.s.b.a.orm.jpa.DatabaseLookup           : Unable to determine jdbc url from datasource

org.springframework.jdbc.support.MetaDataAccessException: Could not get Connection for extracting meta data; nested exception is org.springframework.jdbc.CannotGetJdbcConnectionException: Could not get JDBC Connection; nested exception is java.sql.SQLException: Access denied for user 'root'@'localhost' (using password: YES)
	at org.springframework.jdbc.support.JdbcUtils.extractDatabaseMetaData(JdbcUtils.java:339) ~[spring-jdbc-4.3.6.RELEASE.jar:4.3.6.RELEASE]
	at org.springframework.jdbc.support.JdbcUtils.extractDatabaseMetaData(JdbcUtils.java:366) ~[spring-jdbc-4.3.6.RELEASE.jar:4.3.6.RELEASE]
	at org.springframework.boot.autoconfigure.orm.jpa.DatabaseLookup.getDatabase(DatabaseLookup.java:72) ~[spring-boot-autoconfigure-1.5.1.RELEASE.jar:1.5.1.RELEASE]
	at org.springframework.boot.autoconfigure.orm.jpa.JpaProperties.determineDatabase(JpaProperties.java:139) [spring-boot-autoconfigure-1.5.1.RELEASE.jar:1.5.1.RELEASE]
	at org.springframework.boot.autoconfigure.orm.jpa.JpaBaseConfiguration.jpaVendorAdapter(JpaBaseConfiguration.java:105) [spring-boot-autoconfigure-1.5.1.RELEASE.jar:1.5.1.RELEASE]
	at org.springframework.boot.autoconfigure.orm.jpa.HibernateJpaAutoConfiguration$$EnhancerBySpringCGLIB$$5d12b593.CGLIB$jpaVendorAdapter$6(<generated>) [spring-boot-autoconfigure-1.5.1.RELEASE.jar:1.5.1.RELEASE]
	at org.springframework.boot.autoconfigure.orm.jpa.HibernateJpaAutoConfiguration$$EnhancerBySpringCGLIB$$5d12b593$$FastClassBySpringCGLIB$$84b7c6db.invoke(<generated>) [spring-boot-autoconfigure-1.5.1.RELEASE.jar:1.5.1.RELEASE]
	at org.springframework.cglib.proxy.MethodProxy.invokeSuper(MethodProxy.java:228) [spring-core-4.3.6.RELEASE.jar:4.3.6.RELEASE]
	at org.springframework.context.annotation.ConfigurationClassEnhancer$BeanMethodInterceptor.intercept(ConfigurationClassEnhancer.java:356) [spring-context-4.3.6.RELEASE.jar:4.3.6.RELEASE]
	at org.springframework.boot.autoconfigure.orm.jpa.HibernateJpaAutoConfiguration$$EnhancerBySpringCGLIB$$5d12b593.jpaVendorAdapter(<generated>) [spring-boot-autoconfigure-1.5.1.RELEASE.jar:1.5.1.RELEASE]
	at sun.reflect.NativeMethodAccessorImpl.invoke0(Native Method) ~[na:1.8.0_65]
	at sun.reflect.NativeMethodAccessorImpl.invoke(NativeMethodAccessorImpl.java:62) ~[na:1.8.0_65]
	at sun.reflect.DelegatingMethodAccessorImpl.invoke(DelegatingMethodAccessorImpl.java:43) ~[na:1.8.0_65]
	at java.lang.reflect.Method.invoke(Method.java:497) ~[na:1.8.0_65]
	at org.springframework.beans.factory.support.SimpleInstantiationStrategy.instantiate(SimpleInstantiationStrategy.java:162) [spring-beans-4.3.6.RELEASE.jar:4.3.6.RELEASE]
	at org.springframework.beans.factory.support.ConstructorResolver.instantiateUsingFactoryMethod(ConstructorResolver.java:588) [spring-beans-4.3.6.RELEASE.jar:4.3.6.RELEASE]
	at org.springframework.beans.factory.support.AbstractAutowireCapableBeanFactory.instantiateUsingFactoryMethod(AbstractAutowireCapableBeanFactory.java:1173) [spring-beans-4.3.6.RELEASE.jar:4.3.6.RELEASE]
	at org.springframework.beans.factory.support.AbstractAutowireCapableBeanFactory.createBeanInstance(AbstractAutowireCapableBeanFactory.java:1067) [spring-beans-4.3.6.RELEASE.jar:4.3.6.RELEASE]
	at org.springframework.beans.factory.support.AbstractAutowireCapableBeanFactory.doCreateBean(AbstractAutowireCapableBeanFactory.java:513) [spring-beans-4.3.6.RELEASE.jar:4.3.6.RELEASE]
	at org.springframework.beans.factory.support.AbstractAutowireCapableBeanFactory.createBean(AbstractAutowireCapableBeanFactory.java:483) [spring-beans-4.3.6.RELEASE.jar:4.3.6.RELEASE]
	at org.springframework.beans.factory.support.AbstractBeanFactory$1.getObject(AbstractBeanFactory.java:306) [spring-beans-4.3.6.RELEASE.jar:4.3.6.RELEASE]
	at org.springframework.beans.factory.support.DefaultSingletonBeanRegistry.getSingleton(DefaultSingletonBeanRegistry.java:230) [spring-beans-4.3.6.RELEASE.jar:4.3.6.RELEASE]
	at org.springframework.beans.factory.support.AbstractBeanFactory.doGetBean(AbstractBeanFactory.java:302) [spring-beans-4.3.6.RELEASE.jar:4.3.6.RELEASE]
	at org.springframework.beans.factory.support.AbstractBeanFactory.getBean(AbstractBeanFactory.java:202) [spring-beans-4.3.6.RELEASE.jar:4.3.6.RELEASE]
	at org.springframework.beans.factory.config.DependencyDescriptor.resolveCandidate(DependencyDescriptor.java:208) [spring-beans-4.3.6.RELEASE.jar:4.3.6.RELEASE]
	at org.springframework.beans.factory.support.DefaultListableBeanFactory.doResolveDependency(DefaultListableBeanFactory.java:1138) [spring-beans-4.3.6.RELEASE.jar:4.3.6.RELEASE]
	at org.springframework.beans.factory.support.DefaultListableBeanFactory.resolveDependency(DefaultListableBeanFactory.java:1066) [spring-beans-4.3.6.RELEASE.jar:4.3.6.RELEASE]
	at org.springframework.beans.factory.support.ConstructorResolver.resolveAutowiredArgument(ConstructorResolver.java:835) [spring-beans-4.3.6.RELEASE.jar:4.3.6.RELEASE]
	at org.springframework.beans.factory.support.ConstructorResolver.createArgumentArray(ConstructorResolver.java:741) [spring-beans-4.3.6.RELEASE.jar:4.3.6.RELEASE]
	at org.springframework.beans.factory.support.ConstructorResolver.instantiateUsingFactoryMethod(ConstructorResolver.java:467) [spring-beans-4.3.6.RELEASE.jar:4.3.6.RELEASE]
	at org.springframework.beans.factory.support.AbstractAutowireCapableBeanFactory.instantiateUsingFactoryMethod(AbstractAutowireCapableBeanFactory.java:1173) [spring-beans-4.3.6.RELEASE.jar:4.3.6.RELEASE]
	at org.springframework.beans.factory.support.AbstractAutowireCapableBeanFactory.createBeanInstance(AbstractAutowireCapableBeanFactory.java:1067) [spring-beans-4.3.6.RELEASE.jar:4.3.6.RELEASE]
	at org.springframework.beans.factory.support.AbstractAutowireCapableBeanFactory.doCreateBean(AbstractAutowireCapableBeanFactory.java:513) [spring-beans-4.3.6.RELEASE.jar:4.3.6.RELEASE]
	at org.springframework.beans.factory.support.AbstractAutowireCapableBeanFactory.createBean(AbstractAutowireCapableBeanFactory.java:483) [spring-beans-4.3.6.RELEASE.jar:4.3.6.RELEASE]
	at org.springframework.beans.factory.support.AbstractBeanFactory$1.getObject(AbstractBeanFactory.java:306) [spring-beans-4.3.6.RELEASE.jar:4.3.6.RELEASE]
	at org.springframework.beans.factory.support.DefaultSingletonBeanRegistry.getSingleton(DefaultSingletonBeanRegistry.java:230) [spring-beans-4.3.6.RELEASE.jar:4.3.6.RELEASE]
	at org.springframework.beans.factory.support.AbstractBeanFactory.doGetBean(AbstractBeanFactory.java:302) [spring-beans-4.3.6.RELEASE.jar:4.3.6.RELEASE]
	at org.springframework.beans.factory.support.AbstractBeanFactory.getBean(AbstractBeanFactory.java:202) [spring-beans-4.3.6.RELEASE.jar:4.3.6.RELEASE]
	at org.springframework.beans.factory.config.DependencyDescriptor.resolveCandidate(DependencyDescriptor.java:208) [spring-beans-4.3.6.RELEASE.jar:4.3.6.RELEASE]
	at org.springframework.beans.factory.support.DefaultListableBeanFactory.doResolveDependency(DefaultListableBeanFactory.java:1138) [spring-beans-4.3.6.RELEASE.jar:4.3.6.RELEASE]
	at org.springframework.beans.factory.support.DefaultListableBeanFactory.resolveDependency(DefaultListableBeanFactory.java:1066) [spring-beans-4.3.6.RELEASE.jar:4.3.6.RELEASE]
	at org.springframework.beans.factory.support.ConstructorResolver.resolveAutowiredArgument(ConstructorResolver.java:835) [spring-beans-4.3.6.RELEASE.jar:4.3.6.RELEASE]
	at org.springframework.beans.factory.support.ConstructorResolver.createArgumentArray(ConstructorResolver.java:741) [spring-beans-4.3.6.RELEASE.jar:4.3.6.RELEASE]
	at org.springframework.beans.factory.support.ConstructorResolver.instantiateUsingFactoryMethod(ConstructorResolver.java:467) [spring-beans-4.3.6.RELEASE.jar:4.3.6.RELEASE]
	at org.springframework.beans.factory.support.AbstractAutowireCapableBeanFactory.instantiateUsingFactoryMethod(AbstractAutowireCapableBeanFactory.java:1173) [spring-beans-4.3.6.RELEASE.jar:4.3.6.RELEASE]
	at org.springframework.beans.factory.support.AbstractAutowireCapableBeanFactory.createBeanInstance(AbstractAutowireCapableBeanFactory.java:1067) [spring-beans-4.3.6.RELEASE.jar:4.3.6.RELEASE]
	at org.springframework.beans.factory.support.AbstractAutowireCapableBeanFactory.doCreateBean(AbstractAutowireCapableBeanFactory.java:513) [spring-beans-4.3.6.RELEASE.jar:4.3.6.RELEASE]
	at org.springframework.beans.factory.support.AbstractAutowireCapableBeanFactory.createBean(AbstractAutowireCapableBeanFactory.java:483) [spring-beans-4.3.6.RELEASE.jar:4.3.6.RELEASE]
	at org.springframework.beans.factory.support.AbstractBeanFactory$1.getObject(AbstractBeanFactory.java:306) [spring-beans-4.3.6.RELEASE.jar:4.3.6.RELEASE]
	at org.springframework.beans.factory.support.DefaultSingletonBeanRegistry.getSingleton(DefaultSingletonBeanRegistry.java:230) [spring-beans-4.3.6.RELEASE.jar:4.3.6.RELEASE]
	at org.springframework.beans.factory.support.AbstractBeanFactory.doGetBean(AbstractBeanFactory.java:302) [spring-beans-4.3.6.RELEASE.jar:4.3.6.RELEASE]
	at org.springframework.beans.factory.support.AbstractBeanFactory.getBean(AbstractBeanFactory.java:197) [spring-beans-4.3.6.RELEASE.jar:4.3.6.RELEASE]
	at org.springframework.context.support.AbstractApplicationContext.getBean(AbstractApplicationContext.java:1081) [spring-context-4.3.6.RELEASE.jar:4.3.6.RELEASE]
	at org.springframework.context.support.AbstractApplicationContext.finishBeanFactoryInitialization(AbstractApplicationContext.java:856) [spring-context-4.3.6.RELEASE.jar:4.3.6.RELEASE]
	at org.springframework.context.support.AbstractApplicationContext.refresh(AbstractApplicationContext.java:542) [spring-context-4.3.6.RELEASE.jar:4.3.6.RELEASE]
	at org.springframework.boot.SpringApplication.refresh(SpringApplication.java:737) [spring-boot-1.5.1.RELEASE.jar:1.5.1.RELEASE]
	at org.springframework.boot.SpringApplication.refreshContext(SpringApplication.java:370) [spring-boot-1.5.1.RELEASE.jar:1.5.1.RELEASE]
	at org.springframework.boot.SpringApplication.run(SpringApplication.java:314) [spring-boot-1.5.1.RELEASE.jar:1.5.1.RELEASE]
	at org.springframework.boot.test.context.SpringBootContextLoader.loadContext(SpringBootContextLoader.java:120) [spring-boot-test-1.5.1.RELEASE.jar:1.5.1.RELEASE]
	at org.springframework.test.context.cache.DefaultCacheAwareContextLoaderDelegate.loadContextInternal(DefaultCacheAwareContextLoaderDelegate.java:98) [spring-test-4.3.6.RELEASE.jar:4.3.6.RELEASE]
	at org.springframework.test.context.cache.DefaultCacheAwareContextLoaderDelegate.loadContext(DefaultCacheAwareContextLoaderDelegate.java:116) [spring-test-4.3.6.RELEASE.jar:4.3.6.RELEASE]
	at org.springframework.test.context.support.DefaultTestContext.getApplicationContext(DefaultTestContext.java:83) [spring-test-4.3.6.RELEASE.jar:4.3.6.RELEASE]
	at org.springframework.test.context.web.ServletTestExecutionListener.setUpRequestContextIfNecessary(ServletTestExecutionListener.java:189) [spring-test-4.3.6.RELEASE.jar:4.3.6.RELEASE]
	at org.springframework.test.context.web.ServletTestExecutionListener.prepareTestInstance(ServletTestExecutionListener.java:131) [spring-test-4.3.6.RELEASE.jar:4.3.6.RELEASE]
	at org.springframework.test.context.TestContextManager.prepareTestInstance(TestContextManager.java:230) [spring-test-4.3.6.RELEASE.jar:4.3.6.RELEASE]
	at org.springframework.test.context.junit4.SpringJUnit4ClassRunner.createTest(SpringJUnit4ClassRunner.java:228) [spring-test-4.3.6.RELEASE.jar:4.3.6.RELEASE]
	at org.springframework.test.context.junit4.SpringJUnit4ClassRunner$1.runReflectiveCall(SpringJUnit4ClassRunner.java:287) [spring-test-4.3.6.RELEASE.jar:4.3.6.RELEASE]
	at org.junit.internal.runners.model.ReflectiveCallable.run(ReflectiveCallable.java:12) [junit-4.12.jar:4.12]
	at org.springframework.test.context.junit4.SpringJUnit4ClassRunner.methodBlock(SpringJUnit4ClassRunner.java:289) [spring-test-4.3.6.RELEASE.jar:4.3.6.RELEASE]
	at org.springframework.test.context.junit4.SpringJUnit4ClassRunner.runChild(SpringJUnit4ClassRunner.java:247) [spring-test-4.3.6.RELEASE.jar:4.3.6.RELEASE]
	at org.springframework.test.context.junit4.SpringJUnit4ClassRunner.runChild(SpringJUnit4ClassRunner.java:94) [spring-test-4.3.6.RELEASE.jar:4.3.6.RELEASE]
	at org.junit.runners.ParentRunner$3.run(ParentRunner.java:290) [junit-4.12.jar:4.12]
	at org.junit.runners.ParentRunner$1.schedule(ParentRunner.java:71) [junit-4.12.jar:4.12]
	at org.junit.runners.ParentRunner.runChildren(ParentRunner.java:288) [junit-4.12.jar:4.12]
	at org.junit.runners.ParentRunner.access$000(ParentRunner.java:58) [junit-4.12.jar:4.12]
	at org.junit.runners.ParentRunner$2.evaluate(ParentRunner.java:268) [junit-4.12.jar:4.12]
	at org.springframework.test.context.junit4.statements.RunBeforeTestClassCallbacks.evaluate(RunBeforeTestClassCallbacks.java:61) [spring-test-4.3.6.RELEASE.jar:4.3.6.RELEASE]
	at org.springframework.test.context.junit4.statements.RunAfterTestClassCallbacks.evaluate(RunAfterTestClassCallbacks.java:70) [spring-test-4.3.6.RELEASE.jar:4.3.6.RELEASE]
	at org.junit.runners.ParentRunner.run(ParentRunner.java:363) [junit-4.12.jar:4.12]
	at org.springframework.test.context.junit4.SpringJUnit4ClassRunner.run(SpringJUnit4ClassRunner.java:191) [spring-test-4.3.6.RELEASE.jar:4.3.6.RELEASE]
	at org.gradle.api.internal.tasks.testing.junit.JUnitTestClassExecuter.runTestClass(JUnitTestClassExecuter.java:114) [gradle-testing-jvm-3.3.jar:3.3]
	at org.gradle.api.internal.tasks.testing.junit.JUnitTestClassExecuter.execute(JUnitTestClassExecuter.java:57) [gradle-testing-jvm-3.3.jar:3.3]
	at org.gradle.api.internal.tasks.testing.junit.JUnitTestClassProcessor.processTestClass(JUnitTestClassProcessor.java:66) [gradle-testing-jvm-3.3.jar:3.3]
	at org.gradle.api.internal.tasks.testing.SuiteTestClassProcessor.processTestClass(SuiteTestClassProcessor.java:51) [gradle-testing-base-3.3.jar:3.3]
	at sun.reflect.NativeMethodAccessorImpl.invoke0(Native Method) ~[na:1.8.0_65]
	at sun.reflect.NativeMethodAccessorImpl.invoke(NativeMethodAccessorImpl.java:62) ~[na:1.8.0_65]
	at sun.reflect.DelegatingMethodAccessorImpl.invoke(DelegatingMethodAccessorImpl.java:43) ~[na:1.8.0_65]
	at java.lang.reflect.Method.invoke(Method.java:497) ~[na:1.8.0_65]
	at org.gradle.internal.dispatch.ReflectionDispatch.dispatch(ReflectionDispatch.java:35) [gradle-messaging-3.3.jar:3.3]
	at org.gradle.internal.dispatch.ReflectionDispatch.dispatch(ReflectionDispatch.java:24) [gradle-messaging-3.3.jar:3.3]
	at org.gradle.internal.dispatch.ContextClassLoaderDispatch.dispatch(ContextClassLoaderDispatch.java:32) [gradle-messaging-3.3.jar:3.3]
	at org.gradle.internal.dispatch.ProxyDispatchAdapter$DispatchingInvocationHandler.invoke(ProxyDispatchAdapter.java:93) [gradle-messaging-3.3.jar:3.3]
	at com.sun.proxy.$Proxy3.processTestClass(Unknown Source) [na:na]
	at org.gradle.api.internal.tasks.testing.worker.TestWorker.processTestClass(TestWorker.java:109) [gradle-testing-base-3.3.jar:3.3]
	at sun.reflect.NativeMethodAccessorImpl.invoke0(Native Method) ~[na:1.8.0_65]
	at sun.reflect.NativeMethodAccessorImpl.invoke(NativeMethodAccessorImpl.java:62) ~[na:1.8.0_65]
	at sun.reflect.DelegatingMethodAccessorImpl.invoke(DelegatingMethodAccessorImpl.java:43) ~[na:1.8.0_65]
	at java.lang.reflect.Method.invoke(Method.java:497) ~[na:1.8.0_65]
	at org.gradle.internal.dispatch.ReflectionDispatch.dispatch(ReflectionDispatch.java:35) [gradle-messaging-3.3.jar:3.3]
	at org.gradle.internal.dispatch.ReflectionDispatch.dispatch(ReflectionDispatch.java:24) [gradle-messaging-3.3.jar:3.3]
	at org.gradle.internal.remote.internal.hub.MessageHub$Handler.run(MessageHub.java:377) [gradle-messaging-3.3.jar:3.3]
	at org.gradle.internal.concurrent.ExecutorPolicy$CatchAndRecordFailures.onExecute(ExecutorPolicy.java:54) [gradle-base-services-3.3.jar:3.3]
	at org.gradle.internal.concurrent.StoppableExecutorImpl$1.run(StoppableExecutorImpl.java:40) [gradle-base-services-3.3.jar:3.3]
	at java.util.concurrent.ThreadPoolExecutor.runWorker(ThreadPoolExecutor.java:1142) [na:1.8.0_65]
	at java.util.concurrent.ThreadPoolExecutor$Worker.run(ThreadPoolExecutor.java:617) [na:1.8.0_65]
	at java.lang.Thread.run(Thread.java:745) [na:1.8.0_65]
Caused by: org.springframework.jdbc.CannotGetJdbcConnectionException: Could not get JDBC Connection; nested exception is java.sql.SQLException: Access denied for user 'root'@'localhost' (using password: YES)
	at org.springframework.jdbc.datasource.DataSourceUtils.getConnection(DataSourceUtils.java:80) ~[spring-jdbc-4.3.6.RELEASE.jar:4.3.6.RELEASE]
	at org.springframework.jdbc.support.JdbcUtils.extractDatabaseMetaData(JdbcUtils.java:326) ~[spring-jdbc-4.3.6.RELEASE.jar:4.3.6.RELEASE]
	... 105 common frames omitted
Caused by: java.sql.SQLException: Access denied for user 'root'@'localhost' (using password: YES)
	at com.mysql.jdbc.SQLError.createSQLException(SQLError.java:964) ~[mysql-connector-java-5.1.40.jar:5.1.40]
	at com.mysql.jdbc.MysqlIO.checkErrorPacket(MysqlIO.java:3970) ~[mysql-connector-java-5.1.40.jar:5.1.40]
	at com.mysql.jdbc.MysqlIO.checkErrorPacket(MysqlIO.java:3906) ~[mysql-connector-java-5.1.40.jar:5.1.40]
	at com.mysql.jdbc.MysqlIO.checkErrorPacket(MysqlIO.java:873) ~[mysql-connector-java-5.1.40.jar:5.1.40]
	at com.mysql.jdbc.MysqlIO.proceedHandshakeWithPluggableAuthentication(MysqlIO.java:1710) ~[mysql-connector-java-5.1.40.jar:5.1.40]
	at com.mysql.jdbc.MysqlIO.doHandshake(MysqlIO.java:1226) ~[mysql-connector-java-5.1.40.jar:5.1.40]
	at com.mysql.jdbc.ConnectionImpl.coreConnect(ConnectionImpl.java:2253) ~[mysql-connector-java-5.1.40.jar:5.1.40]
	at com.mysql.jdbc.ConnectionImpl.connectOneTryOnly(ConnectionImpl.java:2284) ~[mysql-connector-java-5.1.40.jar:5.1.40]
	at com.mysql.jdbc.ConnectionImpl.createNewIO(ConnectionImpl.java:2083) ~[mysql-connector-java-5.1.40.jar:5.1.40]
	at com.mysql.jdbc.ConnectionImpl.<init>(ConnectionImpl.java:806) ~[mysql-connector-java-5.1.40.jar:5.1.40]
	at com.mysql.jdbc.JDBC4Connection.<init>(JDBC4Connection.java:47) ~[mysql-connector-java-5.1.40.jar:5.1.40]
	at sun.reflect.NativeConstructorAccessorImpl.newInstance0(Native Method) ~[na:1.8.0_65]
	at sun.reflect.NativeConstructorAccessorImpl.newInstance(NativeConstructorAccessorImpl.java:62) ~[na:1.8.0_65]
	at sun.reflect.DelegatingConstructorAccessorImpl.newInstance(DelegatingConstructorAccessorImpl.java:45) ~[na:1.8.0_65]
	at java.lang.reflect.Constructor.newInstance(Constructor.java:422) ~[na:1.8.0_65]
	at com.mysql.jdbc.Util.handleNewInstance(Util.java:425) ~[mysql-connector-java-5.1.40.jar:5.1.40]
	at com.mysql.jdbc.ConnectionImpl.getInstance(ConnectionImpl.java:410) ~[mysql-connector-java-5.1.40.jar:5.1.40]
	at com.mysql.jdbc.NonRegisteringDriver.connect(NonRegisteringDriver.java:328) ~[mysql-connector-java-5.1.40.jar:5.1.40]
	at org.apache.tomcat.jdbc.pool.PooledConnection.connectUsingDriver(PooledConnection.java:310) ~[tomcat-jdbc-8.5.11.jar:na]
	at org.apache.tomcat.jdbc.pool.PooledConnection.connect(PooledConnection.java:203) ~[tomcat-jdbc-8.5.11.jar:na]
	at org.apache.tomcat.jdbc.pool.ConnectionPool.createConnection(ConnectionPool.java:732) ~[tomcat-jdbc-8.5.11.jar:na]
	at org.apache.tomcat.jdbc.pool.ConnectionPool.borrowConnection(ConnectionPool.java:664) ~[tomcat-jdbc-8.5.11.jar:na]
	at org.apache.tomcat.jdbc.pool.ConnectionPool.init(ConnectionPool.java:479) ~[tomcat-jdbc-8.5.11.jar:na]
	at org.apache.tomcat.jdbc.pool.ConnectionPool.<init>(ConnectionPool.java:154) ~[tomcat-jdbc-8.5.11.jar:na]
	at org.apache.tomcat.jdbc.pool.DataSourceProxy.pCreatePool(DataSourceProxy.java:118) ~[tomcat-jdbc-8.5.11.jar:na]
	at org.apache.tomcat.jdbc.pool.DataSourceProxy.createPool(DataSourceProxy.java:107) ~[tomcat-jdbc-8.5.11.jar:na]
	at org.apache.tomcat.jdbc.pool.DataSourceProxy.getConnection(DataSourceProxy.java:131) ~[tomcat-jdbc-8.5.11.jar:na]
	at org.springframework.jdbc.datasource.DataSourceUtils.doGetConnection(DataSourceUtils.java:111) ~[spring-jdbc-4.3.6.RELEASE.jar:4.3.6.RELEASE]
	at org.springframework.jdbc.datasource.DataSourceUtils.getConnection(DataSourceUtils.java:77) ~[spring-jdbc-4.3.6.RELEASE.jar:4.3.6.RELEASE]
	... 106 common frames omitted

2017-09-14 22:27:11.306 ERROR 8168 --- [    Test worker] o.a.tomcat.jdbc.pool.ConnectionPool      : Unable to create initial connections of pool.

java.sql.SQLException: Access denied for user 'root'@'localhost' (using password: YES)
	at com.mysql.jdbc.SQLError.createSQLException(SQLError.java:964) ~[mysql-connector-java-5.1.40.jar:5.1.40]
	at com.mysql.jdbc.MysqlIO.checkErrorPacket(MysqlIO.java:3970) ~[mysql-connector-java-5.1.40.jar:5.1.40]
	at com.mysql.jdbc.MysqlIO.checkErrorPacket(MysqlIO.java:3906) ~[mysql-connector-java-5.1.40.jar:5.1.40]
	at com.mysql.jdbc.MysqlIO.checkErrorPacket(MysqlIO.java:873) ~[mysql-connector-java-5.1.40.jar:5.1.40]
	at com.mysql.jdbc.MysqlIO.proceedHandshakeWithPluggableAuthentication(MysqlIO.java:1710) ~[mysql-connector-java-5.1.40.jar:5.1.40]
	at com.mysql.jdbc.MysqlIO.doHandshake(MysqlIO.java:1226) ~[mysql-connector-java-5.1.40.jar:5.1.40]
	at com.mysql.jdbc.ConnectionImpl.coreConnect(ConnectionImpl.java:2253) ~[mysql-connector-java-5.1.40.jar:5.1.40]
	at com.mysql.jdbc.ConnectionImpl.connectOneTryOnly(ConnectionImpl.java:2284) ~[mysql-connector-java-5.1.40.jar:5.1.40]
	at com.mysql.jdbc.ConnectionImpl.createNewIO(ConnectionImpl.java:2083) ~[mysql-connector-java-5.1.40.jar:5.1.40]
	at com.mysql.jdbc.ConnectionImpl.<init>(ConnectionImpl.java:806) ~[mysql-connector-java-5.1.40.jar:5.1.40]
	at com.mysql.jdbc.JDBC4Connection.<init>(JDBC4Connection.java:47) ~[mysql-connector-java-5.1.40.jar:5.1.40]
	at sun.reflect.NativeConstructorAccessorImpl.newInstance0(Native Method) ~[na:1.8.0_65]
	at sun.reflect.NativeConstructorAccessorImpl.newInstance(NativeConstructorAccessorImpl.java:62) ~[na:1.8.0_65]
	at sun.reflect.DelegatingConstructorAccessorImpl.newInstance(DelegatingConstructorAccessorImpl.java:45) ~[na:1.8.0_65]
	at java.lang.reflect.Constructor.newInstance(Constructor.java:422) ~[na:1.8.0_65]
	at com.mysql.jdbc.Util.handleNewInstance(Util.java:425) ~[mysql-connector-java-5.1.40.jar:5.1.40]
	at com.mysql.jdbc.ConnectionImpl.getInstance(ConnectionImpl.java:410) ~[mysql-connector-java-5.1.40.jar:5.1.40]
	at com.mysql.jdbc.NonRegisteringDriver.connect(NonRegisteringDriver.java:328) ~[mysql-connector-java-5.1.40.jar:5.1.40]
	at org.apache.tomcat.jdbc.pool.PooledConnection.connectUsingDriver(PooledConnection.java:310) ~[tomcat-jdbc-8.5.11.jar:na]
	at org.apache.tomcat.jdbc.pool.PooledConnection.connect(PooledConnection.java:203) ~[tomcat-jdbc-8.5.11.jar:na]
	at org.apache.tomcat.jdbc.pool.ConnectionPool.createConnection(ConnectionPool.java:732) [tomcat-jdbc-8.5.11.jar:na]
	at org.apache.tomcat.jdbc.pool.ConnectionPool.borrowConnection(ConnectionPool.java:664) [tomcat-jdbc-8.5.11.jar:na]
	at org.apache.tomcat.jdbc.pool.ConnectionPool.init(ConnectionPool.java:479) [tomcat-jdbc-8.5.11.jar:na]
	at org.apache.tomcat.jdbc.pool.ConnectionPool.<init>(ConnectionPool.java:154) [tomcat-jdbc-8.5.11.jar:na]
	at org.apache.tomcat.jdbc.pool.DataSourceProxy.pCreatePool(DataSourceProxy.java:118) [tomcat-jdbc-8.5.11.jar:na]
	at org.apache.tomcat.jdbc.pool.DataSourceProxy.createPool(DataSourceProxy.java:107) [tomcat-jdbc-8.5.11.jar:na]
	at org.apache.tomcat.jdbc.pool.DataSourceProxy.getConnection(DataSourceProxy.java:131) [tomcat-jdbc-8.5.11.jar:na]
	at org.springframework.jdbc.datasource.DataSourceUtils.doGetConnection(DataSourceUtils.java:111) [spring-jdbc-4.3.6.RELEASE.jar:4.3.6.RELEASE]
	at org.springframework.jdbc.datasource.DataSourceUtils.getConnection(DataSourceUtils.java:77) [spring-jdbc-4.3.6.RELEASE.jar:4.3.6.RELEASE]
	at org.springframework.jdbc.core.JdbcTemplate.execute(JdbcTemplate.java:342) [spring-jdbc-4.3.6.RELEASE.jar:4.3.6.RELEASE]
	at org.springframework.boot.autoconfigure.jdbc.EmbeddedDatabaseConnection.isEmbedded(EmbeddedDatabaseConnection.java:137) [spring-boot-autoconfigure-1.5.1.RELEASE.jar:1.5.1.RELEASE]
	at org.springframework.boot.autoconfigure.orm.jpa.JpaProperties$Hibernate.getDefaultDdlAuto(JpaProperties.java:226) [spring-boot-autoconfigure-1.5.1.RELEASE.jar:1.5.1.RELEASE]
	at org.springframework.boot.autoconfigure.orm.jpa.JpaProperties$Hibernate.getOrDeduceDdlAuto(JpaProperties.java:214) [spring-boot-autoconfigure-1.5.1.RELEASE.jar:1.5.1.RELEASE]
	at org.springframework.boot.autoconfigure.orm.jpa.JpaProperties$Hibernate.getAdditionalProperties(JpaProperties.java:190) [spring-boot-autoconfigure-1.5.1.RELEASE.jar:1.5.1.RELEASE]
	at org.springframework.boot.autoconfigure.orm.jpa.JpaProperties$Hibernate.access$000(JpaProperties.java:142) [spring-boot-autoconfigure-1.5.1.RELEASE.jar:1.5.1.RELEASE]
	at org.springframework.boot.autoconfigure.orm.jpa.JpaProperties.getHibernateProperties(JpaProperties.java:126) [spring-boot-autoconfigure-1.5.1.RELEASE.jar:1.5.1.RELEASE]
	at org.springframework.boot.autoconfigure.orm.jpa.HibernateJpaAutoConfiguration.getVendorProperties(HibernateJpaAutoConfiguration.java:106) [spring-boot-autoconfigure-1.5.1.RELEASE.jar:1.5.1.RELEASE]
	at org.springframework.boot.autoconfigure.orm.jpa.JpaBaseConfiguration.entityManagerFactory(JpaBaseConfiguration.java:129) [spring-boot-autoconfigure-1.5.1.RELEASE.jar:1.5.1.RELEASE]
	at org.springframework.boot.autoconfigure.orm.jpa.HibernateJpaAutoConfiguration$$EnhancerBySpringCGLIB$$5d12b593.CGLIB$entityManagerFactory$3(<generated>) [spring-boot-autoconfigure-1.5.1.RELEASE.jar:1.5.1.RELEASE]
	at org.springframework.boot.autoconfigure.orm.jpa.HibernateJpaAutoConfiguration$$EnhancerBySpringCGLIB$$5d12b593$$FastClassBySpringCGLIB$$84b7c6db.invoke(<generated>) [spring-boot-autoconfigure-1.5.1.RELEASE.jar:1.5.1.RELEASE]
	at org.springframework.cglib.proxy.MethodProxy.invokeSuper(MethodProxy.java:228) [spring-core-4.3.6.RELEASE.jar:4.3.6.RELEASE]
	at org.springframework.context.annotation.ConfigurationClassEnhancer$BeanMethodInterceptor.intercept(ConfigurationClassEnhancer.java:356) [spring-context-4.3.6.RELEASE.jar:4.3.6.RELEASE]
	at org.springframework.boot.autoconfigure.orm.jpa.HibernateJpaAutoConfiguration$$EnhancerBySpringCGLIB$$5d12b593.entityManagerFactory(<generated>) [spring-boot-autoconfigure-1.5.1.RELEASE.jar:1.5.1.RELEASE]
	at sun.reflect.NativeMethodAccessorImpl.invoke0(Native Method) ~[na:1.8.0_65]
	at sun.reflect.NativeMethodAccessorImpl.invoke(NativeMethodAccessorImpl.java:62) ~[na:1.8.0_65]
	at sun.reflect.DelegatingMethodAccessorImpl.invoke(DelegatingMethodAccessorImpl.java:43) ~[na:1.8.0_65]
	at java.lang.reflect.Method.invoke(Method.java:497) ~[na:1.8.0_65]
	at org.springframework.beans.factory.support.SimpleInstantiationStrategy.instantiate(SimpleInstantiationStrategy.java:162) [spring-beans-4.3.6.RELEASE.jar:4.3.6.RELEASE]
	at org.springframework.beans.factory.support.ConstructorResolver.instantiateUsingFactoryMethod(ConstructorResolver.java:588) [spring-beans-4.3.6.RELEASE.jar:4.3.6.RELEASE]
	at org.springframework.beans.factory.support.AbstractAutowireCapableBeanFactory.instantiateUsingFactoryMethod(AbstractAutowireCapableBeanFactory.java:1173) [spring-beans-4.3.6.RELEASE.jar:4.3.6.RELEASE]
	at org.springframework.beans.factory.support.AbstractAutowireCapableBeanFactory.createBeanInstance(AbstractAutowireCapableBeanFactory.java:1067) [spring-beans-4.3.6.RELEASE.jar:4.3.6.RELEASE]
	at org.springframework.beans.factory.support.AbstractAutowireCapableBeanFactory.doCreateBean(AbstractAutowireCapableBeanFactory.java:513) [spring-beans-4.3.6.RELEASE.jar:4.3.6.RELEASE]
	at org.springframework.beans.factory.support.AbstractAutowireCapableBeanFactory.createBean(AbstractAutowireCapableBeanFactory.java:483) [spring-beans-4.3.6.RELEASE.jar:4.3.6.RELEASE]
	at org.springframework.beans.factory.support.AbstractBeanFactory$1.getObject(AbstractBeanFactory.java:306) [spring-beans-4.3.6.RELEASE.jar:4.3.6.RELEASE]
	at org.springframework.beans.factory.support.DefaultSingletonBeanRegistry.getSingleton(DefaultSingletonBeanRegistry.java:230) [spring-beans-4.3.6.RELEASE.jar:4.3.6.RELEASE]
	at org.springframework.beans.factory.support.AbstractBeanFactory.doGetBean(AbstractBeanFactory.java:302) [spring-beans-4.3.6.RELEASE.jar:4.3.6.RELEASE]
	at org.springframework.beans.factory.support.AbstractBeanFactory.getBean(AbstractBeanFactory.java:197) [spring-beans-4.3.6.RELEASE.jar:4.3.6.RELEASE]
	at org.springframework.context.support.AbstractApplicationContext.getBean(AbstractApplicationContext.java:1081) [spring-context-4.3.6.RELEASE.jar:4.3.6.RELEASE]
	at org.springframework.context.support.AbstractApplicationContext.finishBeanFactoryInitialization(AbstractApplicationContext.java:856) [spring-context-4.3.6.RELEASE.jar:4.3.6.RELEASE]
	at org.springframework.context.support.AbstractApplicationContext.refresh(AbstractApplicationContext.java:542) [spring-context-4.3.6.RELEASE.jar:4.3.6.RELEASE]
	at org.springframework.boot.SpringApplication.refresh(SpringApplication.java:737) [spring-boot-1.5.1.RELEASE.jar:1.5.1.RELEASE]
	at org.springframework.boot.SpringApplication.refreshContext(SpringApplication.java:370) [spring-boot-1.5.1.RELEASE.jar:1.5.1.RELEASE]
	at org.springframework.boot.SpringApplication.run(SpringApplication.java:314) [spring-boot-1.5.1.RELEASE.jar:1.5.1.RELEASE]
	at org.springframework.boot.test.context.SpringBootContextLoader.loadContext(SpringBootContextLoader.java:120) [spring-boot-test-1.5.1.RELEASE.jar:1.5.1.RELEASE]
	at org.springframework.test.context.cache.DefaultCacheAwareContextLoaderDelegate.loadContextInternal(DefaultCacheAwareContextLoaderDelegate.java:98) [spring-test-4.3.6.RELEASE.jar:4.3.6.RELEASE]
	at org.springframework.test.context.cache.DefaultCacheAwareContextLoaderDelegate.loadContext(DefaultCacheAwareContextLoaderDelegate.java:116) [spring-test-4.3.6.RELEASE.jar:4.3.6.RELEASE]
	at org.springframework.test.context.support.DefaultTestContext.getApplicationContext(DefaultTestContext.java:83) [spring-test-4.3.6.RELEASE.jar:4.3.6.RELEASE]
	at org.springframework.test.context.web.ServletTestExecutionListener.setUpRequestContextIfNecessary(ServletTestExecutionListener.java:189) [spring-test-4.3.6.RELEASE.jar:4.3.6.RELEASE]
	at org.springframework.test.context.web.ServletTestExecutionListener.prepareTestInstance(ServletTestExecutionListener.java:131) [spring-test-4.3.6.RELEASE.jar:4.3.6.RELEASE]
	at org.springframework.test.context.TestContextManager.prepareTestInstance(TestContextManager.java:230) [spring-test-4.3.6.RELEASE.jar:4.3.6.RELEASE]
	at org.springframework.test.context.junit4.SpringJUnit4ClassRunner.createTest(SpringJUnit4ClassRunner.java:228) [spring-test-4.3.6.RELEASE.jar:4.3.6.RELEASE]
	at org.springframework.test.context.junit4.SpringJUnit4ClassRunner$1.runReflectiveCall(SpringJUnit4ClassRunner.java:287) [spring-test-4.3.6.RELEASE.jar:4.3.6.RELEASE]
	at org.junit.internal.runners.model.ReflectiveCallable.run(ReflectiveCallable.java:12) [junit-4.12.jar:4.12]
	at org.springframework.test.context.junit4.SpringJUnit4ClassRunner.methodBlock(SpringJUnit4ClassRunner.java:289) [spring-test-4.3.6.RELEASE.jar:4.3.6.RELEASE]
	at org.springframework.test.context.junit4.SpringJUnit4ClassRunner.runChild(SpringJUnit4ClassRunner.java:247) [spring-test-4.3.6.RELEASE.jar:4.3.6.RELEASE]
	at org.springframework.test.context.junit4.SpringJUnit4ClassRunner.runChild(SpringJUnit4ClassRunner.java:94) [spring-test-4.3.6.RELEASE.jar:4.3.6.RELEASE]
	at org.junit.runners.ParentRunner$3.run(ParentRunner.java:290) [junit-4.12.jar:4.12]
	at org.junit.runners.ParentRunner$1.schedule(ParentRunner.java:71) [junit-4.12.jar:4.12]
	at org.junit.runners.ParentRunner.runChildren(ParentRunner.java:288) [junit-4.12.jar:4.12]
	at org.junit.runners.ParentRunner.access$000(ParentRunner.java:58) [junit-4.12.jar:4.12]
	at org.junit.runners.ParentRunner$2.evaluate(ParentRunner.java:268) [junit-4.12.jar:4.12]
	at org.springframework.test.context.junit4.statements.RunBeforeTestClassCallbacks.evaluate(RunBeforeTestClassCallbacks.java:61) [spring-test-4.3.6.RELEASE.jar:4.3.6.RELEASE]
	at org.springframework.test.context.junit4.statements.RunAfterTestClassCallbacks.evaluate(RunAfterTestClassCallbacks.java:70) [spring-test-4.3.6.RELEASE.jar:4.3.6.RELEASE]
	at org.junit.runners.ParentRunner.run(ParentRunner.java:363) [junit-4.12.jar:4.12]
	at org.springframework.test.context.junit4.SpringJUnit4ClassRunner.run(SpringJUnit4ClassRunner.java:191) [spring-test-4.3.6.RELEASE.jar:4.3.6.RELEASE]
	at org.gradle.api.internal.tasks.testing.junit.JUnitTestClassExecuter.runTestClass(JUnitTestClassExecuter.java:114) [gradle-testing-jvm-3.3.jar:3.3]
	at org.gradle.api.internal.tasks.testing.junit.JUnitTestClassExecuter.execute(JUnitTestClassExecuter.java:57) [gradle-testing-jvm-3.3.jar:3.3]
	at org.gradle.api.internal.tasks.testing.junit.JUnitTestClassProcessor.processTestClass(JUnitTestClassProcessor.java:66) [gradle-testing-jvm-3.3.jar:3.3]
	at org.gradle.api.internal.tasks.testing.SuiteTestClassProcessor.processTestClass(SuiteTestClassProcessor.java:51) [gradle-testing-base-3.3.jar:3.3]
	at sun.reflect.NativeMethodAccessorImpl.invoke0(Native Method) ~[na:1.8.0_65]
	at sun.reflect.NativeMethodAccessorImpl.invoke(NativeMethodAccessorImpl.java:62) ~[na:1.8.0_65]
	at sun.reflect.DelegatingMethodAccessorImpl.invoke(DelegatingMethodAccessorImpl.java:43) ~[na:1.8.0_65]
	at java.lang.reflect.Method.invoke(Method.java:497) ~[na:1.8.0_65]
	at org.gradle.internal.dispatch.ReflectionDispatch.dispatch(ReflectionDispatch.java:35) [gradle-messaging-3.3.jar:3.3]
	at org.gradle.internal.dispatch.ReflectionDispatch.dispatch(ReflectionDispatch.java:24) [gradle-messaging-3.3.jar:3.3]
	at org.gradle.internal.dispatch.ContextClassLoaderDispatch.dispatch(ContextClassLoaderDispatch.java:32) [gradle-messaging-3.3.jar:3.3]
	at org.gradle.internal.dispatch.ProxyDispatchAdapter$DispatchingInvocationHandler.invoke(ProxyDispatchAdapter.java:93) [gradle-messaging-3.3.jar:3.3]
	at com.sun.proxy.$Proxy3.processTestClass(Unknown Source) [na:na]
	at org.gradle.api.internal.tasks.testing.worker.TestWorker.processTestClass(TestWorker.java:109) [gradle-testing-base-3.3.jar:3.3]
	at sun.reflect.NativeMethodAccessorImpl.invoke0(Native Method) ~[na:1.8.0_65]
	at sun.reflect.NativeMethodAccessorImpl.invoke(NativeMethodAccessorImpl.java:62) ~[na:1.8.0_65]
	at sun.reflect.DelegatingMethodAccessorImpl.invoke(DelegatingMethodAccessorImpl.java:43) ~[na:1.8.0_65]
	at java.lang.reflect.Method.invoke(Method.java:497) ~[na:1.8.0_65]
	at org.gradle.internal.dispatch.ReflectionDispatch.dispatch(ReflectionDispatch.java:35) [gradle-messaging-3.3.jar:3.3]
	at org.gradle.internal.dispatch.ReflectionDispatch.dispatch(ReflectionDispatch.java:24) [gradle-messaging-3.3.jar:3.3]
	at org.gradle.internal.remote.internal.hub.MessageHub$Handler.run(MessageHub.java:377) [gradle-messaging-3.3.jar:3.3]
	at org.gradle.internal.concurrent.ExecutorPolicy$CatchAndRecordFailures.onExecute(ExecutorPolicy.java:54) [gradle-base-services-3.3.jar:3.3]
	at org.gradle.internal.concurrent.StoppableExecutorImpl$1.run(StoppableExecutorImpl.java:40) [gradle-base-services-3.3.jar:3.3]
	at java.util.concurrent.ThreadPoolExecutor.runWorker(ThreadPoolExecutor.java:1142) [na:1.8.0_65]
	at java.util.concurrent.ThreadPoolExecutor$Worker.run(ThreadPoolExecutor.java:617) [na:1.8.0_65]
	at java.lang.Thread.run(Thread.java:745) [na:1.8.0_65]

2017-09-14 22:27:12.199  INFO 8168 --- [    Test worker] j.LocalContainerEntityManagerFactoryBean : Building JPA container EntityManagerFactory for persistence unit 'default'
2017-09-14 22:27:12.270 DEBUG 8168 --- [    Test worker] o.hibernate.jpa.internal.util.LogHelper  : PersistenceUnitInfo [
	name: default
	persistence provider classname: null
	classloader: sun.misc.Launcher$AppClassLoader@4e0e2f2a
	excludeUnlistedClasses: true
	JTA datasource: null
	Non JTA datasource: org.apache.tomcat.jdbc.pool.DataSource@7317c513{ConnectionPool[defaultAutoCommit=null; defaultReadOnly=null; defaultTransactionIsolation=-1; defaultCatalog=null; driverClassName=com.mysql.jdbc.Driver; maxActive=100; maxIdle=100; minIdle=10; initialSize=10; maxWait=30000; testOnBorrow=true; testOnReturn=false; timeBetweenEvictionRunsMillis=5000; numTestsPerEvictionRun=0; minEvictableIdleTimeMillis=60000; testWhileIdle=false; testOnConnect=false; password=********; url=jdbc:mysql://localhost:3306/localDB; username=root; validationQuery=SELECT 1; validationQueryTimeout=-1; validatorClassName=null; validationInterval=3000; accessToUnderlyingConnectionAllowed=true; removeAbandoned=false; removeAbandonedTimeout=60; logAbandoned=false; connectionProperties=null; initSQL=null; jdbcInterceptors=null; jmxEnabled=true; fairQueue=true; useEquals=true; abandonWhenPercentageFull=0; maxAge=0; useLock=false; dataSource=null; dataSourceJNDI=null; suspectTimeout=0; alternateUsernameAllowed=false; commitOnReturn=false; rollbackOnReturn=false; useDisposableConnectionFacade=true; logValidationErrors=false; propagateInterruptState=false; ignoreExceptionOnPreLoad=false; }
	Transaction type: RESOURCE_LOCAL
	PU root URL: file:/C:/register-master2/build/classes/test/
	Shared Cache Mode: UNSPECIFIED
	Validation Mode: AUTO
	Jar files URLs []
	Managed classes names [
		pl.drat.dominik.dao.entity.Presence
		pl.drat.dominik.dao.entity.PresenceWindow
		pl.drat.dominik.dao.entity.Role
		pl.drat.dominik.dao.entity.Schedule
		pl.drat.dominik.dao.entity.Subject
		pl.drat.dominik.dao.entity.SubjectUser
		pl.drat.dominik.dao.entity.User]
	Mapping files names []
	Properties []
2017-09-14 22:27:12.334 DEBUG 8168 --- [    Test worker] o.h.i.internal.IntegratorServiceImpl     : Adding Integrator [org.hibernate.cfg.beanvalidation.BeanValidationIntegrator].
2017-09-14 22:27:12.342 DEBUG 8168 --- [    Test worker] o.h.i.internal.IntegratorServiceImpl     : Adding Integrator [org.hibernate.secure.spi.JaccIntegrator].
2017-09-14 22:27:12.349 DEBUG 8168 --- [    Test worker] o.h.i.internal.IntegratorServiceImpl     : Adding Integrator [org.hibernate.cache.internal.CollectionCacheInvalidator].
2017-09-14 22:27:12.350 DEBUG 8168 --- [    Test worker] o.h.i.internal.IntegratorServiceImpl     : Adding Integrator [org.hibernate.jpa.event.spi.JpaIntegrator].
2017-09-14 22:27:12.581  INFO 8168 --- [    Test worker] org.hibernate.Version                    : HHH000412: Hibernate Core {5.0.11.Final}
2017-09-14 22:27:12.585  INFO 8168 --- [    Test worker] org.hibernate.cfg.Environment            : HHH000206: hibernate.properties not found
2017-09-14 22:27:12.589  INFO 8168 --- [    Test worker] org.hibernate.cfg.Environment            : HHH000021: Bytecode provider name : javassist
2017-09-14 22:27:12.629 DEBUG 8168 --- [    Test worker] o.hibernate.service.spi.ServiceBinding   : Overriding existing service binding [org.hibernate.secure.spi.JaccService]
2017-09-14 22:27:12.763 DEBUG 8168 --- [    Test worker] o.h.c.internal.RegionFactoryInitiator    : Cache region factory : org.hibernate.cache.internal.NoCachingRegionFactory
2017-09-14 22:27:12.805  INFO 8168 --- [    Test worker] o.hibernate.annotations.common.Version   : HCANN000001: Hibernate Commons Annotations {5.0.1.Final}
2017-09-14 22:27:13.036 DEBUG 8168 --- [    Test worker] org.hibernate.type.BasicTypeRegistry     : Adding type registration boolean -> org.hibernate.type.BooleanType@73e076c7
2017-09-14 22:27:13.037 DEBUG 8168 --- [    Test worker] org.hibernate.type.BasicTypeRegistry     : Adding type registration boolean -> org.hibernate.type.BooleanType@73e076c7
2017-09-14 22:27:13.043 DEBUG 8168 --- [    Test worker] org.hibernate.type.BasicTypeRegistry     : Adding type registration java.lang.Boolean -> org.hibernate.type.BooleanType@73e076c7
2017-09-14 22:27:13.050 DEBUG 8168 --- [    Test worker] org.hibernate.type.BasicTypeRegistry     : Adding type registration numeric_boolean -> org.hibernate.type.NumericBooleanType@6f140fb4
2017-09-14 22:27:13.054 DEBUG 8168 --- [    Test worker] org.hibernate.type.BasicTypeRegistry     : Adding type registration true_false -> org.hibernate.type.TrueFalseType@56a260c9
2017-09-14 22:27:13.056 DEBUG 8168 --- [    Test worker] org.hibernate.type.BasicTypeRegistry     : Adding type registration yes_no -> org.hibernate.type.YesNoType@78a833a5
2017-09-14 22:27:13.062 DEBUG 8168 --- [    Test worker] org.hibernate.type.BasicTypeRegistry     : Adding type registration byte -> org.hibernate.type.ByteType@d749db0
2017-09-14 22:27:13.063 DEBUG 8168 --- [    Test worker] org.hibernate.type.BasicTypeRegistry     : Adding type registration byte -> org.hibernate.type.ByteType@d749db0
2017-09-14 22:27:13.063 DEBUG 8168 --- [    Test worker] org.hibernate.type.BasicTypeRegistry     : Adding type registration java.lang.Byte -> org.hibernate.type.ByteType@d749db0
2017-09-14 22:27:13.066 DEBUG 8168 --- [    Test worker] org.hibernate.type.BasicTypeRegistry     : Adding type registration character -> org.hibernate.type.CharacterType@6a8cd884
2017-09-14 22:27:13.067 DEBUG 8168 --- [    Test worker] org.hibernate.type.BasicTypeRegistry     : Adding type registration char -> org.hibernate.type.CharacterType@6a8cd884
2017-09-14 22:27:13.067 DEBUG 8168 --- [    Test worker] org.hibernate.type.BasicTypeRegistry     : Adding type registration java.lang.Character -> org.hibernate.type.CharacterType@6a8cd884
2017-09-14 22:27:13.072 DEBUG 8168 --- [    Test worker] org.hibernate.type.BasicTypeRegistry     : Adding type registration short -> org.hibernate.type.ShortType@6f00a325
2017-09-14 22:27:13.073 DEBUG 8168 --- [    Test worker] org.hibernate.type.BasicTypeRegistry     : Adding type registration short -> org.hibernate.type.ShortType@6f00a325
2017-09-14 22:27:13.073 DEBUG 8168 --- [    Test worker] org.hibernate.type.BasicTypeRegistry     : Adding type registration java.lang.Short -> org.hibernate.type.ShortType@6f00a325
2017-09-14 22:27:13.076 DEBUG 8168 --- [    Test worker] org.hibernate.type.BasicTypeRegistry     : Adding type registration integer -> org.hibernate.type.IntegerType@6f53d7a
2017-09-14 22:27:13.077 DEBUG 8168 --- [    Test worker] org.hibernate.type.BasicTypeRegistry     : Adding type registration int -> org.hibernate.type.IntegerType@6f53d7a
2017-09-14 22:27:13.079 DEBUG 8168 --- [    Test worker] org.hibernate.type.BasicTypeRegistry     : Adding type registration java.lang.Integer -> org.hibernate.type.IntegerType@6f53d7a
2017-09-14 22:27:13.084 DEBUG 8168 --- [    Test worker] org.hibernate.type.BasicTypeRegistry     : Adding type registration long -> org.hibernate.type.LongType@206a4181
2017-09-14 22:27:13.084 DEBUG 8168 --- [    Test worker] org.hibernate.type.BasicTypeRegistry     : Adding type registration long -> org.hibernate.type.LongType@206a4181
2017-09-14 22:27:13.084 DEBUG 8168 --- [    Test worker] org.hibernate.type.BasicTypeRegistry     : Adding type registration java.lang.Long -> org.hibernate.type.LongType@206a4181
2017-09-14 22:27:13.090 DEBUG 8168 --- [    Test worker] org.hibernate.type.BasicTypeRegistry     : Adding type registration float -> org.hibernate.type.FloatType@17e154b4
2017-09-14 22:27:13.091 DEBUG 8168 --- [    Test worker] org.hibernate.type.BasicTypeRegistry     : Adding type registration float -> org.hibernate.type.FloatType@17e154b4
2017-09-14 22:27:13.091 DEBUG 8168 --- [    Test worker] org.hibernate.type.BasicTypeRegistry     : Adding type registration java.lang.Float -> org.hibernate.type.FloatType@17e154b4
2017-09-14 22:27:13.096 DEBUG 8168 --- [    Test worker] org.hibernate.type.BasicTypeRegistry     : Adding type registration double -> org.hibernate.type.DoubleType@7ad1fc14
2017-09-14 22:27:13.096 DEBUG 8168 --- [    Test worker] org.hibernate.type.BasicTypeRegistry     : Adding type registration double -> org.hibernate.type.DoubleType@7ad1fc14
2017-09-14 22:27:13.096 DEBUG 8168 --- [    Test worker] org.hibernate.type.BasicTypeRegistry     : Adding type registration java.lang.Double -> org.hibernate.type.DoubleType@7ad1fc14
2017-09-14 22:27:13.280 DEBUG 8168 --- [    Test worker] org.hibernate.type.BasicTypeRegistry     : Adding type registration big_decimal -> org.hibernate.type.BigDecimalType@37a879a9
2017-09-14 22:27:13.280 DEBUG 8168 --- [    Test worker] org.hibernate.type.BasicTypeRegistry     : Adding type registration java.math.BigDecimal -> org.hibernate.type.BigDecimalType@37a879a9
2017-09-14 22:27:13.284 DEBUG 8168 --- [    Test worker] org.hibernate.type.BasicTypeRegistry     : Adding type registration big_integer -> org.hibernate.type.BigIntegerType@7a33dc22
2017-09-14 22:27:13.284 DEBUG 8168 --- [    Test worker] org.hibernate.type.BasicTypeRegistry     : Adding type registration java.math.BigInteger -> org.hibernate.type.BigIntegerType@7a33dc22
2017-09-14 22:27:13.853 DEBUG 8168 --- [    Test worker] org.hibernate.type.BasicTypeRegistry     : Adding type registration string -> org.hibernate.type.StringType@9c95ad7
2017-09-14 22:27:13.857 DEBUG 8168 --- [    Test worker] org.hibernate.type.BasicTypeRegistry     : Adding type registration java.lang.String -> org.hibernate.type.StringType@9c95ad7
2017-09-14 22:27:13.860 DEBUG 8168 --- [    Test worker] org.hibernate.type.BasicTypeRegistry     : Adding type registration nstring -> org.hibernate.type.StringNVarcharType@4b160cf4
2017-09-14 22:27:13.864 DEBUG 8168 --- [    Test worker] org.hibernate.type.BasicTypeRegistry     : Adding type registration ncharacter -> org.hibernate.type.CharacterNCharType@27f19a33
2017-09-14 22:27:13.868 DEBUG 8168 --- [    Test worker] org.hibernate.type.BasicTypeRegistry     : Adding type registration url -> org.hibernate.type.UrlType@63d2cf16
2017-09-14 22:27:13.868 DEBUG 8168 --- [    Test worker] org.hibernate.type.BasicTypeRegistry     : Adding type registration java.net.URL -> org.hibernate.type.UrlType@63d2cf16
2017-09-14 22:27:13.875 DEBUG 8168 --- [    Test worker] org.hibernate.type.BasicTypeRegistry     : Adding type registration date -> org.hibernate.type.DateType@3baa73cf
2017-09-14 22:27:13.876 DEBUG 8168 --- [    Test worker] org.hibernate.type.BasicTypeRegistry     : Adding type registration java.sql.Date -> org.hibernate.type.DateType@3baa73cf
2017-09-14 22:27:13.882 DEBUG 8168 --- [    Test worker] org.hibernate.type.BasicTypeRegistry     : Adding type registration time -> org.hibernate.type.TimeType@62815b43
2017-09-14 22:27:13.882 DEBUG 8168 --- [    Test worker] org.hibernate.type.BasicTypeRegistry     : Adding type registration java.sql.Time -> org.hibernate.type.TimeType@62815b43
2017-09-14 22:27:13.888 DEBUG 8168 --- [    Test worker] org.hibernate.type.BasicTypeRegistry     : Adding type registration timestamp -> org.hibernate.type.TimestampType@3d23f27a
2017-09-14 22:27:13.889 DEBUG 8168 --- [    Test worker] org.hibernate.type.BasicTypeRegistry     : Adding type registration java.sql.Timestamp -> org.hibernate.type.TimestampType@3d23f27a
2017-09-14 22:27:13.890 DEBUG 8168 --- [    Test worker] org.hibernate.type.BasicTypeRegistry     : Adding type registration java.util.Date -> org.hibernate.type.TimestampType@3d23f27a
2017-09-14 22:27:13.900 DEBUG 8168 --- [    Test worker] org.hibernate.type.BasicTypeRegistry     : Adding type registration dbtimestamp -> org.hibernate.type.DbTimestampType@682fdd29
2017-09-14 22:27:13.905 DEBUG 8168 --- [    Test worker] org.hibernate.type.BasicTypeRegistry     : Adding type registration calendar -> org.hibernate.type.CalendarType@79d7cd3f
2017-09-14 22:27:13.905 DEBUG 8168 --- [    Test worker] org.hibernate.type.BasicTypeRegistry     : Adding type registration java.util.Calendar -> org.hibernate.type.CalendarType@79d7cd3f
2017-09-14 22:27:13.906 DEBUG 8168 --- [    Test worker] org.hibernate.type.BasicTypeRegistry     : Adding type registration java.util.GregorianCalendar -> org.hibernate.type.CalendarType@79d7cd3f
2017-09-14 22:27:13.908 DEBUG 8168 --- [    Test worker] org.hibernate.type.BasicTypeRegistry     : Adding type registration calendar_date -> org.hibernate.type.CalendarDateType@52f1a64
2017-09-14 22:27:13.913 DEBUG 8168 --- [    Test worker] org.hibernate.type.BasicTypeRegistry     : Adding type registration locale -> org.hibernate.type.LocaleType@39ad4354
2017-09-14 22:27:13.913 DEBUG 8168 --- [    Test worker] org.hibernate.type.BasicTypeRegistry     : Adding type registration java.util.Locale -> org.hibernate.type.LocaleType@39ad4354
2017-09-14 22:27:13.916 DEBUG 8168 --- [    Test worker] org.hibernate.type.BasicTypeRegistry     : Adding type registration currency -> org.hibernate.type.CurrencyType@5a86b1dd
2017-09-14 22:27:13.916 DEBUG 8168 --- [    Test worker] org.hibernate.type.BasicTypeRegistry     : Adding type registration java.util.Currency -> org.hibernate.type.CurrencyType@5a86b1dd
2017-09-14 22:27:13.920 DEBUG 8168 --- [    Test worker] org.hibernate.type.BasicTypeRegistry     : Adding type registration timezone -> org.hibernate.type.TimeZoneType@4dbf8014
2017-09-14 22:27:13.920 DEBUG 8168 --- [    Test worker] org.hibernate.type.BasicTypeRegistry     : Adding type registration java.util.TimeZone -> org.hibernate.type.TimeZoneType@4dbf8014
2017-09-14 22:27:13.924 DEBUG 8168 --- [    Test worker] org.hibernate.type.BasicTypeRegistry     : Adding type registration class -> org.hibernate.type.ClassType@63a20758
2017-09-14 22:27:13.924 DEBUG 8168 --- [    Test worker] org.hibernate.type.BasicTypeRegistry     : Adding type registration java.lang.Class -> org.hibernate.type.ClassType@63a20758
2017-09-14 22:27:13.930 DEBUG 8168 --- [    Test worker] org.hibernate.type.BasicTypeRegistry     : Adding type registration uuid-binary -> org.hibernate.type.UUIDBinaryType@387aca06
2017-09-14 22:27:13.931 DEBUG 8168 --- [    Test worker] org.hibernate.type.BasicTypeRegistry     : Adding type registration java.util.UUID -> org.hibernate.type.UUIDBinaryType@387aca06
2017-09-14 22:27:13.934 DEBUG 8168 --- [    Test worker] org.hibernate.type.BasicTypeRegistry     : Adding type registration uuid-char -> org.hibernate.type.UUIDCharType@18ce651d
2017-09-14 22:27:13.938 DEBUG 8168 --- [    Test worker] org.hibernate.type.BasicTypeRegistry     : Adding type registration binary -> org.hibernate.type.BinaryType@bd8286c
2017-09-14 22:27:13.939 DEBUG 8168 --- [    Test worker] org.hibernate.type.BasicTypeRegistry     : Adding type registration byte[] -> org.hibernate.type.BinaryType@bd8286c
2017-09-14 22:27:13.939 DEBUG 8168 --- [    Test worker] org.hibernate.type.BasicTypeRegistry     : Adding type registration [B -> org.hibernate.type.BinaryType@bd8286c
2017-09-14 22:27:13.945 DEBUG 8168 --- [    Test worker] org.hibernate.type.BasicTypeRegistry     : Adding type registration wrapper-binary -> org.hibernate.type.WrapperBinaryType@2e03a04
2017-09-14 22:27:13.945 DEBUG 8168 --- [    Test worker] org.hibernate.type.BasicTypeRegistry     : Adding type registration Byte[] -> org.hibernate.type.WrapperBinaryType@2e03a04
2017-09-14 22:27:13.945 DEBUG 8168 --- [    Test worker] org.hibernate.type.BasicTypeRegistry     : Adding type registration [Ljava.lang.Byte; -> org.hibernate.type.WrapperBinaryType@2e03a04
2017-09-14 22:27:13.953 DEBUG 8168 --- [    Test worker] org.hibernate.type.BasicTypeRegistry     : Adding type registration row_version -> org.hibernate.type.RowVersionType@1341b8e2
2017-09-14 22:27:13.957 DEBUG 8168 --- [    Test worker] org.hibernate.type.BasicTypeRegistry     : Adding type registration image -> org.hibernate.type.ImageType@32276a6f
2017-09-14 22:27:13.960 DEBUG 8168 --- [    Test worker] org.hibernate.type.BasicTypeRegistry     : Adding type registration characters -> org.hibernate.type.CharArrayType@1f27ed9e
2017-09-14 22:27:13.961 DEBUG 8168 --- [    Test worker] org.hibernate.type.BasicTypeRegistry     : Adding type registration char[] -> org.hibernate.type.CharArrayType@1f27ed9e
2017-09-14 22:27:13.961 DEBUG 8168 --- [    Test worker] org.hibernate.type.BasicTypeRegistry     : Adding type registration [C -> org.hibernate.type.CharArrayType@1f27ed9e
2017-09-14 22:27:13.966 DEBUG 8168 --- [    Test worker] org.hibernate.type.BasicTypeRegistry     : Adding type registration wrapper-characters -> org.hibernate.type.CharacterArrayType@7d9415b1
2017-09-14 22:27:13.967 DEBUG 8168 --- [    Test worker] org.hibernate.type.BasicTypeRegistry     : Adding type registration [Ljava.lang.Character; -> org.hibernate.type.CharacterArrayType@7d9415b1
2017-09-14 22:27:13.967 DEBUG 8168 --- [    Test worker] org.hibernate.type.BasicTypeRegistry     : Adding type registration Character[] -> org.hibernate.type.CharacterArrayType@7d9415b1
2017-09-14 22:27:13.969 DEBUG 8168 --- [    Test worker] org.hibernate.type.BasicTypeRegistry     : Adding type registration text -> org.hibernate.type.TextType@538ba899
2017-09-14 22:27:13.974 DEBUG 8168 --- [    Test worker] org.hibernate.type.BasicTypeRegistry     : Adding type registration ntext -> org.hibernate.type.NTextType@40675bcf
2017-09-14 22:27:13.990 DEBUG 8168 --- [    Test worker] org.hibernate.type.BasicTypeRegistry     : Adding type registration blob -> org.hibernate.type.BlobType@2807e817
2017-09-14 22:27:13.990 DEBUG 8168 --- [    Test worker] org.hibernate.type.BasicTypeRegistry     : Adding type registration java.sql.Blob -> org.hibernate.type.BlobType@2807e817
2017-09-14 22:27:13.993 DEBUG 8168 --- [    Test worker] org.hibernate.type.BasicTypeRegistry     : Adding type registration materialized_blob -> org.hibernate.type.MaterializedBlobType@139498fb
2017-09-14 22:27:14.008 DEBUG 8168 --- [    Test worker] org.hibernate.type.BasicTypeRegistry     : Adding type registration clob -> org.hibernate.type.ClobType@4ff93867
2017-09-14 22:27:14.008 DEBUG 8168 --- [    Test worker] org.hibernate.type.BasicTypeRegistry     : Adding type registration java.sql.Clob -> org.hibernate.type.ClobType@4ff93867
2017-09-14 22:27:14.030 DEBUG 8168 --- [    Test worker] org.hibernate.type.BasicTypeRegistry     : Adding type registration nclob -> org.hibernate.type.NClobType@776f3b5b
2017-09-14 22:27:14.031 DEBUG 8168 --- [    Test worker] org.hibernate.type.BasicTypeRegistry     : Adding type registration java.sql.NClob -> org.hibernate.type.NClobType@776f3b5b
2017-09-14 22:27:14.034 DEBUG 8168 --- [    Test worker] org.hibernate.type.BasicTypeRegistry     : Adding type registration materialized_clob -> org.hibernate.type.MaterializedClobType@491c1da6
2017-09-14 22:27:14.036 DEBUG 8168 --- [    Test worker] org.hibernate.type.BasicTypeRegistry     : Adding type registration materialized_nclob -> org.hibernate.type.MaterializedNClobType@9c9500c
2017-09-14 22:27:14.040 DEBUG 8168 --- [    Test worker] org.hibernate.type.BasicTypeRegistry     : Adding type registration serializable -> org.hibernate.type.SerializableType@4defa1ef
2017-09-14 22:27:14.050 DEBUG 8168 --- [    Test worker] org.hibernate.type.BasicTypeRegistry     : Adding type registration object -> org.hibernate.type.ObjectType@43553c64
2017-09-14 22:27:14.051 DEBUG 8168 --- [    Test worker] org.hibernate.type.BasicTypeRegistry     : Adding type registration java.lang.Object -> org.hibernate.type.ObjectType@43553c64
2017-09-14 22:27:14.052 DEBUG 8168 --- [    Test worker] org.hibernate.type.BasicTypeRegistry     : Adding type registration imm_date -> org.hibernate.type.AdaptedImmutableType@4a0ed8eb
2017-09-14 22:27:14.054 DEBUG 8168 --- [    Test worker] org.hibernate.type.BasicTypeRegistry     : Adding type registration imm_time -> org.hibernate.type.AdaptedImmutableType@20d26bd2
2017-09-14 22:27:14.055 DEBUG 8168 --- [    Test worker] org.hibernate.type.BasicTypeRegistry     : Adding type registration imm_timestamp -> org.hibernate.type.AdaptedImmutableType@6bbe6d37
2017-09-14 22:27:14.055 DEBUG 8168 --- [    Test worker] org.hibernate.type.BasicTypeRegistry     : Adding type registration imm_dbtimestamp -> org.hibernate.type.AdaptedImmutableType@638b0a1c
2017-09-14 22:27:14.055 DEBUG 8168 --- [    Test worker] org.hibernate.type.BasicTypeRegistry     : Adding type registration imm_calendar -> org.hibernate.type.AdaptedImmutableType@5ffe4f06
2017-09-14 22:27:14.055 DEBUG 8168 --- [    Test worker] org.hibernate.type.BasicTypeRegistry     : Adding type registration imm_calendar_date -> org.hibernate.type.AdaptedImmutableType@6c4123d0
2017-09-14 22:27:14.055 DEBUG 8168 --- [    Test worker] org.hibernate.type.BasicTypeRegistry     : Adding type registration imm_binary -> org.hibernate.type.AdaptedImmutableType@740e3cba
2017-09-14 22:27:14.055 DEBUG 8168 --- [    Test worker] org.hibernate.type.BasicTypeRegistry     : Adding type registration imm_serializable -> org.hibernate.type.AdaptedImmutableType@4fee03cd
2017-09-14 22:27:14.144 ERROR 8168 --- [    Test worker] o.a.tomcat.jdbc.pool.ConnectionPool      : Unable to create initial connections of pool.

java.sql.SQLException: Access denied for user 'root'@'localhost' (using password: YES)
	at com.mysql.jdbc.SQLError.createSQLException(SQLError.java:964) ~[mysql-connector-java-5.1.40.jar:5.1.40]
	at com.mysql.jdbc.MysqlIO.checkErrorPacket(MysqlIO.java:3970) ~[mysql-connector-java-5.1.40.jar:5.1.40]
	at com.mysql.jdbc.MysqlIO.checkErrorPacket(MysqlIO.java:3906) ~[mysql-connector-java-5.1.40.jar:5.1.40]
	at com.mysql.jdbc.MysqlIO.checkErrorPacket(MysqlIO.java:873) ~[mysql-connector-java-5.1.40.jar:5.1.40]
	at com.mysql.jdbc.MysqlIO.proceedHandshakeWithPluggableAuthentication(MysqlIO.java:1710) ~[mysql-connector-java-5.1.40.jar:5.1.40]
	at com.mysql.jdbc.MysqlIO.doHandshake(MysqlIO.java:1226) ~[mysql-connector-java-5.1.40.jar:5.1.40]
	at com.mysql.jdbc.ConnectionImpl.coreConnect(ConnectionImpl.java:2253) ~[mysql-connector-java-5.1.40.jar:5.1.40]
	at com.mysql.jdbc.ConnectionImpl.connectOneTryOnly(ConnectionImpl.java:2284) ~[mysql-connector-java-5.1.40.jar:5.1.40]
	at com.mysql.jdbc.ConnectionImpl.createNewIO(ConnectionImpl.java:2083) ~[mysql-connector-java-5.1.40.jar:5.1.40]
	at com.mysql.jdbc.ConnectionImpl.<init>(ConnectionImpl.java:806) ~[mysql-connector-java-5.1.40.jar:5.1.40]
	at com.mysql.jdbc.JDBC4Connection.<init>(JDBC4Connection.java:47) ~[mysql-connector-java-5.1.40.jar:5.1.40]
	at sun.reflect.NativeConstructorAccessorImpl.newInstance0(Native Method) ~[na:1.8.0_65]
	at sun.reflect.NativeConstructorAccessorImpl.newInstance(NativeConstructorAccessorImpl.java:62) ~[na:1.8.0_65]
	at sun.reflect.DelegatingConstructorAccessorImpl.newInstance(DelegatingConstructorAccessorImpl.java:45) ~[na:1.8.0_65]
	at java.lang.reflect.Constructor.newInstance(Constructor.java:422) ~[na:1.8.0_65]
	at com.mysql.jdbc.Util.handleNewInstance(Util.java:425) ~[mysql-connector-java-5.1.40.jar:5.1.40]
	at com.mysql.jdbc.ConnectionImpl.getInstance(ConnectionImpl.java:410) ~[mysql-connector-java-5.1.40.jar:5.1.40]
	at com.mysql.jdbc.NonRegisteringDriver.connect(NonRegisteringDriver.java:328) ~[mysql-connector-java-5.1.40.jar:5.1.40]
	at org.apache.tomcat.jdbc.pool.PooledConnection.connectUsingDriver(PooledConnection.java:310) ~[tomcat-jdbc-8.5.11.jar:na]
	at org.apache.tomcat.jdbc.pool.PooledConnection.connect(PooledConnection.java:203) ~[tomcat-jdbc-8.5.11.jar:na]
	at org.apache.tomcat.jdbc.pool.ConnectionPool.createConnection(ConnectionPool.java:732) [tomcat-jdbc-8.5.11.jar:na]
	at org.apache.tomcat.jdbc.pool.ConnectionPool.borrowConnection(ConnectionPool.java:664) [tomcat-jdbc-8.5.11.jar:na]
	at org.apache.tomcat.jdbc.pool.ConnectionPool.init(ConnectionPool.java:479) [tomcat-jdbc-8.5.11.jar:na]
	at org.apache.tomcat.jdbc.pool.ConnectionPool.<init>(ConnectionPool.java:154) [tomcat-jdbc-8.5.11.jar:na]
	at org.apache.tomcat.jdbc.pool.DataSourceProxy.pCreatePool(DataSourceProxy.java:118) [tomcat-jdbc-8.5.11.jar:na]
	at org.apache.tomcat.jdbc.pool.DataSourceProxy.createPool(DataSourceProxy.java:107) [tomcat-jdbc-8.5.11.jar:na]
	at org.apache.tomcat.jdbc.pool.DataSourceProxy.getConnection(DataSourceProxy.java:131) [tomcat-jdbc-8.5.11.jar:na]
	at org.hibernate.engine.jdbc.connections.internal.DatasourceConnectionProviderImpl.getConnection(DatasourceConnectionProviderImpl.java:122) [hibernate-core-5.0.11.Final.jar:5.0.11.Final]
	at org.hibernate.engine.jdbc.env.internal.JdbcEnvironmentInitiator$ConnectionProviderJdbcConnectionAccess.obtainConnection(JdbcEnvironmentInitiator.java:180) [hibernate-core-5.0.11.Final.jar:5.0.11.Final]
	at org.hibernate.engine.jdbc.env.internal.JdbcEnvironmentInitiator.initiateService(JdbcEnvironmentInitiator.java:68) [hibernate-core-5.0.11.Final.jar:5.0.11.Final]
	at org.hibernate.engine.jdbc.env.internal.JdbcEnvironmentInitiator.initiateService(JdbcEnvironmentInitiator.java:35) [hibernate-core-5.0.11.Final.jar:5.0.11.Final]
	at org.hibernate.boot.registry.internal.StandardServiceRegistryImpl.initiateService(StandardServiceRegistryImpl.java:88) [hibernate-core-5.0.11.Final.jar:5.0.11.Final]
	at org.hibernate.service.internal.AbstractServiceRegistryImpl.createService(AbstractServiceRegistryImpl.java:254) [hibernate-core-5.0.11.Final.jar:5.0.11.Final]
	at org.hibernate.service.internal.AbstractServiceRegistryImpl.initializeService(AbstractServiceRegistryImpl.java:228) [hibernate-core-5.0.11.Final.jar:5.0.11.Final]
	at org.hibernate.service.internal.AbstractServiceRegistryImpl.getService(AbstractServiceRegistryImpl.java:207) [hibernate-core-5.0.11.Final.jar:5.0.11.Final]
	at org.hibernate.engine.jdbc.internal.JdbcServicesImpl.configure(JdbcServicesImpl.java:51) [hibernate-core-5.0.11.Final.jar:5.0.11.Final]
	at org.hibernate.boot.registry.internal.StandardServiceRegistryImpl.configureService(StandardServiceRegistryImpl.java:94) [hibernate-core-5.0.11.Final.jar:5.0.11.Final]
	at org.hibernate.service.internal.AbstractServiceRegistryImpl.initializeService(AbstractServiceRegistryImpl.java:237) [hibernate-core-5.0.11.Final.jar:5.0.11.Final]
	at org.hibernate.service.internal.AbstractServiceRegistryImpl.getService(AbstractServiceRegistryImpl.java:207) [hibernate-core-5.0.11.Final.jar:5.0.11.Final]
	at org.hibernate.boot.model.process.spi.MetadataBuildingProcess.handleTypes(MetadataBuildingProcess.java:352) [hibernate-core-5.0.11.Final.jar:5.0.11.Final]
	at org.hibernate.boot.model.process.spi.MetadataBuildingProcess.complete(MetadataBuildingProcess.java:111) [hibernate-core-5.0.11.Final.jar:5.0.11.Final]
	at org.hibernate.jpa.boot.internal.EntityManagerFactoryBuilderImpl.metadata(EntityManagerFactoryBuilderImpl.java:847) [hibernate-entitymanager-5.0.11.Final.jar:5.0.11.Final]
	at org.hibernate.jpa.boot.internal.EntityManagerFactoryBuilderImpl.build(EntityManagerFactoryBuilderImpl.java:874) [hibernate-entitymanager-5.0.11.Final.jar:5.0.11.Final]
	at org.springframework.orm.jpa.vendor.SpringHibernateJpaPersistenceProvider.createContainerEntityManagerFactory(SpringHibernateJpaPersistenceProvider.java:60) [spring-orm-4.3.6.RELEASE.jar:4.3.6.RELEASE]
	at org.springframework.orm.jpa.LocalContainerEntityManagerFactoryBean.createNativeEntityManagerFactory(LocalContainerEntityManagerFactoryBean.java:353) [spring-orm-4.3.6.RELEASE.jar:4.3.6.RELEASE]
	at org.springframework.orm.jpa.AbstractEntityManagerFactoryBean.buildNativeEntityManagerFactory(AbstractEntityManagerFactoryBean.java:373) [spring-orm-4.3.6.RELEASE.jar:4.3.6.RELEASE]
	at org.springframework.orm.jpa.AbstractEntityManagerFactoryBean.afterPropertiesSet(AbstractEntityManagerFactoryBean.java:362) [spring-orm-4.3.6.RELEASE.jar:4.3.6.RELEASE]
	at org.springframework.beans.factory.support.AbstractAutowireCapableBeanFactory.invokeInitMethods(AbstractAutowireCapableBeanFactory.java:1687) [spring-beans-4.3.6.RELEASE.jar:4.3.6.RELEASE]
	at org.springframework.beans.factory.support.AbstractAutowireCapableBeanFactory.initializeBean(AbstractAutowireCapableBeanFactory.java:1624) [spring-beans-4.3.6.RELEASE.jar:4.3.6.RELEASE]
	at org.springframework.beans.factory.support.AbstractAutowireCapableBeanFactory.doCreateBean(AbstractAutowireCapableBeanFactory.java:555) [spring-beans-4.3.6.RELEASE.jar:4.3.6.RELEASE]
	at org.springframework.beans.factory.support.AbstractAutowireCapableBeanFactory.createBean(AbstractAutowireCapableBeanFactory.java:483) [spring-beans-4.3.6.RELEASE.jar:4.3.6.RELEASE]
	at org.springframework.beans.factory.support.AbstractBeanFactory$1.getObject(AbstractBeanFactory.java:306) [spring-beans-4.3.6.RELEASE.jar:4.3.6.RELEASE]
	at org.springframework.beans.factory.support.DefaultSingletonBeanRegistry.getSingleton(DefaultSingletonBeanRegistry.java:230) [spring-beans-4.3.6.RELEASE.jar:4.3.6.RELEASE]
	at org.springframework.beans.factory.support.AbstractBeanFactory.doGetBean(AbstractBeanFactory.java:302) [spring-beans-4.3.6.RELEASE.jar:4.3.6.RELEASE]
	at org.springframework.beans.factory.support.AbstractBeanFactory.getBean(AbstractBeanFactory.java:197) [spring-beans-4.3.6.RELEASE.jar:4.3.6.RELEASE]
	at org.springframework.context.support.AbstractApplicationContext.getBean(AbstractApplicationContext.java:1081) [spring-context-4.3.6.RELEASE.jar:4.3.6.RELEASE]
	at org.springframework.context.support.AbstractApplicationContext.finishBeanFactoryInitialization(AbstractApplicationContext.java:856) [spring-context-4.3.6.RELEASE.jar:4.3.6.RELEASE]
	at org.springframework.context.support.AbstractApplicationContext.refresh(AbstractApplicationContext.java:542) [spring-context-4.3.6.RELEASE.jar:4.3.6.RELEASE]
	at org.springframework.boot.SpringApplication.refresh(SpringApplication.java:737) [spring-boot-1.5.1.RELEASE.jar:1.5.1.RELEASE]
	at org.springframework.boot.SpringApplication.refreshContext(SpringApplication.java:370) [spring-boot-1.5.1.RELEASE.jar:1.5.1.RELEASE]
	at org.springframework.boot.SpringApplication.run(SpringApplication.java:314) [spring-boot-1.5.1.RELEASE.jar:1.5.1.RELEASE]
	at org.springframework.boot.test.context.SpringBootContextLoader.loadContext(SpringBootContextLoader.java:120) [spring-boot-test-1.5.1.RELEASE.jar:1.5.1.RELEASE]
	at org.springframework.test.context.cache.DefaultCacheAwareContextLoaderDelegate.loadContextInternal(DefaultCacheAwareContextLoaderDelegate.java:98) [spring-test-4.3.6.RELEASE.jar:4.3.6.RELEASE]
	at org.springframework.test.context.cache.DefaultCacheAwareContextLoaderDelegate.loadContext(DefaultCacheAwareContextLoaderDelegate.java:116) [spring-test-4.3.6.RELEASE.jar:4.3.6.RELEASE]
	at org.springframework.test.context.support.DefaultTestContext.getApplicationContext(DefaultTestContext.java:83) [spring-test-4.3.6.RELEASE.jar:4.3.6.RELEASE]
	at org.springframework.test.context.web.ServletTestExecutionListener.setUpRequestContextIfNecessary(ServletTestExecutionListener.java:189) [spring-test-4.3.6.RELEASE.jar:4.3.6.RELEASE]
	at org.springframework.test.context.web.ServletTestExecutionListener.prepareTestInstance(ServletTestExecutionListener.java:131) [spring-test-4.3.6.RELEASE.jar:4.3.6.RELEASE]
	at org.springframework.test.context.TestContextManager.prepareTestInstance(TestContextManager.java:230) [spring-test-4.3.6.RELEASE.jar:4.3.6.RELEASE]
	at org.springframework.test.context.junit4.SpringJUnit4ClassRunner.createTest(SpringJUnit4ClassRunner.java:228) [spring-test-4.3.6.RELEASE.jar:4.3.6.RELEASE]
	at org.springframework.test.context.junit4.SpringJUnit4ClassRunner$1.runReflectiveCall(SpringJUnit4ClassRunner.java:287) [spring-test-4.3.6.RELEASE.jar:4.3.6.RELEASE]
	at org.junit.internal.runners.model.ReflectiveCallable.run(ReflectiveCallable.java:12) [junit-4.12.jar:4.12]
	at org.springframework.test.context.junit4.SpringJUnit4ClassRunner.methodBlock(SpringJUnit4ClassRunner.java:289) [spring-test-4.3.6.RELEASE.jar:4.3.6.RELEASE]
	at org.springframework.test.context.junit4.SpringJUnit4ClassRunner.runChild(SpringJUnit4ClassRunner.java:247) [spring-test-4.3.6.RELEASE.jar:4.3.6.RELEASE]
	at org.springframework.test.context.junit4.SpringJUnit4ClassRunner.runChild(SpringJUnit4ClassRunner.java:94) [spring-test-4.3.6.RELEASE.jar:4.3.6.RELEASE]
	at org.junit.runners.ParentRunner$3.run(ParentRunner.java:290) [junit-4.12.jar:4.12]
	at org.junit.runners.ParentRunner$1.schedule(ParentRunner.java:71) [junit-4.12.jar:4.12]
	at org.junit.runners.ParentRunner.runChildren(ParentRunner.java:288) [junit-4.12.jar:4.12]
	at org.junit.runners.ParentRunner.access$000(ParentRunner.java:58) [junit-4.12.jar:4.12]
	at org.junit.runners.ParentRunner$2.evaluate(ParentRunner.java:268) [junit-4.12.jar:4.12]
	at org.springframework.test.context.junit4.statements.RunBeforeTestClassCallbacks.evaluate(RunBeforeTestClassCallbacks.java:61) [spring-test-4.3.6.RELEASE.jar:4.3.6.RELEASE]
	at org.springframework.test.context.junit4.statements.RunAfterTestClassCallbacks.evaluate(RunAfterTestClassCallbacks.java:70) [spring-test-4.3.6.RELEASE.jar:4.3.6.RELEASE]
	at org.junit.runners.ParentRunner.run(ParentRunner.java:363) [junit-4.12.jar:4.12]
	at org.springframework.test.context.junit4.SpringJUnit4ClassRunner.run(SpringJUnit4ClassRunner.java:191) [spring-test-4.3.6.RELEASE.jar:4.3.6.RELEASE]
	at org.gradle.api.internal.tasks.testing.junit.JUnitTestClassExecuter.runTestClass(JUnitTestClassExecuter.java:114) [gradle-testing-jvm-3.3.jar:3.3]
	at org.gradle.api.internal.tasks.testing.junit.JUnitTestClassExecuter.execute(JUnitTestClassExecuter.java:57) [gradle-testing-jvm-3.3.jar:3.3]
	at org.gradle.api.internal.tasks.testing.junit.JUnitTestClassProcessor.processTestClass(JUnitTestClassProcessor.java:66) [gradle-testing-jvm-3.3.jar:3.3]
	at org.gradle.api.internal.tasks.testing.SuiteTestClassProcessor.processTestClass(SuiteTestClassProcessor.java:51) [gradle-testing-base-3.3.jar:3.3]
	at sun.reflect.NativeMethodAccessorImpl.invoke0(Native Method) ~[na:1.8.0_65]
	at sun.reflect.NativeMethodAccessorImpl.invoke(NativeMethodAccessorImpl.java:62) ~[na:1.8.0_65]
	at sun.reflect.DelegatingMethodAccessorImpl.invoke(DelegatingMethodAccessorImpl.java:43) ~[na:1.8.0_65]
	at java.lang.reflect.Method.invoke(Method.java:497) ~[na:1.8.0_65]
	at org.gradle.internal.dispatch.ReflectionDispatch.dispatch(ReflectionDispatch.java:35) [gradle-messaging-3.3.jar:3.3]
	at org.gradle.internal.dispatch.ReflectionDispatch.dispatch(ReflectionDispatch.java:24) [gradle-messaging-3.3.jar:3.3]
	at org.gradle.internal.dispatch.ContextClassLoaderDispatch.dispatch(ContextClassLoaderDispatch.java:32) [gradle-messaging-3.3.jar:3.3]
	at org.gradle.internal.dispatch.ProxyDispatchAdapter$DispatchingInvocationHandler.invoke(ProxyDispatchAdapter.java:93) [gradle-messaging-3.3.jar:3.3]
	at com.sun.proxy.$Proxy3.processTestClass(Unknown Source) [na:na]
	at org.gradle.api.internal.tasks.testing.worker.TestWorker.processTestClass(TestWorker.java:109) [gradle-testing-base-3.3.jar:3.3]
	at sun.reflect.NativeMethodAccessorImpl.invoke0(Native Method) ~[na:1.8.0_65]
	at sun.reflect.NativeMethodAccessorImpl.invoke(NativeMethodAccessorImpl.java:62) ~[na:1.8.0_65]
	at sun.reflect.DelegatingMethodAccessorImpl.invoke(DelegatingMethodAccessorImpl.java:43) ~[na:1.8.0_65]
	at java.lang.reflect.Method.invoke(Method.java:497) ~[na:1.8.0_65]
	at org.gradle.internal.dispatch.ReflectionDispatch.dispatch(ReflectionDispatch.java:35) [gradle-messaging-3.3.jar:3.3]
	at org.gradle.internal.dispatch.ReflectionDispatch.dispatch(ReflectionDispatch.java:24) [gradle-messaging-3.3.jar:3.3]
	at org.gradle.internal.remote.internal.hub.MessageHub$Handler.run(MessageHub.java:377) [gradle-messaging-3.3.jar:3.3]
	at org.gradle.internal.concurrent.ExecutorPolicy$CatchAndRecordFailures.onExecute(ExecutorPolicy.java:54) [gradle-base-services-3.3.jar:3.3]
	at org.gradle.internal.concurrent.StoppableExecutorImpl$1.run(StoppableExecutorImpl.java:40) [gradle-base-services-3.3.jar:3.3]
	at java.util.concurrent.ThreadPoolExecutor.runWorker(ThreadPoolExecutor.java:1142) [na:1.8.0_65]
	at java.util.concurrent.ThreadPoolExecutor$Worker.run(ThreadPoolExecutor.java:617) [na:1.8.0_65]
	at java.lang.Thread.run(Thread.java:745) [na:1.8.0_65]

2017-09-14 22:27:14.149  WARN 8168 --- [    Test worker] o.h.e.j.e.i.JdbcEnvironmentInitiator     : HHH000342: Could not obtain connection to query metadata : Access denied for user 'root'@'localhost' (using password: YES)
2017-09-14 22:27:14.221  INFO 8168 --- [    Test worker] org.hibernate.dialect.Dialect            : HHH000400: Using dialect: org.hibernate.dialect.MySQL5Dialect
2017-09-14 22:27:14.286 DEBUG 8168 --- [    Test worker] o.h.e.j.env.spi.IdentifierHelperBuilder  : IdentifierCaseStrategy for both quoted and unquoted identifiers was set to the same strategy [MIXED]; that will likely lead to problems in schema update and validation if using quoted identifiers
2017-09-14 22:27:14.305  INFO 8168 --- [    Test worker] o.h.e.j.e.i.LobCreatorBuilderImpl        : HHH000422: Disabling contextual LOB creation as connection was null
2017-09-14 22:27:14.721 DEBUG 8168 --- [    Test worker] .i.f.i.DefaultIdentifierGeneratorFactory : Registering IdentifierGenerator strategy [uuid2] -> [org.hibernate.id.UUIDGenerator]
2017-09-14 22:27:14.722 DEBUG 8168 --- [    Test worker] .i.f.i.DefaultIdentifierGeneratorFactory : Registering IdentifierGenerator strategy [guid] -> [org.hibernate.id.GUIDGenerator]
2017-09-14 22:27:14.724 DEBUG 8168 --- [    Test worker] .i.f.i.DefaultIdentifierGeneratorFactory : Registering IdentifierGenerator strategy [uuid] -> [org.hibernate.id.UUIDHexGenerator]
2017-09-14 22:27:14.725 DEBUG 8168 --- [    Test worker] .i.f.i.DefaultIdentifierGeneratorFactory : Registering IdentifierGenerator strategy [uuid.hex] -> [org.hibernate.id.UUIDHexGenerator]
2017-09-14 22:27:14.726 DEBUG 8168 --- [    Test worker] .i.f.i.DefaultIdentifierGeneratorFactory : Registering IdentifierGenerator strategy [assigned] -> [org.hibernate.id.Assigned]
2017-09-14 22:27:14.731 DEBUG 8168 --- [    Test worker] .i.f.i.DefaultIdentifierGeneratorFactory : Registering IdentifierGenerator strategy [identity] -> [org.hibernate.id.IdentityGenerator]
2017-09-14 22:27:14.732 DEBUG 8168 --- [    Test worker] .i.f.i.DefaultIdentifierGeneratorFactory : Registering IdentifierGenerator strategy [select] -> [org.hibernate.id.SelectGenerator]
2017-09-14 22:27:14.736 DEBUG 8168 --- [    Test worker] .i.f.i.DefaultIdentifierGeneratorFactory : Registering IdentifierGenerator strategy [sequence] -> [org.hibernate.id.enhanced.SequenceStyleGenerator]
2017-09-14 22:27:14.739 DEBUG 8168 --- [    Test worker] .i.f.i.DefaultIdentifierGeneratorFactory : Registering IdentifierGenerator strategy [seqhilo] -> [org.hibernate.id.SequenceHiLoGenerator]
2017-09-14 22:27:14.742 DEBUG 8168 --- [    Test worker] .i.f.i.DefaultIdentifierGeneratorFactory : Registering IdentifierGenerator strategy [increment] -> [org.hibernate.id.IncrementGenerator]
2017-09-14 22:27:14.744 DEBUG 8168 --- [    Test worker] .i.f.i.DefaultIdentifierGeneratorFactory : Registering IdentifierGenerator strategy [foreign] -> [org.hibernate.id.ForeignGenerator]
2017-09-14 22:27:14.745 DEBUG 8168 --- [    Test worker] .i.f.i.DefaultIdentifierGeneratorFactory : Registering IdentifierGenerator strategy [sequence-identity] -> [org.hibernate.id.SequenceIdentityGenerator]
2017-09-14 22:27:14.747 DEBUG 8168 --- [    Test worker] .i.f.i.DefaultIdentifierGeneratorFactory : Registering IdentifierGenerator strategy [enhanced-sequence] -> [org.hibernate.id.enhanced.SequenceStyleGenerator]
2017-09-14 22:27:14.750 DEBUG 8168 --- [    Test worker] .i.f.i.DefaultIdentifierGeneratorFactory : Registering IdentifierGenerator strategy [enhanced-table] -> [org.hibernate.id.enhanced.TableGenerator]
2017-09-14 22:27:14.753 DEBUG 8168 --- [    Test worker] .i.f.i.DefaultIdentifierGeneratorFactory : Registering IdentifierGenerator strategy [sequence] -> [org.hibernate.id.SequenceGenerator]
2017-09-14 22:27:14.755 DEBUG 8168 --- [    Test worker] .i.f.i.DefaultIdentifierGeneratorFactory :     - overriding [org.hibernate.id.enhanced.SequenceStyleGenerator]
2017-09-14 22:27:14.878 DEBUG 8168 --- [    Test worker] o.h.boot.model.relational.Namespace      : Created database namespace [logicalName=Name{catalog=null, schema=null}, physicalName=Name{catalog=null, schema=null}]
2017-09-14 22:27:15.094 DEBUG 8168 --- [    Test worker] org.hibernate.cfg.AnnotationBinder       : Binding entity from annotated class: pl.drat.dominik.dao.entity.Presence
2017-09-14 22:27:15.166 DEBUG 8168 --- [    Test worker] org.hibernate.cfg.Ejb3Column             : Binding column: Ejb3DiscriminatorColumn{logicalColumnName'DTYPE', discriminatorTypeName='string'}
2017-09-14 22:27:15.188 DEBUG 8168 --- [    Test worker] o.h.cfg.annotations.EntityBinder         : Import with entity name Presence
2017-09-14 22:27:15.200 DEBUG 8168 --- [    Test worker] o.h.cfg.annotations.EntityBinder         : Bind entity pl.drat.dominik.dao.entity.Presence on table presence
2017-09-14 22:27:15.278 DEBUG 8168 --- [    Test worker] org.hibernate.cfg.Ejb3Column             : Binding column: Ejb3Column{table=org.hibernate.mapping.Table(presence), mappingColumn=id, insertable=true, updatable=true, unique=false}
2017-09-14 22:27:15.286 DEBUG 8168 --- [    Test worker] o.h.cfg.annotations.PropertyBinder       : MetadataSourceProcessor property id with lazy=false
2017-09-14 22:27:15.290 DEBUG 8168 --- [    Test worker] o.hibernate.cfg.AbstractPropertyHolder   : Attempting to locate auto-apply AttributeConverter for property [pl.drat.dominik.dao.entity.Presence:id]
2017-09-14 22:27:15.293 DEBUG 8168 --- [    Test worker] o.h.cfg.annotations.SimpleValueBinder    : building SimpleValue for id
2017-09-14 22:27:15.297 DEBUG 8168 --- [    Test worker] o.h.cfg.annotations.PropertyBinder       : Building property id
2017-09-14 22:27:15.304 DEBUG 8168 --- [    Test worker] org.hibernate.cfg.Ejb3Column             : Binding column: Ejb3Column{table=org.hibernate.mapping.Table(presence), mappingColumn=date, insertable=true, updatable=true, unique=false}
2017-09-14 22:27:15.305 DEBUG 8168 --- [    Test worker] o.h.cfg.annotations.PropertyBinder       : MetadataSourceProcessor property date with lazy=false
2017-09-14 22:27:15.305 DEBUG 8168 --- [    Test worker] o.hibernate.cfg.AbstractPropertyHolder   : Attempting to locate auto-apply AttributeConverter for property [pl.drat.dominik.dao.entity.Presence:date]
2017-09-14 22:27:15.305 DEBUG 8168 --- [    Test worker] o.h.cfg.annotations.SimpleValueBinder    : building SimpleValue for date
2017-09-14 22:27:15.306 DEBUG 8168 --- [    Test worker] o.h.cfg.annotations.PropertyBinder       : Building property date
2017-09-14 22:27:15.306 DEBUG 8168 --- [    Test worker] org.hibernate.cfg.Ejb3Column             : Binding column: Ejb3Column{table=org.hibernate.mapping.Table(presence), mappingColumn=status, insertable=true, updatable=true, unique=false}
2017-09-14 22:27:15.310 DEBUG 8168 --- [    Test worker] o.h.cfg.annotations.PropertyBinder       : MetadataSourceProcessor property presenceStatus with lazy=false
2017-09-14 22:27:15.310 DEBUG 8168 --- [    Test worker] o.hibernate.cfg.AbstractPropertyHolder   : Attempting to locate auto-apply AttributeConverter for property [pl.drat.dominik.dao.entity.Presence:presenceStatus]
2017-09-14 22:27:15.311 DEBUG 8168 --- [    Test worker] o.h.cfg.annotations.SimpleValueBinder    : building SimpleValue for presenceStatus
2017-09-14 22:27:15.311 DEBUG 8168 --- [    Test worker] o.h.cfg.annotations.PropertyBinder       : Building property presenceStatus
2017-09-14 22:27:15.311 DEBUG 8168 --- [    Test worker] org.hibernate.cfg.Ejb3Column             : Binding column: Ejb3Column{table=org.hibernate.mapping.Table(presence), mappingColumn=student_id, insertable=true, updatable=true, unique=false}
2017-09-14 22:27:15.311 DEBUG 8168 --- [    Test worker] o.h.cfg.annotations.PropertyBinder       : MetadataSourceProcessor property studentId with lazy=false
2017-09-14 22:27:15.312 DEBUG 8168 --- [    Test worker] o.hibernate.cfg.AbstractPropertyHolder   : Attempting to locate auto-apply AttributeConverter for property [pl.drat.dominik.dao.entity.Presence:studentId]
2017-09-14 22:27:15.312 DEBUG 8168 --- [    Test worker] o.h.cfg.annotations.SimpleValueBinder    : building SimpleValue for studentId
2017-09-14 22:27:15.312 DEBUG 8168 --- [    Test worker] o.h.cfg.annotations.PropertyBinder       : Building property studentId
2017-09-14 22:27:15.313 DEBUG 8168 --- [    Test worker] org.hibernate.cfg.Ejb3Column             : Binding column: Ejb3Column{table=org.hibernate.mapping.Table(presence), mappingColumn=subject_id, insertable=true, updatable=true, unique=false}
2017-09-14 22:27:15.313 DEBUG 8168 --- [    Test worker] o.h.cfg.annotations.PropertyBinder       : MetadataSourceProcessor property subjectId with lazy=false
2017-09-14 22:27:15.313 DEBUG 8168 --- [    Test worker] o.hibernate.cfg.AbstractPropertyHolder   : Attempting to locate auto-apply AttributeConverter for property [pl.drat.dominik.dao.entity.Presence:subjectId]
2017-09-14 22:27:15.314 DEBUG 8168 --- [    Test worker] o.h.cfg.annotations.SimpleValueBinder    : building SimpleValue for subjectId
2017-09-14 22:27:15.314 DEBUG 8168 --- [    Test worker] o.h.cfg.annotations.PropertyBinder       : Building property subjectId
2017-09-14 22:27:15.317 DEBUG 8168 --- [    Test worker] org.hibernate.cfg.AnnotationBinder       : Binding entity from annotated class: pl.drat.dominik.dao.entity.PresenceWindow
2017-09-14 22:27:15.317 DEBUG 8168 --- [    Test worker] org.hibernate.cfg.Ejb3Column             : Binding column: Ejb3DiscriminatorColumn{logicalColumnName'DTYPE', discriminatorTypeName='string'}
2017-09-14 22:27:15.317 DEBUG 8168 --- [    Test worker] o.h.cfg.annotations.EntityBinder         : Import with entity name PresenceWindow
2017-09-14 22:27:15.318 DEBUG 8168 --- [    Test worker] o.h.cfg.annotations.EntityBinder         : Bind entity pl.drat.dominik.dao.entity.PresenceWindow on table schedule_presence_window
2017-09-14 22:27:15.339 DEBUG 8168 --- [    Test worker] org.hibernate.cfg.Ejb3Column             : Binding column: Ejb3Column{table=org.hibernate.mapping.Table(schedule_presence_window), mappingColumn=id, insertable=true, updatable=true, unique=false}
2017-09-14 22:27:15.340 DEBUG 8168 --- [    Test worker] o.h.cfg.annotations.PropertyBinder       : MetadataSourceProcessor property id with lazy=false
2017-09-14 22:27:15.340 DEBUG 8168 --- [    Test worker] o.hibernate.cfg.AbstractPropertyHolder   : Attempting to locate auto-apply AttributeConverter for property [pl.drat.dominik.dao.entity.PresenceWindow:id]
2017-09-14 22:27:15.340 DEBUG 8168 --- [    Test worker] o.h.cfg.annotations.SimpleValueBinder    : building SimpleValue for id
2017-09-14 22:27:15.341 DEBUG 8168 --- [    Test worker] o.h.cfg.annotations.PropertyBinder       : Building property id
2017-09-14 22:27:15.341 DEBUG 8168 --- [    Test worker] org.hibernate.cfg.Ejb3Column             : Binding column: Ejb3Column{table=org.hibernate.mapping.Table(schedule_presence_window), mappingColumn=end_date, insertable=true, updatable=true, unique=false}
2017-09-14 22:27:15.341 DEBUG 8168 --- [    Test worker] o.h.cfg.annotations.PropertyBinder       : MetadataSourceProcessor property endDate with lazy=false
2017-09-14 22:27:15.341 DEBUG 8168 --- [    Test worker] o.hibernate.cfg.AbstractPropertyHolder   : Attempting to locate auto-apply AttributeConverter for property [pl.drat.dominik.dao.entity.PresenceWindow:endDate]
2017-09-14 22:27:15.342 DEBUG 8168 --- [    Test worker] o.h.cfg.annotations.SimpleValueBinder    : building SimpleValue for endDate
2017-09-14 22:27:15.342 DEBUG 8168 --- [    Test worker] o.h.cfg.annotations.PropertyBinder       : Building property endDate
2017-09-14 22:27:15.342 DEBUG 8168 --- [    Test worker] org.hibernate.cfg.Ejb3Column             : Binding column: Ejb3Column{table=org.hibernate.mapping.Table(schedule_presence_window), mappingColumn=schedule_id, insertable=true, updatable=true, unique=false}
2017-09-14 22:27:15.343 DEBUG 8168 --- [    Test worker] o.h.cfg.annotations.PropertyBinder       : MetadataSourceProcessor property scheduleId with lazy=false
2017-09-14 22:27:15.343 DEBUG 8168 --- [    Test worker] o.hibernate.cfg.AbstractPropertyHolder   : Attempting to locate auto-apply AttributeConverter for property [pl.drat.dominik.dao.entity.PresenceWindow:scheduleId]
2017-09-14 22:27:15.343 DEBUG 8168 --- [    Test worker] o.h.cfg.annotations.SimpleValueBinder    : building SimpleValue for scheduleId
2017-09-14 22:27:15.344 DEBUG 8168 --- [    Test worker] o.h.cfg.annotations.PropertyBinder       : Building property scheduleId
2017-09-14 22:27:15.344 DEBUG 8168 --- [    Test worker] org.hibernate.cfg.Ejb3Column             : Binding column: Ejb3Column{table=org.hibernate.mapping.Table(schedule_presence_window), mappingColumn=security_code, insertable=true, updatable=true, unique=false}
2017-09-14 22:27:15.344 DEBUG 8168 --- [    Test worker] o.h.cfg.annotations.PropertyBinder       : MetadataSourceProcessor property securityCode with lazy=false
2017-09-14 22:27:15.344 DEBUG 8168 --- [    Test worker] o.hibernate.cfg.AbstractPropertyHolder   : Attempting to locate auto-apply AttributeConverter for property [pl.drat.dominik.dao.entity.PresenceWindow:securityCode]
2017-09-14 22:27:15.345 DEBUG 8168 --- [    Test worker] o.h.cfg.annotations.SimpleValueBinder    : building SimpleValue for securityCode
2017-09-14 22:27:15.345 DEBUG 8168 --- [    Test worker] o.h.cfg.annotations.PropertyBinder       : Building property securityCode
2017-09-14 22:27:15.345 DEBUG 8168 --- [    Test worker] org.hibernate.cfg.Ejb3Column             : Binding column: Ejb3Column{table=org.hibernate.mapping.Table(schedule_presence_window), mappingColumn=start_date, insertable=true, updatable=true, unique=false}
2017-09-14 22:27:15.346 DEBUG 8168 --- [    Test worker] o.h.cfg.annotations.PropertyBinder       : MetadataSourceProcessor property startDate with lazy=false
2017-09-14 22:27:15.346 DEBUG 8168 --- [    Test worker] o.hibernate.cfg.AbstractPropertyHolder   : Attempting to locate auto-apply AttributeConverter for property [pl.drat.dominik.dao.entity.PresenceWindow:startDate]
2017-09-14 22:27:15.346 DEBUG 8168 --- [    Test worker] o.h.cfg.annotations.SimpleValueBinder    : building SimpleValue for startDate
2017-09-14 22:27:15.346 DEBUG 8168 --- [    Test worker] o.h.cfg.annotations.PropertyBinder       : Building property startDate
2017-09-14 22:27:15.347 DEBUG 8168 --- [    Test worker] org.hibernate.cfg.AnnotationBinder       : Binding entity from annotated class: pl.drat.dominik.dao.entity.Role
2017-09-14 22:27:15.347 DEBUG 8168 --- [    Test worker] org.hibernate.cfg.Ejb3Column             : Binding column: Ejb3DiscriminatorColumn{logicalColumnName'DTYPE', discriminatorTypeName='string'}
2017-09-14 22:27:15.347 DEBUG 8168 --- [    Test worker] o.h.cfg.annotations.EntityBinder         : Import with entity name Role
2017-09-14 22:27:15.347 DEBUG 8168 --- [    Test worker] o.h.cfg.annotations.EntityBinder         : Bind entity pl.drat.dominik.dao.entity.Role on table role
2017-09-14 22:27:15.348 DEBUG 8168 --- [    Test worker] org.hibernate.cfg.Ejb3Column             : Binding column: Ejb3Column{table=org.hibernate.mapping.Table(role), mappingColumn=role, insertable=true, updatable=true, unique=false}
2017-09-14 22:27:15.350 DEBUG 8168 --- [    Test worker] o.h.cfg.annotations.PropertyBinder       : MetadataSourceProcessor property role with lazy=false
2017-09-14 22:27:15.350 DEBUG 8168 --- [    Test worker] o.hibernate.cfg.AbstractPropertyHolder   : Attempting to locate auto-apply AttributeConverter for property [pl.drat.dominik.dao.entity.Role:role]
2017-09-14 22:27:15.350 DEBUG 8168 --- [    Test worker] o.h.cfg.annotations.SimpleValueBinder    : building SimpleValue for role
2017-09-14 22:27:15.351 DEBUG 8168 --- [    Test worker] o.h.cfg.annotations.PropertyBinder       : Building property role
2017-09-14 22:27:15.351 DEBUG 8168 --- [    Test worker] org.hibernate.cfg.AnnotationBinder       : Binding entity from annotated class: pl.drat.dominik.dao.entity.Schedule
2017-09-14 22:27:15.351 DEBUG 8168 --- [    Test worker] org.hibernate.cfg.Ejb3Column             : Binding column: Ejb3DiscriminatorColumn{logicalColumnName'DTYPE', discriminatorTypeName='string'}
2017-09-14 22:27:15.352 DEBUG 8168 --- [    Test worker] o.h.cfg.annotations.EntityBinder         : Import with entity name Schedule
2017-09-14 22:27:15.352 DEBUG 8168 --- [    Test worker] o.h.cfg.annotations.EntityBinder         : Bind entity pl.drat.dominik.dao.entity.Schedule on table schedule
2017-09-14 22:27:15.375 DEBUG 8168 --- [    Test worker] org.hibernate.cfg.Ejb3Column             : Binding column: Ejb3Column{table=org.hibernate.mapping.Table(schedule), mappingColumn=id, insertable=true, updatable=true, unique=false}
2017-09-14 22:27:15.377 DEBUG 8168 --- [    Test worker] o.h.cfg.annotations.PropertyBinder       : MetadataSourceProcessor property id with lazy=false
2017-09-14 22:27:15.377 DEBUG 8168 --- [    Test worker] o.hibernate.cfg.AbstractPropertyHolder   : Attempting to locate auto-apply AttributeConverter for property [pl.drat.dominik.dao.entity.Schedule:id]
2017-09-14 22:27:15.377 DEBUG 8168 --- [    Test worker] o.h.cfg.annotations.SimpleValueBinder    : building SimpleValue for id
2017-09-14 22:27:15.378 DEBUG 8168 --- [    Test worker] o.h.cfg.annotations.PropertyBinder       : Building property id
2017-09-14 22:27:15.379 DEBUG 8168 --- [    Test worker] org.hibernate.cfg.Ejb3Column             : Binding column: Ejb3Column{table=org.hibernate.mapping.Table(schedule), mappingColumn=date, insertable=true, updatable=true, unique=false}
2017-09-14 22:27:15.380 DEBUG 8168 --- [    Test worker] o.h.cfg.annotations.PropertyBinder       : MetadataSourceProcessor property date with lazy=false
2017-09-14 22:27:15.381 DEBUG 8168 --- [    Test worker] o.hibernate.cfg.AbstractPropertyHolder   : Attempting to locate auto-apply AttributeConverter for property [pl.drat.dominik.dao.entity.Schedule:date]
2017-09-14 22:27:15.381 DEBUG 8168 --- [    Test worker] o.h.cfg.annotations.SimpleValueBinder    : building SimpleValue for date
2017-09-14 22:27:15.382 DEBUG 8168 --- [    Test worker] o.h.cfg.annotations.PropertyBinder       : Building property date
2017-09-14 22:27:15.390 DEBUG 8168 --- [    Test worker] org.hibernate.cfg.Ejb3Column             : Binding column: Ejb3JoinColumn{logicalColumnName='null', referencedColumn='null', mappedBy='null'}
2017-09-14 22:27:15.397 DEBUG 8168 --- [    Test worker] org.hibernate.cfg.Ejb3Column             : Binding column: Ejb3Column{table=org.hibernate.mapping.Table(schedule), mappingColumn=subject, insertable=true, updatable=true, unique=false}
2017-09-14 22:27:15.402 DEBUG 8168 --- [    Test worker] o.h.cfg.annotations.PropertyBinder       : Building property subject
2017-09-14 22:27:15.403 DEBUG 8168 --- [    Test worker] org.hibernate.cfg.AnnotationBinder       : Binding entity from annotated class: pl.drat.dominik.dao.entity.Subject
2017-09-14 22:27:15.403 DEBUG 8168 --- [    Test worker] org.hibernate.cfg.Ejb3Column             : Binding column: Ejb3DiscriminatorColumn{logicalColumnName'DTYPE', discriminatorTypeName='string'}
2017-09-14 22:27:15.404 DEBUG 8168 --- [    Test worker] o.h.cfg.annotations.EntityBinder         : Import with entity name Subject
2017-09-14 22:27:15.404 DEBUG 8168 --- [    Test worker] o.h.cfg.annotations.EntityBinder         : Bind entity pl.drat.dominik.dao.entity.Subject on table subject
2017-09-14 22:27:15.427 DEBUG 8168 --- [    Test worker] org.hibernate.cfg.Ejb3Column             : Binding column: Ejb3Column{table=org.hibernate.mapping.Table(subject), mappingColumn=id, insertable=true, updatable=true, unique=false}
2017-09-14 22:27:15.427 DEBUG 8168 --- [    Test worker] o.h.cfg.annotations.PropertyBinder       : MetadataSourceProcessor property id with lazy=false
2017-09-14 22:27:15.428 DEBUG 8168 --- [    Test worker] o.hibernate.cfg.AbstractPropertyHolder   : Attempting to locate auto-apply AttributeConverter for property [pl.drat.dominik.dao.entity.Subject:id]
2017-09-14 22:27:15.428 DEBUG 8168 --- [    Test worker] o.h.cfg.annotations.SimpleValueBinder    : building SimpleValue for id
2017-09-14 22:27:15.429 DEBUG 8168 --- [    Test worker] o.h.cfg.annotations.PropertyBinder       : Building property id
2017-09-14 22:27:15.429 DEBUG 8168 --- [    Test worker] org.hibernate.cfg.Ejb3Column             : Binding column: Ejb3Column{table=org.hibernate.mapping.Table(subject), mappingColumn=name, insertable=true, updatable=true, unique=false}
2017-09-14 22:27:15.430 DEBUG 8168 --- [    Test worker] o.h.cfg.annotations.PropertyBinder       : MetadataSourceProcessor property name with lazy=false
2017-09-14 22:27:15.430 DEBUG 8168 --- [    Test worker] o.hibernate.cfg.AbstractPropertyHolder   : Attempting to locate auto-apply AttributeConverter for property [pl.drat.dominik.dao.entity.Subject:name]
2017-09-14 22:27:15.430 DEBUG 8168 --- [    Test worker] o.h.cfg.annotations.SimpleValueBinder    : building SimpleValue for name
2017-09-14 22:27:15.430 DEBUG 8168 --- [    Test worker] o.h.cfg.annotations.PropertyBinder       : Building property name
2017-09-14 22:27:15.431 DEBUG 8168 --- [    Test worker] org.hibernate.cfg.Ejb3Column             : Binding column: Ejb3JoinColumn{logicalColumnName='null', referencedColumn='null', mappedBy='subject'}
2017-09-14 22:27:15.431 DEBUG 8168 --- [    Test worker] org.hibernate.cfg.Ejb3Column             : Binding column: Ejb3Column{table=org.hibernate.mapping.Table(subject), mappingColumn=schedules, insertable=true, updatable=true, unique=false}
2017-09-14 22:27:15.434 DEBUG 8168 --- [    Test worker] org.hibernate.cfg.Ejb3Column             : Binding column: Ejb3Column{table=org.hibernate.mapping.Table(subject), mappingColumn=null, insertable=true, updatable=true, unique=false}
2017-09-14 22:27:15.460 DEBUG 8168 --- [    Test worker] org.hibernate.cfg.Ejb3Column             : Binding column: Ejb3Column{table=org.hibernate.mapping.Table(subject), mappingColumn=element, insertable=true, updatable=true, unique=false}
2017-09-14 22:27:15.461 DEBUG 8168 --- [    Test worker] org.hibernate.cfg.Ejb3Column             : Binding column: Ejb3Column{table=org.hibernate.mapping.Table(subject), mappingColumn=schedules_KEY, insertable=true, updatable=true, unique=false}
2017-09-14 22:27:15.463 DEBUG 8168 --- [    Test worker] org.hibernate.cfg.Ejb3Column             : Binding column: Ejb3JoinColumn{logicalColumnName='schedules_KEY', referencedColumn='null', mappedBy='null'}
2017-09-14 22:27:15.464 DEBUG 8168 --- [    Test worker] org.hibernate.cfg.Ejb3Column             : Binding column: Ejb3JoinColumn{logicalColumnName='null', referencedColumn='null', mappedBy='subject'}
2017-09-14 22:27:15.465 DEBUG 8168 --- [    Test worker] org.hibernate.cfg.Ejb3Column             : Binding column: Ejb3JoinColumn{logicalColumnName='null', referencedColumn='null', mappedBy='subject'}
2017-09-14 22:27:15.466 DEBUG 8168 --- [    Test worker] o.h.cfg.annotations.CollectionBinder     : Collection role: pl.drat.dominik.dao.entity.Subject.schedules
2017-09-14 22:27:15.470 DEBUG 8168 --- [    Test worker] o.h.cfg.annotations.PropertyBinder       : Building property schedules
2017-09-14 22:27:15.471 DEBUG 8168 --- [    Test worker] org.hibernate.cfg.Ejb3Column             : Binding column: Ejb3Column{table=org.hibernate.mapping.Table(subject), mappingColumn=semester, insertable=true, updatable=true, unique=false}
2017-09-14 22:27:15.471 DEBUG 8168 --- [    Test worker] o.h.cfg.annotations.PropertyBinder       : MetadataSourceProcessor property semester with lazy=false
2017-09-14 22:27:15.471 DEBUG 8168 --- [    Test worker] o.hibernate.cfg.AbstractPropertyHolder   : Attempting to locate auto-apply AttributeConverter for property [pl.drat.dominik.dao.entity.Subject:semester]
2017-09-14 22:27:15.472 DEBUG 8168 --- [    Test worker] o.h.cfg.annotations.SimpleValueBinder    : building SimpleValue for semester
2017-09-14 22:27:15.472 DEBUG 8168 --- [    Test worker] o.h.cfg.annotations.PropertyBinder       : Building property semester
2017-09-14 22:27:15.472 DEBUG 8168 --- [    Test worker] org.hibernate.cfg.Ejb3Column             : Binding column: Ejb3Column{table=org.hibernate.mapping.Table(subject), mappingColumn=null, insertable=true, updatable=true, unique=false}
2017-09-14 22:27:15.473 DEBUG 8168 --- [    Test worker] org.hibernate.cfg.Ejb3Column             : Binding column: Ejb3Column{table=org.hibernate.mapping.Table(subject), mappingColumn=element, insertable=true, updatable=true, unique=false}
2017-09-14 22:27:15.473 DEBUG 8168 --- [    Test worker] org.hibernate.cfg.Ejb3Column             : Binding column: Ejb3Column{table=org.hibernate.mapping.Table(subject), mappingColumn=users_KEY, insertable=true, updatable=true, unique=false}
2017-09-14 22:27:15.473 DEBUG 8168 --- [    Test worker] org.hibernate.cfg.Ejb3Column             : Binding column: Ejb3JoinColumn{logicalColumnName='users_KEY', referencedColumn='null', mappedBy='null'}
2017-09-14 22:27:15.474 DEBUG 8168 --- [    Test worker] org.hibernate.cfg.Ejb3Column             : Binding column: Ejb3JoinColumn{logicalColumnName='null', referencedColumn='null', mappedBy='subjects'}
2017-09-14 22:27:15.474 DEBUG 8168 --- [    Test worker] org.hibernate.cfg.Ejb3Column             : Binding column: Ejb3JoinColumn{logicalColumnName='null', referencedColumn='null', mappedBy='subjects'}
2017-09-14 22:27:15.474 DEBUG 8168 --- [    Test worker] o.h.cfg.annotations.CollectionBinder     : Collection role: pl.drat.dominik.dao.entity.Subject.users
2017-09-14 22:27:15.475 DEBUG 8168 --- [    Test worker] o.h.cfg.annotations.PropertyBinder       : Building property users
2017-09-14 22:27:15.476 DEBUG 8168 --- [    Test worker] org.hibernate.cfg.Ejb3Column             : Binding column: Ejb3Column{table=org.hibernate.mapping.Table(subject), mappingColumn=year, insertable=true, updatable=true, unique=false}
2017-09-14 22:27:15.476 DEBUG 8168 --- [    Test worker] o.h.cfg.annotations.PropertyBinder       : MetadataSourceProcessor property year with lazy=false
2017-09-14 22:27:15.476 DEBUG 8168 --- [    Test worker] o.hibernate.cfg.AbstractPropertyHolder   : Attempting to locate auto-apply AttributeConverter for property [pl.drat.dominik.dao.entity.Subject:year]
2017-09-14 22:27:15.476 DEBUG 8168 --- [    Test worker] o.h.cfg.annotations.SimpleValueBinder    : building SimpleValue for year
2017-09-14 22:27:15.476 DEBUG 8168 --- [    Test worker] o.h.cfg.annotations.PropertyBinder       : Building property year
2017-09-14 22:27:15.477 DEBUG 8168 --- [    Test worker] org.hibernate.cfg.AnnotationBinder       : Binding entity from annotated class: pl.drat.dominik.dao.entity.SubjectUser
2017-09-14 22:27:15.477 DEBUG 8168 --- [    Test worker] org.hibernate.cfg.Ejb3Column             : Binding column: Ejb3DiscriminatorColumn{logicalColumnName'DTYPE', discriminatorTypeName='string'}
2017-09-14 22:27:15.477 DEBUG 8168 --- [    Test worker] o.h.cfg.annotations.EntityBinder         : Import with entity name SubjectUser
2017-09-14 22:27:15.478 DEBUG 8168 --- [    Test worker] o.h.cfg.annotations.EntityBinder         : Bind entity pl.drat.dominik.dao.entity.SubjectUser on table subject_user
2017-09-14 22:27:15.489 DEBUG 8168 --- [    Test worker] org.hibernate.cfg.Ejb3Column             : Binding column: Ejb3Column{table=org.hibernate.mapping.Table(subject_user), mappingColumn=subject_id, insertable=true, updatable=true, unique=false}
2017-09-14 22:27:15.489 DEBUG 8168 --- [    Test worker] o.h.cfg.annotations.PropertyBinder       : MetadataSourceProcessor property subjectId with lazy=false
2017-09-14 22:27:15.489 DEBUG 8168 --- [    Test worker] o.hibernate.cfg.AbstractPropertyHolder   : Attempting to locate auto-apply AttributeConverter for property [pl.drat.dominik.dao.entity.SubjectUser.id:subjectId]
2017-09-14 22:27:15.489 DEBUG 8168 --- [    Test worker] o.h.cfg.annotations.SimpleValueBinder    : building SimpleValue for subjectId
2017-09-14 22:27:15.490 DEBUG 8168 --- [    Test worker] o.h.cfg.annotations.PropertyBinder       : Building property subjectId
2017-09-14 22:27:15.490 DEBUG 8168 --- [    Test worker] org.hibernate.cfg.Ejb3Column             : Binding column: Ejb3Column{table=org.hibernate.mapping.Table(subject_user), mappingColumn=user_id, insertable=true, updatable=true, unique=false}
2017-09-14 22:27:15.491 DEBUG 8168 --- [    Test worker] o.h.cfg.annotations.PropertyBinder       : MetadataSourceProcessor property userId with lazy=false
2017-09-14 22:27:15.491 DEBUG 8168 --- [    Test worker] o.hibernate.cfg.AbstractPropertyHolder   : Attempting to locate auto-apply AttributeConverter for property [pl.drat.dominik.dao.entity.SubjectUser.id:userId]
2017-09-14 22:27:15.491 DEBUG 8168 --- [    Test worker] o.h.cfg.annotations.SimpleValueBinder    : building SimpleValue for userId
2017-09-14 22:27:15.491 DEBUG 8168 --- [    Test worker] o.h.cfg.annotations.PropertyBinder       : Building property userId
2017-09-14 22:27:15.492 DEBUG 8168 --- [    Test worker] org.hibernate.cfg.Ejb3Column             : Binding column: Ejb3Column{table=org.hibernate.mapping.Table(subject_user), mappingColumn=subject_id, insertable=true, updatable=true, unique=false}
2017-09-14 22:27:15.492 DEBUG 8168 --- [    Test worker] o.h.cfg.annotations.PropertyBinder       : MetadataSourceProcessor property subjectId with lazy=false
2017-09-14 22:27:15.493 DEBUG 8168 --- [    Test worker] o.hibernate.cfg.AbstractPropertyHolder   : Attempting to locate auto-apply AttributeConverter for property [pl.drat.dominik.dao.entity.SubjectUser._identifierMapper:subjectId]
2017-09-14 22:27:15.493 DEBUG 8168 --- [    Test worker] o.h.cfg.annotations.SimpleValueBinder    : building SimpleValue for subjectId
2017-09-14 22:27:15.493 DEBUG 8168 --- [    Test worker] o.h.cfg.annotations.PropertyBinder       : Building property subjectId
2017-09-14 22:27:15.494 DEBUG 8168 --- [    Test worker] org.hibernate.cfg.Ejb3Column             : Binding column: Ejb3Column{table=org.hibernate.mapping.Table(subject_user), mappingColumn=user_id, insertable=true, updatable=true, unique=false}
2017-09-14 22:27:15.494 DEBUG 8168 --- [    Test worker] o.h.cfg.annotations.PropertyBinder       : MetadataSourceProcessor property userId with lazy=false
2017-09-14 22:27:15.494 DEBUG 8168 --- [    Test worker] o.hibernate.cfg.AbstractPropertyHolder   : Attempting to locate auto-apply AttributeConverter for property [pl.drat.dominik.dao.entity.SubjectUser._identifierMapper:userId]
2017-09-14 22:27:15.494 DEBUG 8168 --- [    Test worker] o.h.cfg.annotations.SimpleValueBinder    : building SimpleValue for userId
2017-09-14 22:27:15.495 DEBUG 8168 --- [    Test worker] o.h.cfg.annotations.PropertyBinder       : Building property userId
2017-09-14 22:27:15.497 DEBUG 8168 --- [    Test worker] org.hibernate.cfg.AnnotationBinder       : Binding entity from annotated class: pl.drat.dominik.dao.entity.User
2017-09-14 22:27:15.497 DEBUG 8168 --- [    Test worker] org.hibernate.cfg.Ejb3Column             : Binding column: Ejb3DiscriminatorColumn{logicalColumnName'DTYPE', discriminatorTypeName='string'}
2017-09-14 22:27:15.497 DEBUG 8168 --- [    Test worker] o.h.cfg.annotations.EntityBinder         : Import with entity name User
2017-09-14 22:27:15.498 DEBUG 8168 --- [    Test worker] o.h.cfg.annotations.EntityBinder         : Bind entity pl.drat.dominik.dao.entity.User on table user
2017-09-14 22:27:15.528 DEBUG 8168 --- [    Test worker] org.hibernate.cfg.Ejb3Column             : Binding column: Ejb3Column{table=org.hibernate.mapping.Table(user), mappingColumn=id, insertable=true, updatable=true, unique=false}
2017-09-14 22:27:15.529 DEBUG 8168 --- [    Test worker] o.h.cfg.annotations.PropertyBinder       : MetadataSourceProcessor property id with lazy=false
2017-09-14 22:27:15.529 DEBUG 8168 --- [    Test worker] o.hibernate.cfg.AbstractPropertyHolder   : Attempting to locate auto-apply AttributeConverter for property [pl.drat.dominik.dao.entity.User:id]
2017-09-14 22:27:15.529 DEBUG 8168 --- [    Test worker] o.h.cfg.annotations.SimpleValueBinder    : building SimpleValue for id
2017-09-14 22:27:15.530 DEBUG 8168 --- [    Test worker] o.h.cfg.annotations.PropertyBinder       : Building property id
2017-09-14 22:27:15.530 DEBUG 8168 --- [    Test worker] org.hibernate.cfg.Ejb3Column             : Binding column: Ejb3Column{table=org.hibernate.mapping.Table(user), mappingColumn=email, insertable=true, updatable=true, unique=false}
2017-09-14 22:27:15.530 DEBUG 8168 --- [    Test worker] o.h.cfg.annotations.PropertyBinder       : MetadataSourceProcessor property email with lazy=false
2017-09-14 22:27:15.530 DEBUG 8168 --- [    Test worker] o.hibernate.cfg.AbstractPropertyHolder   : Attempting to locate auto-apply AttributeConverter for property [pl.drat.dominik.dao.entity.User:email]
2017-09-14 22:27:15.531 DEBUG 8168 --- [    Test worker] o.h.cfg.annotations.SimpleValueBinder    : building SimpleValue for email
2017-09-14 22:27:15.531 DEBUG 8168 --- [    Test worker] o.h.cfg.annotations.PropertyBinder       : Building property email
2017-09-14 22:27:15.531 DEBUG 8168 --- [    Test worker] org.hibernate.cfg.Ejb3Column             : Binding column: Ejb3Column{table=org.hibernate.mapping.Table(user), mappingColumn=first_name, insertable=true, updatable=true, unique=false}
2017-09-14 22:27:15.531 DEBUG 8168 --- [    Test worker] o.h.cfg.annotations.PropertyBinder       : MetadataSourceProcessor property firstName with lazy=false
2017-09-14 22:27:15.532 DEBUG 8168 --- [    Test worker] o.hibernate.cfg.AbstractPropertyHolder   : Attempting to locate auto-apply AttributeConverter for property [pl.drat.dominik.dao.entity.User:firstName]
2017-09-14 22:27:15.532 DEBUG 8168 --- [    Test worker] o.h.cfg.annotations.SimpleValueBinder    : building SimpleValue for firstName
2017-09-14 22:27:15.532 DEBUG 8168 --- [    Test worker] o.h.cfg.annotations.PropertyBinder       : Building property firstName
2017-09-14 22:27:15.532 DEBUG 8168 --- [    Test worker] org.hibernate.cfg.Ejb3Column             : Binding column: Ejb3Column{table=org.hibernate.mapping.Table(user), mappingColumn=last_name, insertable=true, updatable=true, unique=false}
2017-09-14 22:27:15.533 DEBUG 8168 --- [    Test worker] o.h.cfg.annotations.PropertyBinder       : MetadataSourceProcessor property lastName with lazy=false
2017-09-14 22:27:15.533 DEBUG 8168 --- [    Test worker] o.hibernate.cfg.AbstractPropertyHolder   : Attempting to locate auto-apply AttributeConverter for property [pl.drat.dominik.dao.entity.User:lastName]
2017-09-14 22:27:15.533 DEBUG 8168 --- [    Test worker] o.h.cfg.annotations.SimpleValueBinder    : building SimpleValue for lastName
2017-09-14 22:27:15.533 DEBUG 8168 --- [    Test worker] o.h.cfg.annotations.PropertyBinder       : Building property lastName
2017-09-14 22:27:15.535 DEBUG 8168 --- [    Test worker] org.hibernate.cfg.Ejb3Column             : Binding column: Ejb3Column{table=org.hibernate.mapping.Table(user), mappingColumn=password, insertable=true, updatable=true, unique=false}
2017-09-14 22:27:15.535 DEBUG 8168 --- [    Test worker] o.h.cfg.annotations.PropertyBinder       : MetadataSourceProcessor property password with lazy=false
2017-09-14 22:27:15.535 DEBUG 8168 --- [    Test worker] o.hibernate.cfg.AbstractPropertyHolder   : Attempting to locate auto-apply AttributeConverter for property [pl.drat.dominik.dao.entity.User:password]
2017-09-14 22:27:15.535 DEBUG 8168 --- [    Test worker] o.h.cfg.annotations.SimpleValueBinder    : building SimpleValue for password
2017-09-14 22:27:15.536 DEBUG 8168 --- [    Test worker] o.h.cfg.annotations.PropertyBinder       : Building property password
2017-09-14 22:27:15.536 DEBUG 8168 --- [    Test worker] org.hibernate.cfg.Ejb3Column             : Binding column: Ejb3Column{table=org.hibernate.mapping.Table(user), mappingColumn=role, insertable=true, updatable=true, unique=false}
2017-09-14 22:27:15.536 DEBUG 8168 --- [    Test worker] o.h.cfg.annotations.PropertyBinder       : MetadataSourceProcessor property role with lazy=false
2017-09-14 22:27:15.536 DEBUG 8168 --- [    Test worker] o.hibernate.cfg.AbstractPropertyHolder   : Attempting to locate auto-apply AttributeConverter for property [pl.drat.dominik.dao.entity.User:role]
2017-09-14 22:27:15.536 DEBUG 8168 --- [    Test worker] o.h.cfg.annotations.SimpleValueBinder    : building SimpleValue for role
2017-09-14 22:27:15.536 DEBUG 8168 --- [    Test worker] o.h.cfg.annotations.PropertyBinder       : Building property role
2017-09-14 22:27:15.537 DEBUG 8168 --- [    Test worker] org.hibernate.cfg.Ejb3Column             : Binding column: Ejb3Column{table=org.hibernate.mapping.Table(user), mappingColumn=null, insertable=true, updatable=true, unique=false}
2017-09-14 22:27:15.538 DEBUG 8168 --- [    Test worker] org.hibernate.cfg.Ejb3Column             : Binding column: Ejb3Column{table=org.hibernate.mapping.Table(user), mappingColumn=element, insertable=true, updatable=true, unique=false}
2017-09-14 22:27:15.538 DEBUG 8168 --- [    Test worker] org.hibernate.cfg.Ejb3Column             : Binding column: Ejb3Column{table=org.hibernate.mapping.Table(user), mappingColumn=subjects_KEY, insertable=true, updatable=true, unique=false}
2017-09-14 22:27:15.539 DEBUG 8168 --- [    Test worker] org.hibernate.cfg.Ejb3Column             : Binding column: Ejb3JoinColumn{logicalColumnName='subjects_KEY', referencedColumn='null', mappedBy='null'}
2017-09-14 22:27:15.540 DEBUG 8168 --- [    Test worker] org.hibernate.cfg.Ejb3Column             : Binding column: Ejb3JoinColumn{logicalColumnName='user_id', referencedColumn='id', mappedBy=''}
2017-09-14 22:27:15.540 DEBUG 8168 --- [    Test worker] org.hibernate.cfg.Ejb3Column             : Binding column: Ejb3JoinColumn{logicalColumnName='subject_id', referencedColumn='id', mappedBy=''}
2017-09-14 22:27:15.540 DEBUG 8168 --- [    Test worker] o.h.cfg.annotations.CollectionBinder     : Collection role: pl.drat.dominik.dao.entity.User.subjects
2017-09-14 22:27:15.540 DEBUG 8168 --- [    Test worker] o.h.cfg.annotations.PropertyBinder       : Building property subjects
2017-09-14 22:27:15.542 DEBUG 8168 --- [    Test worker] o.h.cfg.annotations.SimpleValueBinder    : Starting fillSimpleValue for id
2017-09-14 22:27:15.542 DEBUG 8168 --- [    Test worker] o.h.cfg.annotations.SimpleValueBinder    : Starting fillSimpleValue for date
2017-09-14 22:27:15.543 DEBUG 8168 --- [    Test worker] o.h.cfg.annotations.SimpleValueBinder    : Starting fillSimpleValue for presenceStatus
2017-09-14 22:27:15.543 DEBUG 8168 --- [    Test worker] o.h.cfg.annotations.SimpleValueBinder    : Starting fillSimpleValue for studentId
2017-09-14 22:27:15.543 DEBUG 8168 --- [    Test worker] o.h.cfg.annotations.SimpleValueBinder    : Starting fillSimpleValue for subjectId
2017-09-14 22:27:15.543 DEBUG 8168 --- [    Test worker] o.h.cfg.annotations.SimpleValueBinder    : Starting fillSimpleValue for id
2017-09-14 22:27:15.543 DEBUG 8168 --- [    Test worker] o.h.cfg.annotations.SimpleValueBinder    : Starting fillSimpleValue for endDate
2017-09-14 22:27:15.543 DEBUG 8168 --- [    Test worker] o.h.cfg.annotations.SimpleValueBinder    : Starting fillSimpleValue for scheduleId
2017-09-14 22:27:15.543 DEBUG 8168 --- [    Test worker] o.h.cfg.annotations.SimpleValueBinder    : Starting fillSimpleValue for securityCode
2017-09-14 22:27:15.543 DEBUG 8168 --- [    Test worker] o.h.cfg.annotations.SimpleValueBinder    : Starting fillSimpleValue for startDate
2017-09-14 22:27:15.543 DEBUG 8168 --- [    Test worker] o.h.cfg.annotations.SimpleValueBinder    : Starting fillSimpleValue for role
2017-09-14 22:27:15.547 DEBUG 8168 --- [    Test worker] o.h.cfg.annotations.SimpleValueBinder    : Starting fillSimpleValue for id
2017-09-14 22:27:15.547 DEBUG 8168 --- [    Test worker] o.h.cfg.annotations.SimpleValueBinder    : Starting fillSimpleValue for date
2017-09-14 22:27:15.548 DEBUG 8168 --- [    Test worker] o.h.cfg.annotations.SimpleValueBinder    : Starting fillSimpleValue for id
2017-09-14 22:27:15.548 DEBUG 8168 --- [    Test worker] o.h.cfg.annotations.SimpleValueBinder    : Starting fillSimpleValue for name
2017-09-14 22:27:15.548 DEBUG 8168 --- [    Test worker] o.h.cfg.annotations.SimpleValueBinder    : Starting fillSimpleValue for semester
2017-09-14 22:27:15.548 DEBUG 8168 --- [    Test worker] o.h.cfg.annotations.SimpleValueBinder    : Starting fillSimpleValue for year
2017-09-14 22:27:15.548 DEBUG 8168 --- [    Test worker] o.h.cfg.annotations.SimpleValueBinder    : Starting fillSimpleValue for subjectId
2017-09-14 22:27:15.548 DEBUG 8168 --- [    Test worker] o.h.cfg.annotations.SimpleValueBinder    : Starting fillSimpleValue for userId
2017-09-14 22:27:15.548 DEBUG 8168 --- [    Test worker] o.h.cfg.annotations.SimpleValueBinder    : Starting fillSimpleValue for subjectId
2017-09-14 22:27:15.548 DEBUG 8168 --- [    Test worker] o.h.cfg.annotations.SimpleValueBinder    : Starting fillSimpleValue for userId
2017-09-14 22:27:15.549 DEBUG 8168 --- [    Test worker] o.h.cfg.annotations.SimpleValueBinder    : Starting fillSimpleValue for id
2017-09-14 22:27:15.549 DEBUG 8168 --- [    Test worker] o.h.cfg.annotations.SimpleValueBinder    : Starting fillSimpleValue for email
2017-09-14 22:27:15.549 DEBUG 8168 --- [    Test worker] o.h.cfg.annotations.SimpleValueBinder    : Starting fillSimpleValue for firstName
2017-09-14 22:27:15.549 DEBUG 8168 --- [    Test worker] o.h.cfg.annotations.SimpleValueBinder    : Starting fillSimpleValue for lastName
2017-09-14 22:27:15.549 DEBUG 8168 --- [    Test worker] o.h.cfg.annotations.SimpleValueBinder    : Starting fillSimpleValue for password
2017-09-14 22:27:15.549 DEBUG 8168 --- [    Test worker] o.h.cfg.annotations.SimpleValueBinder    : Starting fillSimpleValue for role
2017-09-14 22:27:15.570 DEBUG 8168 --- [    Test worker] org.hibernate.mapping.PrimaryKey         : Forcing column [id] to be non-null as it is part of the primary key for table [presence]
2017-09-14 22:27:15.570 DEBUG 8168 --- [    Test worker] org.hibernate.mapping.PrimaryKey         : Forcing column [id] to be non-null as it is part of the primary key for table [schedule_presence_window]
2017-09-14 22:27:15.570 DEBUG 8168 --- [    Test worker] org.hibernate.mapping.PrimaryKey         : Forcing column [role] to be non-null as it is part of the primary key for table [role]
2017-09-14 22:27:15.570 DEBUG 8168 --- [    Test worker] org.hibernate.mapping.PrimaryKey         : Forcing column [id] to be non-null as it is part of the primary key for table [schedule]
2017-09-14 22:27:15.570 DEBUG 8168 --- [    Test worker] org.hibernate.mapping.PrimaryKey         : Forcing column [id] to be non-null as it is part of the primary key for table [subject]
2017-09-14 22:27:15.572 DEBUG 8168 --- [    Test worker] org.hibernate.mapping.PrimaryKey         : Forcing column [subject_id] to be non-null as it is part of the primary key for table [subject_user]
2017-09-14 22:27:15.572 DEBUG 8168 --- [    Test worker] org.hibernate.mapping.PrimaryKey         : Forcing column [user_id] to be non-null as it is part of the primary key for table [subject_user]
2017-09-14 22:27:15.572 DEBUG 8168 --- [    Test worker] org.hibernate.mapping.PrimaryKey         : Forcing column [id] to be non-null as it is part of the primary key for table [user]
2017-09-14 22:27:15.573 DEBUG 8168 --- [    Test worker] org.hibernate.cfg.CollectionSecondPass   : Second pass for collection: pl.drat.dominik.dao.entity.User.subjects
2017-09-14 22:27:15.573 DEBUG 8168 --- [    Test worker] o.h.cfg.annotations.CollectionBinder     : Binding as ManyToMany: pl.drat.dominik.dao.entity.User.subjects
2017-09-14 22:27:15.583 DEBUG 8168 --- [    Test worker] org.hibernate.mapping.PrimaryKey         : Forcing column [user_id] to be non-null as it is part of the primary key for table [subject_user]
2017-09-14 22:27:15.584 DEBUG 8168 --- [    Test worker] org.hibernate.mapping.PrimaryKey         : Forcing column [subject_id] to be non-null as it is part of the primary key for table [subject_user]
2017-09-14 22:27:15.585 DEBUG 8168 --- [    Test worker] org.hibernate.cfg.CollectionSecondPass   : Mapped collection key: user_id, element: subject_id
2017-09-14 22:27:15.585 DEBUG 8168 --- [    Test worker] org.hibernate.cfg.CollectionSecondPass   : Second pass for collection: pl.drat.dominik.dao.entity.Subject.schedules
2017-09-14 22:27:15.585 DEBUG 8168 --- [    Test worker] o.h.cfg.annotations.CollectionBinder     : Binding a OneToMany: pl.drat.dominik.dao.entity.Subject.schedules through a foreign key
2017-09-14 22:27:15.586 DEBUG 8168 --- [    Test worker] o.h.cfg.annotations.CollectionBinder     : Mapping collection: pl.drat.dominik.dao.entity.Subject.schedules -> schedule
2017-09-14 22:27:15.587 DEBUG 8168 --- [    Test worker] o.hibernate.cfg.annotations.TableBinder  : Retrieving property pl.drat.dominik.dao.entity.Schedule.subject
2017-09-14 22:27:15.588 DEBUG 8168 --- [    Test worker] org.hibernate.cfg.CollectionSecondPass   : Mapped collection key: subject_id, one-to-many: pl.drat.dominik.dao.entity.Schedule
2017-09-14 22:27:15.588 DEBUG 8168 --- [    Test worker] org.hibernate.cfg.CollectionSecondPass   : Second pass for collection: pl.drat.dominik.dao.entity.Subject.users
2017-09-14 22:27:15.589 DEBUG 8168 --- [    Test worker] o.h.cfg.annotations.CollectionBinder     : Binding as ManyToMany: pl.drat.dominik.dao.entity.Subject.users
2017-09-14 22:27:15.589 DEBUG 8168 --- [    Test worker] o.hibernate.cfg.annotations.TableBinder  : Retrieving property pl.drat.dominik.dao.entity.User.subjects
2017-09-14 22:27:15.590 DEBUG 8168 --- [    Test worker] org.hibernate.cfg.CollectionSecondPass   : Mapped collection key: subject_id, element: user_id
2017-09-14 22:27:15.590 DEBUG 8168 --- [    Test worker] o.h.b.i.InFlightMetadataCollectorImpl    : Resolving reference to class: pl.drat.dominik.dao.entity.Subject
2017-09-14 22:27:15.603 DEBUG 8168 --- [    Test worker] o.h.b.i.InFlightMetadataCollectorImpl    : Resolving reference to class: pl.drat.dominik.dao.entity.Subject
2017-09-14 22:27:15.605 DEBUG 8168 --- [    Test worker] o.h.b.i.InFlightMetadataCollectorImpl    : Resolving reference to class: pl.drat.dominik.dao.entity.User
2017-09-14 22:27:15.608 DEBUG 8168 --- [    Test worker] o.h.b.i.InFlightMetadataCollectorImpl    : Resolving reference to class: pl.drat.dominik.dao.entity.Subject
2017-09-14 22:27:15.608 DEBUG 8168 --- [    Test worker] o.h.b.i.InFlightMetadataCollectorImpl    : Resolving reference to class: pl.drat.dominik.dao.entity.Subject
2017-09-14 22:27:15.609 DEBUG 8168 --- [    Test worker] o.h.b.i.InFlightMetadataCollectorImpl    : Resolving reference to class: pl.drat.dominik.dao.entity.User
2017-09-14 22:27:15.614 DEBUG 8168 --- [    Test worker] o.h.boot.internal.ClassLoaderAccessImpl  : Not known whether passed class name [pl.drat.dominik.dao.entity.SubjectUser] is safe
2017-09-14 22:27:15.615 DEBUG 8168 --- [    Test worker] o.h.boot.internal.ClassLoaderAccessImpl  : No temp ClassLoader provided; using live ClassLoader for loading potentially unsafe class : pl.drat.dominik.dao.entity.SubjectUser
2017-09-14 22:27:15.757 DEBUG 8168 --- [    Test worker] o.hibernate.internal.SessionFactoryImpl  : Building session factory
2017-09-14 22:27:15.762 DEBUG 8168 --- [    Test worker] org.hibernate.cfg.Settings               : SessionFactory name : null
2017-09-14 22:27:15.763 DEBUG 8168 --- [    Test worker] org.hibernate.cfg.Settings               : Automatic flush during beforeCompletion(): disabled
2017-09-14 22:27:15.763 DEBUG 8168 --- [    Test worker] org.hibernate.cfg.Settings               : Automatic session close at end of transaction: disabled
2017-09-14 22:27:15.764 DEBUG 8168 --- [    Test worker] org.hibernate.cfg.Settings               : Statistics: disabled
2017-09-14 22:27:15.764 DEBUG 8168 --- [    Test worker] org.hibernate.cfg.Settings               : Deleted entity synthetic identifier rollback: disabled
2017-09-14 22:27:15.764 DEBUG 8168 --- [    Test worker] org.hibernate.cfg.Settings               : Default entity-mode: pojo
2017-09-14 22:27:15.764 DEBUG 8168 --- [    Test worker] org.hibernate.cfg.Settings               : Check Nullability in Core (should be disabled when Bean Validation is on): enabled
2017-09-14 22:27:15.764 DEBUG 8168 --- [    Test worker] org.hibernate.cfg.Settings               : Allow initialization of lazy state outside session : disabled
2017-09-14 22:27:15.764 DEBUG 8168 --- [    Test worker] org.hibernate.cfg.Settings               : Using BatchFetchStyle : LEGACY
2017-09-14 22:27:15.765 DEBUG 8168 --- [    Test worker] org.hibernate.cfg.Settings               : Default batch fetch size: -1
2017-09-14 22:27:15.765 DEBUG 8168 --- [    Test worker] org.hibernate.cfg.Settings               : Maximum outer join fetch depth: 2
2017-09-14 22:27:15.765 DEBUG 8168 --- [    Test worker] org.hibernate.cfg.Settings               : Default null ordering: NONE
2017-09-14 22:27:15.765 DEBUG 8168 --- [    Test worker] org.hibernate.cfg.Settings               : Order SQL updates by primary key: disabled
2017-09-14 22:27:15.765 DEBUG 8168 --- [    Test worker] org.hibernate.cfg.Settings               : Order SQL inserts for batching: disabled
2017-09-14 22:27:15.765 DEBUG 8168 --- [    Test worker] org.hibernate.cfg.Settings               : multi-tenancy strategy : NONE
2017-09-14 22:27:15.765 DEBUG 8168 --- [    Test worker] org.hibernate.cfg.Settings               : JTA Track by Thread: enabled
2017-09-14 22:27:15.765 DEBUG 8168 --- [    Test worker] org.hibernate.cfg.Settings               : Query language substitutions: {}
2017-09-14 22:27:15.766 DEBUG 8168 --- [    Test worker] org.hibernate.cfg.Settings               : JPA query language strict compliance: disabled
2017-09-14 22:27:15.766 DEBUG 8168 --- [    Test worker] org.hibernate.cfg.Settings               : Named query checking : enabled
2017-09-14 22:27:15.773 DEBUG 8168 --- [    Test worker] org.hibernate.cfg.Settings               : Second-level cache: enabled
2017-09-14 22:27:15.774 DEBUG 8168 --- [    Test worker] org.hibernate.cfg.Settings               : Second-level query cache: disabled
2017-09-14 22:27:15.774 DEBUG 8168 --- [    Test worker] org.hibernate.cfg.Settings               : Second-level query cache factory: org.hibernate.cache.internal.StandardQueryCacheFactory@1d02edb2
2017-09-14 22:27:15.774 DEBUG 8168 --- [    Test worker] org.hibernate.cfg.Settings               : Second-level cache region prefix: null
2017-09-14 22:27:15.774 DEBUG 8168 --- [    Test worker] org.hibernate.cfg.Settings               : Optimize second-level cache for minimal puts: disabled
2017-09-14 22:27:15.774 DEBUG 8168 --- [    Test worker] org.hibernate.cfg.Settings               : Structured second-level cache entries: disabled
2017-09-14 22:27:15.774 DEBUG 8168 --- [    Test worker] org.hibernate.cfg.Settings               : Second-level cache direct-reference entries: disabled
2017-09-14 22:27:15.774 DEBUG 8168 --- [    Test worker] org.hibernate.cfg.Settings               : Automatic eviction of collection cache: disabled
2017-09-14 22:27:15.776 DEBUG 8168 --- [    Test worker] org.hibernate.cfg.Settings               : JDBC batch size: 0
2017-09-14 22:27:15.776 DEBUG 8168 --- [    Test worker] org.hibernate.cfg.Settings               : JDBC batch updates for versioned data: enabled
2017-09-14 22:27:15.776 DEBUG 8168 --- [    Test worker] org.hibernate.cfg.Settings               : Scrollable result sets: disabled
2017-09-14 22:27:15.776 DEBUG 8168 --- [    Test worker] org.hibernate.cfg.Settings               : Wrap result sets: disabled
2017-09-14 22:27:15.776 DEBUG 8168 --- [    Test worker] org.hibernate.cfg.Settings               : JDBC3 getGeneratedKeys(): disabled
2017-09-14 22:27:15.777 DEBUG 8168 --- [    Test worker] org.hibernate.cfg.Settings               : JDBC result set fetch size: null
2017-09-14 22:27:15.777 DEBUG 8168 --- [    Test worker] org.hibernate.cfg.Settings               : Connection release mode: ON_CLOSE
2017-09-14 22:27:15.777 DEBUG 8168 --- [    Test worker] org.hibernate.cfg.Settings               : Generate SQL with comments: enabled
2017-09-14 22:27:15.905 DEBUG 8168 --- [    Test worker] o.hibernate.internal.SessionFactoryImpl  : Returning a Reference to the SessionFactory
2017-09-14 22:27:15.909 DEBUG 8168 --- [    Test worker] o.hibernate.internal.SessionFactoryImpl  : Session factory constructed with filter configurations : {}
2017-09-14 22:27:15.913 DEBUG 8168 --- [    Test worker] o.hibernate.internal.SessionFactoryImpl  : Instantiating session factory with properties: {java.vendor=Oracle Corporation, sun.java.launcher=SUN_STANDARD, sun.management.compiler=HotSpot 64-Bit Tiered Compilers, hibernate.implicit_naming_strategy=org.springframework.boot.orm.jpa.hibernate.SpringImplicitNamingStrategy, os.name=Windows 7, sun.boot.class.path=C:\Program Files\Java\jdk1.8.0_65\jre\lib\resources.jar;C:\Program Files\Java\jdk1.8.0_65\jre\lib\rt.jar;C:\Program Files\Java\jdk1.8.0_65\jre\lib\sunrsasign.jar;C:\Program Files\Java\jdk1.8.0_65\jre\lib\jsse.jar;C:\Program Files\Java\jdk1.8.0_65\jre\lib\jce.jar;C:\Program Files\Java\jdk1.8.0_65\jre\lib\charsets.jar;C:\Program Files\Java\jdk1.8.0_65\jre\lib\jfr.jar;C:\Program Files\Java\jdk1.8.0_65\jre\classes, sun.desktop=windows, java.vm.specification.vendor=Oracle Corporation, java.runtime.version=1.8.0_65-b17, user.name=Doomnyx, javax.persistence.validation.mode=AUTO, user.language=pl, sun.boot.library.path=C:\Program Files\Java\jdk1.8.0_65\jre\bin, PID=8168, java.version=1.8.0_65, user.timezone=Europe/Paris, sun.arch.data.model=64, java.endorsed.dirs=C:\Program Files\Java\jdk1.8.0_65\jre\lib\endorsed, sun.cpu.isalist=amd64, sun.jnu.encoding=Cp1250, file.encoding.pkg=sun.io, file.separator=\, java.specification.name=Java Platform API Specification, hibernate.format_sql=true, java.class.version=52.0, hibernate.type=trace , user.country=PL, java.home=C:\Program Files\Java\jdk1.8.0_65\jre, java.vm.info=mixed mode, os.version=6.1, hibernate.boot.CfgXmlAccessService.key=org.hibernate.boot.cfgxml.spi.LoadedConfig@32d763ad, hibernate.connection.datasource=org.apache.tomcat.jdbc.pool.DataSource@7317c513{ConnectionPool[defaultAutoCommit=null; defaultReadOnly=null; defaultTransactionIsolation=-1; defaultCatalog=null; driverClassName=com.mysql.jdbc.Driver; maxActive=100; maxIdle=100; minIdle=10; initialSize=10; maxWait=30000; testOnBorrow=true; testOnReturn=false; timeBetweenEvictionRunsMillis=5000; numTestsPerEvictionRun=0; minEvictableIdleTimeMillis=60000; testWhileIdle=false; testOnConnect=false; password=********; url=jdbc:mysql://localhost:3306/localDB; username=root; validationQuery=SELECT 1; validationQueryTimeout=-1; validatorClassName=null; validationInterval=3000; accessToUnderlyingConnectionAllowed=true; removeAbandoned=false; removeAbandonedTimeout=60; logAbandoned=false; connectionProperties=null; initSQL=null; jdbcInterceptors=null; jmxEnabled=true; fairQueue=true; useEquals=true; abandonWhenPercentageFull=0; maxAge=0; useLock=false; dataSource=null; dataSourceJNDI=null; suspectTimeout=0; alternateUsernameAllowed=false; commitOnReturn=false; rollbackOnReturn=false; useDisposableConnectionFacade=true; logValidationErrors=false; propagateInterruptState=false; ignoreExceptionOnPreLoad=false; }, path.separator=;, java.vm.version=25.65-b01, org.jboss.logging.provider=slf4j, user.variant=, hibernate.id.new_generator_mappings=false, java.awt.printerjob=sun.awt.windows.WPrinterJob, sun.io.unicode.encoding=UnicodeLittle, awt.toolkit=sun.awt.windows.WToolkit, user.script=, user.home=C:\Users\Doomnyx, java.specification.vendor=Oracle Corporation, hibernate.transaction.coordinator_class=class org.hibernate.resource.transaction.backend.jdbc.internal.JdbcResourceLocalTransactionCoordinatorBuilderImpl, org.gradle.test.worker=1, java.library.path=C:\Program Files\Java\jdk1.8.0_65\bin;C:\Windows\Sun\Java\bin;C:\Windows\system32;C:\Windows;C:\gradle-3.3\bin;C:\Program Files\Java\jdk1.8.0_65\bin;C:\ProgramData\Oracle\Java\javapath;C:\Program Files (x86)\Intel\iCLS Client\;C:\Program Files\Intel\iCLS Client\;C:\Windows\system32;C:\Windows;C:\Windows\System32\Wbem;C:\Windows\System32\WindowsPowerShell\v1.0\;C:\Program Files (x86)\Intel\OpenCL SDK\2.0\bin\x86;C:\Program Files (x86)\Intel\OpenCL SDK\2.0\bin\x64;C:\Program Files (x86)\Intel\OpenCL SDK\2.0\bin\x86;C:\Program Files (x86)\Intel\OpenCL SDK\2.0\bin\x64;C:\Program Files\TortoiseHg\;C:\Program Files (x86)\NVIDIA Corporation\PhysX\Common;C:\Program Files\TortoiseGit\bin;C:\Program Files (x86)\GtkSharp\2.12\bin;C:\Program Files (x86)\MySQL\MySQL Fabric 1.5 & MySQL Utilities 1.5\;C:\Program Files (x86)\MySQL\MySQL Fabric 1.5 & MySQL Utilities 1.5\Doctrine extensions for PHP\;C:\Program Files\Intel\WiFi\bin\;C:\Program Files\Common Files\Intel\WirelessCommon\;C:\Program Files (x86)\Intel\Intel(R) Management Engine Components\DAL;C:\Program Files\Intel\Intel(R) Management Engine Components\DAL;C:\Program Files (x86)\Intel\Intel(R) Management Engine Components\IPT;C:\Program Files\Intel\Intel(R) Management Engine Components\IPT;C:\Program Files\Microsoft SQL Server\120\Tools\Binn\;C:\Program Files\Microsoft SQL Server\130\Tools\Binn\;C:\Program Files\Git\cmd;C:\Program Files\dotnet\;C:\Program Files (x86)\Windows Kits\10\Windows Performance Toolkit\;C:\Program Files (x86)\Skype\Phone\;C:\Program Files\nodejs\;C:\Program Files\Intel\WiFi\bin\;C:\Program Files\Common Files\Intel\WirelessCommon\;C:\Users\Doomnyx\AppData\Roaming\npm;., java.vendor.url=http://java.oracle.com/, spring.beaninfo.ignore=true, java.vm.vendor=Oracle Corporation, hibernate.dialect=org.hibernate.dialect.MySQL5Dialect, hibernate.ejb.persistenceUnitName=default, java.runtime.name=Java(TM) SE Runtime Environment, sun.java.command=worker.org.gradle.process.internal.worker.GradleWorkerMain 'Gradle Test Executor 1', java.class.path=C:\register-master2\build\classes\test;C:\register-master2\build\resources\test;C:\register-master2\build\classes\main;C:\register-master2\build\resources\main;C:\Users\Doomnyx\.gradle\caches\modules-2\files-2.1\org.springframework.boot\spring-boot-starter-web\1.5.1.RELEASE\8404c45cb53a05edcd0ad8fc57a5fe43462263d8\spring-boot-starter-web-1.5.1.RELEASE.jar;C:\Users\Doomnyx\.gradle\caches\modules-2\files-2.1\org.springframework.boot\spring-boot-starter-tomcat\1.5.1.RELEASE\edf030756ec627ad4d9beb6710c3b0da77412782\spring-boot-starter-tomcat-1.5.1.RELEASE.jar;C:\Users\Doomnyx\.gradle\caches\modules-2\files-2.1\org.springframework.boot\spring-boot-starter-security\1.5.4.RELEASE\4b01cda5a55ce8554dfbccd95d8a2a4d64929788\spring-boot-starter-security-1.5.4.RELEASE.jar;C:\Users\Doomnyx\.gradle\caches\modules-2\files-2.1\org.springframework.boot\spring-boot-starter-data-jpa\1.5.4.RELEASE\61bafdbd6d31e67b024c432de34a19b35e46c062\spring-boot-starter-data-jpa-1.5.4.RELEASE.jar;C:\Users\Doomnyx\.gradle\caches\modules-2\files-2.1\org.springframework.boot\spring-boot-starter-actuator\1.5.4.RELEASE\10f526d22f58a32a8c3af26ccb0a6f16f4649935\spring-boot-starter-actuator-1.5.4.RELEASE.jar;C:\Users\Doomnyx\.gradle\caches\modules-2\files-2.1\mysql\mysql-connector-java\5.1.40\ef2a2ceab1735eaaae0b5d1cccf574fb7c6e1c52\mysql-connector-java-5.1.40.jar;C:\Users\Doomnyx\.gradle\caches\modules-2\files-2.1\org.codehaus.jackson\jackson-mapper-asl\1.9.13\1ee2f2bed0e5dd29d1cb155a166e6f8d50bbddb7\jackson-mapper-asl-1.9.13.jar;C:\Users\Doomnyx\.gradle\caches\modules-2\files-2.1\commons-net\commons-net\3.3\cd0d5510908225f76c5fe5a3f1df4fa44866f81e\commons-net-3.3.jar;C:\Users\Doomnyx\.gradle\caches\modules-2\files-2.1\org.springframework.boot\spring-boot-starter-test\1.5.1.RELEASE\952a57bc721054e30691a62c21713d97c27e4285\spring-boot-starter-test-1.5.1.RELEASE.jar;C:\Users\Doomnyx\.gradle\caches\modules-2\files-2.1\com.h2database\h2\1.4.195\b25cc38f12b977694b8c85848e5bbecb2d88fd96\h2-1.4.195.jar;C:\Users\Doomnyx\.gradle\caches\modules-2\files-2.1\org.springframework.boot\spring-boot-starter\1.5.1.RELEASE\5fb187e6a363b9145e3f7f18130ba64e9e22dad8\spring-boot-starter-1.5.1.RELEASE.jar;C:\Users\Doomnyx\.gradle\caches\modules-2\files-2.1\org.hibernate\hibernate-validator\5.3.4.Final\2f6c8c0b646afe18e3ad205726729d3c4a85fe2e\hibernate-validator-5.3.4.Final.jar;C:\Users\Doomnyx\.gradle\caches\modules-2\files-2.1\com.fasterxml.jackson.core\jackson-databind\2.8.6\c43de61f74ecc61322ef8f402837ba65b0aa2bf4\jackson-databind-2.8.6.jar;C:\Users\Doomnyx\.gradle\caches\modules-2\files-2.1\org.springframework\spring-web\4.3.6.RELEASE\8b8bf8fc6ed4acd5ae0baa6179f1cccc52aaa9aa\spring-web-4.3.6.RELEASE.jar;C:\Users\Doomnyx\.gradle\caches\modules-2\files-2.1\org.springframework\spring-webmvc\4.3.6.RELEASE\ea55690d6d61ad70e2569db1e1add1603e427862\spring-webmvc-4.3.6.RELEASE.jar;C:\Users\Doomnyx\.gradle\caches\modules-2\files-2.1\org.apache.tomcat.embed\tomcat-embed-core\8.5.11\72761f51fc7cef3ee19d4aafc7adc605df9f611f\tomcat-embed-core-8.5.11.jar;C:\Users\Doomnyx\.gradle\caches\modules-2\files-2.1\org.apache.tomcat.embed\tomcat-embed-el\8.5.11\60253815b897166903bf5ec41219c5bb15333a69\tomcat-embed-el-8.5.11.jar;C:\Users\Doomnyx\.gradle\caches\modules-2\files-2.1\org.apache.tomcat.embed\tomcat-embed-websocket\8.5.11\dfa65e7857d46630761c0571758a56f7cbd1e9ba\tomcat-embed-websocket-8.5.11.jar;C:\Users\Doomnyx\.gradle\caches\modules-2\files-2.1\org.springframework\spring-aop\4.3.6.RELEASE\d70b2393d380cd468d9a14969efaf9022c67c0\spring-aop-4.3.6.RELEASE.jar;C:\Users\Doomnyx\.gradle\caches\modules-2\files-2.1\org.springframework.security\spring-security-config\4.2.1.RELEASE\fe8b195415728d8c380531531ce0da5b40bd547f\spring-security-config-4.2.1.RELEASE.jar;C:\Users\Doomnyx\.gradle\caches\modules-2\files-2.1\org.springframework.security\spring-security-web\4.2.1.RELEASE\31a526327f419664fe27455d5b2538a1b4aa5dee\spring-security-web-4.2.1.RELEASE.jar;C:\Users\Doomnyx\.gradle\caches\modules-2\files-2.1\org.springframework.boot\spring-boot-starter-aop\1.5.1.RELEASE\c03e2abaa0dc45a64f2a71dd0e6db940ef326dd5\spring-boot-starter-aop-1.5.1.RELEASE.jar;C:\Users\Doomnyx\.gradle\caches\modules-2\files-2.1\org.springframework.boot\spring-boot-starter-jdbc\1.5.1.RELEASE\92022d685035a0b043ce581870fceac7156f427d\spring-boot-starter-jdbc-1.5.1.RELEASE.jar;C:\Users\Doomnyx\.gradle\caches\modules-2\files-2.1\org.hibernate\hibernate-core\5.0.11.Final\c2487fb72a2217a7cec9ab478d4c21a36fc09977\hibernate-core-5.0.11.Final.jar;C:\Users\Doomnyx\.gradle\caches\modules-2\files-2.1\org.hibernate\hibernate-entitymanager\5.0.11.Final\549565caed4e0bcb816843693e66ff7b04ce025f\hibernate-entitymanager-5.0.11.Final.jar;C:\Users\Doomnyx\.gradle\caches\modules-2\files-2.1\javax.transaction\javax.transaction-api\1.2\d81aff979d603edd90dcd8db2abc1f4ce6479e3e\javax.transaction-api-1.2.jar;C:\Users\Doomnyx\.gradle\caches\modules-2\files-2.1\org.springframework.data\spring-data-jpa\1.11.0.RELEASE\a4c55e3492e511fb1fa956fdefc4aff7904bb799\spring-data-jpa-1.11.0.RELEASE.jar;C:\Users\Doomnyx\.gradle\caches\modules-2\files-2.1\org.springframework\spring-aspects\4.3.6.RELEASE\f89e7d952f8981ee616ac5e680d020ae7c52c068\spring-aspects-4.3.6.RELEASE.jar;C:\Users\Doomnyx\.gradle\caches\modules-2\files-2.1\org.springframework.boot\spring-boot-actuator\1.5.1.RELEASE\bf228e8d8b732d7a0a107cd2c68d786cc4fbb4a1\spring-boot-actuator-1.5.1.RELEASE.jar;C:\Users\Doomnyx\.gradle\caches\modules-2\files-2.1\org.codehaus.jackson\jackson-core-asl\1.9.13\3c304d70f42f832e0a86d45bd437f692129299a4\jackson-core-asl-1.9.13.jar;C:\Users\Doomnyx\.gradle\caches\modules-2\files-2.1\org.springframework.boot\spring-boot-test\1.5.1.RELEASE\c88cf507cea6ceb4d7850d4a5149a29a87b78194\spring-boot-test-1.5.1.RELEASE.jar;C:\Users\Doomnyx\.gradle\caches\modules-2\files-2.1\org.springframework.boot\spring-boot-test-autoconfigure\1.5.1.RELEASE\dfde47412acedab21af1108cc71c3e91fff6c49d\spring-boot-test-autoconfigure-1.5.1.RELEASE.jar;C:\Users\Doomnyx\.gradle\caches\modules-2\files-2.1\com.jayway.jsonpath\json-path\2.2.0\22290d17944bd239fabf5ac69005a60a7ecbbbcb\json-path-2.2.0.jar;C:\Users\Doomnyx\.gradle\caches\modules-2\files-2.1\junit\junit\4.12\2973d150c0dc1fefe998f834810d68f278ea58ec\junit-4.12.jar;C:\Users\Doomnyx\.gradle\caches\modules-2\files-2.1\org.assertj\assertj-core\2.6.0\b532c3fc4f66bcfee4989a3514f1cd56203a33ad\assertj-core-2.6.0.jar;C:\Users\Doomnyx\.gradle\caches\modules-2\files-2.1\org.mockito\mockito-core\1.10.19\e8546f5bef4e061d8dd73895b4e8f40e3fe6effe\mockito-core-1.10.19.jar;C:\Users\Doomnyx\.gradle\caches\modules-2\files-2.1\org.hamcrest\hamcrest-core\1.3\42a25dc3219429f0e5d060061f71acb49bf010a0\hamcrest-core-1.3.jar;C:\Users\Doomnyx\.gradle\caches\modules-2\files-2.1\org.hamcrest\hamcrest-library\1.3\4785a3c21320980282f9f33d0d1264a69040538f\hamcrest-library-1.3.jar;C:\Users\Doomnyx\.gradle\caches\modules-2\files-2.1\org.skyscreamer\jsonassert\1.4.0\9cdbb373a06f6513e51e8c545ee6a5e981463edb\jsonassert-1.4.0.jar;C:\Users\Doomnyx\.gradle\caches\modules-2\files-2.1\org.springframework\spring-core\4.3.6.RELEASE\690da099c3c2d2536210f0fd06ff3f336de43ad9\spring-core-4.3.6.RELEASE.jar;C:\Users\Doomnyx\.gradle\caches\modules-2\files-2.1\org.springframework\spring-test\4.3.6.RELEASE\233edfdbe5f895cd6585001ef30122e5604442b4\spring-test-4.3.6.RELEASE.jar;C:\Users\Doomnyx\.gradle\caches\modules-2\files-2.1\org.springframework.boot\spring-boot\1.5.1.RELEASE\670ebd283098aa2d8a397af84fbe6ea152a4d8fa\spring-boot-1.5.1.RELEASE.jar;C:\Users\Doomnyx\.gradle\caches\modules-2\files-2.1\org.springframework.boot\spring-boot-autoconfigure\1.5.1.RELEASE\251d960da2d5adfd55cf0281fcdfa69ab525a36d\spring-boot-autoconfigure-1.5.1.RELEASE.jar;C:\Users\Doomnyx\.gradle\caches\modules-2\files-2.1\org.springframework.boot\spring-boot-starter-logging\1.5.1.RELEASE\889d35cc87daa453a823056798a4039cd321952a\spring-boot-starter-logging-1.5.1.RELEASE.jar;C:\Users\Doomnyx\.gradle\caches\modules-2\files-2.1\org.yaml\snakeyaml\1.17\7a27ea250c5130b2922b86dea63cbb1cc10a660c\snakeyaml-1.17.jar;C:\Users\Doomnyx\.gradle\caches\modules-2\files-2.1\javax.validation\validation-api\1.1.0.Final\8613ae82954779d518631e05daa73a6a954817d5\validation-api-1.1.0.Final.jar;C:\Users\Doomnyx\.gradle\caches\modules-2\files-2.1\org.jboss.logging\jboss-logging\3.3.0.Final\3616bb87707910296e2c195dc016287080bba5af\jboss-logging-3.3.0.Final.jar;C:\Users\Doomnyx\.gradle\caches\modules-2\files-2.1\com.fasterxml\classmate\1.3.3\864c8e370a691e343210cc7c532fc198cee460d8\classmate-1.3.3.jar;C:\Users\Doomnyx\.gradle\caches\modules-2\files-2.1\com.fasterxml.jackson.core\jackson-annotations\2.8.0\45b426f7796b741035581a176744d91090e2e6fb\jackson-annotations-2.8.0.jar;C:\Users\Doomnyx\.gradle\caches\modules-2\files-2.1\com.fasterxml.jackson.core\jackson-core\2.8.6\2ef7b1cc34de149600f5e75bc2d5bf40de894e60\jackson-core-2.8.6.jar;C:\Users\Doomnyx\.gradle\caches\modules-2\files-2.1\org.springframework\spring-beans\4.3.6.RELEASE\1585715ed598b76a23dac931c27aa039b189eafb\spring-beans-4.3.6.RELEASE.jar;C:\Users\Doomnyx\.gradle\caches\modules-2\files-2.1\org.springframework\spring-context\4.3.6.RELEASE\5f3041020113e3202a7ae9defe36e7b5d2fb87eb\spring-context-4.3.6.RELEASE.jar;C:\Users\Doomnyx\.gradle\caches\modules-2\files-2.1\org.springframework\spring-expression\4.3.6.RELEASE\13b53568cfd7b308e70efcbac6cdd0c5d597ba1\spring-expression-4.3.6.RELEASE.jar;C:\Users\Doomnyx\.gradle\caches\modules-2\files-2.1\org.springframework.security\spring-security-core\4.2.1.RELEASE\4e8ae0eb3218e1cacc3d7bd2eb41929799340618\spring-security-core-4.2.1.RELEASE.jar;C:\Users\Doomnyx\.gradle\caches\modules-2\files-2.1\org.aspectj\aspectjweaver\1.8.9\db28774f477f07220eac18d5ec9c4e01f48589d7\aspectjweaver-1.8.9.jar;C:\Users\Doomnyx\.gradle\caches\modules-2\files-2.1\org.apache.tomcat\tomcat-jdbc\8.5.11\4d156969f12963b5f9232e9fe68ab710c3318ad5\tomcat-jdbc-8.5.11.jar;C:\Users\Doomnyx\.gradle\caches\modules-2\files-2.1\org.springframework\spring-jdbc\4.3.6.RELEASE\6b7855cfbc636dff3d902f4f335fc69e7309d55c\spring-jdbc-4.3.6.RELEASE.jar;C:\Users\Doomnyx\.gradle\caches\modules-2\files-2.1\org.hibernate.javax.persistence\hibernate-jpa-2.1-api\1.0.0.Final\5e731d961297e5a07290bfaf3db1fbc8bbbf405a\hibernate-jpa-2.1-api-1.0.0.Final.jar;C:\Users\Doomnyx\.gradle\caches\modules-2\files-2.1\org.javassist\javassist\3.21.0-GA\598244f595db5c5fb713731eddbb1c91a58d959b\javassist-3.21.0-GA.jar;C:\Users\Doomnyx\.gradle\caches\modules-2\files-2.1\antlr\antlr\2.7.7\83cd2cd674a217ade95a4bb83a8a14f351f48bd0\antlr-2.7.7.jar;C:\Users\Doomnyx\.gradle\caches\modules-2\files-2.1\org.jboss\jandex\2.0.0.Final\3e899258936f94649c777193e1be846387ed54b3\jandex-2.0.0.Final.jar;C:\Users\Doomnyx\.gradle\caches\modules-2\files-2.1\dom4j\dom4j\1.6.1\5d3ccc056b6f056dbf0dddfdf43894b9065a8f94\dom4j-1.6.1.jar;C:\Users\Doomnyx\.gradle\caches\modules-2\files-2.1\org.hibernate.common\hibernate-commons-annotations\5.0.1.Final\71e1cff3fcb20d3b3af4f3363c3ddb24d33c6879\hibernate-commons-annotations-5.0.1.Final.jar;C:\Users\Doomnyx\.gradle\caches\modules-2\files-2.1\org.springframework.data\spring-data-commons\1.13.0.RELEASE\4472200cf3fca46e12612e548c4a52a531edf10b\spring-data-commons-1.13.0.RELEASE.jar;C:\Users\Doomnyx\.gradle\caches\modules-2\files-2.1\org.springframework\spring-orm\4.3.6.RELEASE\16792e74cc27a032f2ac974972ec0d4ccb9bf18e\spring-orm-4.3.6.RELEASE.jar;C:\Users\Doomnyx\.gradle\caches\modules-2\files-2.1\org.springframework\spring-tx\4.3.6.RELEASE\41b8d5a15a8fcdfef9b2422ea2d97df326b6074b\spring-tx-4.3.6.RELEASE.jar;C:\Users\Doomnyx\.gradle\caches\modules-2\files-2.1\org.slf4j\slf4j-api\1.7.22\a1c83373863cec7ae8d89dc1c5722d8cb6ec0309\slf4j-api-1.7.22.jar;C:\Users\Doomnyx\.gradle\caches\modules-2\files-2.1\org.slf4j\jcl-over-slf4j\1.7.22\86ceac14535af5a42c8fb0d06d79b925dd3cb263\jcl-over-slf4j-1.7.22.jar;C:\Users\Doomnyx\.gradle\caches\modules-2\files-2.1\net.minidev\json-smart\2.2.1\5b9e5df7a62d1279b70dc882b041d249c4f0b002\json-smart-2.2.1.jar;C:\Users\Doomnyx\.gradle\caches\modules-2\files-2.1\org.objenesis\objenesis\2.1\87c0ea803b69252868d09308b4618f766f135a96\objenesis-2.1.jar;C:\Users\Doomnyx\.gradle\caches\modules-2\files-2.1\com.vaadin.external.google\android-json\0.0.20131108.vaadin1\fa26d351fe62a6a17f5cda1287c1c6110dec413f\android-json-0.0.20131108.vaadin1.jar;C:\Users\Doomnyx\.gradle\caches\modules-2\files-2.1\ch.qos.logback\logback-classic\1.1.9\978cd9fbb43b7abed6379d7b02de052d216e30fc\logback-classic-1.1.9.jar;C:\Users\Doomnyx\.gradle\caches\modules-2\files-2.1\org.slf4j\jul-to-slf4j\1.7.22\b0429e950b3d2bc2c39c1bacafac753edbe3781c\jul-to-slf4j-1.7.22.jar;C:\Users\Doomnyx\.gradle\caches\modules-2\files-2.1\org.slf4j\log4j-over-slf4j\1.7.22\a527c37e9ca6c3d19ba298edd4aa344ca751a203\log4j-over-slf4j-1.7.22.jar;C:\Users\Doomnyx\.gradle\caches\modules-2\files-2.1\org.apache.tomcat\tomcat-juli\8.5.11\fa0b261ce002175b65ebb6ae8eb4345cb7e57da3\tomcat-juli-8.5.11.jar;C:\Users\Doomnyx\.gradle\caches\modules-2\files-2.1\net.minidev\accessors-smart\1.1\a527213f2fea112a04c9bdf0ec0264e34104cd08\accessors-smart-1.1.jar;C:\Users\Doomnyx\.gradle\caches\modules-2\files-2.1\ch.qos.logback\logback-core\1.1.9\e05d0cb67220937c32d7b4e5a47f967605376f63\logback-core-1.1.9.jar;C:\Users\Doomnyx\.gradle\caches\modules-2\files-2.1\org.ow2.asm\asm\5.0.3\dcc2193db20e19e1feca8b1240dbbc4e190824fa\asm-5.0.3.jar, hibernate.bytecode.use_reflection_optimizer=false, java.vm.specification.name=Java Virtual Machine Specification, java.vm.specification.version=1.8, sun.cpu.endian=little, sun.os.patch.level=Service Pack 1, java.awt.headless=true, java.io.tmpdir=C:\Users\Doomnyx\AppData\Local\Temp\, java.vendor.url.bug=http://bugreport.sun.com/bugreport/, javax.persistence.sharedCache.mode=UNSPECIFIED, os.arch=amd64, java.awt.graphicsenv=sun.awt.Win32GraphicsEnvironment, hibernate.physical_naming_strategy=org.hibernate.boot.model.naming.PhysicalNamingStrategyStandardImpl, java.ext.dirs=C:\Program Files\Java\jdk1.8.0_65\jre\lib\ext;C:\Windows\Sun\Java\lib\ext, hibernate.use_sql_comments=true, user.dir=C:\register-master2, line.separator=
, java.vm.name=Java HotSpot(TM) 64-Bit Server VM, hibernate.transaction.jta.platform=org.hibernate.engine.transaction.jta.platform.internal.NoJtaPlatform@568887e, file.encoding=windows-1250, java.specification.version=1.8, hibernate.show_sql=true}
2017-09-14 22:27:15.963 DEBUG 8168 --- [    Test worker] o.h.v.i.e.r.DefaultTraversableResolver   : Found javax.persistence.Persistence on classpath containing 'getPersistenceUtil'. Assuming JPA 2 environment. Trying to instantiate JPA aware TraversableResolver
2017-09-14 22:27:15.964 DEBUG 8168 --- [    Test worker] o.h.v.i.e.r.DefaultTraversableResolver   : Instantiated JPA aware TraversableResolver of type org.hibernate.validator.internal.engine.resolver.JPATraversableResolver.
2017-09-14 22:27:15.964 DEBUG 8168 --- [    Test worker] o.h.v.internal.xml.ValidationXmlParser   : Trying to load META-INF/validation.xml for XML based Validator configuration.
2017-09-14 22:27:15.964 DEBUG 8168 --- [    Test worker] o.h.v.internal.xml.ResourceLoaderHelper  : Trying to load META-INF/validation.xml via TCCL
2017-09-14 22:27:15.965 DEBUG 8168 --- [    Test worker] o.h.v.internal.xml.ResourceLoaderHelper  : Trying to load META-INF/validation.xml via Hibernate Validator's class loader
2017-09-14 22:27:15.966 DEBUG 8168 --- [    Test worker] o.h.v.internal.xml.ValidationXmlParser   : No META-INF/validation.xml found. Using annotation based configuration only.
2017-09-14 22:27:15.975 DEBUG 8168 --- [    Test worker] o.h.boot.internal.ClassLoaderAccessImpl  : Not known whether passed class name [pl.drat.dominik.dao.entity.Schedule] is safe
2017-09-14 22:27:15.976 DEBUG 8168 --- [    Test worker] o.h.boot.internal.ClassLoaderAccessImpl  : No temp ClassLoader provided; using live ClassLoader for loading potentially unsafe class : pl.drat.dominik.dao.entity.Schedule
2017-09-14 22:27:16.003 DEBUG 8168 --- [    Test worker] o.h.boot.internal.ClassLoaderAccessImpl  : Not known whether passed class name [pl.drat.dominik.dao.entity.PresenceWindow] is safe
2017-09-14 22:27:16.005 DEBUG 8168 --- [    Test worker] o.h.boot.internal.ClassLoaderAccessImpl  : No temp ClassLoader provided; using live ClassLoader for loading potentially unsafe class : pl.drat.dominik.dao.entity.PresenceWindow
2017-09-14 22:27:16.011 DEBUG 8168 --- [    Test worker] o.h.boot.internal.ClassLoaderAccessImpl  : Not known whether passed class name [pl.drat.dominik.dao.entity.Subject] is safe
2017-09-14 22:27:16.012 DEBUG 8168 --- [    Test worker] o.h.boot.internal.ClassLoaderAccessImpl  : No temp ClassLoader provided; using live ClassLoader for loading potentially unsafe class : pl.drat.dominik.dao.entity.Subject
2017-09-14 22:27:16.020 DEBUG 8168 --- [    Test worker] o.h.boot.internal.ClassLoaderAccessImpl  : Not known whether passed class name [pl.drat.dominik.dao.entity.User] is safe
2017-09-14 22:27:16.021 DEBUG 8168 --- [    Test worker] o.h.boot.internal.ClassLoaderAccessImpl  : No temp ClassLoader provided; using live ClassLoader for loading potentially unsafe class : pl.drat.dominik.dao.entity.User
2017-09-14 22:27:16.029 DEBUG 8168 --- [    Test worker] o.h.boot.internal.ClassLoaderAccessImpl  : Not known whether passed class name [pl.drat.dominik.dao.entity.SubjectUser] is safe
2017-09-14 22:27:16.030 DEBUG 8168 --- [    Test worker] o.h.boot.internal.ClassLoaderAccessImpl  : No temp ClassLoader provided; using live ClassLoader for loading potentially unsafe class : pl.drat.dominik.dao.entity.SubjectUser
2017-09-14 22:27:16.035 DEBUG 8168 --- [    Test worker] o.h.boot.internal.ClassLoaderAccessImpl  : Not known whether passed class name [pl.drat.dominik.dao.entity.Presence] is safe
2017-09-14 22:27:16.035 DEBUG 8168 --- [    Test worker] o.h.boot.internal.ClassLoaderAccessImpl  : No temp ClassLoader provided; using live ClassLoader for loading potentially unsafe class : pl.drat.dominik.dao.entity.Presence
2017-09-14 22:27:16.041 DEBUG 8168 --- [    Test worker] o.h.boot.internal.ClassLoaderAccessImpl  : Not known whether passed class name [pl.drat.dominik.dao.entity.Role] is safe
2017-09-14 22:27:16.042 DEBUG 8168 --- [    Test worker] o.h.boot.internal.ClassLoaderAccessImpl  : No temp ClassLoader provided; using live ClassLoader for loading potentially unsafe class : pl.drat.dominik.dao.entity.Role
2017-09-14 22:27:16.052 DEBUG 8168 --- [    Test worker] org.hibernate.secure.spi.JaccIntegrator  : Skipping JACC integration as it was not enabled
2017-09-14 22:27:16.053 DEBUG 8168 --- [    Test worker] org.hibernate.engine.spi.CascadeStyles   : External cascade style regsitration [persist : STYLE_PERSIST_SKIPLAZY] overrode base registration [STYLE_PERSIST]
2017-09-14 22:27:16.157 DEBUG 8168 --- [    Test worker] o.h.boot.internal.ClassLoaderAccessImpl  : Not known whether passed class name [pl.drat.dominik.dao.entity.Schedule] is safe
2017-09-14 22:27:16.157 DEBUG 8168 --- [    Test worker] o.h.boot.internal.ClassLoaderAccessImpl  : No temp ClassLoader provided; using live ClassLoader for loading potentially unsafe class : pl.drat.dominik.dao.entity.Schedule
2017-09-14 22:27:16.179 DEBUG 8168 --- [    Test worker] o.h.boot.internal.ClassLoaderAccessImpl  : Not known whether passed class name [pl.drat.dominik.dao.entity.Schedule] is safe
2017-09-14 22:27:16.179 DEBUG 8168 --- [    Test worker] o.h.boot.internal.ClassLoaderAccessImpl  : No temp ClassLoader provided; using live ClassLoader for loading potentially unsafe class : pl.drat.dominik.dao.entity.Schedule
2017-09-14 22:27:16.287 DEBUG 8168 --- [    Test worker] o.h.boot.internal.ClassLoaderAccessImpl  : Not known whether passed class name [pl.drat.dominik.dao.entity.PresenceWindow] is safe
2017-09-14 22:27:16.288 DEBUG 8168 --- [    Test worker] o.h.boot.internal.ClassLoaderAccessImpl  : No temp ClassLoader provided; using live ClassLoader for loading potentially unsafe class : pl.drat.dominik.dao.entity.PresenceWindow
2017-09-14 22:27:16.288 DEBUG 8168 --- [    Test worker] o.h.boot.internal.ClassLoaderAccessImpl  : Not known whether passed class name [pl.drat.dominik.dao.entity.PresenceWindow] is safe
2017-09-14 22:27:16.288 DEBUG 8168 --- [    Test worker] o.h.boot.internal.ClassLoaderAccessImpl  : No temp ClassLoader provided; using live ClassLoader for loading potentially unsafe class : pl.drat.dominik.dao.entity.PresenceWindow
2017-09-14 22:27:16.296 DEBUG 8168 --- [    Test worker] o.h.boot.internal.ClassLoaderAccessImpl  : Not known whether passed class name [pl.drat.dominik.dao.entity.Subject] is safe
2017-09-14 22:27:16.296 DEBUG 8168 --- [    Test worker] o.h.boot.internal.ClassLoaderAccessImpl  : No temp ClassLoader provided; using live ClassLoader for loading potentially unsafe class : pl.drat.dominik.dao.entity.Subject
2017-09-14 22:27:16.300 DEBUG 8168 --- [    Test worker] o.h.boot.internal.ClassLoaderAccessImpl  : Not known whether passed class name [pl.drat.dominik.dao.entity.Subject] is safe
2017-09-14 22:27:16.301 DEBUG 8168 --- [    Test worker] o.h.boot.internal.ClassLoaderAccessImpl  : No temp ClassLoader provided; using live ClassLoader for loading potentially unsafe class : pl.drat.dominik.dao.entity.Subject
2017-09-14 22:27:16.315 DEBUG 8168 --- [    Test worker] o.h.boot.internal.ClassLoaderAccessImpl  : Not known whether passed class name [pl.drat.dominik.dao.entity.User] is safe
2017-09-14 22:27:16.315 DEBUG 8168 --- [    Test worker] o.h.boot.internal.ClassLoaderAccessImpl  : No temp ClassLoader provided; using live ClassLoader for loading potentially unsafe class : pl.drat.dominik.dao.entity.User
2017-09-14 22:27:16.316 DEBUG 8168 --- [    Test worker] o.h.boot.internal.ClassLoaderAccessImpl  : Not known whether passed class name [pl.drat.dominik.dao.entity.User] is safe
2017-09-14 22:27:16.316 DEBUG 8168 --- [    Test worker] o.h.boot.internal.ClassLoaderAccessImpl  : No temp ClassLoader provided; using live ClassLoader for loading potentially unsafe class : pl.drat.dominik.dao.entity.User
2017-09-14 22:27:16.333 DEBUG 8168 --- [    Test worker] o.h.boot.internal.ClassLoaderAccessImpl  : Not known whether passed class name [pl.drat.dominik.dao.entity.SubjectUser] is safe
2017-09-14 22:27:16.333 DEBUG 8168 --- [    Test worker] o.h.boot.internal.ClassLoaderAccessImpl  : No temp ClassLoader provided; using live ClassLoader for loading potentially unsafe class : pl.drat.dominik.dao.entity.SubjectUser
2017-09-14 22:27:16.347 DEBUG 8168 --- [    Test worker] o.h.boot.internal.ClassLoaderAccessImpl  : Not known whether passed class name [pl.drat.dominik.dao.entity.Presence] is safe
2017-09-14 22:27:16.348 DEBUG 8168 --- [    Test worker] o.h.boot.internal.ClassLoaderAccessImpl  : No temp ClassLoader provided; using live ClassLoader for loading potentially unsafe class : pl.drat.dominik.dao.entity.Presence
2017-09-14 22:27:16.349 DEBUG 8168 --- [    Test worker] o.h.boot.internal.ClassLoaderAccessImpl  : Not known whether passed class name [pl.drat.dominik.dao.entity.Presence] is safe
2017-09-14 22:27:16.349 DEBUG 8168 --- [    Test worker] o.h.boot.internal.ClassLoaderAccessImpl  : No temp ClassLoader provided; using live ClassLoader for loading potentially unsafe class : pl.drat.dominik.dao.entity.Presence
2017-09-14 22:27:16.357 DEBUG 8168 --- [    Test worker] o.h.boot.internal.ClassLoaderAccessImpl  : Not known whether passed class name [pl.drat.dominik.dao.entity.Role] is safe
2017-09-14 22:27:16.357 DEBUG 8168 --- [    Test worker] o.h.boot.internal.ClassLoaderAccessImpl  : No temp ClassLoader provided; using live ClassLoader for loading potentially unsafe class : pl.drat.dominik.dao.entity.Role
2017-09-14 22:27:16.358 DEBUG 8168 --- [    Test worker] o.h.boot.internal.ClassLoaderAccessImpl  : Not known whether passed class name [pl.drat.dominik.dao.entity.Role] is safe
2017-09-14 22:27:16.358 DEBUG 8168 --- [    Test worker] o.h.boot.internal.ClassLoaderAccessImpl  : No temp ClassLoader provided; using live ClassLoader for loading potentially unsafe class : pl.drat.dominik.dao.entity.Role
2017-09-14 22:27:16.400 DEBUG 8168 --- [    Test worker] o.h.p.c.AbstractCollectionPersister      : Static SQL for collection: pl.drat.dominik.dao.entity.Subject.schedules
2017-09-14 22:27:16.401 DEBUG 8168 --- [    Test worker] o.h.p.c.AbstractCollectionPersister      :  Row insert: /* create one-to-many row pl.drat.dominik.dao.entity.Subject.schedules */ update schedule set subject_id=? where id=?
2017-09-14 22:27:16.401 DEBUG 8168 --- [    Test worker] o.h.p.c.AbstractCollectionPersister      :  Row update: update schedule set  where id=?
2017-09-14 22:27:16.401 DEBUG 8168 --- [    Test worker] o.h.p.c.AbstractCollectionPersister      :  Row delete: /* delete one-to-many row pl.drat.dominik.dao.entity.Subject.schedules */ update schedule set subject_id=null where subject_id=? and id=?
2017-09-14 22:27:16.402 DEBUG 8168 --- [    Test worker] o.h.p.c.AbstractCollectionPersister      :  One-shot delete: /* delete one-to-many pl.drat.dominik.dao.entity.Subject.schedules */ update schedule set subject_id=null where subject_id=?
2017-09-14 22:27:16.414 DEBUG 8168 --- [    Test worker] o.h.p.c.AbstractCollectionPersister      : Static SQL for collection: pl.drat.dominik.dao.entity.Subject.users
2017-09-14 22:27:16.415 DEBUG 8168 --- [    Test worker] o.h.p.c.AbstractCollectionPersister      :  Row insert: /* insert collection row pl.drat.dominik.dao.entity.Subject.users */ insert into subject_user (subject_id, user_id) values (?, ?)
2017-09-14 22:27:16.417 DEBUG 8168 --- [    Test worker] o.h.p.c.AbstractCollectionPersister      :  Row update: /* update collection row pl.drat.dominik.dao.entity.Subject.users */ update subject_user set user_id=? where subject_id=? and user_id=?
2017-09-14 22:27:16.420 DEBUG 8168 --- [    Test worker] o.h.p.c.AbstractCollectionPersister      :  Row delete: /* delete collection row pl.drat.dominik.dao.entity.Subject.users */ delete from subject_user where subject_id=? and user_id=?
2017-09-14 22:27:16.421 DEBUG 8168 --- [    Test worker] o.h.p.c.AbstractCollectionPersister      :  One-shot delete: /* delete collection pl.drat.dominik.dao.entity.Subject.users */ delete from subject_user where subject_id=?
2017-09-14 22:27:16.421 DEBUG 8168 --- [    Test worker] o.h.p.c.AbstractCollectionPersister      : Static SQL for collection: pl.drat.dominik.dao.entity.User.subjects
2017-09-14 22:27:16.429 DEBUG 8168 --- [    Test worker] o.h.p.c.AbstractCollectionPersister      :  Row insert: /* insert collection row pl.drat.dominik.dao.entity.User.subjects */ insert into subject_user (user_id, subject_id) values (?, ?)
2017-09-14 22:27:16.429 DEBUG 8168 --- [    Test worker] o.h.p.c.AbstractCollectionPersister      :  Row update: /* update collection row pl.drat.dominik.dao.entity.User.subjects */ update subject_user set subject_id=? where user_id=? and subject_id=?
2017-09-14 22:27:16.429 DEBUG 8168 --- [    Test worker] o.h.p.c.AbstractCollectionPersister      :  Row delete: /* delete collection row pl.drat.dominik.dao.entity.User.subjects */ delete from subject_user where user_id=? and subject_id=?
2017-09-14 22:27:16.429 DEBUG 8168 --- [    Test worker] o.h.p.c.AbstractCollectionPersister      :  One-shot delete: /* delete collection pl.drat.dominik.dao.entity.User.subjects */ delete from subject_user where user_id=?
2017-09-14 22:27:16.444 DEBUG 8168 --- [    Test worker] o.h.p.entity.AbstractEntityPersister     : Static SQL for entity: pl.drat.dominik.dao.entity.Schedule
2017-09-14 22:27:16.445 DEBUG 8168 --- [    Test worker] o.h.p.entity.AbstractEntityPersister     :  Version select: /* get version pl.drat.dominik.dao.entity.Schedule */ select id from schedule where id =?
2017-09-14 22:27:16.446 DEBUG 8168 --- [    Test worker] o.h.p.entity.AbstractEntityPersister     :  Snapshot select: /* get current state pl.drat.dominik.dao.entity.Schedule */ select schedule_.id, schedule_.date as date2_2_, schedule_.subject_id as subject_3_2_ from schedule schedule_ where schedule_.id=?
2017-09-14 22:27:16.446 DEBUG 8168 --- [    Test worker] o.h.p.entity.AbstractEntityPersister     :  Insert 0: /* insert pl.drat.dominik.dao.entity.Schedule */ insert into schedule (date, subject_id, id) values (?, ?, ?)
2017-09-14 22:27:16.446 DEBUG 8168 --- [    Test worker] o.h.p.entity.AbstractEntityPersister     :  Update 0: /* update pl.drat.dominik.dao.entity.Schedule */ update schedule set date=?, subject_id=? where id=?
2017-09-14 22:27:16.447 DEBUG 8168 --- [    Test worker] o.h.p.entity.AbstractEntityPersister     :  Delete 0: /* delete pl.drat.dominik.dao.entity.Schedule */ delete from schedule where id=?
2017-09-14 22:27:16.447 DEBUG 8168 --- [    Test worker] o.h.p.entity.AbstractEntityPersister     :  Identity insert: /* insert pl.drat.dominik.dao.entity.Schedule */ insert into schedule (date, subject_id) values (?, ?)
2017-09-14 22:27:16.524 DEBUG 8168 --- [    Test worker] o.h.l.p.b.i.spaces.QuerySpacesImpl       : Adding QuerySpace : uid = <gen:0> -> org.hibernate.loader.plan.build.internal.spaces.EntityQuerySpaceImpl@5a30c026]
2017-09-14 22:27:16.526 DEBUG 8168 --- [    Test worker] o.h.p.walking.spi.MetamodelGraphWalker   : Visiting attribute path : date
2017-09-14 22:27:16.527 DEBUG 8168 --- [    Test worker] o.h.p.walking.spi.MetamodelGraphWalker   : Visiting attribute path : subject
2017-09-14 22:27:16.537 DEBUG 8168 --- [    Test worker] o.h.l.p.b.i.spaces.QuerySpacesImpl       : Adding QuerySpace : uid = <gen:1> -> org.hibernate.loader.plan.build.internal.spaces.EntityQuerySpaceImpl@b31cee]
2017-09-14 22:27:16.540 DEBUG 8168 --- [    Test worker] o.h.p.walking.spi.MetamodelGraphWalker   : Visiting attribute path : subject.name
2017-09-14 22:27:16.541 DEBUG 8168 --- [    Test worker] o.h.p.walking.spi.MetamodelGraphWalker   : Visiting attribute path : subject.schedules
2017-09-14 22:27:16.541 DEBUG 8168 --- [    Test worker] o.h.p.walking.spi.MetamodelGraphWalker   : Property path deemed to be circular : subject.schedules
2017-09-14 22:27:16.542 DEBUG 8168 --- [    Test worker] o.h.p.walking.spi.MetamodelGraphWalker   : Visiting attribute path : subject.semester
2017-09-14 22:27:16.542 DEBUG 8168 --- [    Test worker] o.h.p.walking.spi.MetamodelGraphWalker   : Visiting attribute path : subject.users
2017-09-14 22:27:16.544 DEBUG 8168 --- [    Test worker] o.h.l.p.b.i.spaces.QuerySpacesImpl       : Adding QuerySpace : uid = <gen:2> -> org.hibernate.loader.plan.build.internal.spaces.CollectionQuerySpaceImpl@66520906]
2017-09-14 22:27:16.548 DEBUG 8168 --- [    Test worker] o.h.l.p.b.i.spaces.QuerySpacesImpl       : Adding QuerySpace : uid = <gen:3> -> org.hibernate.loader.plan.build.internal.spaces.EntityQuerySpaceImpl@17fd587e]
2017-09-14 22:27:16.549 DEBUG 8168 --- [    Test worker] o.h.p.walking.spi.MetamodelGraphWalker   : Visiting attribute path : subject.year
2017-09-14 22:27:16.550 DEBUG 8168 --- [    Test worker] lanBuildingAssociationVisitationStrategy : Building LoadPlan...
2017-09-14 22:27:16.599 DEBUG 8168 --- [    Test worker] h.l.p.e.i.LoadQueryJoinAndFetchProcessor : processing queryspace <gen:0>
2017-09-14 22:27:16.610 DEBUG 8168 --- [    Test worker] o.h.l.p.build.spi.LoadPlanTreePrinter    : LoadPlan(entity=pl.drat.dominik.dao.entity.Schedule)
    - Returns
       - EntityReturnImpl(entity=pl.drat.dominik.dao.entity.Schedule, querySpaceUid=<gen:0>, path=pl.drat.dominik.dao.entity.Schedule)
          - EntityAttributeFetchImpl(entity=pl.drat.dominik.dao.entity.Subject, querySpaceUid=<gen:1>, path=pl.drat.dominik.dao.entity.Schedule.subject)
             - CollectionAttributeFetchImpl(collection=pl.drat.dominik.dao.entity.Subject.users, querySpaceUid=<gen:2>, path=pl.drat.dominik.dao.entity.Schedule.subject.users)
                - (collection element) CollectionFetchableElementEntityGraph(entity=pl.drat.dominik.dao.entity.User, querySpaceUid=<gen:3>, path=pl.drat.dominik.dao.entity.Schedule.subject.users.<elements>)
    - QuerySpaces
       - EntityQuerySpaceImpl(uid=<gen:0>, entity=pl.drat.dominik.dao.entity.Schedule)
          - SQL table alias mapping - schedule0_
          - alias suffix - 0_
          - suffixed key columns - {id1_2_0_}
          - JOIN (JoinDefinedByMetadata(subject)) : <gen:0> -> <gen:1>
             - EntityQuerySpaceImpl(uid=<gen:1>, entity=pl.drat.dominik.dao.entity.Subject)
                - SQL table alias mapping - subject1_
                - alias suffix - 1_
                - suffixed key columns - {id1_4_1_}

2017-09-14 22:27:16.617 DEBUG 8168 --- [    Test worker] o.h.loader.entity.plan.EntityLoader      : Static select for entity pl.drat.dominik.dao.entity.Schedule [NONE]: select schedule0_.id as id1_2_0_, schedule0_.date as date2_2_0_, schedule0_.subject_id as subject_3_2_0_, subject1_.id as id1_4_1_, subject1_.name as name2_4_1_, subject1_.semester as semester3_4_1_, subject1_.year as year4_4_1_ from schedule schedule0_ left outer join subject subject1_ on schedule0_.subject_id=subject1_.id where schedule0_.id=?
2017-09-14 22:27:16.617 DEBUG 8168 --- [    Test worker] o.h.l.p.b.i.spaces.QuerySpacesImpl       : Adding QuerySpace : uid = <gen:0> -> org.hibernate.loader.plan.build.internal.spaces.EntityQuerySpaceImpl@46ba1d8e]
2017-09-14 22:27:16.617 DEBUG 8168 --- [    Test worker] o.h.p.walking.spi.MetamodelGraphWalker   : Visiting attribute path : date
2017-09-14 22:27:16.617 DEBUG 8168 --- [    Test worker] o.h.p.walking.spi.MetamodelGraphWalker   : Visiting attribute path : subject
2017-09-14 22:27:16.618 DEBUG 8168 --- [    Test worker] o.h.l.p.b.i.spaces.QuerySpacesImpl       : Adding QuerySpace : uid = <gen:1> -> org.hibernate.loader.plan.build.internal.spaces.EntityQuerySpaceImpl@2cd13d3b]
2017-09-14 22:27:16.618 DEBUG 8168 --- [    Test worker] o.h.p.walking.spi.MetamodelGraphWalker   : Visiting attribute path : subject.name
2017-09-14 22:27:16.618 DEBUG 8168 --- [    Test worker] o.h.p.walking.spi.MetamodelGraphWalker   : Visiting attribute path : subject.schedules
2017-09-14 22:27:16.618 DEBUG 8168 --- [    Test worker] o.h.p.walking.spi.MetamodelGraphWalker   : Property path deemed to be circular : subject.schedules
2017-09-14 22:27:16.618 DEBUG 8168 --- [    Test worker] o.h.p.walking.spi.MetamodelGraphWalker   : Visiting attribute path : subject.semester
2017-09-14 22:27:16.618 DEBUG 8168 --- [    Test worker] o.h.p.walking.spi.MetamodelGraphWalker   : Visiting attribute path : subject.users
2017-09-14 22:27:16.619 DEBUG 8168 --- [    Test worker] o.h.l.p.b.i.spaces.QuerySpacesImpl       : Adding QuerySpace : uid = <gen:2> -> org.hibernate.loader.plan.build.internal.spaces.CollectionQuerySpaceImpl@3b81bc2c]
2017-09-14 22:27:16.619 DEBUG 8168 --- [    Test worker] o.h.l.p.b.i.spaces.QuerySpacesImpl       : Adding QuerySpace : uid = <gen:3> -> org.hibernate.loader.plan.build.internal.spaces.EntityQuerySpaceImpl@233b464f]
2017-09-14 22:27:16.619 DEBUG 8168 --- [    Test worker] o.h.p.walking.spi.MetamodelGraphWalker   : Visiting attribute path : subject.year
2017-09-14 22:27:16.619 DEBUG 8168 --- [    Test worker] lanBuildingAssociationVisitationStrategy : Building LoadPlan...
2017-09-14 22:27:16.619 DEBUG 8168 --- [    Test worker] h.l.p.e.i.LoadQueryJoinAndFetchProcessor : processing queryspace <gen:0>
2017-09-14 22:27:16.620 DEBUG 8168 --- [    Test worker] o.h.l.p.build.spi.LoadPlanTreePrinter    : LoadPlan(entity=pl.drat.dominik.dao.entity.Schedule)
    - Returns
       - EntityReturnImpl(entity=pl.drat.dominik.dao.entity.Schedule, querySpaceUid=<gen:0>, path=pl.drat.dominik.dao.entity.Schedule)
          - EntityAttributeFetchImpl(entity=pl.drat.dominik.dao.entity.Subject, querySpaceUid=<gen:1>, path=pl.drat.dominik.dao.entity.Schedule.subject)
             - CollectionAttributeFetchImpl(collection=pl.drat.dominik.dao.entity.Subject.users, querySpaceUid=<gen:2>, path=pl.drat.dominik.dao.entity.Schedule.subject.users)
                - (collection element) CollectionFetchableElementEntityGraph(entity=pl.drat.dominik.dao.entity.User, querySpaceUid=<gen:3>, path=pl.drat.dominik.dao.entity.Schedule.subject.users.<elements>)
    - QuerySpaces
       - EntityQuerySpaceImpl(uid=<gen:0>, entity=pl.drat.dominik.dao.entity.Schedule)
          - SQL table alias mapping - schedule0_
          - alias suffix - 0_
          - suffixed key columns - {id1_2_0_}
          - JOIN (JoinDefinedByMetadata(subject)) : <gen:0> -> <gen:1>
             - EntityQuerySpaceImpl(uid=<gen:1>, entity=pl.drat.dominik.dao.entity.Subject)
                - SQL table alias mapping - subject1_
                - alias suffix - 1_
                - suffixed key columns - {id1_4_1_}

2017-09-14 22:27:16.621 DEBUG 8168 --- [    Test worker] o.h.loader.entity.plan.EntityLoader      : Static select for entity pl.drat.dominik.dao.entity.Schedule [READ]: select schedule0_.id as id1_2_0_, schedule0_.date as date2_2_0_, schedule0_.subject_id as subject_3_2_0_, subject1_.id as id1_4_1_, subject1_.name as name2_4_1_, subject1_.semester as semester3_4_1_, subject1_.year as year4_4_1_ from schedule schedule0_ left outer join subject subject1_ on schedule0_.subject_id=subject1_.id where schedule0_.id=?
2017-09-14 22:27:16.621 DEBUG 8168 --- [    Test worker] o.h.l.p.b.i.spaces.QuerySpacesImpl       : Adding QuerySpace : uid = <gen:0> -> org.hibernate.loader.plan.build.internal.spaces.EntityQuerySpaceImpl@6a68ff6]
2017-09-14 22:27:16.621 DEBUG 8168 --- [    Test worker] o.h.p.walking.spi.MetamodelGraphWalker   : Visiting attribute path : date
2017-09-14 22:27:16.621 DEBUG 8168 --- [    Test worker] o.h.p.walking.spi.MetamodelGraphWalker   : Visiting attribute path : subject
2017-09-14 22:27:16.622 DEBUG 8168 --- [    Test worker] o.h.l.p.b.i.spaces.QuerySpacesImpl       : Adding QuerySpace : uid = <gen:1> -> org.hibernate.loader.plan.build.internal.spaces.EntityQuerySpaceImpl@1103dff5]
2017-09-14 22:27:16.622 DEBUG 8168 --- [    Test worker] lanBuildingAssociationVisitationStrategy : Building LoadPlan...
2017-09-14 22:27:16.622 DEBUG 8168 --- [    Test worker] h.l.p.e.i.LoadQueryJoinAndFetchProcessor : processing queryspace <gen:0>
2017-09-14 22:27:16.623 DEBUG 8168 --- [    Test worker] o.h.l.p.build.spi.LoadPlanTreePrinter    : LoadPlan(entity=pl.drat.dominik.dao.entity.Schedule)
    - Returns
       - EntityReturnImpl(entity=pl.drat.dominik.dao.entity.Schedule, querySpaceUid=<gen:0>, path=pl.drat.dominik.dao.entity.Schedule)
          - EntityAttributeFetchImpl(entity=pl.drat.dominik.dao.entity.Subject, querySpaceUid=<gen:1>, path=pl.drat.dominik.dao.entity.Schedule.subject)
    - QuerySpaces
       - EntityQuerySpaceImpl(uid=<gen:0>, entity=pl.drat.dominik.dao.entity.Schedule)
          - SQL table alias mapping - schedule0_
          - alias suffix - 0_
          - suffixed key columns - {id1_2_0_}

2017-09-14 22:27:16.625 DEBUG 8168 --- [    Test worker] o.h.loader.entity.plan.EntityLoader      : Static select for entity pl.drat.dominik.dao.entity.Schedule [UPGRADE]: select schedule0_.id as id1_2_0_, schedule0_.date as date2_2_0_, schedule0_.subject_id as subject_3_2_0_ from schedule schedule0_ where schedule0_.id=? for update
2017-09-14 22:27:16.625 DEBUG 8168 --- [    Test worker] o.h.l.p.b.i.spaces.QuerySpacesImpl       : Adding QuerySpace : uid = <gen:0> -> org.hibernate.loader.plan.build.internal.spaces.EntityQuerySpaceImpl@6873faa4]
2017-09-14 22:27:16.625 DEBUG 8168 --- [    Test worker] o.h.p.walking.spi.MetamodelGraphWalker   : Visiting attribute path : date
2017-09-14 22:27:16.625 DEBUG 8168 --- [    Test worker] o.h.p.walking.spi.MetamodelGraphWalker   : Visiting attribute path : subject
2017-09-14 22:27:16.626 DEBUG 8168 --- [    Test worker] o.h.l.p.b.i.spaces.QuerySpacesImpl       : Adding QuerySpace : uid = <gen:1> -> org.hibernate.loader.plan.build.internal.spaces.EntityQuerySpaceImpl@56fe6f50]
2017-09-14 22:27:16.626 DEBUG 8168 --- [    Test worker] lanBuildingAssociationVisitationStrategy : Building LoadPlan...
2017-09-14 22:27:16.626 DEBUG 8168 --- [    Test worker] h.l.p.e.i.LoadQueryJoinAndFetchProcessor : processing queryspace <gen:0>
2017-09-14 22:27:16.627 DEBUG 8168 --- [    Test worker] o.h.l.p.build.spi.LoadPlanTreePrinter    : LoadPlan(entity=pl.drat.dominik.dao.entity.Schedule)
    - Returns
       - EntityReturnImpl(entity=pl.drat.dominik.dao.entity.Schedule, querySpaceUid=<gen:0>, path=pl.drat.dominik.dao.entity.Schedule)
          - EntityAttributeFetchImpl(entity=pl.drat.dominik.dao.entity.Subject, querySpaceUid=<gen:1>, path=pl.drat.dominik.dao.entity.Schedule.subject)
    - QuerySpaces
       - EntityQuerySpaceImpl(uid=<gen:0>, entity=pl.drat.dominik.dao.entity.Schedule)
          - SQL table alias mapping - schedule0_
          - alias suffix - 0_
          - suffixed key columns - {id1_2_0_}

2017-09-14 22:27:16.627 DEBUG 8168 --- [    Test worker] o.h.loader.entity.plan.EntityLoader      : Static select for entity pl.drat.dominik.dao.entity.Schedule [UPGRADE_NOWAIT]: select schedule0_.id as id1_2_0_, schedule0_.date as date2_2_0_, schedule0_.subject_id as subject_3_2_0_ from schedule schedule0_ where schedule0_.id=? for update
2017-09-14 22:27:16.627 DEBUG 8168 --- [    Test worker] o.h.l.p.b.i.spaces.QuerySpacesImpl       : Adding QuerySpace : uid = <gen:0> -> org.hibernate.loader.plan.build.internal.spaces.EntityQuerySpaceImpl@598dee0d]
2017-09-14 22:27:16.627 DEBUG 8168 --- [    Test worker] o.h.p.walking.spi.MetamodelGraphWalker   : Visiting attribute path : date
2017-09-14 22:27:16.628 DEBUG 8168 --- [    Test worker] o.h.p.walking.spi.MetamodelGraphWalker   : Visiting attribute path : subject
2017-09-14 22:27:16.667 DEBUG 8168 --- [    Test worker] o.h.l.p.b.i.spaces.QuerySpacesImpl       : Adding QuerySpace : uid = <gen:1> -> org.hibernate.loader.plan.build.internal.spaces.EntityQuerySpaceImpl@34d516f3]
2017-09-14 22:27:16.667 DEBUG 8168 --- [    Test worker] lanBuildingAssociationVisitationStrategy : Building LoadPlan...
2017-09-14 22:27:16.668 DEBUG 8168 --- [    Test worker] h.l.p.e.i.LoadQueryJoinAndFetchProcessor : processing queryspace <gen:0>
2017-09-14 22:27:16.668 DEBUG 8168 --- [    Test worker] o.h.l.p.build.spi.LoadPlanTreePrinter    : LoadPlan(entity=pl.drat.dominik.dao.entity.Schedule)
    - Returns
       - EntityReturnImpl(entity=pl.drat.dominik.dao.entity.Schedule, querySpaceUid=<gen:0>, path=pl.drat.dominik.dao.entity.Schedule)
          - EntityAttributeFetchImpl(entity=pl.drat.dominik.dao.entity.Subject, querySpaceUid=<gen:1>, path=pl.drat.dominik.dao.entity.Schedule.subject)
    - QuerySpaces
       - EntityQuerySpaceImpl(uid=<gen:0>, entity=pl.drat.dominik.dao.entity.Schedule)
          - SQL table alias mapping - schedule0_
          - alias suffix - 0_
          - suffixed key columns - {id1_2_0_}

2017-09-14 22:27:16.668 DEBUG 8168 --- [    Test worker] o.h.loader.entity.plan.EntityLoader      : Static select for entity pl.drat.dominik.dao.entity.Schedule [UPGRADE_SKIPLOCKED]: select schedule0_.id as id1_2_0_, schedule0_.date as date2_2_0_, schedule0_.subject_id as subject_3_2_0_ from schedule schedule0_ where schedule0_.id=? for update
2017-09-14 22:27:16.669 DEBUG 8168 --- [    Test worker] o.h.l.p.b.i.spaces.QuerySpacesImpl       : Adding QuerySpace : uid = <gen:0> -> org.hibernate.loader.plan.build.internal.spaces.EntityQuerySpaceImpl@11f46bd6]
2017-09-14 22:27:16.669 DEBUG 8168 --- [    Test worker] o.h.p.walking.spi.MetamodelGraphWalker   : Visiting attribute path : date
2017-09-14 22:27:16.669 DEBUG 8168 --- [    Test worker] o.h.p.walking.spi.MetamodelGraphWalker   : Visiting attribute path : subject
2017-09-14 22:27:16.669 DEBUG 8168 --- [    Test worker] o.h.l.p.b.i.spaces.QuerySpacesImpl       : Adding QuerySpace : uid = <gen:1> -> org.hibernate.loader.plan.build.internal.spaces.EntityQuerySpaceImpl@6de3894f]
2017-09-14 22:27:16.669 DEBUG 8168 --- [    Test worker] lanBuildingAssociationVisitationStrategy : Building LoadPlan...
2017-09-14 22:27:16.673 DEBUG 8168 --- [    Test worker] h.l.p.e.i.LoadQueryJoinAndFetchProcessor : processing queryspace <gen:0>
2017-09-14 22:27:16.674 DEBUG 8168 --- [    Test worker] o.h.l.p.build.spi.LoadPlanTreePrinter    : LoadPlan(entity=pl.drat.dominik.dao.entity.Schedule)
    - Returns
       - EntityReturnImpl(entity=pl.drat.dominik.dao.entity.Schedule, querySpaceUid=<gen:0>, path=pl.drat.dominik.dao.entity.Schedule)
          - EntityAttributeFetchImpl(entity=pl.drat.dominik.dao.entity.Subject, querySpaceUid=<gen:1>, path=pl.drat.dominik.dao.entity.Schedule.subject)
    - QuerySpaces
       - EntityQuerySpaceImpl(uid=<gen:0>, entity=pl.drat.dominik.dao.entity.Schedule)
          - SQL table alias mapping - schedule0_
          - alias suffix - 0_
          - suffixed key columns - {id1_2_0_}

2017-09-14 22:27:16.675 DEBUG 8168 --- [    Test worker] o.h.loader.entity.plan.EntityLoader      : Static select for entity pl.drat.dominik.dao.entity.Schedule [FORCE]: select schedule0_.id as id1_2_0_, schedule0_.date as date2_2_0_, schedule0_.subject_id as subject_3_2_0_ from schedule schedule0_ where schedule0_.id=? for update
2017-09-14 22:27:16.675 DEBUG 8168 --- [    Test worker] o.h.l.p.b.i.spaces.QuerySpacesImpl       : Adding QuerySpace : uid = <gen:0> -> org.hibernate.loader.plan.build.internal.spaces.EntityQuerySpaceImpl@719d788e]
2017-09-14 22:27:16.675 DEBUG 8168 --- [    Test worker] o.h.p.walking.spi.MetamodelGraphWalker   : Visiting attribute path : date
2017-09-14 22:27:16.675 DEBUG 8168 --- [    Test worker] o.h.p.walking.spi.MetamodelGraphWalker   : Visiting attribute path : subject
2017-09-14 22:27:16.677 DEBUG 8168 --- [    Test worker] o.h.l.p.b.i.spaces.QuerySpacesImpl       : Adding QuerySpace : uid = <gen:1> -> org.hibernate.loader.plan.build.internal.spaces.EntityQuerySpaceImpl@1cf639a9]
2017-09-14 22:27:16.677 DEBUG 8168 --- [    Test worker] lanBuildingAssociationVisitationStrategy : Building LoadPlan...
2017-09-14 22:27:16.677 DEBUG 8168 --- [    Test worker] h.l.p.e.i.LoadQueryJoinAndFetchProcessor : processing queryspace <gen:0>
2017-09-14 22:27:16.678 DEBUG 8168 --- [    Test worker] o.h.l.p.build.spi.LoadPlanTreePrinter    : LoadPlan(entity=pl.drat.dominik.dao.entity.Schedule)
    - Returns
       - EntityReturnImpl(entity=pl.drat.dominik.dao.entity.Schedule, querySpaceUid=<gen:0>, path=pl.drat.dominik.dao.entity.Schedule)
          - EntityAttributeFetchImpl(entity=pl.drat.dominik.dao.entity.Subject, querySpaceUid=<gen:1>, path=pl.drat.dominik.dao.entity.Schedule.subject)
    - QuerySpaces
       - EntityQuerySpaceImpl(uid=<gen:0>, entity=pl.drat.dominik.dao.entity.Schedule)
          - SQL table alias mapping - schedule0_
          - alias suffix - 0_
          - suffixed key columns - {id1_2_0_}

2017-09-14 22:27:16.678 DEBUG 8168 --- [    Test worker] o.h.loader.entity.plan.EntityLoader      : Static select for entity pl.drat.dominik.dao.entity.Schedule [PESSIMISTIC_READ]: select schedule0_.id as id1_2_0_, schedule0_.date as date2_2_0_, schedule0_.subject_id as subject_3_2_0_ from schedule schedule0_ where schedule0_.id=? lock in share mode
2017-09-14 22:27:16.678 DEBUG 8168 --- [    Test worker] o.h.l.p.b.i.spaces.QuerySpacesImpl       : Adding QuerySpace : uid = <gen:0> -> org.hibernate.loader.plan.build.internal.spaces.EntityQuerySpaceImpl@6dae6289]
2017-09-14 22:27:16.679 DEBUG 8168 --- [    Test worker] o.h.p.walking.spi.MetamodelGraphWalker   : Visiting attribute path : date
2017-09-14 22:27:16.679 DEBUG 8168 --- [    Test worker] o.h.p.walking.spi.MetamodelGraphWalker   : Visiting attribute path : subject
2017-09-14 22:27:16.679 DEBUG 8168 --- [    Test worker] o.h.l.p.b.i.spaces.QuerySpacesImpl       : Adding QuerySpace : uid = <gen:1> -> org.hibernate.loader.plan.build.internal.spaces.EntityQuerySpaceImpl@1cbe9f60]
2017-09-14 22:27:16.679 DEBUG 8168 --- [    Test worker] lanBuildingAssociationVisitationStrategy : Building LoadPlan...
2017-09-14 22:27:16.679 DEBUG 8168 --- [    Test worker] h.l.p.e.i.LoadQueryJoinAndFetchProcessor : processing queryspace <gen:0>
2017-09-14 22:27:16.680 DEBUG 8168 --- [    Test worker] o.h.l.p.build.spi.LoadPlanTreePrinter    : LoadPlan(entity=pl.drat.dominik.dao.entity.Schedule)
    - Returns
       - EntityReturnImpl(entity=pl.drat.dominik.dao.entity.Schedule, querySpaceUid=<gen:0>, path=pl.drat.dominik.dao.entity.Schedule)
          - EntityAttributeFetchImpl(entity=pl.drat.dominik.dao.entity.Subject, querySpaceUid=<gen:1>, path=pl.drat.dominik.dao.entity.Schedule.subject)
    - QuerySpaces
       - EntityQuerySpaceImpl(uid=<gen:0>, entity=pl.drat.dominik.dao.entity.Schedule)
          - SQL table alias mapping - schedule0_
          - alias suffix - 0_
          - suffixed key columns - {id1_2_0_}

2017-09-14 22:27:16.680 DEBUG 8168 --- [    Test worker] o.h.loader.entity.plan.EntityLoader      : Static select for entity pl.drat.dominik.dao.entity.Schedule [PESSIMISTIC_WRITE]: select schedule0_.id as id1_2_0_, schedule0_.date as date2_2_0_, schedule0_.subject_id as subject_3_2_0_ from schedule schedule0_ where schedule0_.id=? for update
2017-09-14 22:27:16.681 DEBUG 8168 --- [    Test worker] o.h.l.p.b.i.spaces.QuerySpacesImpl       : Adding QuerySpace : uid = <gen:0> -> org.hibernate.loader.plan.build.internal.spaces.EntityQuerySpaceImpl@3128c62f]
2017-09-14 22:27:16.681 DEBUG 8168 --- [    Test worker] o.h.p.walking.spi.MetamodelGraphWalker   : Visiting attribute path : date
2017-09-14 22:27:16.681 DEBUG 8168 --- [    Test worker] o.h.p.walking.spi.MetamodelGraphWalker   : Visiting attribute path : subject
2017-09-14 22:27:16.682 DEBUG 8168 --- [    Test worker] o.h.l.p.b.i.spaces.QuerySpacesImpl       : Adding QuerySpace : uid = <gen:1> -> org.hibernate.loader.plan.build.internal.spaces.EntityQuerySpaceImpl@310a230c]
2017-09-14 22:27:16.682 DEBUG 8168 --- [    Test worker] lanBuildingAssociationVisitationStrategy : Building LoadPlan...
2017-09-14 22:27:16.682 DEBUG 8168 --- [    Test worker] h.l.p.e.i.LoadQueryJoinAndFetchProcessor : processing queryspace <gen:0>
2017-09-14 22:27:16.683 DEBUG 8168 --- [    Test worker] o.h.l.p.build.spi.LoadPlanTreePrinter    : LoadPlan(entity=pl.drat.dominik.dao.entity.Schedule)
    - Returns
       - EntityReturnImpl(entity=pl.drat.dominik.dao.entity.Schedule, querySpaceUid=<gen:0>, path=pl.drat.dominik.dao.entity.Schedule)
          - EntityAttributeFetchImpl(entity=pl.drat.dominik.dao.entity.Subject, querySpaceUid=<gen:1>, path=pl.drat.dominik.dao.entity.Schedule.subject)
    - QuerySpaces
       - EntityQuerySpaceImpl(uid=<gen:0>, entity=pl.drat.dominik.dao.entity.Schedule)
          - SQL table alias mapping - schedule0_
          - alias suffix - 0_
          - suffixed key columns - {id1_2_0_}

2017-09-14 22:27:16.683 DEBUG 8168 --- [    Test worker] o.h.loader.entity.plan.EntityLoader      : Static select for entity pl.drat.dominik.dao.entity.Schedule [PESSIMISTIC_FORCE_INCREMENT]: select schedule0_.id as id1_2_0_, schedule0_.date as date2_2_0_, schedule0_.subject_id as subject_3_2_0_ from schedule schedule0_ where schedule0_.id=? for update
2017-09-14 22:27:16.683 DEBUG 8168 --- [    Test worker] o.h.l.p.b.i.spaces.QuerySpacesImpl       : Adding QuerySpace : uid = <gen:0> -> org.hibernate.loader.plan.build.internal.spaces.EntityQuerySpaceImpl@5927ffd2]
2017-09-14 22:27:16.683 DEBUG 8168 --- [    Test worker] o.h.p.walking.spi.MetamodelGraphWalker   : Visiting attribute path : date
2017-09-14 22:27:16.683 DEBUG 8168 --- [    Test worker] o.h.p.walking.spi.MetamodelGraphWalker   : Visiting attribute path : subject
2017-09-14 22:27:16.684 DEBUG 8168 --- [    Test worker] o.h.l.p.b.i.spaces.QuerySpacesImpl       : Adding QuerySpace : uid = <gen:1> -> org.hibernate.loader.plan.build.internal.spaces.EntityQuerySpaceImpl@630dc71f]
2017-09-14 22:27:16.684 DEBUG 8168 --- [    Test worker] lanBuildingAssociationVisitationStrategy : Building LoadPlan...
2017-09-14 22:27:16.684 DEBUG 8168 --- [    Test worker] h.l.p.e.i.LoadQueryJoinAndFetchProcessor : processing queryspace <gen:0>
2017-09-14 22:27:16.685 DEBUG 8168 --- [    Test worker] o.h.l.p.build.spi.LoadPlanTreePrinter    : LoadPlan(entity=pl.drat.dominik.dao.entity.Schedule)
    - Returns
       - EntityReturnImpl(entity=pl.drat.dominik.dao.entity.Schedule, querySpaceUid=<gen:0>, path=pl.drat.dominik.dao.entity.Schedule)
          - EntityAttributeFetchImpl(entity=pl.drat.dominik.dao.entity.Subject, querySpaceUid=<gen:1>, path=pl.drat.dominik.dao.entity.Schedule.subject)
    - QuerySpaces
       - EntityQuerySpaceImpl(uid=<gen:0>, entity=pl.drat.dominik.dao.entity.Schedule)
          - SQL table alias mapping - schedule0_
          - alias suffix - 0_
          - suffixed key columns - {id1_2_0_}

2017-09-14 22:27:16.685 DEBUG 8168 --- [    Test worker] o.h.loader.entity.plan.EntityLoader      : Static select for entity pl.drat.dominik.dao.entity.Schedule [OPTIMISTIC]: select schedule0_.id as id1_2_0_, schedule0_.date as date2_2_0_, schedule0_.subject_id as subject_3_2_0_ from schedule schedule0_ where schedule0_.id=?
2017-09-14 22:27:16.685 DEBUG 8168 --- [    Test worker] o.h.l.p.b.i.spaces.QuerySpacesImpl       : Adding QuerySpace : uid = <gen:0> -> org.hibernate.loader.plan.build.internal.spaces.EntityQuerySpaceImpl@37f8a31]
2017-09-14 22:27:16.685 DEBUG 8168 --- [    Test worker] o.h.p.walking.spi.MetamodelGraphWalker   : Visiting attribute path : date
2017-09-14 22:27:16.686 DEBUG 8168 --- [    Test worker] o.h.p.walking.spi.MetamodelGraphWalker   : Visiting attribute path : subject
2017-09-14 22:27:16.687 DEBUG 8168 --- [    Test worker] o.h.l.p.b.i.spaces.QuerySpacesImpl       : Adding QuerySpace : uid = <gen:1> -> org.hibernate.loader.plan.build.internal.spaces.EntityQuerySpaceImpl@1768957]
2017-09-14 22:27:16.687 DEBUG 8168 --- [    Test worker] lanBuildingAssociationVisitationStrategy : Building LoadPlan...
2017-09-14 22:27:16.687 DEBUG 8168 --- [    Test worker] h.l.p.e.i.LoadQueryJoinAndFetchProcessor : processing queryspace <gen:0>
2017-09-14 22:27:16.688 DEBUG 8168 --- [    Test worker] o.h.l.p.build.spi.LoadPlanTreePrinter    : LoadPlan(entity=pl.drat.dominik.dao.entity.Schedule)
    - Returns
       - EntityReturnImpl(entity=pl.drat.dominik.dao.entity.Schedule, querySpaceUid=<gen:0>, path=pl.drat.dominik.dao.entity.Schedule)
          - EntityAttributeFetchImpl(entity=pl.drat.dominik.dao.entity.Subject, querySpaceUid=<gen:1>, path=pl.drat.dominik.dao.entity.Schedule.subject)
    - QuerySpaces
       - EntityQuerySpaceImpl(uid=<gen:0>, entity=pl.drat.dominik.dao.entity.Schedule)
          - SQL table alias mapping - schedule0_
          - alias suffix - 0_
          - suffixed key columns - {id1_2_0_}

2017-09-14 22:27:16.688 DEBUG 8168 --- [    Test worker] o.h.loader.entity.plan.EntityLoader      : Static select for entity pl.drat.dominik.dao.entity.Schedule [OPTIMISTIC_FORCE_INCREMENT]: select schedule0_.id as id1_2_0_, schedule0_.date as date2_2_0_, schedule0_.subject_id as subject_3_2_0_ from schedule schedule0_ where schedule0_.id=?
2017-09-14 22:27:16.752 DEBUG 8168 --- [    Test worker] org.hibernate.loader.Loader              : Static select for action ACTION_MERGE on entity pl.drat.dominik.dao.entity.Schedule: /* load pl.drat.dominik.dao.entity.Schedule */ select schedule0_.id as id1_2_1_, schedule0_.date as date2_2_1_, schedule0_.subject_id as subject_3_2_1_, subject1_.id as id1_4_0_, subject1_.name as name2_4_0_, subject1_.semester as semester3_4_0_, subject1_.year as year4_4_0_ from schedule schedule0_ left outer join subject subject1_ on schedule0_.subject_id=subject1_.id where schedule0_.id=?
2017-09-14 22:27:16.753 DEBUG 8168 --- [    Test worker] org.hibernate.loader.Loader              : Static select for action ACTION_REFRESH on entity pl.drat.dominik.dao.entity.Schedule: /* load pl.drat.dominik.dao.entity.Schedule */ select schedule0_.id as id1_2_1_, schedule0_.date as date2_2_1_, schedule0_.subject_id as subject_3_2_1_, subject1_.id as id1_4_0_, subject1_.name as name2_4_0_, subject1_.semester as semester3_4_0_, subject1_.year as year4_4_0_ from schedule schedule0_ left outer join subject subject1_ on schedule0_.subject_id=subject1_.id where schedule0_.id=?
2017-09-14 22:27:16.755 DEBUG 8168 --- [    Test worker] o.h.p.entity.AbstractEntityPersister     : Static SQL for entity: pl.drat.dominik.dao.entity.PresenceWindow
2017-09-14 22:27:16.755 DEBUG 8168 --- [    Test worker] o.h.p.entity.AbstractEntityPersister     :  Version select: /* get version pl.drat.dominik.dao.entity.PresenceWindow */ select id from schedule_presence_window where id =?
2017-09-14 22:27:16.755 DEBUG 8168 --- [    Test worker] o.h.p.entity.AbstractEntityPersister     :  Snapshot select: /* get current state pl.drat.dominik.dao.entity.PresenceWindow */ select presencewi_.id, presencewi_.end_date as end_date2_3_, presencewi_.schedule_id as schedule3_3_, presencewi_.security_code as security4_3_, presencewi_.start_date as start_da5_3_ from schedule_presence_window presencewi_ where presencewi_.id=?
2017-09-14 22:27:16.755 DEBUG 8168 --- [    Test worker] o.h.p.entity.AbstractEntityPersister     :  Insert 0: /* insert pl.drat.dominik.dao.entity.PresenceWindow */ insert into schedule_presence_window (end_date, schedule_id, security_code, start_date, id) values (?, ?, ?, ?, ?)
2017-09-14 22:27:16.762 DEBUG 8168 --- [    Test worker] o.h.p.entity.AbstractEntityPersister     :  Update 0: /* update pl.drat.dominik.dao.entity.PresenceWindow */ update schedule_presence_window set end_date=?, schedule_id=?, security_code=?, start_date=? where id=?
2017-09-14 22:27:16.762 DEBUG 8168 --- [    Test worker] o.h.p.entity.AbstractEntityPersister     :  Delete 0: /* delete pl.drat.dominik.dao.entity.PresenceWindow */ delete from schedule_presence_window where id=?
2017-09-14 22:27:16.763 DEBUG 8168 --- [    Test worker] o.h.p.entity.AbstractEntityPersister     :  Identity insert: /* insert pl.drat.dominik.dao.entity.PresenceWindow */ insert into schedule_presence_window (end_date, schedule_id, security_code, start_date) values (?, ?, ?, ?)
2017-09-14 22:27:16.769 DEBUG 8168 --- [    Test worker] o.h.l.p.b.i.spaces.QuerySpacesImpl       : Adding QuerySpace : uid = <gen:0> -> org.hibernate.loader.plan.build.internal.spaces.EntityQuerySpaceImpl@2062b651]
2017-09-14 22:27:16.769 DEBUG 8168 --- [    Test worker] o.h.p.walking.spi.MetamodelGraphWalker   : Visiting attribute path : endDate
2017-09-14 22:27:16.769 DEBUG 8168 --- [    Test worker] o.h.p.walking.spi.MetamodelGraphWalker   : Visiting attribute path : scheduleId
2017-09-14 22:27:16.769 DEBUG 8168 --- [    Test worker] o.h.p.walking.spi.MetamodelGraphWalker   : Visiting attribute path : securityCode
2017-09-14 22:27:16.770 DEBUG 8168 --- [    Test worker] o.h.p.walking.spi.MetamodelGraphWalker   : Visiting attribute path : startDate
2017-09-14 22:27:16.770 DEBUG 8168 --- [    Test worker] lanBuildingAssociationVisitationStrategy : Building LoadPlan...
2017-09-14 22:27:16.770 DEBUG 8168 --- [    Test worker] h.l.p.e.i.LoadQueryJoinAndFetchProcessor : processing queryspace <gen:0>
2017-09-14 22:27:16.771 DEBUG 8168 --- [    Test worker] o.h.l.p.build.spi.LoadPlanTreePrinter    : LoadPlan(entity=pl.drat.dominik.dao.entity.PresenceWindow)
    - Returns
       - EntityReturnImpl(entity=pl.drat.dominik.dao.entity.PresenceWindow, querySpaceUid=<gen:0>, path=pl.drat.dominik.dao.entity.PresenceWindow)
    - QuerySpaces
       - EntityQuerySpaceImpl(uid=<gen:0>, entity=pl.drat.dominik.dao.entity.PresenceWindow)
          - SQL table alias mapping - presencewi0_
          - alias suffix - 0_
          - suffixed key columns - {id1_3_0_}

2017-09-14 22:27:16.772 DEBUG 8168 --- [    Test worker] o.h.loader.entity.plan.EntityLoader      : Static select for entity pl.drat.dominik.dao.entity.PresenceWindow [NONE]: select presencewi0_.id as id1_3_0_, presencewi0_.end_date as end_date2_3_0_, presencewi0_.schedule_id as schedule3_3_0_, presencewi0_.security_code as security4_3_0_, presencewi0_.start_date as start_da5_3_0_ from schedule_presence_window presencewi0_ where presencewi0_.id=?
2017-09-14 22:27:16.772 DEBUG 8168 --- [    Test worker] o.h.l.p.b.i.spaces.QuerySpacesImpl       : Adding QuerySpace : uid = <gen:0> -> org.hibernate.loader.plan.build.internal.spaces.EntityQuerySpaceImpl@37a6f70e]
2017-09-14 22:27:16.772 DEBUG 8168 --- [    Test worker] o.h.p.walking.spi.MetamodelGraphWalker   : Visiting attribute path : endDate
2017-09-14 22:27:16.772 DEBUG 8168 --- [    Test worker] o.h.p.walking.spi.MetamodelGraphWalker   : Visiting attribute path : scheduleId
2017-09-14 22:27:16.772 DEBUG 8168 --- [    Test worker] o.h.p.walking.spi.MetamodelGraphWalker   : Visiting attribute path : securityCode
2017-09-14 22:27:16.772 DEBUG 8168 --- [    Test worker] o.h.p.walking.spi.MetamodelGraphWalker   : Visiting attribute path : startDate
2017-09-14 22:27:16.773 DEBUG 8168 --- [    Test worker] lanBuildingAssociationVisitationStrategy : Building LoadPlan...
2017-09-14 22:27:16.773 DEBUG 8168 --- [    Test worker] h.l.p.e.i.LoadQueryJoinAndFetchProcessor : processing queryspace <gen:0>
2017-09-14 22:27:16.774 DEBUG 8168 --- [    Test worker] o.h.l.p.build.spi.LoadPlanTreePrinter    : LoadPlan(entity=pl.drat.dominik.dao.entity.PresenceWindow)
    - Returns
       - EntityReturnImpl(entity=pl.drat.dominik.dao.entity.PresenceWindow, querySpaceUid=<gen:0>, path=pl.drat.dominik.dao.entity.PresenceWindow)
    - QuerySpaces
       - EntityQuerySpaceImpl(uid=<gen:0>, entity=pl.drat.dominik.dao.entity.PresenceWindow)
          - SQL table alias mapping - presencewi0_
          - alias suffix - 0_
          - suffixed key columns - {id1_3_0_}

2017-09-14 22:27:16.774 DEBUG 8168 --- [    Test worker] o.h.loader.entity.plan.EntityLoader      : Static select for entity pl.drat.dominik.dao.entity.PresenceWindow [READ]: select presencewi0_.id as id1_3_0_, presencewi0_.end_date as end_date2_3_0_, presencewi0_.schedule_id as schedule3_3_0_, presencewi0_.security_code as security4_3_0_, presencewi0_.start_date as start_da5_3_0_ from schedule_presence_window presencewi0_ where presencewi0_.id=?
2017-09-14 22:27:16.774 DEBUG 8168 --- [    Test worker] o.h.l.p.b.i.spaces.QuerySpacesImpl       : Adding QuerySpace : uid = <gen:0> -> org.hibernate.loader.plan.build.internal.spaces.EntityQuerySpaceImpl@6216417e]
2017-09-14 22:27:16.774 DEBUG 8168 --- [    Test worker] o.h.p.walking.spi.MetamodelGraphWalker   : Visiting attribute path : endDate
2017-09-14 22:27:16.774 DEBUG 8168 --- [    Test worker] o.h.p.walking.spi.MetamodelGraphWalker   : Visiting attribute path : scheduleId
2017-09-14 22:27:16.774 DEBUG 8168 --- [    Test worker] o.h.p.walking.spi.MetamodelGraphWalker   : Visiting attribute path : securityCode
2017-09-14 22:27:16.774 DEBUG 8168 --- [    Test worker] o.h.p.walking.spi.MetamodelGraphWalker   : Visiting attribute path : startDate
2017-09-14 22:27:16.775 DEBUG 8168 --- [    Test worker] lanBuildingAssociationVisitationStrategy : Building LoadPlan...
2017-09-14 22:27:16.775 DEBUG 8168 --- [    Test worker] h.l.p.e.i.LoadQueryJoinAndFetchProcessor : processing queryspace <gen:0>
2017-09-14 22:27:16.775 DEBUG 8168 --- [    Test worker] o.h.l.p.build.spi.LoadPlanTreePrinter    : LoadPlan(entity=pl.drat.dominik.dao.entity.PresenceWindow)
    - Returns
       - EntityReturnImpl(entity=pl.drat.dominik.dao.entity.PresenceWindow, querySpaceUid=<gen:0>, path=pl.drat.dominik.dao.entity.PresenceWindow)
    - QuerySpaces
       - EntityQuerySpaceImpl(uid=<gen:0>, entity=pl.drat.dominik.dao.entity.PresenceWindow)
          - SQL table alias mapping - presencewi0_
          - alias suffix - 0_
          - suffixed key columns - {id1_3_0_}

2017-09-14 22:27:16.776 DEBUG 8168 --- [    Test worker] o.h.loader.entity.plan.EntityLoader      : Static select for entity pl.drat.dominik.dao.entity.PresenceWindow [UPGRADE]: select presencewi0_.id as id1_3_0_, presencewi0_.end_date as end_date2_3_0_, presencewi0_.schedule_id as schedule3_3_0_, presencewi0_.security_code as security4_3_0_, presencewi0_.start_date as start_da5_3_0_ from schedule_presence_window presencewi0_ where presencewi0_.id=? for update
2017-09-14 22:27:16.778 DEBUG 8168 --- [    Test worker] o.h.l.p.b.i.spaces.QuerySpacesImpl       : Adding QuerySpace : uid = <gen:0> -> org.hibernate.loader.plan.build.internal.spaces.EntityQuerySpaceImpl@4c6ab0be]
2017-09-14 22:27:16.778 DEBUG 8168 --- [    Test worker] o.h.p.walking.spi.MetamodelGraphWalker   : Visiting attribute path : endDate
2017-09-14 22:27:16.778 DEBUG 8168 --- [    Test worker] o.h.p.walking.spi.MetamodelGraphWalker   : Visiting attribute path : scheduleId
2017-09-14 22:27:16.778 DEBUG 8168 --- [    Test worker] o.h.p.walking.spi.MetamodelGraphWalker   : Visiting attribute path : securityCode
2017-09-14 22:27:16.779 DEBUG 8168 --- [    Test worker] o.h.p.walking.spi.MetamodelGraphWalker   : Visiting attribute path : startDate
2017-09-14 22:27:16.779 DEBUG 8168 --- [    Test worker] lanBuildingAssociationVisitationStrategy : Building LoadPlan...
2017-09-14 22:27:16.779 DEBUG 8168 --- [    Test worker] h.l.p.e.i.LoadQueryJoinAndFetchProcessor : processing queryspace <gen:0>
2017-09-14 22:27:16.780 DEBUG 8168 --- [    Test worker] o.h.l.p.build.spi.LoadPlanTreePrinter    : LoadPlan(entity=pl.drat.dominik.dao.entity.PresenceWindow)
    - Returns
       - EntityReturnImpl(entity=pl.drat.dominik.dao.entity.PresenceWindow, querySpaceUid=<gen:0>, path=pl.drat.dominik.dao.entity.PresenceWindow)
    - QuerySpaces
       - EntityQuerySpaceImpl(uid=<gen:0>, entity=pl.drat.dominik.dao.entity.PresenceWindow)
          - SQL table alias mapping - presencewi0_
          - alias suffix - 0_
          - suffixed key columns - {id1_3_0_}

2017-09-14 22:27:16.780 DEBUG 8168 --- [    Test worker] o.h.loader.entity.plan.EntityLoader      : Static select for entity pl.drat.dominik.dao.entity.PresenceWindow [UPGRADE_NOWAIT]: select presencewi0_.id as id1_3_0_, presencewi0_.end_date as end_date2_3_0_, presencewi0_.schedule_id as schedule3_3_0_, presencewi0_.security_code as security4_3_0_, presencewi0_.start_date as start_da5_3_0_ from schedule_presence_window presencewi0_ where presencewi0_.id=? for update
2017-09-14 22:27:16.780 DEBUG 8168 --- [    Test worker] o.h.l.p.b.i.spaces.QuerySpacesImpl       : Adding QuerySpace : uid = <gen:0> -> org.hibernate.loader.plan.build.internal.spaces.EntityQuerySpaceImpl@56318411]
2017-09-14 22:27:16.780 DEBUG 8168 --- [    Test worker] o.h.p.walking.spi.MetamodelGraphWalker   : Visiting attribute path : endDate
2017-09-14 22:27:16.780 DEBUG 8168 --- [    Test worker] o.h.p.walking.spi.MetamodelGraphWalker   : Visiting attribute path : scheduleId
2017-09-14 22:27:16.780 DEBUG 8168 --- [    Test worker] o.h.p.walking.spi.MetamodelGraphWalker   : Visiting attribute path : securityCode
2017-09-14 22:27:16.780 DEBUG 8168 --- [    Test worker] o.h.p.walking.spi.MetamodelGraphWalker   : Visiting attribute path : startDate
2017-09-14 22:27:16.781 DEBUG 8168 --- [    Test worker] lanBuildingAssociationVisitationStrategy : Building LoadPlan...
2017-09-14 22:27:16.782 DEBUG 8168 --- [    Test worker] h.l.p.e.i.LoadQueryJoinAndFetchProcessor : processing queryspace <gen:0>
2017-09-14 22:27:16.792 DEBUG 8168 --- [    Test worker] o.h.l.p.build.spi.LoadPlanTreePrinter    : LoadPlan(entity=pl.drat.dominik.dao.entity.PresenceWindow)
    - Returns
       - EntityReturnImpl(entity=pl.drat.dominik.dao.entity.PresenceWindow, querySpaceUid=<gen:0>, path=pl.drat.dominik.dao.entity.PresenceWindow)
    - QuerySpaces
       - EntityQuerySpaceImpl(uid=<gen:0>, entity=pl.drat.dominik.dao.entity.PresenceWindow)
          - SQL table alias mapping - presencewi0_
          - alias suffix - 0_
          - suffixed key columns - {id1_3_0_}

2017-09-14 22:27:16.792 DEBUG 8168 --- [    Test worker] o.h.loader.entity.plan.EntityLoader      : Static select for entity pl.drat.dominik.dao.entity.PresenceWindow [UPGRADE_SKIPLOCKED]: select presencewi0_.id as id1_3_0_, presencewi0_.end_date as end_date2_3_0_, presencewi0_.schedule_id as schedule3_3_0_, presencewi0_.security_code as security4_3_0_, presencewi0_.start_date as start_da5_3_0_ from schedule_presence_window presencewi0_ where presencewi0_.id=? for update
2017-09-14 22:27:16.793 DEBUG 8168 --- [    Test worker] o.h.l.p.b.i.spaces.QuerySpacesImpl       : Adding QuerySpace : uid = <gen:0> -> org.hibernate.loader.plan.build.internal.spaces.EntityQuerySpaceImpl@225baf0d]
2017-09-14 22:27:16.794 DEBUG 8168 --- [    Test worker] o.h.p.walking.spi.MetamodelGraphWalker   : Visiting attribute path : endDate
2017-09-14 22:27:16.795 DEBUG 8168 --- [    Test worker] o.h.p.walking.spi.MetamodelGraphWalker   : Visiting attribute path : scheduleId
2017-09-14 22:27:16.795 DEBUG 8168 --- [    Test worker] o.h.p.walking.spi.MetamodelGraphWalker   : Visiting attribute path : securityCode
2017-09-14 22:27:16.795 DEBUG 8168 --- [    Test worker] o.h.p.walking.spi.MetamodelGraphWalker   : Visiting attribute path : startDate
2017-09-14 22:27:16.795 DEBUG 8168 --- [    Test worker] lanBuildingAssociationVisitationStrategy : Building LoadPlan...
2017-09-14 22:27:16.795 DEBUG 8168 --- [    Test worker] h.l.p.e.i.LoadQueryJoinAndFetchProcessor : processing queryspace <gen:0>
2017-09-14 22:27:16.796 DEBUG 8168 --- [    Test worker] o.h.l.p.build.spi.LoadPlanTreePrinter    : LoadPlan(entity=pl.drat.dominik.dao.entity.PresenceWindow)
    - Returns
       - EntityReturnImpl(entity=pl.drat.dominik.dao.entity.PresenceWindow, querySpaceUid=<gen:0>, path=pl.drat.dominik.dao.entity.PresenceWindow)
    - QuerySpaces
       - EntityQuerySpaceImpl(uid=<gen:0>, entity=pl.drat.dominik.dao.entity.PresenceWindow)
          - SQL table alias mapping - presencewi0_
          - alias suffix - 0_
          - suffixed key columns - {id1_3_0_}

2017-09-14 22:27:16.797 DEBUG 8168 --- [    Test worker] o.h.loader.entity.plan.EntityLoader      : Static select for entity pl.drat.dominik.dao.entity.PresenceWindow [FORCE]: select presencewi0_.id as id1_3_0_, presencewi0_.end_date as end_date2_3_0_, presencewi0_.schedule_id as schedule3_3_0_, presencewi0_.security_code as security4_3_0_, presencewi0_.start_date as start_da5_3_0_ from schedule_presence_window presencewi0_ where presencewi0_.id=? for update
2017-09-14 22:27:16.797 DEBUG 8168 --- [    Test worker] o.h.l.p.b.i.spaces.QuerySpacesImpl       : Adding QuerySpace : uid = <gen:0> -> org.hibernate.loader.plan.build.internal.spaces.EntityQuerySpaceImpl@1f4b325a]
2017-09-14 22:27:16.799 DEBUG 8168 --- [    Test worker] o.h.p.walking.spi.MetamodelGraphWalker   : Visiting attribute path : endDate
2017-09-14 22:27:16.799 DEBUG 8168 --- [    Test worker] o.h.p.walking.spi.MetamodelGraphWalker   : Visiting attribute path : scheduleId
2017-09-14 22:27:16.799 DEBUG 8168 --- [    Test worker] o.h.p.walking.spi.MetamodelGraphWalker   : Visiting attribute path : securityCode
2017-09-14 22:27:16.799 DEBUG 8168 --- [    Test worker] o.h.p.walking.spi.MetamodelGraphWalker   : Visiting attribute path : startDate
2017-09-14 22:27:16.799 DEBUG 8168 --- [    Test worker] lanBuildingAssociationVisitationStrategy : Building LoadPlan...
2017-09-14 22:27:16.799 DEBUG 8168 --- [    Test worker] h.l.p.e.i.LoadQueryJoinAndFetchProcessor : processing queryspace <gen:0>
2017-09-14 22:27:16.800 DEBUG 8168 --- [    Test worker] o.h.l.p.build.spi.LoadPlanTreePrinter    : LoadPlan(entity=pl.drat.dominik.dao.entity.PresenceWindow)
    - Returns
       - EntityReturnImpl(entity=pl.drat.dominik.dao.entity.PresenceWindow, querySpaceUid=<gen:0>, path=pl.drat.dominik.dao.entity.PresenceWindow)
    - QuerySpaces
       - EntityQuerySpaceImpl(uid=<gen:0>, entity=pl.drat.dominik.dao.entity.PresenceWindow)
          - SQL table alias mapping - presencewi0_
          - alias suffix - 0_
          - suffixed key columns - {id1_3_0_}

2017-09-14 22:27:16.800 DEBUG 8168 --- [    Test worker] o.h.loader.entity.plan.EntityLoader      : Static select for entity pl.drat.dominik.dao.entity.PresenceWindow [PESSIMISTIC_READ]: select presencewi0_.id as id1_3_0_, presencewi0_.end_date as end_date2_3_0_, presencewi0_.schedule_id as schedule3_3_0_, presencewi0_.security_code as security4_3_0_, presencewi0_.start_date as start_da5_3_0_ from schedule_presence_window presencewi0_ where presencewi0_.id=? lock in share mode
2017-09-14 22:27:16.800 DEBUG 8168 --- [    Test worker] o.h.l.p.b.i.spaces.QuerySpacesImpl       : Adding QuerySpace : uid = <gen:0> -> org.hibernate.loader.plan.build.internal.spaces.EntityQuerySpaceImpl@33d5fa49]
2017-09-14 22:27:16.801 DEBUG 8168 --- [    Test worker] o.h.p.walking.spi.MetamodelGraphWalker   : Visiting attribute path : endDate
2017-09-14 22:27:16.813 DEBUG 8168 --- [    Test worker] o.h.p.walking.spi.MetamodelGraphWalker   : Visiting attribute path : scheduleId
2017-09-14 22:27:16.813 DEBUG 8168 --- [    Test worker] o.h.p.walking.spi.MetamodelGraphWalker   : Visiting attribute path : securityCode
2017-09-14 22:27:16.813 DEBUG 8168 --- [    Test worker] o.h.p.walking.spi.MetamodelGraphWalker   : Visiting attribute path : startDate
2017-09-14 22:27:16.813 DEBUG 8168 --- [    Test worker] lanBuildingAssociationVisitationStrategy : Building LoadPlan...
2017-09-14 22:27:16.814 DEBUG 8168 --- [    Test worker] h.l.p.e.i.LoadQueryJoinAndFetchProcessor : processing queryspace <gen:0>
2017-09-14 22:27:16.815 DEBUG 8168 --- [    Test worker] o.h.l.p.build.spi.LoadPlanTreePrinter    : LoadPlan(entity=pl.drat.dominik.dao.entity.PresenceWindow)
    - Returns
       - EntityReturnImpl(entity=pl.drat.dominik.dao.entity.PresenceWindow, querySpaceUid=<gen:0>, path=pl.drat.dominik.dao.entity.PresenceWindow)
    - QuerySpaces
       - EntityQuerySpaceImpl(uid=<gen:0>, entity=pl.drat.dominik.dao.entity.PresenceWindow)
          - SQL table alias mapping - presencewi0_
          - alias suffix - 0_
          - suffixed key columns - {id1_3_0_}

2017-09-14 22:27:16.815 DEBUG 8168 --- [    Test worker] o.h.loader.entity.plan.EntityLoader      : Static select for entity pl.drat.dominik.dao.entity.PresenceWindow [PESSIMISTIC_WRITE]: select presencewi0_.id as id1_3_0_, presencewi0_.end_date as end_date2_3_0_, presencewi0_.schedule_id as schedule3_3_0_, presencewi0_.security_code as security4_3_0_, presencewi0_.start_date as start_da5_3_0_ from schedule_presence_window presencewi0_ where presencewi0_.id=? for update
2017-09-14 22:27:16.816 DEBUG 8168 --- [    Test worker] o.h.l.p.b.i.spaces.QuerySpacesImpl       : Adding QuerySpace : uid = <gen:0> -> org.hibernate.loader.plan.build.internal.spaces.EntityQuerySpaceImpl@3131e906]
2017-09-14 22:27:16.816 DEBUG 8168 --- [    Test worker] o.h.p.walking.spi.MetamodelGraphWalker   : Visiting attribute path : endDate
2017-09-14 22:27:16.816 DEBUG 8168 --- [    Test worker] o.h.p.walking.spi.MetamodelGraphWalker   : Visiting attribute path : scheduleId
2017-09-14 22:27:16.816 DEBUG 8168 --- [    Test worker] o.h.p.walking.spi.MetamodelGraphWalker   : Visiting attribute path : securityCode
2017-09-14 22:27:16.816 DEBUG 8168 --- [    Test worker] o.h.p.walking.spi.MetamodelGraphWalker   : Visiting attribute path : startDate
2017-09-14 22:27:16.816 DEBUG 8168 --- [    Test worker] lanBuildingAssociationVisitationStrategy : Building LoadPlan...
2017-09-14 22:27:16.832 DEBUG 8168 --- [    Test worker] h.l.p.e.i.LoadQueryJoinAndFetchProcessor : processing queryspace <gen:0>
2017-09-14 22:27:16.833 DEBUG 8168 --- [    Test worker] o.h.l.p.build.spi.LoadPlanTreePrinter    : LoadPlan(entity=pl.drat.dominik.dao.entity.PresenceWindow)
    - Returns
       - EntityReturnImpl(entity=pl.drat.dominik.dao.entity.PresenceWindow, querySpaceUid=<gen:0>, path=pl.drat.dominik.dao.entity.PresenceWindow)
    - QuerySpaces
       - EntityQuerySpaceImpl(uid=<gen:0>, entity=pl.drat.dominik.dao.entity.PresenceWindow)
          - SQL table alias mapping - presencewi0_
          - alias suffix - 0_
          - suffixed key columns - {id1_3_0_}

2017-09-14 22:27:16.834 DEBUG 8168 --- [    Test worker] o.h.loader.entity.plan.EntityLoader      : Static select for entity pl.drat.dominik.dao.entity.PresenceWindow [PESSIMISTIC_FORCE_INCREMENT]: select presencewi0_.id as id1_3_0_, presencewi0_.end_date as end_date2_3_0_, presencewi0_.schedule_id as schedule3_3_0_, presencewi0_.security_code as security4_3_0_, presencewi0_.start_date as start_da5_3_0_ from schedule_presence_window presencewi0_ where presencewi0_.id=? for update
2017-09-14 22:27:16.835 DEBUG 8168 --- [    Test worker] o.h.l.p.b.i.spaces.QuerySpacesImpl       : Adding QuerySpace : uid = <gen:0> -> org.hibernate.loader.plan.build.internal.spaces.EntityQuerySpaceImpl@299feaee]
2017-09-14 22:27:16.835 DEBUG 8168 --- [    Test worker] o.h.p.walking.spi.MetamodelGraphWalker   : Visiting attribute path : endDate
2017-09-14 22:27:16.835 DEBUG 8168 --- [    Test worker] o.h.p.walking.spi.MetamodelGraphWalker   : Visiting attribute path : scheduleId
2017-09-14 22:27:16.835 DEBUG 8168 --- [    Test worker] o.h.p.walking.spi.MetamodelGraphWalker   : Visiting attribute path : securityCode
2017-09-14 22:27:16.835 DEBUG 8168 --- [    Test worker] o.h.p.walking.spi.MetamodelGraphWalker   : Visiting attribute path : startDate
2017-09-14 22:27:16.835 DEBUG 8168 --- [    Test worker] lanBuildingAssociationVisitationStrategy : Building LoadPlan...
2017-09-14 22:27:16.836 DEBUG 8168 --- [    Test worker] h.l.p.e.i.LoadQueryJoinAndFetchProcessor : processing queryspace <gen:0>
2017-09-14 22:27:16.837 DEBUG 8168 --- [    Test worker] o.h.l.p.build.spi.LoadPlanTreePrinter    : LoadPlan(entity=pl.drat.dominik.dao.entity.PresenceWindow)
    - Returns
       - EntityReturnImpl(entity=pl.drat.dominik.dao.entity.PresenceWindow, querySpaceUid=<gen:0>, path=pl.drat.dominik.dao.entity.PresenceWindow)
    - QuerySpaces
       - EntityQuerySpaceImpl(uid=<gen:0>, entity=pl.drat.dominik.dao.entity.PresenceWindow)
          - SQL table alias mapping - presencewi0_
          - alias suffix - 0_
          - suffixed key columns - {id1_3_0_}

2017-09-14 22:27:16.837 DEBUG 8168 --- [    Test worker] o.h.loader.entity.plan.EntityLoader      : Static select for entity pl.drat.dominik.dao.entity.PresenceWindow [OPTIMISTIC]: select presencewi0_.id as id1_3_0_, presencewi0_.end_date as end_date2_3_0_, presencewi0_.schedule_id as schedule3_3_0_, presencewi0_.security_code as security4_3_0_, presencewi0_.start_date as start_da5_3_0_ from schedule_presence_window presencewi0_ where presencewi0_.id=?
2017-09-14 22:27:16.837 DEBUG 8168 --- [    Test worker] o.h.l.p.b.i.spaces.QuerySpacesImpl       : Adding QuerySpace : uid = <gen:0> -> org.hibernate.loader.plan.build.internal.spaces.EntityQuerySpaceImpl@16158257]
2017-09-14 22:27:16.837 DEBUG 8168 --- [    Test worker] o.h.p.walking.spi.MetamodelGraphWalker   : Visiting attribute path : endDate
2017-09-14 22:27:16.838 DEBUG 8168 --- [    Test worker] o.h.p.walking.spi.MetamodelGraphWalker   : Visiting attribute path : scheduleId
2017-09-14 22:27:16.838 DEBUG 8168 --- [    Test worker] o.h.p.walking.spi.MetamodelGraphWalker   : Visiting attribute path : securityCode
2017-09-14 22:27:16.838 DEBUG 8168 --- [    Test worker] o.h.p.walking.spi.MetamodelGraphWalker   : Visiting attribute path : startDate
2017-09-14 22:27:16.838 DEBUG 8168 --- [    Test worker] lanBuildingAssociationVisitationStrategy : Building LoadPlan...
2017-09-14 22:27:16.839 DEBUG 8168 --- [    Test worker] h.l.p.e.i.LoadQueryJoinAndFetchProcessor : processing queryspace <gen:0>
2017-09-14 22:27:16.840 DEBUG 8168 --- [    Test worker] o.h.l.p.build.spi.LoadPlanTreePrinter    : LoadPlan(entity=pl.drat.dominik.dao.entity.PresenceWindow)
    - Returns
       - EntityReturnImpl(entity=pl.drat.dominik.dao.entity.PresenceWindow, querySpaceUid=<gen:0>, path=pl.drat.dominik.dao.entity.PresenceWindow)
    - QuerySpaces
       - EntityQuerySpaceImpl(uid=<gen:0>, entity=pl.drat.dominik.dao.entity.PresenceWindow)
          - SQL table alias mapping - presencewi0_
          - alias suffix - 0_
          - suffixed key columns - {id1_3_0_}

2017-09-14 22:27:16.840 DEBUG 8168 --- [    Test worker] o.h.loader.entity.plan.EntityLoader      : Static select for entity pl.drat.dominik.dao.entity.PresenceWindow [OPTIMISTIC_FORCE_INCREMENT]: select presencewi0_.id as id1_3_0_, presencewi0_.end_date as end_date2_3_0_, presencewi0_.schedule_id as schedule3_3_0_, presencewi0_.security_code as security4_3_0_, presencewi0_.start_date as start_da5_3_0_ from schedule_presence_window presencewi0_ where presencewi0_.id=?
2017-09-14 22:27:16.840 DEBUG 8168 --- [    Test worker] org.hibernate.loader.Loader              : Static select for action ACTION_MERGE on entity pl.drat.dominik.dao.entity.PresenceWindow: /* load pl.drat.dominik.dao.entity.PresenceWindow */ select presencewi0_.id as id1_3_0_, presencewi0_.end_date as end_date2_3_0_, presencewi0_.schedule_id as schedule3_3_0_, presencewi0_.security_code as security4_3_0_, presencewi0_.start_date as start_da5_3_0_ from schedule_presence_window presencewi0_ where presencewi0_.id=?
2017-09-14 22:27:16.841 DEBUG 8168 --- [    Test worker] org.hibernate.loader.Loader              : Static select for action ACTION_REFRESH on entity pl.drat.dominik.dao.entity.PresenceWindow: /* load pl.drat.dominik.dao.entity.PresenceWindow */ select presencewi0_.id as id1_3_0_, presencewi0_.end_date as end_date2_3_0_, presencewi0_.schedule_id as schedule3_3_0_, presencewi0_.security_code as security4_3_0_, presencewi0_.start_date as start_da5_3_0_ from schedule_presence_window presencewi0_ where presencewi0_.id=?
2017-09-14 22:27:16.842 DEBUG 8168 --- [    Test worker] o.h.p.entity.AbstractEntityPersister     : Static SQL for entity: pl.drat.dominik.dao.entity.Subject
2017-09-14 22:27:16.842 DEBUG 8168 --- [    Test worker] o.h.p.entity.AbstractEntityPersister     :  Version select: /* get version pl.drat.dominik.dao.entity.Subject */ select id from subject where id =?
2017-09-14 22:27:16.842 DEBUG 8168 --- [    Test worker] o.h.p.entity.AbstractEntityPersister     :  Snapshot select: /* get current state pl.drat.dominik.dao.entity.Subject */ select subject_.id, subject_.name as name2_4_, subject_.semester as semester3_4_, subject_.year as year4_4_ from subject subject_ where subject_.id=?
2017-09-14 22:27:16.842 DEBUG 8168 --- [    Test worker] o.h.p.entity.AbstractEntityPersister     :  Insert 0: /* insert pl.drat.dominik.dao.entity.Subject */ insert into subject (name, semester, year, id) values (?, ?, ?, ?)
2017-09-14 22:27:16.842 DEBUG 8168 --- [    Test worker] o.h.p.entity.AbstractEntityPersister     :  Update 0: /* update pl.drat.dominik.dao.entity.Subject */ update subject set name=?, semester=?, year=? where id=?
2017-09-14 22:27:16.842 DEBUG 8168 --- [    Test worker] o.h.p.entity.AbstractEntityPersister     :  Delete 0: /* delete pl.drat.dominik.dao.entity.Subject */ delete from subject where id=?
2017-09-14 22:27:16.842 DEBUG 8168 --- [    Test worker] o.h.p.entity.AbstractEntityPersister     :  Identity insert: /* insert pl.drat.dominik.dao.entity.Subject */ insert into subject (name, semester, year) values (?, ?, ?)
2017-09-14 22:27:16.842 DEBUG 8168 --- [    Test worker] o.h.l.p.b.i.spaces.QuerySpacesImpl       : Adding QuerySpace : uid = <gen:0> -> org.hibernate.loader.plan.build.internal.spaces.EntityQuerySpaceImpl@57d56a8c]
2017-09-14 22:27:16.843 DEBUG 8168 --- [    Test worker] o.h.p.walking.spi.MetamodelGraphWalker   : Visiting attribute path : name
2017-09-14 22:27:16.843 DEBUG 8168 --- [    Test worker] o.h.p.walking.spi.MetamodelGraphWalker   : Visiting attribute path : schedules
2017-09-14 22:27:16.843 DEBUG 8168 --- [    Test worker] o.h.l.p.b.i.spaces.QuerySpacesImpl       : Adding QuerySpace : uid = <gen:1> -> org.hibernate.loader.plan.build.internal.spaces.CollectionQuerySpaceImpl@54bf196e]
2017-09-14 22:27:16.844 DEBUG 8168 --- [    Test worker] o.h.l.p.b.i.spaces.QuerySpacesImpl       : Adding QuerySpace : uid = <gen:2> -> org.hibernate.loader.plan.build.internal.spaces.EntityQuerySpaceImpl@ceabe18]
2017-09-14 22:27:16.855 DEBUG 8168 --- [    Test worker] o.h.p.walking.spi.MetamodelGraphWalker   : Visiting attribute path : schedules.date
2017-09-14 22:27:16.856 DEBUG 8168 --- [    Test worker] o.h.p.walking.spi.MetamodelGraphWalker   : Visiting attribute path : schedules.subject
2017-09-14 22:27:16.857 DEBUG 8168 --- [    Test worker] o.h.p.walking.spi.MetamodelGraphWalker   : Property path deemed to be circular : schedules.subject
2017-09-14 22:27:16.864 DEBUG 8168 --- [    Test worker] o.h.p.walking.spi.MetamodelGraphWalker   : Visiting attribute path : semester
2017-09-14 22:27:16.865 DEBUG 8168 --- [    Test worker] o.h.p.walking.spi.MetamodelGraphWalker   : Visiting attribute path : users
2017-09-14 22:27:16.869 DEBUG 8168 --- [    Test worker] o.h.l.p.b.i.spaces.QuerySpacesImpl       : Adding QuerySpace : uid = <gen:3> -> org.hibernate.loader.plan.build.internal.spaces.CollectionQuerySpaceImpl@62f20860]
2017-09-14 22:27:16.869 DEBUG 8168 --- [    Test worker] o.h.l.p.b.i.spaces.QuerySpacesImpl       : Adding QuerySpace : uid = <gen:4> -> org.hibernate.loader.plan.build.internal.spaces.EntityQuerySpaceImpl@67e94fde]
2017-09-14 22:27:16.869 DEBUG 8168 --- [    Test worker] o.h.p.walking.spi.MetamodelGraphWalker   : Visiting attribute path : year
2017-09-14 22:27:16.869 DEBUG 8168 --- [    Test worker] lanBuildingAssociationVisitationStrategy : Building LoadPlan...
2017-09-14 22:27:16.870 DEBUG 8168 --- [    Test worker] h.l.p.e.i.LoadQueryJoinAndFetchProcessor : processing queryspace <gen:0>
2017-09-14 22:27:16.880 DEBUG 8168 --- [    Test worker] o.h.l.p.build.spi.LoadPlanTreePrinter    : LoadPlan(entity=pl.drat.dominik.dao.entity.Subject)
    - Returns
       - EntityReturnImpl(entity=pl.drat.dominik.dao.entity.Subject, querySpaceUid=<gen:0>, path=pl.drat.dominik.dao.entity.Subject)
          - CollectionAttributeFetchImpl(collection=pl.drat.dominik.dao.entity.Subject.schedules, querySpaceUid=<gen:1>, path=pl.drat.dominik.dao.entity.Subject.schedules)
             - (collection element) CollectionFetchableElementEntityGraph(entity=pl.drat.dominik.dao.entity.Schedule, querySpaceUid=<gen:2>, path=pl.drat.dominik.dao.entity.Subject.schedules.<elements>)
          - CollectionAttributeFetchImpl(collection=pl.drat.dominik.dao.entity.Subject.users, querySpaceUid=<gen:3>, path=pl.drat.dominik.dao.entity.Subject.users)
             - (collection element) CollectionFetchableElementEntityGraph(entity=pl.drat.dominik.dao.entity.User, querySpaceUid=<gen:4>, path=pl.drat.dominik.dao.entity.Subject.users.<elements>)
    - QuerySpaces
       - EntityQuerySpaceImpl(uid=<gen:0>, entity=pl.drat.dominik.dao.entity.Subject)
          - SQL table alias mapping - subject0_
          - alias suffix - 0_
          - suffixed key columns - {id1_4_0_}
          - JOIN (JoinDefinedByMetadata(schedules)) : <gen:0> -> <gen:1>
             - CollectionQuerySpaceImpl(uid=<gen:1>, collection=pl.drat.dominik.dao.entity.Subject.schedules)
                - SQL table alias mapping - schedules1_
                - alias suffix - 1_
                - suffixed key columns - {subject_3_2_1_}
                - entity-element alias suffix - 2_
                - 2_entity-element suffixed key columns - id1_2_2_
                - JOIN (JoinDefinedByMetadata(elements)) : <gen:1> -> <gen:2>
                   - EntityQuerySpaceImpl(uid=<gen:2>, entity=pl.drat.dominik.dao.entity.Schedule)
                      - SQL table alias mapping - schedules1_
                      - alias suffix - 2_
                      - suffixed key columns - {id1_2_2_}

2017-09-14 22:27:16.881 DEBUG 8168 --- [    Test worker] o.h.loader.entity.plan.EntityLoader      : Static select for entity pl.drat.dominik.dao.entity.Subject [NONE]: select subject0_.id as id1_4_0_, subject0_.name as name2_4_0_, subject0_.semester as semester3_4_0_, subject0_.year as year4_4_0_, schedules1_.subject_id as subject_3_2_1_, schedules1_.id as id1_2_1_, schedules1_.id as id1_2_2_, schedules1_.date as date2_2_2_, schedules1_.subject_id as subject_3_2_2_ from subject subject0_ left outer join schedule schedules1_ on subject0_.id=schedules1_.subject_id where subject0_.id=?
2017-09-14 22:27:16.882 DEBUG 8168 --- [    Test worker] o.h.l.p.b.i.spaces.QuerySpacesImpl       : Adding QuerySpace : uid = <gen:0> -> org.hibernate.loader.plan.build.internal.spaces.EntityQuerySpaceImpl@123fd2ee]
2017-09-14 22:27:16.882 DEBUG 8168 --- [    Test worker] o.h.p.walking.spi.MetamodelGraphWalker   : Visiting attribute path : name
2017-09-14 22:27:16.882 DEBUG 8168 --- [    Test worker] o.h.p.walking.spi.MetamodelGraphWalker   : Visiting attribute path : schedules
2017-09-14 22:27:16.882 DEBUG 8168 --- [    Test worker] o.h.l.p.b.i.spaces.QuerySpacesImpl       : Adding QuerySpace : uid = <gen:1> -> org.hibernate.loader.plan.build.internal.spaces.CollectionQuerySpaceImpl@6d2a5bc8]
2017-09-14 22:27:16.882 DEBUG 8168 --- [    Test worker] o.h.l.p.b.i.spaces.QuerySpacesImpl       : Adding QuerySpace : uid = <gen:2> -> org.hibernate.loader.plan.build.internal.spaces.EntityQuerySpaceImpl@4eee57de]
2017-09-14 22:27:16.883 DEBUG 8168 --- [    Test worker] o.h.p.walking.spi.MetamodelGraphWalker   : Visiting attribute path : schedules.date
2017-09-14 22:27:16.883 DEBUG 8168 --- [    Test worker] o.h.p.walking.spi.MetamodelGraphWalker   : Visiting attribute path : schedules.subject
2017-09-14 22:27:16.883 DEBUG 8168 --- [    Test worker] o.h.p.walking.spi.MetamodelGraphWalker   : Property path deemed to be circular : schedules.subject
2017-09-14 22:27:16.883 DEBUG 8168 --- [    Test worker] o.h.p.walking.spi.MetamodelGraphWalker   : Visiting attribute path : semester
2017-09-14 22:27:16.883 DEBUG 8168 --- [    Test worker] o.h.p.walking.spi.MetamodelGraphWalker   : Visiting attribute path : users
2017-09-14 22:27:16.884 DEBUG 8168 --- [    Test worker] o.h.l.p.b.i.spaces.QuerySpacesImpl       : Adding QuerySpace : uid = <gen:3> -> org.hibernate.loader.plan.build.internal.spaces.CollectionQuerySpaceImpl@7987bd1d]
2017-09-14 22:27:16.889 DEBUG 8168 --- [    Test worker] o.h.l.p.b.i.spaces.QuerySpacesImpl       : Adding QuerySpace : uid = <gen:4> -> org.hibernate.loader.plan.build.internal.spaces.EntityQuerySpaceImpl@45eb5554]
2017-09-14 22:27:16.889 DEBUG 8168 --- [    Test worker] o.h.p.walking.spi.MetamodelGraphWalker   : Visiting attribute path : year
2017-09-14 22:27:16.889 DEBUG 8168 --- [    Test worker] lanBuildingAssociationVisitationStrategy : Building LoadPlan...
2017-09-14 22:27:16.890 DEBUG 8168 --- [    Test worker] h.l.p.e.i.LoadQueryJoinAndFetchProcessor : processing queryspace <gen:0>
2017-09-14 22:27:16.904 DEBUG 8168 --- [    Test worker] o.h.l.p.build.spi.LoadPlanTreePrinter    : LoadPlan(entity=pl.drat.dominik.dao.entity.Subject)
    - Returns
       - EntityReturnImpl(entity=pl.drat.dominik.dao.entity.Subject, querySpaceUid=<gen:0>, path=pl.drat.dominik.dao.entity.Subject)
          - CollectionAttributeFetchImpl(collection=pl.drat.dominik.dao.entity.Subject.schedules, querySpaceUid=<gen:1>, path=pl.drat.dominik.dao.entity.Subject.schedules)
             - (collection element) CollectionFetchableElementEntityGraph(entity=pl.drat.dominik.dao.entity.Schedule, querySpaceUid=<gen:2>, path=pl.drat.dominik.dao.entity.Subject.schedules.<elements>)
          - CollectionAttributeFetchImpl(collection=pl.drat.dominik.dao.entity.Subject.users, querySpaceUid=<gen:3>, path=pl.drat.dominik.dao.entity.Subject.users)
             - (collection element) CollectionFetchableElementEntityGraph(entity=pl.drat.dominik.dao.entity.User, querySpaceUid=<gen:4>, path=pl.drat.dominik.dao.entity.Subject.users.<elements>)
    - QuerySpaces
       - EntityQuerySpaceImpl(uid=<gen:0>, entity=pl.drat.dominik.dao.entity.Subject)
          - SQL table alias mapping - subject0_
          - alias suffix - 0_
          - suffixed key columns - {id1_4_0_}
          - JOIN (JoinDefinedByMetadata(schedules)) : <gen:0> -> <gen:1>
             - CollectionQuerySpaceImpl(uid=<gen:1>, collection=pl.drat.dominik.dao.entity.Subject.schedules)
                - SQL table alias mapping - schedules1_
                - alias suffix - 1_
                - suffixed key columns - {subject_3_2_1_}
                - entity-element alias suffix - 2_
                - 2_entity-element suffixed key columns - id1_2_2_
                - JOIN (JoinDefinedByMetadata(elements)) : <gen:1> -> <gen:2>
                   - EntityQuerySpaceImpl(uid=<gen:2>, entity=pl.drat.dominik.dao.entity.Schedule)
                      - SQL table alias mapping - schedules1_
                      - alias suffix - 2_
                      - suffixed key columns - {id1_2_2_}

2017-09-14 22:27:16.904 DEBUG 8168 --- [    Test worker] o.h.loader.entity.plan.EntityLoader      : Static select for entity pl.drat.dominik.dao.entity.Subject [READ]: select subject0_.id as id1_4_0_, subject0_.name as name2_4_0_, subject0_.semester as semester3_4_0_, subject0_.year as year4_4_0_, schedules1_.subject_id as subject_3_2_1_, schedules1_.id as id1_2_1_, schedules1_.id as id1_2_2_, schedules1_.date as date2_2_2_, schedules1_.subject_id as subject_3_2_2_ from subject subject0_ left outer join schedule schedules1_ on subject0_.id=schedules1_.subject_id where subject0_.id=?
2017-09-14 22:27:16.905 DEBUG 8168 --- [    Test worker] o.h.l.p.b.i.spaces.QuerySpacesImpl       : Adding QuerySpace : uid = <gen:0> -> org.hibernate.loader.plan.build.internal.spaces.EntityQuerySpaceImpl@3513698a]
2017-09-14 22:27:16.905 DEBUG 8168 --- [    Test worker] o.h.p.walking.spi.MetamodelGraphWalker   : Visiting attribute path : name
2017-09-14 22:27:16.909 DEBUG 8168 --- [    Test worker] o.h.p.walking.spi.MetamodelGraphWalker   : Visiting attribute path : schedules
2017-09-14 22:27:16.909 DEBUG 8168 --- [    Test worker] o.h.l.p.b.i.spaces.QuerySpacesImpl       : Adding QuerySpace : uid = <gen:1> -> org.hibernate.loader.plan.build.internal.spaces.CollectionQuerySpaceImpl@5580a9b0]
2017-09-14 22:27:16.909 DEBUG 8168 --- [    Test worker] o.h.l.p.b.i.spaces.QuerySpacesImpl       : Adding QuerySpace : uid = <gen:2> -> org.hibernate.loader.plan.build.internal.spaces.EntityQuerySpaceImpl@4a5e07a1]
2017-09-14 22:27:16.909 DEBUG 8168 --- [    Test worker] o.h.p.walking.spi.MetamodelGraphWalker   : Visiting attribute path : semester
2017-09-14 22:27:16.909 DEBUG 8168 --- [    Test worker] o.h.p.walking.spi.MetamodelGraphWalker   : Visiting attribute path : users
2017-09-14 22:27:16.909 DEBUG 8168 --- [    Test worker] o.h.l.p.b.i.spaces.QuerySpacesImpl       : Adding QuerySpace : uid = <gen:3> -> org.hibernate.loader.plan.build.internal.spaces.CollectionQuerySpaceImpl@64af6859]
2017-09-14 22:27:16.910 DEBUG 8168 --- [    Test worker] o.h.l.p.b.i.spaces.QuerySpacesImpl       : Adding QuerySpace : uid = <gen:4> -> org.hibernate.loader.plan.build.internal.spaces.EntityQuerySpaceImpl@2947a868]
2017-09-14 22:27:16.910 DEBUG 8168 --- [    Test worker] o.h.p.walking.spi.MetamodelGraphWalker   : Visiting attribute path : year
2017-09-14 22:27:16.910 DEBUG 8168 --- [    Test worker] lanBuildingAssociationVisitationStrategy : Building LoadPlan...
2017-09-14 22:27:16.910 DEBUG 8168 --- [    Test worker] h.l.p.e.i.LoadQueryJoinAndFetchProcessor : processing queryspace <gen:0>
2017-09-14 22:27:16.912 DEBUG 8168 --- [    Test worker] o.h.l.p.build.spi.LoadPlanTreePrinter    : LoadPlan(entity=pl.drat.dominik.dao.entity.Subject)
    - Returns
       - EntityReturnImpl(entity=pl.drat.dominik.dao.entity.Subject, querySpaceUid=<gen:0>, path=pl.drat.dominik.dao.entity.Subject)
          - CollectionAttributeFetchImpl(collection=pl.drat.dominik.dao.entity.Subject.schedules, querySpaceUid=<gen:1>, path=pl.drat.dominik.dao.entity.Subject.schedules)
             - (collection element) CollectionFetchableElementEntityGraph(entity=pl.drat.dominik.dao.entity.Schedule, querySpaceUid=<gen:2>, path=pl.drat.dominik.dao.entity.Subject.schedules.<elements>)
          - CollectionAttributeFetchImpl(collection=pl.drat.dominik.dao.entity.Subject.users, querySpaceUid=<gen:3>, path=pl.drat.dominik.dao.entity.Subject.users)
             - (collection element) CollectionFetchableElementEntityGraph(entity=pl.drat.dominik.dao.entity.User, querySpaceUid=<gen:4>, path=pl.drat.dominik.dao.entity.Subject.users.<elements>)
    - QuerySpaces
       - EntityQuerySpaceImpl(uid=<gen:0>, entity=pl.drat.dominik.dao.entity.Subject)
          - SQL table alias mapping - subject0_
          - alias suffix - 0_
          - suffixed key columns - {id1_4_0_}

2017-09-14 22:27:16.913 DEBUG 8168 --- [    Test worker] o.h.loader.entity.plan.EntityLoader      : Static select for entity pl.drat.dominik.dao.entity.Subject [UPGRADE]: select subject0_.id as id1_4_0_, subject0_.name as name2_4_0_, subject0_.semester as semester3_4_0_, subject0_.year as year4_4_0_ from subject subject0_ where subject0_.id=? for update
2017-09-14 22:27:16.913 DEBUG 8168 --- [    Test worker] o.h.l.p.b.i.spaces.QuerySpacesImpl       : Adding QuerySpace : uid = <gen:0> -> org.hibernate.loader.plan.build.internal.spaces.EntityQuerySpaceImpl@795a59d9]
2017-09-14 22:27:16.922 DEBUG 8168 --- [    Test worker] o.h.p.walking.spi.MetamodelGraphWalker   : Visiting attribute path : name
2017-09-14 22:27:16.922 DEBUG 8168 --- [    Test worker] o.h.p.walking.spi.MetamodelGraphWalker   : Visiting attribute path : schedules
2017-09-14 22:27:16.922 DEBUG 8168 --- [    Test worker] o.h.l.p.b.i.spaces.QuerySpacesImpl       : Adding QuerySpace : uid = <gen:1> -> org.hibernate.loader.plan.build.internal.spaces.CollectionQuerySpaceImpl@5cf16fd5]
2017-09-14 22:27:16.923 DEBUG 8168 --- [    Test worker] o.h.l.p.b.i.spaces.QuerySpacesImpl       : Adding QuerySpace : uid = <gen:2> -> org.hibernate.loader.plan.build.internal.spaces.EntityQuerySpaceImpl@486188cb]
2017-09-14 22:27:16.929 DEBUG 8168 --- [    Test worker] o.h.p.walking.spi.MetamodelGraphWalker   : Visiting attribute path : semester
2017-09-14 22:27:16.930 DEBUG 8168 --- [    Test worker] o.h.p.walking.spi.MetamodelGraphWalker   : Visiting attribute path : users
2017-09-14 22:27:16.932 DEBUG 8168 --- [    Test worker] o.h.l.p.b.i.spaces.QuerySpacesImpl       : Adding QuerySpace : uid = <gen:3> -> org.hibernate.loader.plan.build.internal.spaces.CollectionQuerySpaceImpl@635e948f]
2017-09-14 22:27:16.932 DEBUG 8168 --- [    Test worker] o.h.l.p.b.i.spaces.QuerySpacesImpl       : Adding QuerySpace : uid = <gen:4> -> org.hibernate.loader.plan.build.internal.spaces.EntityQuerySpaceImpl@39d51362]
2017-09-14 22:27:16.934 DEBUG 8168 --- [    Test worker] o.h.p.walking.spi.MetamodelGraphWalker   : Visiting attribute path : year
2017-09-14 22:27:16.934 DEBUG 8168 --- [    Test worker] lanBuildingAssociationVisitationStrategy : Building LoadPlan...
2017-09-14 22:27:16.935 DEBUG 8168 --- [    Test worker] h.l.p.e.i.LoadQueryJoinAndFetchProcessor : processing queryspace <gen:0>
2017-09-14 22:27:16.936 DEBUG 8168 --- [    Test worker] o.h.l.p.build.spi.LoadPlanTreePrinter    : LoadPlan(entity=pl.drat.dominik.dao.entity.Subject)
    - Returns
       - EntityReturnImpl(entity=pl.drat.dominik.dao.entity.Subject, querySpaceUid=<gen:0>, path=pl.drat.dominik.dao.entity.Subject)
          - CollectionAttributeFetchImpl(collection=pl.drat.dominik.dao.entity.Subject.schedules, querySpaceUid=<gen:1>, path=pl.drat.dominik.dao.entity.Subject.schedules)
             - (collection element) CollectionFetchableElementEntityGraph(entity=pl.drat.dominik.dao.entity.Schedule, querySpaceUid=<gen:2>, path=pl.drat.dominik.dao.entity.Subject.schedules.<elements>)
          - CollectionAttributeFetchImpl(collection=pl.drat.dominik.dao.entity.Subject.users, querySpaceUid=<gen:3>, path=pl.drat.dominik.dao.entity.Subject.users)
             - (collection element) CollectionFetchableElementEntityGraph(entity=pl.drat.dominik.dao.entity.User, querySpaceUid=<gen:4>, path=pl.drat.dominik.dao.entity.Subject.users.<elements>)
    - QuerySpaces
       - EntityQuerySpaceImpl(uid=<gen:0>, entity=pl.drat.dominik.dao.entity.Subject)
          - SQL table alias mapping - subject0_
          - alias suffix - 0_
          - suffixed key columns - {id1_4_0_}

2017-09-14 22:27:16.937 DEBUG 8168 --- [    Test worker] o.h.loader.entity.plan.EntityLoader      : Static select for entity pl.drat.dominik.dao.entity.Subject [UPGRADE_NOWAIT]: select subject0_.id as id1_4_0_, subject0_.name as name2_4_0_, subject0_.semester as semester3_4_0_, subject0_.year as year4_4_0_ from subject subject0_ where subject0_.id=? for update
2017-09-14 22:27:16.937 DEBUG 8168 --- [    Test worker] o.h.l.p.b.i.spaces.QuerySpacesImpl       : Adding QuerySpace : uid = <gen:0> -> org.hibernate.loader.plan.build.internal.spaces.EntityQuerySpaceImpl@6e8d4c4a]
2017-09-14 22:27:16.937 DEBUG 8168 --- [    Test worker] o.h.p.walking.spi.MetamodelGraphWalker   : Visiting attribute path : name
2017-09-14 22:27:16.937 DEBUG 8168 --- [    Test worker] o.h.p.walking.spi.MetamodelGraphWalker   : Visiting attribute path : schedules
2017-09-14 22:27:16.937 DEBUG 8168 --- [    Test worker] o.h.l.p.b.i.spaces.QuerySpacesImpl       : Adding QuerySpace : uid = <gen:1> -> org.hibernate.loader.plan.build.internal.spaces.CollectionQuerySpaceImpl@3d03b5ae]
2017-09-14 22:27:16.938 DEBUG 8168 --- [    Test worker] o.h.l.p.b.i.spaces.QuerySpacesImpl       : Adding QuerySpace : uid = <gen:2> -> org.hibernate.loader.plan.build.internal.spaces.EntityQuerySpaceImpl@2c5cff6f]
2017-09-14 22:27:16.938 DEBUG 8168 --- [    Test worker] o.h.p.walking.spi.MetamodelGraphWalker   : Visiting attribute path : semester
2017-09-14 22:27:16.938 DEBUG 8168 --- [    Test worker] o.h.p.walking.spi.MetamodelGraphWalker   : Visiting attribute path : users
2017-09-14 22:27:16.938 DEBUG 8168 --- [    Test worker] o.h.l.p.b.i.spaces.QuerySpacesImpl       : Adding QuerySpace : uid = <gen:3> -> org.hibernate.loader.plan.build.internal.spaces.CollectionQuerySpaceImpl@28b709b2]
2017-09-14 22:27:16.938 DEBUG 8168 --- [    Test worker] o.h.l.p.b.i.spaces.QuerySpacesImpl       : Adding QuerySpace : uid = <gen:4> -> org.hibernate.loader.plan.build.internal.spaces.EntityQuerySpaceImpl@77b26092]
2017-09-14 22:27:16.938 DEBUG 8168 --- [    Test worker] o.h.p.walking.spi.MetamodelGraphWalker   : Visiting attribute path : year
2017-09-14 22:27:16.938 DEBUG 8168 --- [    Test worker] lanBuildingAssociationVisitationStrategy : Building LoadPlan...
2017-09-14 22:27:16.938 DEBUG 8168 --- [    Test worker] h.l.p.e.i.LoadQueryJoinAndFetchProcessor : processing queryspace <gen:0>
2017-09-14 22:27:16.942 DEBUG 8168 --- [    Test worker] o.h.l.p.build.spi.LoadPlanTreePrinter    : LoadPlan(entity=pl.drat.dominik.dao.entity.Subject)
    - Returns
       - EntityReturnImpl(entity=pl.drat.dominik.dao.entity.Subject, querySpaceUid=<gen:0>, path=pl.drat.dominik.dao.entity.Subject)
          - CollectionAttributeFetchImpl(collection=pl.drat.dominik.dao.entity.Subject.schedules, querySpaceUid=<gen:1>, path=pl.drat.dominik.dao.entity.Subject.schedules)
             - (collection element) CollectionFetchableElementEntityGraph(entity=pl.drat.dominik.dao.entity.Schedule, querySpaceUid=<gen:2>, path=pl.drat.dominik.dao.entity.Subject.schedules.<elements>)
          - CollectionAttributeFetchImpl(collection=pl.drat.dominik.dao.entity.Subject.users, querySpaceUid=<gen:3>, path=pl.drat.dominik.dao.entity.Subject.users)
             - (collection element) CollectionFetchableElementEntityGraph(entity=pl.drat.dominik.dao.entity.User, querySpaceUid=<gen:4>, path=pl.drat.dominik.dao.entity.Subject.users.<elements>)
    - QuerySpaces
       - EntityQuerySpaceImpl(uid=<gen:0>, entity=pl.drat.dominik.dao.entity.Subject)
          - SQL table alias mapping - subject0_
          - alias suffix - 0_
          - suffixed key columns - {id1_4_0_}

2017-09-14 22:27:16.942 DEBUG 8168 --- [    Test worker] o.h.loader.entity.plan.EntityLoader      : Static select for entity pl.drat.dominik.dao.entity.Subject [UPGRADE_SKIPLOCKED]: select subject0_.id as id1_4_0_, subject0_.name as name2_4_0_, subject0_.semester as semester3_4_0_, subject0_.year as year4_4_0_ from subject subject0_ where subject0_.id=? for update
2017-09-14 22:27:16.942 DEBUG 8168 --- [    Test worker] o.h.l.p.b.i.spaces.QuerySpacesImpl       : Adding QuerySpace : uid = <gen:0> -> org.hibernate.loader.plan.build.internal.spaces.EntityQuerySpaceImpl@573c150f]
2017-09-14 22:27:16.942 DEBUG 8168 --- [    Test worker] o.h.p.walking.spi.MetamodelGraphWalker   : Visiting attribute path : name
2017-09-14 22:27:16.943 DEBUG 8168 --- [    Test worker] o.h.p.walking.spi.MetamodelGraphWalker   : Visiting attribute path : schedules
2017-09-14 22:27:16.943 DEBUG 8168 --- [    Test worker] o.h.l.p.b.i.spaces.QuerySpacesImpl       : Adding QuerySpace : uid = <gen:1> -> org.hibernate.loader.plan.build.internal.spaces.CollectionQuerySpaceImpl@c3a4fa1]
2017-09-14 22:27:16.943 DEBUG 8168 --- [    Test worker] o.h.l.p.b.i.spaces.QuerySpacesImpl       : Adding QuerySpace : uid = <gen:2> -> org.hibernate.loader.plan.build.internal.spaces.EntityQuerySpaceImpl@68e81844]
2017-09-14 22:27:16.944 DEBUG 8168 --- [    Test worker] o.h.p.walking.spi.MetamodelGraphWalker   : Visiting attribute path : semester
2017-09-14 22:27:16.944 DEBUG 8168 --- [    Test worker] o.h.p.walking.spi.MetamodelGraphWalker   : Visiting attribute path : users
2017-09-14 22:27:16.944 DEBUG 8168 --- [    Test worker] o.h.l.p.b.i.spaces.QuerySpacesImpl       : Adding QuerySpace : uid = <gen:3> -> org.hibernate.loader.plan.build.internal.spaces.CollectionQuerySpaceImpl@5f4bfc3b]
2017-09-14 22:27:16.945 DEBUG 8168 --- [    Test worker] o.h.l.p.b.i.spaces.QuerySpacesImpl       : Adding QuerySpace : uid = <gen:4> -> org.hibernate.loader.plan.build.internal.spaces.EntityQuerySpaceImpl@42fee0fd]
2017-09-14 22:27:16.945 DEBUG 8168 --- [    Test worker] o.h.p.walking.spi.MetamodelGraphWalker   : Visiting attribute path : year
2017-09-14 22:27:16.945 DEBUG 8168 --- [    Test worker] lanBuildingAssociationVisitationStrategy : Building LoadPlan...
2017-09-14 22:27:16.945 DEBUG 8168 --- [    Test worker] h.l.p.e.i.LoadQueryJoinAndFetchProcessor : processing queryspace <gen:0>
2017-09-14 22:27:16.946 DEBUG 8168 --- [    Test worker] o.h.l.p.build.spi.LoadPlanTreePrinter    : LoadPlan(entity=pl.drat.dominik.dao.entity.Subject)
    - Returns
       - EntityReturnImpl(entity=pl.drat.dominik.dao.entity.Subject, querySpaceUid=<gen:0>, path=pl.drat.dominik.dao.entity.Subject)
          - CollectionAttributeFetchImpl(collection=pl.drat.dominik.dao.entity.Subject.schedules, querySpaceUid=<gen:1>, path=pl.drat.dominik.dao.entity.Subject.schedules)
             - (collection element) CollectionFetchableElementEntityGraph(entity=pl.drat.dominik.dao.entity.Schedule, querySpaceUid=<gen:2>, path=pl.drat.dominik.dao.entity.Subject.schedules.<elements>)
          - CollectionAttributeFetchImpl(collection=pl.drat.dominik.dao.entity.Subject.users, querySpaceUid=<gen:3>, path=pl.drat.dominik.dao.entity.Subject.users)
             - (collection element) CollectionFetchableElementEntityGraph(entity=pl.drat.dominik.dao.entity.User, querySpaceUid=<gen:4>, path=pl.drat.dominik.dao.entity.Subject.users.<elements>)
    - QuerySpaces
       - EntityQuerySpaceImpl(uid=<gen:0>, entity=pl.drat.dominik.dao.entity.Subject)
          - SQL table alias mapping - subject0_
          - alias suffix - 0_
          - suffixed key columns - {id1_4_0_}

2017-09-14 22:27:16.946 DEBUG 8168 --- [    Test worker] o.h.loader.entity.plan.EntityLoader      : Static select for entity pl.drat.dominik.dao.entity.Subject [FORCE]: select subject0_.id as id1_4_0_, subject0_.name as name2_4_0_, subject0_.semester as semester3_4_0_, subject0_.year as year4_4_0_ from subject subject0_ where subject0_.id=? for update
2017-09-14 22:27:16.946 DEBUG 8168 --- [    Test worker] o.h.l.p.b.i.spaces.QuerySpacesImpl       : Adding QuerySpace : uid = <gen:0> -> org.hibernate.loader.plan.build.internal.spaces.EntityQuerySpaceImpl@1ce7e844]
2017-09-14 22:27:16.947 DEBUG 8168 --- [    Test worker] o.h.p.walking.spi.MetamodelGraphWalker   : Visiting attribute path : name
2017-09-14 22:27:16.947 DEBUG 8168 --- [    Test worker] o.h.p.walking.spi.MetamodelGraphWalker   : Visiting attribute path : schedules
2017-09-14 22:27:16.947 DEBUG 8168 --- [    Test worker] o.h.l.p.b.i.spaces.QuerySpacesImpl       : Adding QuerySpace : uid = <gen:1> -> org.hibernate.loader.plan.build.internal.spaces.CollectionQuerySpaceImpl@344f6137]
2017-09-14 22:27:16.947 DEBUG 8168 --- [    Test worker] o.h.l.p.b.i.spaces.QuerySpacesImpl       : Adding QuerySpace : uid = <gen:2> -> org.hibernate.loader.plan.build.internal.spaces.EntityQuerySpaceImpl@103964b]
2017-09-14 22:27:16.947 DEBUG 8168 --- [    Test worker] o.h.p.walking.spi.MetamodelGraphWalker   : Visiting attribute path : semester
2017-09-14 22:27:16.947 DEBUG 8168 --- [    Test worker] o.h.p.walking.spi.MetamodelGraphWalker   : Visiting attribute path : users
2017-09-14 22:27:16.948 DEBUG 8168 --- [    Test worker] o.h.l.p.b.i.spaces.QuerySpacesImpl       : Adding QuerySpace : uid = <gen:3> -> org.hibernate.loader.plan.build.internal.spaces.CollectionQuerySpaceImpl@2285ebe7]
2017-09-14 22:27:16.948 DEBUG 8168 --- [    Test worker] o.h.l.p.b.i.spaces.QuerySpacesImpl       : Adding QuerySpace : uid = <gen:4> -> org.hibernate.loader.plan.build.internal.spaces.EntityQuerySpaceImpl@39b68eca]
2017-09-14 22:27:16.948 DEBUG 8168 --- [    Test worker] o.h.p.walking.spi.MetamodelGraphWalker   : Visiting attribute path : year
2017-09-14 22:27:16.948 DEBUG 8168 --- [    Test worker] lanBuildingAssociationVisitationStrategy : Building LoadPlan...
2017-09-14 22:27:16.948 DEBUG 8168 --- [    Test worker] h.l.p.e.i.LoadQueryJoinAndFetchProcessor : processing queryspace <gen:0>
2017-09-14 22:27:16.949 DEBUG 8168 --- [    Test worker] o.h.l.p.build.spi.LoadPlanTreePrinter    : LoadPlan(entity=pl.drat.dominik.dao.entity.Subject)
    - Returns
       - EntityReturnImpl(entity=pl.drat.dominik.dao.entity.Subject, querySpaceUid=<gen:0>, path=pl.drat.dominik.dao.entity.Subject)
          - CollectionAttributeFetchImpl(collection=pl.drat.dominik.dao.entity.Subject.schedules, querySpaceUid=<gen:1>, path=pl.drat.dominik.dao.entity.Subject.schedules)
             - (collection element) CollectionFetchableElementEntityGraph(entity=pl.drat.dominik.dao.entity.Schedule, querySpaceUid=<gen:2>, path=pl.drat.dominik.dao.entity.Subject.schedules.<elements>)
          - CollectionAttributeFetchImpl(collection=pl.drat.dominik.dao.entity.Subject.users, querySpaceUid=<gen:3>, path=pl.drat.dominik.dao.entity.Subject.users)
             - (collection element) CollectionFetchableElementEntityGraph(entity=pl.drat.dominik.dao.entity.User, querySpaceUid=<gen:4>, path=pl.drat.dominik.dao.entity.Subject.users.<elements>)
    - QuerySpaces
       - EntityQuerySpaceImpl(uid=<gen:0>, entity=pl.drat.dominik.dao.entity.Subject)
          - SQL table alias mapping - subject0_
          - alias suffix - 0_
          - suffixed key columns - {id1_4_0_}

2017-09-14 22:27:16.949 DEBUG 8168 --- [    Test worker] o.h.loader.entity.plan.EntityLoader      : Static select for entity pl.drat.dominik.dao.entity.Subject [PESSIMISTIC_READ]: select subject0_.id as id1_4_0_, subject0_.name as name2_4_0_, subject0_.semester as semester3_4_0_, subject0_.year as year4_4_0_ from subject subject0_ where subject0_.id=? lock in share mode
2017-09-14 22:27:16.949 DEBUG 8168 --- [    Test worker] o.h.l.p.b.i.spaces.QuerySpacesImpl       : Adding QuerySpace : uid = <gen:0> -> org.hibernate.loader.plan.build.internal.spaces.EntityQuerySpaceImpl@76bf1612]
2017-09-14 22:27:16.950 DEBUG 8168 --- [    Test worker] o.h.p.walking.spi.MetamodelGraphWalker   : Visiting attribute path : name
2017-09-14 22:27:16.950 DEBUG 8168 --- [    Test worker] o.h.p.walking.spi.MetamodelGraphWalker   : Visiting attribute path : schedules
2017-09-14 22:27:16.950 DEBUG 8168 --- [    Test worker] o.h.l.p.b.i.spaces.QuerySpacesImpl       : Adding QuerySpace : uid = <gen:1> -> org.hibernate.loader.plan.build.internal.spaces.CollectionQuerySpaceImpl@66c47306]
2017-09-14 22:27:16.950 DEBUG 8168 --- [    Test worker] o.h.l.p.b.i.spaces.QuerySpacesImpl       : Adding QuerySpace : uid = <gen:2> -> org.hibernate.loader.plan.build.internal.spaces.EntityQuerySpaceImpl@6b8961ca]
2017-09-14 22:27:16.950 DEBUG 8168 --- [    Test worker] o.h.p.walking.spi.MetamodelGraphWalker   : Visiting attribute path : semester
2017-09-14 22:27:16.950 DEBUG 8168 --- [    Test worker] o.h.p.walking.spi.MetamodelGraphWalker   : Visiting attribute path : users
2017-09-14 22:27:16.950 DEBUG 8168 --- [    Test worker] o.h.l.p.b.i.spaces.QuerySpacesImpl       : Adding QuerySpace : uid = <gen:3> -> org.hibernate.loader.plan.build.internal.spaces.CollectionQuerySpaceImpl@6508f52f]
2017-09-14 22:27:16.950 DEBUG 8168 --- [    Test worker] o.h.l.p.b.i.spaces.QuerySpacesImpl       : Adding QuerySpace : uid = <gen:4> -> org.hibernate.loader.plan.build.internal.spaces.EntityQuerySpaceImpl@15d137a9]
2017-09-14 22:27:16.950 DEBUG 8168 --- [    Test worker] o.h.p.walking.spi.MetamodelGraphWalker   : Visiting attribute path : year
2017-09-14 22:27:16.950 DEBUG 8168 --- [    Test worker] lanBuildingAssociationVisitationStrategy : Building LoadPlan...
2017-09-14 22:27:16.952 DEBUG 8168 --- [    Test worker] h.l.p.e.i.LoadQueryJoinAndFetchProcessor : processing queryspace <gen:0>
2017-09-14 22:27:16.953 DEBUG 8168 --- [    Test worker] o.h.l.p.build.spi.LoadPlanTreePrinter    : LoadPlan(entity=pl.drat.dominik.dao.entity.Subject)
    - Returns
       - EntityReturnImpl(entity=pl.drat.dominik.dao.entity.Subject, querySpaceUid=<gen:0>, path=pl.drat.dominik.dao.entity.Subject)
          - CollectionAttributeFetchImpl(collection=pl.drat.dominik.dao.entity.Subject.schedules, querySpaceUid=<gen:1>, path=pl.drat.dominik.dao.entity.Subject.schedules)
             - (collection element) CollectionFetchableElementEntityGraph(entity=pl.drat.dominik.dao.entity.Schedule, querySpaceUid=<gen:2>, path=pl.drat.dominik.dao.entity.Subject.schedules.<elements>)
          - CollectionAttributeFetchImpl(collection=pl.drat.dominik.dao.entity.Subject.users, querySpaceUid=<gen:3>, path=pl.drat.dominik.dao.entity.Subject.users)
             - (collection element) CollectionFetchableElementEntityGraph(entity=pl.drat.dominik.dao.entity.User, querySpaceUid=<gen:4>, path=pl.drat.dominik.dao.entity.Subject.users.<elements>)
    - QuerySpaces
       - EntityQuerySpaceImpl(uid=<gen:0>, entity=pl.drat.dominik.dao.entity.Subject)
          - SQL table alias mapping - subject0_
          - alias suffix - 0_
          - suffixed key columns - {id1_4_0_}

2017-09-14 22:27:16.954 DEBUG 8168 --- [    Test worker] o.h.loader.entity.plan.EntityLoader      : Static select for entity pl.drat.dominik.dao.entity.Subject [PESSIMISTIC_WRITE]: select subject0_.id as id1_4_0_, subject0_.name as name2_4_0_, subject0_.semester as semester3_4_0_, subject0_.year as year4_4_0_ from subject subject0_ where subject0_.id=? for update
2017-09-14 22:27:16.956 DEBUG 8168 --- [    Test worker] o.h.l.p.b.i.spaces.QuerySpacesImpl       : Adding QuerySpace : uid = <gen:0> -> org.hibernate.loader.plan.build.internal.spaces.EntityQuerySpaceImpl@50c82a56]
2017-09-14 22:27:16.956 DEBUG 8168 --- [    Test worker] o.h.p.walking.spi.MetamodelGraphWalker   : Visiting attribute path : name
2017-09-14 22:27:16.956 DEBUG 8168 --- [    Test worker] o.h.p.walking.spi.MetamodelGraphWalker   : Visiting attribute path : schedules
2017-09-14 22:27:16.956 DEBUG 8168 --- [    Test worker] o.h.l.p.b.i.spaces.QuerySpacesImpl       : Adding QuerySpace : uid = <gen:1> -> org.hibernate.loader.plan.build.internal.spaces.CollectionQuerySpaceImpl@526ca40b]
2017-09-14 22:27:16.956 DEBUG 8168 --- [    Test worker] o.h.l.p.b.i.spaces.QuerySpacesImpl       : Adding QuerySpace : uid = <gen:2> -> org.hibernate.loader.plan.build.internal.spaces.EntityQuerySpaceImpl@4e9cad90]
2017-09-14 22:27:16.956 DEBUG 8168 --- [    Test worker] o.h.p.walking.spi.MetamodelGraphWalker   : Visiting attribute path : semester
2017-09-14 22:27:16.956 DEBUG 8168 --- [    Test worker] o.h.p.walking.spi.MetamodelGraphWalker   : Visiting attribute path : users
2017-09-14 22:27:16.956 DEBUG 8168 --- [    Test worker] o.h.l.p.b.i.spaces.QuerySpacesImpl       : Adding QuerySpace : uid = <gen:3> -> org.hibernate.loader.plan.build.internal.spaces.CollectionQuerySpaceImpl@5f17a48f]
2017-09-14 22:27:16.957 DEBUG 8168 --- [    Test worker] o.h.l.p.b.i.spaces.QuerySpacesImpl       : Adding QuerySpace : uid = <gen:4> -> org.hibernate.loader.plan.build.internal.spaces.EntityQuerySpaceImpl@53c1c3ef]
2017-09-14 22:27:16.957 DEBUG 8168 --- [    Test worker] o.h.p.walking.spi.MetamodelGraphWalker   : Visiting attribute path : year
2017-09-14 22:27:16.957 DEBUG 8168 --- [    Test worker] lanBuildingAssociationVisitationStrategy : Building LoadPlan...
2017-09-14 22:27:16.957 DEBUG 8168 --- [    Test worker] h.l.p.e.i.LoadQueryJoinAndFetchProcessor : processing queryspace <gen:0>
2017-09-14 22:27:16.958 DEBUG 8168 --- [    Test worker] o.h.l.p.build.spi.LoadPlanTreePrinter    : LoadPlan(entity=pl.drat.dominik.dao.entity.Subject)
    - Returns
       - EntityReturnImpl(entity=pl.drat.dominik.dao.entity.Subject, querySpaceUid=<gen:0>, path=pl.drat.dominik.dao.entity.Subject)
          - CollectionAttributeFetchImpl(collection=pl.drat.dominik.dao.entity.Subject.schedules, querySpaceUid=<gen:1>, path=pl.drat.dominik.dao.entity.Subject.schedules)
             - (collection element) CollectionFetchableElementEntityGraph(entity=pl.drat.dominik.dao.entity.Schedule, querySpaceUid=<gen:2>, path=pl.drat.dominik.dao.entity.Subject.schedules.<elements>)
          - CollectionAttributeFetchImpl(collection=pl.drat.dominik.dao.entity.Subject.users, querySpaceUid=<gen:3>, path=pl.drat.dominik.dao.entity.Subject.users)
             - (collection element) CollectionFetchableElementEntityGraph(entity=pl.drat.dominik.dao.entity.User, querySpaceUid=<gen:4>, path=pl.drat.dominik.dao.entity.Subject.users.<elements>)
    - QuerySpaces
       - EntityQuerySpaceImpl(uid=<gen:0>, entity=pl.drat.dominik.dao.entity.Subject)
          - SQL table alias mapping - subject0_
          - alias suffix - 0_
          - suffixed key columns - {id1_4_0_}

2017-09-14 22:27:16.958 DEBUG 8168 --- [    Test worker] o.h.loader.entity.plan.EntityLoader      : Static select for entity pl.drat.dominik.dao.entity.Subject [PESSIMISTIC_FORCE_INCREMENT]: select subject0_.id as id1_4_0_, subject0_.name as name2_4_0_, subject0_.semester as semester3_4_0_, subject0_.year as year4_4_0_ from subject subject0_ where subject0_.id=? for update
2017-09-14 22:27:16.958 DEBUG 8168 --- [    Test worker] o.h.l.p.b.i.spaces.QuerySpacesImpl       : Adding QuerySpace : uid = <gen:0> -> org.hibernate.loader.plan.build.internal.spaces.EntityQuerySpaceImpl@643a6960]
2017-09-14 22:27:16.958 DEBUG 8168 --- [    Test worker] o.h.p.walking.spi.MetamodelGraphWalker   : Visiting attribute path : name
2017-09-14 22:27:16.958 DEBUG 8168 --- [    Test worker] o.h.p.walking.spi.MetamodelGraphWalker   : Visiting attribute path : schedules
2017-09-14 22:27:16.959 DEBUG 8168 --- [    Test worker] o.h.l.p.b.i.spaces.QuerySpacesImpl       : Adding QuerySpace : uid = <gen:1> -> org.hibernate.loader.plan.build.internal.spaces.CollectionQuerySpaceImpl@2db04ee5]
2017-09-14 22:27:16.959 DEBUG 8168 --- [    Test worker] o.h.l.p.b.i.spaces.QuerySpacesImpl       : Adding QuerySpace : uid = <gen:2> -> org.hibernate.loader.plan.build.internal.spaces.EntityQuerySpaceImpl@70b32e07]
2017-09-14 22:27:16.959 DEBUG 8168 --- [    Test worker] o.h.p.walking.spi.MetamodelGraphWalker   : Visiting attribute path : semester
2017-09-14 22:27:16.959 DEBUG 8168 --- [    Test worker] o.h.p.walking.spi.MetamodelGraphWalker   : Visiting attribute path : users
2017-09-14 22:27:16.959 DEBUG 8168 --- [    Test worker] o.h.l.p.b.i.spaces.QuerySpacesImpl       : Adding QuerySpace : uid = <gen:3> -> org.hibernate.loader.plan.build.internal.spaces.CollectionQuerySpaceImpl@47752818]
2017-09-14 22:27:16.959 DEBUG 8168 --- [    Test worker] o.h.l.p.b.i.spaces.QuerySpacesImpl       : Adding QuerySpace : uid = <gen:4> -> org.hibernate.loader.plan.build.internal.spaces.EntityQuerySpaceImpl@514ebc4]
2017-09-14 22:27:16.959 DEBUG 8168 --- [    Test worker] o.h.p.walking.spi.MetamodelGraphWalker   : Visiting attribute path : year
2017-09-14 22:27:16.959 DEBUG 8168 --- [    Test worker] lanBuildingAssociationVisitationStrategy : Building LoadPlan...
2017-09-14 22:27:16.959 DEBUG 8168 --- [    Test worker] h.l.p.e.i.LoadQueryJoinAndFetchProcessor : processing queryspace <gen:0>
2017-09-14 22:27:16.962 DEBUG 8168 --- [    Test worker] o.h.l.p.build.spi.LoadPlanTreePrinter    : LoadPlan(entity=pl.drat.dominik.dao.entity.Subject)
    - Returns
       - EntityReturnImpl(entity=pl.drat.dominik.dao.entity.Subject, querySpaceUid=<gen:0>, path=pl.drat.dominik.dao.entity.Subject)
          - CollectionAttributeFetchImpl(collection=pl.drat.dominik.dao.entity.Subject.schedules, querySpaceUid=<gen:1>, path=pl.drat.dominik.dao.entity.Subject.schedules)
             - (collection element) CollectionFetchableElementEntityGraph(entity=pl.drat.dominik.dao.entity.Schedule, querySpaceUid=<gen:2>, path=pl.drat.dominik.dao.entity.Subject.schedules.<elements>)
          - CollectionAttributeFetchImpl(collection=pl.drat.dominik.dao.entity.Subject.users, querySpaceUid=<gen:3>, path=pl.drat.dominik.dao.entity.Subject.users)
             - (collection element) CollectionFetchableElementEntityGraph(entity=pl.drat.dominik.dao.entity.User, querySpaceUid=<gen:4>, path=pl.drat.dominik.dao.entity.Subject.users.<elements>)
    - QuerySpaces
       - EntityQuerySpaceImpl(uid=<gen:0>, entity=pl.drat.dominik.dao.entity.Subject)
          - SQL table alias mapping - subject0_
          - alias suffix - 0_
          - suffixed key columns - {id1_4_0_}

2017-09-14 22:27:16.962 DEBUG 8168 --- [    Test worker] o.h.loader.entity.plan.EntityLoader      : Static select for entity pl.drat.dominik.dao.entity.Subject [OPTIMISTIC]: select subject0_.id as id1_4_0_, subject0_.name as name2_4_0_, subject0_.semester as semester3_4_0_, subject0_.year as year4_4_0_ from subject subject0_ where subject0_.id=?
2017-09-14 22:27:16.962 DEBUG 8168 --- [    Test worker] o.h.l.p.b.i.spaces.QuerySpacesImpl       : Adding QuerySpace : uid = <gen:0> -> org.hibernate.loader.plan.build.internal.spaces.EntityQuerySpaceImpl@2a7c5ae5]
2017-09-14 22:27:16.963 DEBUG 8168 --- [    Test worker] o.h.p.walking.spi.MetamodelGraphWalker   : Visiting attribute path : name
2017-09-14 22:27:16.963 DEBUG 8168 --- [    Test worker] o.h.p.walking.spi.MetamodelGraphWalker   : Visiting attribute path : schedules
2017-09-14 22:27:16.963 DEBUG 8168 --- [    Test worker] o.h.l.p.b.i.spaces.QuerySpacesImpl       : Adding QuerySpace : uid = <gen:1> -> org.hibernate.loader.plan.build.internal.spaces.CollectionQuerySpaceImpl@2d0d5f31]
2017-09-14 22:27:16.963 DEBUG 8168 --- [    Test worker] o.h.l.p.b.i.spaces.QuerySpacesImpl       : Adding QuerySpace : uid = <gen:2> -> org.hibernate.loader.plan.build.internal.spaces.EntityQuerySpaceImpl@f65cb9f]
2017-09-14 22:27:16.965 DEBUG 8168 --- [    Test worker] o.h.p.walking.spi.MetamodelGraphWalker   : Visiting attribute path : semester
2017-09-14 22:27:16.965 DEBUG 8168 --- [    Test worker] o.h.p.walking.spi.MetamodelGraphWalker   : Visiting attribute path : users
2017-09-14 22:27:16.965 DEBUG 8168 --- [    Test worker] o.h.l.p.b.i.spaces.QuerySpacesImpl       : Adding QuerySpace : uid = <gen:3> -> org.hibernate.loader.plan.build.internal.spaces.CollectionQuerySpaceImpl@470603e4]
2017-09-14 22:27:16.965 DEBUG 8168 --- [    Test worker] o.h.l.p.b.i.spaces.QuerySpacesImpl       : Adding QuerySpace : uid = <gen:4> -> org.hibernate.loader.plan.build.internal.spaces.EntityQuerySpaceImpl@3072daed]
2017-09-14 22:27:16.966 DEBUG 8168 --- [    Test worker] o.h.p.walking.spi.MetamodelGraphWalker   : Visiting attribute path : year
2017-09-14 22:27:16.966 DEBUG 8168 --- [    Test worker] lanBuildingAssociationVisitationStrategy : Building LoadPlan...
2017-09-14 22:27:16.966 DEBUG 8168 --- [    Test worker] h.l.p.e.i.LoadQueryJoinAndFetchProcessor : processing queryspace <gen:0>
2017-09-14 22:27:16.967 DEBUG 8168 --- [    Test worker] o.h.l.p.build.spi.LoadPlanTreePrinter    : LoadPlan(entity=pl.drat.dominik.dao.entity.Subject)
    - Returns
       - EntityReturnImpl(entity=pl.drat.dominik.dao.entity.Subject, querySpaceUid=<gen:0>, path=pl.drat.dominik.dao.entity.Subject)
          - CollectionAttributeFetchImpl(collection=pl.drat.dominik.dao.entity.Subject.schedules, querySpaceUid=<gen:1>, path=pl.drat.dominik.dao.entity.Subject.schedules)
             - (collection element) CollectionFetchableElementEntityGraph(entity=pl.drat.dominik.dao.entity.Schedule, querySpaceUid=<gen:2>, path=pl.drat.dominik.dao.entity.Subject.schedules.<elements>)
          - CollectionAttributeFetchImpl(collection=pl.drat.dominik.dao.entity.Subject.users, querySpaceUid=<gen:3>, path=pl.drat.dominik.dao.entity.Subject.users)
             - (collection element) CollectionFetchableElementEntityGraph(entity=pl.drat.dominik.dao.entity.User, querySpaceUid=<gen:4>, path=pl.drat.dominik.dao.entity.Subject.users.<elements>)
    - QuerySpaces
       - EntityQuerySpaceImpl(uid=<gen:0>, entity=pl.drat.dominik.dao.entity.Subject)
          - SQL table alias mapping - subject0_
          - alias suffix - 0_
          - suffixed key columns - {id1_4_0_}

2017-09-14 22:27:16.967 DEBUG 8168 --- [    Test worker] o.h.loader.entity.plan.EntityLoader      : Static select for entity pl.drat.dominik.dao.entity.Subject [OPTIMISTIC_FORCE_INCREMENT]: select subject0_.id as id1_4_0_, subject0_.name as name2_4_0_, subject0_.semester as semester3_4_0_, subject0_.year as year4_4_0_ from subject subject0_ where subject0_.id=?
2017-09-14 22:27:16.968 DEBUG 8168 --- [    Test worker] org.hibernate.loader.Loader              : Static select for action ACTION_MERGE on entity pl.drat.dominik.dao.entity.Subject: /* load pl.drat.dominik.dao.entity.Subject */ select subject0_.id as id1_4_1_, subject0_.name as name2_4_1_, subject0_.semester as semester3_4_1_, subject0_.year as year4_4_1_, schedules1_.subject_id as subject_3_2_3_, schedules1_.id as id1_2_3_, schedules1_.id as id1_2_0_, schedules1_.date as date2_2_0_, schedules1_.subject_id as subject_3_2_0_ from subject subject0_ left outer join schedule schedules1_ on subject0_.id=schedules1_.subject_id where subject0_.id=?
2017-09-14 22:27:16.969 DEBUG 8168 --- [    Test worker] org.hibernate.loader.Loader              : Static select for action ACTION_REFRESH on entity pl.drat.dominik.dao.entity.Subject: /* load pl.drat.dominik.dao.entity.Subject */ select subject0_.id as id1_4_1_, subject0_.name as name2_4_1_, subject0_.semester as semester3_4_1_, subject0_.year as year4_4_1_, schedules1_.subject_id as subject_3_2_3_, schedules1_.id as id1_2_3_, schedules1_.id as id1_2_0_, schedules1_.date as date2_2_0_, schedules1_.subject_id as subject_3_2_0_ from subject subject0_ left outer join schedule schedules1_ on subject0_.id=schedules1_.subject_id where subject0_.id=?
2017-09-14 22:27:16.969 DEBUG 8168 --- [    Test worker] o.h.p.entity.AbstractEntityPersister     : Static SQL for entity: pl.drat.dominik.dao.entity.User
2017-09-14 22:27:16.970 DEBUG 8168 --- [    Test worker] o.h.p.entity.AbstractEntityPersister     :  Version select: /* get version pl.drat.dominik.dao.entity.User */ select id from user where id =?
2017-09-14 22:27:16.970 DEBUG 8168 --- [    Test worker] o.h.p.entity.AbstractEntityPersister     :  Snapshot select: /* get current state pl.drat.dominik.dao.entity.User */ select user_.id, user_.email as email2_6_, user_.first_name as first_na3_6_, user_.last_name as last_nam4_6_, user_.password as password5_6_, user_.role as role6_6_ from user user_ where user_.id=?
2017-09-14 22:27:16.970 DEBUG 8168 --- [    Test worker] o.h.p.entity.AbstractEntityPersister     :  Insert 0: /* insert pl.drat.dominik.dao.entity.User */ insert into user (email, first_name, last_name, password, role, id) values (?, ?, ?, ?, ?, ?)
2017-09-14 22:27:16.970 DEBUG 8168 --- [    Test worker] o.h.p.entity.AbstractEntityPersister     :  Update 0: /* update pl.drat.dominik.dao.entity.User */ update user set email=?, first_name=?, last_name=?, password=?, role=? where id=?
2017-09-14 22:27:16.970 DEBUG 8168 --- [    Test worker] o.h.p.entity.AbstractEntityPersister     :  Delete 0: /* delete pl.drat.dominik.dao.entity.User */ delete from user where id=?
2017-09-14 22:27:16.970 DEBUG 8168 --- [    Test worker] o.h.p.entity.AbstractEntityPersister     :  Identity insert: /* insert pl.drat.dominik.dao.entity.User */ insert into user (email, first_name, last_name, password, role) values (?, ?, ?, ?, ?)
2017-09-14 22:27:16.970 DEBUG 8168 --- [    Test worker] o.h.l.p.b.i.spaces.QuerySpacesImpl       : Adding QuerySpace : uid = <gen:0> -> org.hibernate.loader.plan.build.internal.spaces.EntityQuerySpaceImpl@7741ef05]
2017-09-14 22:27:16.970 DEBUG 8168 --- [    Test worker] o.h.p.walking.spi.MetamodelGraphWalker   : Visiting attribute path : email
2017-09-14 22:27:16.970 DEBUG 8168 --- [    Test worker] o.h.p.walking.spi.MetamodelGraphWalker   : Visiting attribute path : firstName
2017-09-14 22:27:16.971 DEBUG 8168 --- [    Test worker] o.h.p.walking.spi.MetamodelGraphWalker   : Visiting attribute path : lastName
2017-09-14 22:27:16.971 DEBUG 8168 --- [    Test worker] o.h.p.walking.spi.MetamodelGraphWalker   : Visiting attribute path : password
2017-09-14 22:27:16.971 DEBUG 8168 --- [    Test worker] o.h.p.walking.spi.MetamodelGraphWalker   : Visiting attribute path : role
2017-09-14 22:27:16.971 DEBUG 8168 --- [    Test worker] o.h.p.walking.spi.MetamodelGraphWalker   : Visiting attribute path : subjects
2017-09-14 22:27:16.971 DEBUG 8168 --- [    Test worker] o.h.l.p.b.i.spaces.QuerySpacesImpl       : Adding QuerySpace : uid = <gen:1> -> org.hibernate.loader.plan.build.internal.spaces.CollectionQuerySpaceImpl@21b7cb5d]
2017-09-14 22:27:16.971 DEBUG 8168 --- [    Test worker] o.h.l.p.b.i.spaces.QuerySpacesImpl       : Adding QuerySpace : uid = <gen:2> -> org.hibernate.loader.plan.build.internal.spaces.EntityQuerySpaceImpl@734c834]
2017-09-14 22:27:16.971 DEBUG 8168 --- [    Test worker] o.h.p.walking.spi.MetamodelGraphWalker   : Visiting attribute path : subjects.name
2017-09-14 22:27:16.971 DEBUG 8168 --- [    Test worker] o.h.p.walking.spi.MetamodelGraphWalker   : Visiting attribute path : subjects.schedules
2017-09-14 22:27:16.972 DEBUG 8168 --- [    Test worker] o.h.l.p.b.i.spaces.QuerySpacesImpl       : Adding QuerySpace : uid = <gen:3> -> org.hibernate.loader.plan.build.internal.spaces.CollectionQuerySpaceImpl@791d8bff]
2017-09-14 22:27:16.972 DEBUG 8168 --- [    Test worker] o.h.l.p.b.i.spaces.QuerySpacesImpl       : Adding QuerySpace : uid = <gen:4> -> org.hibernate.loader.plan.build.internal.spaces.EntityQuerySpaceImpl@58498980]
2017-09-14 22:27:16.972 DEBUG 8168 --- [    Test worker] o.h.p.walking.spi.MetamodelGraphWalker   : Visiting attribute path : subjects.schedules.date
2017-09-14 22:27:16.972 DEBUG 8168 --- [    Test worker] o.h.p.walking.spi.MetamodelGraphWalker   : Visiting attribute path : subjects.schedules.subject
2017-09-14 22:27:16.972 DEBUG 8168 --- [    Test worker] o.h.p.walking.spi.MetamodelGraphWalker   : Property path deemed to be circular : subjects.schedules.subject
2017-09-14 22:27:16.972 DEBUG 8168 --- [    Test worker] o.h.p.walking.spi.MetamodelGraphWalker   : Visiting attribute path : subjects.semester
2017-09-14 22:27:16.972 DEBUG 8168 --- [    Test worker] o.h.p.walking.spi.MetamodelGraphWalker   : Visiting attribute path : subjects.users
2017-09-14 22:27:16.972 DEBUG 8168 --- [    Test worker] o.h.p.walking.spi.MetamodelGraphWalker   : Property path deemed to be circular : subjects.users
2017-09-14 22:27:16.972 DEBUG 8168 --- [    Test worker] o.h.p.walking.spi.MetamodelGraphWalker   : Visiting attribute path : subjects.year
2017-09-14 22:27:16.973 DEBUG 8168 --- [    Test worker] lanBuildingAssociationVisitationStrategy : Building LoadPlan...
2017-09-14 22:27:16.979 DEBUG 8168 --- [    Test worker] h.l.p.e.i.LoadQueryJoinAndFetchProcessor : processing queryspace <gen:0>
2017-09-14 22:27:16.984 DEBUG 8168 --- [    Test worker] o.h.l.p.build.spi.LoadPlanTreePrinter    : LoadPlan(entity=pl.drat.dominik.dao.entity.User)
    - Returns
       - EntityReturnImpl(entity=pl.drat.dominik.dao.entity.User, querySpaceUid=<gen:0>, path=pl.drat.dominik.dao.entity.User)
          - CollectionAttributeFetchImpl(collection=pl.drat.dominik.dao.entity.User.subjects, querySpaceUid=<gen:1>, path=pl.drat.dominik.dao.entity.User.subjects)
             - (collection element) CollectionFetchableElementEntityGraph(entity=pl.drat.dominik.dao.entity.Subject, querySpaceUid=<gen:2>, path=pl.drat.dominik.dao.entity.User.subjects.<elements>)
                - CollectionAttributeFetchImpl(collection=pl.drat.dominik.dao.entity.Subject.schedules, querySpaceUid=<gen:3>, path=pl.drat.dominik.dao.entity.User.subjects.<elements>.schedules)
                   - (collection element) CollectionFetchableElementEntityGraph(entity=pl.drat.dominik.dao.entity.Schedule, querySpaceUid=<gen:4>, path=pl.drat.dominik.dao.entity.User.subjects.<elements>.schedules.<elements>)
    - QuerySpaces
       - EntityQuerySpaceImpl(uid=<gen:0>, entity=pl.drat.dominik.dao.entity.User)
          - SQL table alias mapping - user0_
          - alias suffix - 0_
          - suffixed key columns - {id1_6_0_}
          - JOIN (JoinDefinedByMetadata(subjects)) : <gen:0> -> <gen:1>
             - CollectionQuerySpaceImpl(uid=<gen:1>, collection=pl.drat.dominik.dao.entity.User.subjects)
                - SQL table alias mapping - subjects1_
                - alias suffix - 1_
                - suffixed key columns - {user_id2_5_1_}
                - entity-element alias suffix - 2_
                - 2_entity-element suffixed key columns - id1_4_2_
                - JOIN (JoinDefinedByMetadata(elements)) : <gen:1> -> <gen:2>
                   - EntityQuerySpaceImpl(uid=<gen:2>, entity=pl.drat.dominik.dao.entity.Subject)
                      - SQL table alias mapping - subject2_
                      - alias suffix - 2_
                      - suffixed key columns - {id1_4_2_}
                      - JOIN (JoinDefinedByMetadata(schedules)) : <gen:2> -> <gen:3>
                         - CollectionQuerySpaceImpl(uid=<gen:3>, collection=pl.drat.dominik.dao.entity.Subject.schedules)
                            - SQL table alias mapping - schedules3_
                            - alias suffix - 3_
                            - suffixed key columns - {subject_3_2_3_}
                            - entity-element alias suffix - 4_
                            - 4_entity-element suffixed key columns - id1_2_4_
                            - JOIN (JoinDefinedByMetadata(elements)) : <gen:3> -> <gen:4>
                               - EntityQuerySpaceImpl(uid=<gen:4>, entity=pl.drat.dominik.dao.entity.Schedule)
                                  - SQL table alias mapping - schedules3_
                                  - alias suffix - 4_
                                  - suffixed key columns - {id1_2_4_}

2017-09-14 22:27:16.987 DEBUG 8168 --- [    Test worker] o.h.loader.entity.plan.EntityLoader      : Static select for entity pl.drat.dominik.dao.entity.User [NONE]: select user0_.id as id1_6_0_, user0_.email as email2_6_0_, user0_.first_name as first_na3_6_0_, user0_.last_name as last_nam4_6_0_, user0_.password as password5_6_0_, user0_.role as role6_6_0_, subjects1_.user_id as user_id2_5_1_, subject2_.id as subject_1_5_1_, subject2_.id as id1_4_2_, subject2_.name as name2_4_2_, subject2_.semester as semester3_4_2_, subject2_.year as year4_4_2_, schedules3_.subject_id as subject_3_2_3_, schedules3_.id as id1_2_3_, schedules3_.id as id1_2_4_, schedules3_.date as date2_2_4_, schedules3_.subject_id as subject_3_2_4_ from user user0_ left outer join subject_user subjects1_ on user0_.id=subjects1_.user_id left outer join subject subject2_ on subjects1_.subject_id=subject2_.id left outer join schedule schedules3_ on subject2_.id=schedules3_.subject_id where user0_.id=?
2017-09-14 22:27:16.987 DEBUG 8168 --- [    Test worker] o.h.l.p.b.i.spaces.QuerySpacesImpl       : Adding QuerySpace : uid = <gen:0> -> org.hibernate.loader.plan.build.internal.spaces.EntityQuerySpaceImpl@4eab0bec]
2017-09-14 22:27:16.987 DEBUG 8168 --- [    Test worker] o.h.p.walking.spi.MetamodelGraphWalker   : Visiting attribute path : email
2017-09-14 22:27:16.987 DEBUG 8168 --- [    Test worker] o.h.p.walking.spi.MetamodelGraphWalker   : Visiting attribute path : firstName
2017-09-14 22:27:16.987 DEBUG 8168 --- [    Test worker] o.h.p.walking.spi.MetamodelGraphWalker   : Visiting attribute path : lastName
2017-09-14 22:27:16.987 DEBUG 8168 --- [    Test worker] o.h.p.walking.spi.MetamodelGraphWalker   : Visiting attribute path : password
2017-09-14 22:27:16.988 DEBUG 8168 --- [    Test worker] o.h.p.walking.spi.MetamodelGraphWalker   : Visiting attribute path : role
2017-09-14 22:27:16.988 DEBUG 8168 --- [    Test worker] o.h.p.walking.spi.MetamodelGraphWalker   : Visiting attribute path : subjects
2017-09-14 22:27:16.988 DEBUG 8168 --- [    Test worker] o.h.l.p.b.i.spaces.QuerySpacesImpl       : Adding QuerySpace : uid = <gen:1> -> org.hibernate.loader.plan.build.internal.spaces.CollectionQuerySpaceImpl@62ce702e]
2017-09-14 22:27:16.988 DEBUG 8168 --- [    Test worker] o.h.l.p.b.i.spaces.QuerySpacesImpl       : Adding QuerySpace : uid = <gen:2> -> org.hibernate.loader.plan.build.internal.spaces.EntityQuerySpaceImpl@5b4bf3fa]
2017-09-14 22:27:16.988 DEBUG 8168 --- [    Test worker] o.h.p.walking.spi.MetamodelGraphWalker   : Visiting attribute path : subjects.name
2017-09-14 22:27:16.988 DEBUG 8168 --- [    Test worker] o.h.p.walking.spi.MetamodelGraphWalker   : Visiting attribute path : subjects.schedules
2017-09-14 22:27:16.989 DEBUG 8168 --- [    Test worker] o.h.l.p.b.i.spaces.QuerySpacesImpl       : Adding QuerySpace : uid = <gen:3> -> org.hibernate.loader.plan.build.internal.spaces.CollectionQuerySpaceImpl@34102fef]
2017-09-14 22:27:16.989 DEBUG 8168 --- [    Test worker] o.h.l.p.b.i.spaces.QuerySpacesImpl       : Adding QuerySpace : uid = <gen:4> -> org.hibernate.loader.plan.build.internal.spaces.EntityQuerySpaceImpl@3040ceb4]
2017-09-14 22:27:16.989 DEBUG 8168 --- [    Test worker] o.h.p.walking.spi.MetamodelGraphWalker   : Visiting attribute path : subjects.schedules.date
2017-09-14 22:27:16.989 DEBUG 8168 --- [    Test worker] o.h.p.walking.spi.MetamodelGraphWalker   : Visiting attribute path : subjects.schedules.subject
2017-09-14 22:27:16.989 DEBUG 8168 --- [    Test worker] o.h.p.walking.spi.MetamodelGraphWalker   : Property path deemed to be circular : subjects.schedules.subject
2017-09-14 22:27:16.989 DEBUG 8168 --- [    Test worker] o.h.p.walking.spi.MetamodelGraphWalker   : Visiting attribute path : subjects.semester
2017-09-14 22:27:16.989 DEBUG 8168 --- [    Test worker] o.h.p.walking.spi.MetamodelGraphWalker   : Visiting attribute path : subjects.users
2017-09-14 22:27:16.989 DEBUG 8168 --- [    Test worker] o.h.p.walking.spi.MetamodelGraphWalker   : Property path deemed to be circular : subjects.users
2017-09-14 22:27:16.989 DEBUG 8168 --- [    Test worker] o.h.p.walking.spi.MetamodelGraphWalker   : Visiting attribute path : subjects.year
2017-09-14 22:27:16.990 DEBUG 8168 --- [    Test worker] lanBuildingAssociationVisitationStrategy : Building LoadPlan...
2017-09-14 22:27:16.990 DEBUG 8168 --- [    Test worker] h.l.p.e.i.LoadQueryJoinAndFetchProcessor : processing queryspace <gen:0>
2017-09-14 22:27:16.991 DEBUG 8168 --- [    Test worker] o.h.l.p.build.spi.LoadPlanTreePrinter    : LoadPlan(entity=pl.drat.dominik.dao.entity.User)
    - Returns
       - EntityReturnImpl(entity=pl.drat.dominik.dao.entity.User, querySpaceUid=<gen:0>, path=pl.drat.dominik.dao.entity.User)
          - CollectionAttributeFetchImpl(collection=pl.drat.dominik.dao.entity.User.subjects, querySpaceUid=<gen:1>, path=pl.drat.dominik.dao.entity.User.subjects)
             - (collection element) CollectionFetchableElementEntityGraph(entity=pl.drat.dominik.dao.entity.Subject, querySpaceUid=<gen:2>, path=pl.drat.dominik.dao.entity.User.subjects.<elements>)
                - CollectionAttributeFetchImpl(collection=pl.drat.dominik.dao.entity.Subject.schedules, querySpaceUid=<gen:3>, path=pl.drat.dominik.dao.entity.User.subjects.<elements>.schedules)
                   - (collection element) CollectionFetchableElementEntityGraph(entity=pl.drat.dominik.dao.entity.Schedule, querySpaceUid=<gen:4>, path=pl.drat.dominik.dao.entity.User.subjects.<elements>.schedules.<elements>)
    - QuerySpaces
       - EntityQuerySpaceImpl(uid=<gen:0>, entity=pl.drat.dominik.dao.entity.User)
          - SQL table alias mapping - user0_
          - alias suffix - 0_
          - suffixed key columns - {id1_6_0_}
          - JOIN (JoinDefinedByMetadata(subjects)) : <gen:0> -> <gen:1>
             - CollectionQuerySpaceImpl(uid=<gen:1>, collection=pl.drat.dominik.dao.entity.User.subjects)
                - SQL table alias mapping - subjects1_
                - alias suffix - 1_
                - suffixed key columns - {user_id2_5_1_}
                - entity-element alias suffix - 2_
                - 2_entity-element suffixed key columns - id1_4_2_
                - JOIN (JoinDefinedByMetadata(elements)) : <gen:1> -> <gen:2>
                   - EntityQuerySpaceImpl(uid=<gen:2>, entity=pl.drat.dominik.dao.entity.Subject)
                      - SQL table alias mapping - subject2_
                      - alias suffix - 2_
                      - suffixed key columns - {id1_4_2_}
                      - JOIN (JoinDefinedByMetadata(schedules)) : <gen:2> -> <gen:3>
                         - CollectionQuerySpaceImpl(uid=<gen:3>, collection=pl.drat.dominik.dao.entity.Subject.schedules)
                            - SQL table alias mapping - schedules3_
                            - alias suffix - 3_
                            - suffixed key columns - {subject_3_2_3_}
                            - entity-element alias suffix - 4_
                            - 4_entity-element suffixed key columns - id1_2_4_
                            - JOIN (JoinDefinedByMetadata(elements)) : <gen:3> -> <gen:4>
                               - EntityQuerySpaceImpl(uid=<gen:4>, entity=pl.drat.dominik.dao.entity.Schedule)
                                  - SQL table alias mapping - schedules3_
                                  - alias suffix - 4_
                                  - suffixed key columns - {id1_2_4_}

2017-09-14 22:27:16.992 DEBUG 8168 --- [    Test worker] o.h.loader.entity.plan.EntityLoader      : Static select for entity pl.drat.dominik.dao.entity.User [READ]: select user0_.id as id1_6_0_, user0_.email as email2_6_0_, user0_.first_name as first_na3_6_0_, user0_.last_name as last_nam4_6_0_, user0_.password as password5_6_0_, user0_.role as role6_6_0_, subjects1_.user_id as user_id2_5_1_, subject2_.id as subject_1_5_1_, subject2_.id as id1_4_2_, subject2_.name as name2_4_2_, subject2_.semester as semester3_4_2_, subject2_.year as year4_4_2_, schedules3_.subject_id as subject_3_2_3_, schedules3_.id as id1_2_3_, schedules3_.id as id1_2_4_, schedules3_.date as date2_2_4_, schedules3_.subject_id as subject_3_2_4_ from user user0_ left outer join subject_user subjects1_ on user0_.id=subjects1_.user_id left outer join subject subject2_ on subjects1_.subject_id=subject2_.id left outer join schedule schedules3_ on subject2_.id=schedules3_.subject_id where user0_.id=?
2017-09-14 22:27:16.992 DEBUG 8168 --- [    Test worker] o.h.l.p.b.i.spaces.QuerySpacesImpl       : Adding QuerySpace : uid = <gen:0> -> org.hibernate.loader.plan.build.internal.spaces.EntityQuerySpaceImpl@55b6755c]
2017-09-14 22:27:16.992 DEBUG 8168 --- [    Test worker] o.h.p.walking.spi.MetamodelGraphWalker   : Visiting attribute path : email
2017-09-14 22:27:16.992 DEBUG 8168 --- [    Test worker] o.h.p.walking.spi.MetamodelGraphWalker   : Visiting attribute path : firstName
2017-09-14 22:27:16.992 DEBUG 8168 --- [    Test worker] o.h.p.walking.spi.MetamodelGraphWalker   : Visiting attribute path : lastName
2017-09-14 22:27:16.992 DEBUG 8168 --- [    Test worker] o.h.p.walking.spi.MetamodelGraphWalker   : Visiting attribute path : password
2017-09-14 22:27:16.992 DEBUG 8168 --- [    Test worker] o.h.p.walking.spi.MetamodelGraphWalker   : Visiting attribute path : role
2017-09-14 22:27:16.992 DEBUG 8168 --- [    Test worker] o.h.p.walking.spi.MetamodelGraphWalker   : Visiting attribute path : subjects
2017-09-14 22:27:16.993 DEBUG 8168 --- [    Test worker] o.h.l.p.b.i.spaces.QuerySpacesImpl       : Adding QuerySpace : uid = <gen:1> -> org.hibernate.loader.plan.build.internal.spaces.CollectionQuerySpaceImpl@699bfa4f]
2017-09-14 22:27:16.993 DEBUG 8168 --- [    Test worker] o.h.l.p.b.i.spaces.QuerySpacesImpl       : Adding QuerySpace : uid = <gen:2> -> org.hibernate.loader.plan.build.internal.spaces.EntityQuerySpaceImpl@6b7a0d1c]
2017-09-14 22:27:16.993 DEBUG 8168 --- [    Test worker] lanBuildingAssociationVisitationStrategy : Building LoadPlan...
2017-09-14 22:27:16.993 DEBUG 8168 --- [    Test worker] h.l.p.e.i.LoadQueryJoinAndFetchProcessor : processing queryspace <gen:0>
2017-09-14 22:27:16.994 DEBUG 8168 --- [    Test worker] o.h.l.p.build.spi.LoadPlanTreePrinter    : LoadPlan(entity=pl.drat.dominik.dao.entity.User)
    - Returns
       - EntityReturnImpl(entity=pl.drat.dominik.dao.entity.User, querySpaceUid=<gen:0>, path=pl.drat.dominik.dao.entity.User)
          - CollectionAttributeFetchImpl(collection=pl.drat.dominik.dao.entity.User.subjects, querySpaceUid=<gen:1>, path=pl.drat.dominik.dao.entity.User.subjects)
             - (collection element) CollectionFetchableElementEntityGraph(entity=pl.drat.dominik.dao.entity.Subject, querySpaceUid=<gen:2>, path=pl.drat.dominik.dao.entity.User.subjects.<elements>)
    - QuerySpaces
       - EntityQuerySpaceImpl(uid=<gen:0>, entity=pl.drat.dominik.dao.entity.User)
          - SQL table alias mapping - user0_
          - alias suffix - 0_
          - suffixed key columns - {id1_6_0_}

2017-09-14 22:27:16.994 DEBUG 8168 --- [    Test worker] o.h.loader.entity.plan.EntityLoader      : Static select for entity pl.drat.dominik.dao.entity.User [UPGRADE]: select user0_.id as id1_6_0_, user0_.email as email2_6_0_, user0_.first_name as first_na3_6_0_, user0_.last_name as last_nam4_6_0_, user0_.password as password5_6_0_, user0_.role as role6_6_0_ from user user0_ where user0_.id=? for update
2017-09-14 22:27:16.995 DEBUG 8168 --- [    Test worker] o.h.l.p.b.i.spaces.QuerySpacesImpl       : Adding QuerySpace : uid = <gen:0> -> org.hibernate.loader.plan.build.internal.spaces.EntityQuerySpaceImpl@d0099ba]
2017-09-14 22:27:16.995 DEBUG 8168 --- [    Test worker] o.h.p.walking.spi.MetamodelGraphWalker   : Visiting attribute path : email
2017-09-14 22:27:16.995 DEBUG 8168 --- [    Test worker] o.h.p.walking.spi.MetamodelGraphWalker   : Visiting attribute path : firstName
2017-09-14 22:27:16.995 DEBUG 8168 --- [    Test worker] o.h.p.walking.spi.MetamodelGraphWalker   : Visiting attribute path : lastName
2017-09-14 22:27:16.995 DEBUG 8168 --- [    Test worker] o.h.p.walking.spi.MetamodelGraphWalker   : Visiting attribute path : password
2017-09-14 22:27:16.995 DEBUG 8168 --- [    Test worker] o.h.p.walking.spi.MetamodelGraphWalker   : Visiting attribute path : role
2017-09-14 22:27:16.995 DEBUG 8168 --- [    Test worker] o.h.p.walking.spi.MetamodelGraphWalker   : Visiting attribute path : subjects
2017-09-14 22:27:16.995 DEBUG 8168 --- [    Test worker] o.h.l.p.b.i.spaces.QuerySpacesImpl       : Adding QuerySpace : uid = <gen:1> -> org.hibernate.loader.plan.build.internal.spaces.CollectionQuerySpaceImpl@71a1fbb8]
2017-09-14 22:27:16.995 DEBUG 8168 --- [    Test worker] o.h.l.p.b.i.spaces.QuerySpacesImpl       : Adding QuerySpace : uid = <gen:2> -> org.hibernate.loader.plan.build.internal.spaces.EntityQuerySpaceImpl@4a880a7d]
2017-09-14 22:27:16.995 DEBUG 8168 --- [    Test worker] lanBuildingAssociationVisitationStrategy : Building LoadPlan...
2017-09-14 22:27:16.996 DEBUG 8168 --- [    Test worker] h.l.p.e.i.LoadQueryJoinAndFetchProcessor : processing queryspace <gen:0>
2017-09-14 22:27:16.997 DEBUG 8168 --- [    Test worker] o.h.l.p.build.spi.LoadPlanTreePrinter    : LoadPlan(entity=pl.drat.dominik.dao.entity.User)
    - Returns
       - EntityReturnImpl(entity=pl.drat.dominik.dao.entity.User, querySpaceUid=<gen:0>, path=pl.drat.dominik.dao.entity.User)
          - CollectionAttributeFetchImpl(collection=pl.drat.dominik.dao.entity.User.subjects, querySpaceUid=<gen:1>, path=pl.drat.dominik.dao.entity.User.subjects)
             - (collection element) CollectionFetchableElementEntityGraph(entity=pl.drat.dominik.dao.entity.Subject, querySpaceUid=<gen:2>, path=pl.drat.dominik.dao.entity.User.subjects.<elements>)
    - QuerySpaces
       - EntityQuerySpaceImpl(uid=<gen:0>, entity=pl.drat.dominik.dao.entity.User)
          - SQL table alias mapping - user0_
          - alias suffix - 0_
          - suffixed key columns - {id1_6_0_}

2017-09-14 22:27:16.998 DEBUG 8168 --- [    Test worker] o.h.loader.entity.plan.EntityLoader      : Static select for entity pl.drat.dominik.dao.entity.User [UPGRADE_NOWAIT]: select user0_.id as id1_6_0_, user0_.email as email2_6_0_, user0_.first_name as first_na3_6_0_, user0_.last_name as last_nam4_6_0_, user0_.password as password5_6_0_, user0_.role as role6_6_0_ from user user0_ where user0_.id=? for update
2017-09-14 22:27:16.998 DEBUG 8168 --- [    Test worker] o.h.l.p.b.i.spaces.QuerySpacesImpl       : Adding QuerySpace : uid = <gen:0> -> org.hibernate.loader.plan.build.internal.spaces.EntityQuerySpaceImpl@43cc87df]
2017-09-14 22:27:16.998 DEBUG 8168 --- [    Test worker] o.h.p.walking.spi.MetamodelGraphWalker   : Visiting attribute path : email
2017-09-14 22:27:16.998 DEBUG 8168 --- [    Test worker] o.h.p.walking.spi.MetamodelGraphWalker   : Visiting attribute path : firstName
2017-09-14 22:27:16.998 DEBUG 8168 --- [    Test worker] o.h.p.walking.spi.MetamodelGraphWalker   : Visiting attribute path : lastName
2017-09-14 22:27:16.998 DEBUG 8168 --- [    Test worker] o.h.p.walking.spi.MetamodelGraphWalker   : Visiting attribute path : password
2017-09-14 22:27:16.998 DEBUG 8168 --- [    Test worker] o.h.p.walking.spi.MetamodelGraphWalker   : Visiting attribute path : role
2017-09-14 22:27:16.998 DEBUG 8168 --- [    Test worker] o.h.p.walking.spi.MetamodelGraphWalker   : Visiting attribute path : subjects
2017-09-14 22:27:16.998 DEBUG 8168 --- [    Test worker] o.h.l.p.b.i.spaces.QuerySpacesImpl       : Adding QuerySpace : uid = <gen:1> -> org.hibernate.loader.plan.build.internal.spaces.CollectionQuerySpaceImpl@be204df]
2017-09-14 22:27:16.999 DEBUG 8168 --- [    Test worker] o.h.l.p.b.i.spaces.QuerySpacesImpl       : Adding QuerySpace : uid = <gen:2> -> org.hibernate.loader.plan.build.internal.spaces.EntityQuerySpaceImpl@1332c3c]
2017-09-14 22:27:16.999 DEBUG 8168 --- [    Test worker] lanBuildingAssociationVisitationStrategy : Building LoadPlan...
2017-09-14 22:27:16.999 DEBUG 8168 --- [    Test worker] h.l.p.e.i.LoadQueryJoinAndFetchProcessor : processing queryspace <gen:0>
2017-09-14 22:27:17.000 DEBUG 8168 --- [    Test worker] o.h.l.p.build.spi.LoadPlanTreePrinter    : LoadPlan(entity=pl.drat.dominik.dao.entity.User)
    - Returns
       - EntityReturnImpl(entity=pl.drat.dominik.dao.entity.User, querySpaceUid=<gen:0>, path=pl.drat.dominik.dao.entity.User)
          - CollectionAttributeFetchImpl(collection=pl.drat.dominik.dao.entity.User.subjects, querySpaceUid=<gen:1>, path=pl.drat.dominik.dao.entity.User.subjects)
             - (collection element) CollectionFetchableElementEntityGraph(entity=pl.drat.dominik.dao.entity.Subject, querySpaceUid=<gen:2>, path=pl.drat.dominik.dao.entity.User.subjects.<elements>)
    - QuerySpaces
       - EntityQuerySpaceImpl(uid=<gen:0>, entity=pl.drat.dominik.dao.entity.User)
          - SQL table alias mapping - user0_
          - alias suffix - 0_
          - suffixed key columns - {id1_6_0_}

2017-09-14 22:27:17.000 DEBUG 8168 --- [    Test worker] o.h.loader.entity.plan.EntityLoader      : Static select for entity pl.drat.dominik.dao.entity.User [UPGRADE_SKIPLOCKED]: select user0_.id as id1_6_0_, user0_.email as email2_6_0_, user0_.first_name as first_na3_6_0_, user0_.last_name as last_nam4_6_0_, user0_.password as password5_6_0_, user0_.role as role6_6_0_ from user user0_ where user0_.id=? for update
2017-09-14 22:27:17.000 DEBUG 8168 --- [    Test worker] o.h.l.p.b.i.spaces.QuerySpacesImpl       : Adding QuerySpace : uid = <gen:0> -> org.hibernate.loader.plan.build.internal.spaces.EntityQuerySpaceImpl@2666b1ba]
2017-09-14 22:27:17.001 DEBUG 8168 --- [    Test worker] o.h.p.walking.spi.MetamodelGraphWalker   : Visiting attribute path : email
2017-09-14 22:27:17.001 DEBUG 8168 --- [    Test worker] o.h.p.walking.spi.MetamodelGraphWalker   : Visiting attribute path : firstName
2017-09-14 22:27:17.001 DEBUG 8168 --- [    Test worker] o.h.p.walking.spi.MetamodelGraphWalker   : Visiting attribute path : lastName
2017-09-14 22:27:17.001 DEBUG 8168 --- [    Test worker] o.h.p.walking.spi.MetamodelGraphWalker   : Visiting attribute path : password
2017-09-14 22:27:17.001 DEBUG 8168 --- [    Test worker] o.h.p.walking.spi.MetamodelGraphWalker   : Visiting attribute path : role
2017-09-14 22:27:17.001 DEBUG 8168 --- [    Test worker] o.h.p.walking.spi.MetamodelGraphWalker   : Visiting attribute path : subjects
2017-09-14 22:27:17.001 DEBUG 8168 --- [    Test worker] o.h.l.p.b.i.spaces.QuerySpacesImpl       : Adding QuerySpace : uid = <gen:1> -> org.hibernate.loader.plan.build.internal.spaces.CollectionQuerySpaceImpl@4ac1c5db]
2017-09-14 22:27:17.001 DEBUG 8168 --- [    Test worker] o.h.l.p.b.i.spaces.QuerySpacesImpl       : Adding QuerySpace : uid = <gen:2> -> org.hibernate.loader.plan.build.internal.spaces.EntityQuerySpaceImpl@528b5273]
2017-09-14 22:27:17.001 DEBUG 8168 --- [    Test worker] lanBuildingAssociationVisitationStrategy : Building LoadPlan...
2017-09-14 22:27:17.002 DEBUG 8168 --- [    Test worker] h.l.p.e.i.LoadQueryJoinAndFetchProcessor : processing queryspace <gen:0>
2017-09-14 22:27:17.002 DEBUG 8168 --- [    Test worker] o.h.l.p.build.spi.LoadPlanTreePrinter    : LoadPlan(entity=pl.drat.dominik.dao.entity.User)
    - Returns
       - EntityReturnImpl(entity=pl.drat.dominik.dao.entity.User, querySpaceUid=<gen:0>, path=pl.drat.dominik.dao.entity.User)
          - CollectionAttributeFetchImpl(collection=pl.drat.dominik.dao.entity.User.subjects, querySpaceUid=<gen:1>, path=pl.drat.dominik.dao.entity.User.subjects)
             - (collection element) CollectionFetchableElementEntityGraph(entity=pl.drat.dominik.dao.entity.Subject, querySpaceUid=<gen:2>, path=pl.drat.dominik.dao.entity.User.subjects.<elements>)
    - QuerySpaces
       - EntityQuerySpaceImpl(uid=<gen:0>, entity=pl.drat.dominik.dao.entity.User)
          - SQL table alias mapping - user0_
          - alias suffix - 0_
          - suffixed key columns - {id1_6_0_}

2017-09-14 22:27:17.002 DEBUG 8168 --- [    Test worker] o.h.loader.entity.plan.EntityLoader      : Static select for entity pl.drat.dominik.dao.entity.User [FORCE]: select user0_.id as id1_6_0_, user0_.email as email2_6_0_, user0_.first_name as first_na3_6_0_, user0_.last_name as last_nam4_6_0_, user0_.password as password5_6_0_, user0_.role as role6_6_0_ from user user0_ where user0_.id=? for update
2017-09-14 22:27:17.003 DEBUG 8168 --- [    Test worker] o.h.l.p.b.i.spaces.QuerySpacesImpl       : Adding QuerySpace : uid = <gen:0> -> org.hibernate.loader.plan.build.internal.spaces.EntityQuerySpaceImpl@4173d2f9]
2017-09-14 22:27:17.003 DEBUG 8168 --- [    Test worker] o.h.p.walking.spi.MetamodelGraphWalker   : Visiting attribute path : email
2017-09-14 22:27:17.003 DEBUG 8168 --- [    Test worker] o.h.p.walking.spi.MetamodelGraphWalker   : Visiting attribute path : firstName
2017-09-14 22:27:17.003 DEBUG 8168 --- [    Test worker] o.h.p.walking.spi.MetamodelGraphWalker   : Visiting attribute path : lastName
2017-09-14 22:27:17.003 DEBUG 8168 --- [    Test worker] o.h.p.walking.spi.MetamodelGraphWalker   : Visiting attribute path : password
2017-09-14 22:27:17.003 DEBUG 8168 --- [    Test worker] o.h.p.walking.spi.MetamodelGraphWalker   : Visiting attribute path : role
2017-09-14 22:27:17.003 DEBUG 8168 --- [    Test worker] o.h.p.walking.spi.MetamodelGraphWalker   : Visiting attribute path : subjects
2017-09-14 22:27:17.003 DEBUG 8168 --- [    Test worker] o.h.l.p.b.i.spaces.QuerySpacesImpl       : Adding QuerySpace : uid = <gen:1> -> org.hibernate.loader.plan.build.internal.spaces.CollectionQuerySpaceImpl@235e3b9b]
2017-09-14 22:27:17.003 DEBUG 8168 --- [    Test worker] o.h.l.p.b.i.spaces.QuerySpacesImpl       : Adding QuerySpace : uid = <gen:2> -> org.hibernate.loader.plan.build.internal.spaces.EntityQuerySpaceImpl@2b4eed49]
2017-09-14 22:27:17.004 DEBUG 8168 --- [    Test worker] lanBuildingAssociationVisitationStrategy : Building LoadPlan...
2017-09-14 22:27:17.004 DEBUG 8168 --- [    Test worker] h.l.p.e.i.LoadQueryJoinAndFetchProcessor : processing queryspace <gen:0>
2017-09-14 22:27:17.005 DEBUG 8168 --- [    Test worker] o.h.l.p.build.spi.LoadPlanTreePrinter    : LoadPlan(entity=pl.drat.dominik.dao.entity.User)
    - Returns
       - EntityReturnImpl(entity=pl.drat.dominik.dao.entity.User, querySpaceUid=<gen:0>, path=pl.drat.dominik.dao.entity.User)
          - CollectionAttributeFetchImpl(collection=pl.drat.dominik.dao.entity.User.subjects, querySpaceUid=<gen:1>, path=pl.drat.dominik.dao.entity.User.subjects)
             - (collection element) CollectionFetchableElementEntityGraph(entity=pl.drat.dominik.dao.entity.Subject, querySpaceUid=<gen:2>, path=pl.drat.dominik.dao.entity.User.subjects.<elements>)
    - QuerySpaces
       - EntityQuerySpaceImpl(uid=<gen:0>, entity=pl.drat.dominik.dao.entity.User)
          - SQL table alias mapping - user0_
          - alias suffix - 0_
          - suffixed key columns - {id1_6_0_}

2017-09-14 22:27:17.005 DEBUG 8168 --- [    Test worker] o.h.loader.entity.plan.EntityLoader      : Static select for entity pl.drat.dominik.dao.entity.User [PESSIMISTIC_READ]: select user0_.id as id1_6_0_, user0_.email as email2_6_0_, user0_.first_name as first_na3_6_0_, user0_.last_name as last_nam4_6_0_, user0_.password as password5_6_0_, user0_.role as role6_6_0_ from user user0_ where user0_.id=? lock in share mode
2017-09-14 22:27:17.005 DEBUG 8168 --- [    Test worker] o.h.l.p.b.i.spaces.QuerySpacesImpl       : Adding QuerySpace : uid = <gen:0> -> org.hibernate.loader.plan.build.internal.spaces.EntityQuerySpaceImpl@747516c3]
2017-09-14 22:27:17.006 DEBUG 8168 --- [    Test worker] o.h.p.walking.spi.MetamodelGraphWalker   : Visiting attribute path : email
2017-09-14 22:27:17.006 DEBUG 8168 --- [    Test worker] o.h.p.walking.spi.MetamodelGraphWalker   : Visiting attribute path : firstName
2017-09-14 22:27:17.006 DEBUG 8168 --- [    Test worker] o.h.p.walking.spi.MetamodelGraphWalker   : Visiting attribute path : lastName
2017-09-14 22:27:17.006 DEBUG 8168 --- [    Test worker] o.h.p.walking.spi.MetamodelGraphWalker   : Visiting attribute path : password
2017-09-14 22:27:17.006 DEBUG 8168 --- [    Test worker] o.h.p.walking.spi.MetamodelGraphWalker   : Visiting attribute path : role
2017-09-14 22:27:17.006 DEBUG 8168 --- [    Test worker] o.h.p.walking.spi.MetamodelGraphWalker   : Visiting attribute path : subjects
2017-09-14 22:27:17.006 DEBUG 8168 --- [    Test worker] o.h.l.p.b.i.spaces.QuerySpacesImpl       : Adding QuerySpace : uid = <gen:1> -> org.hibernate.loader.plan.build.internal.spaces.CollectionQuerySpaceImpl@6f346be7]
2017-09-14 22:27:17.006 DEBUG 8168 --- [    Test worker] o.h.l.p.b.i.spaces.QuerySpacesImpl       : Adding QuerySpace : uid = <gen:2> -> org.hibernate.loader.plan.build.internal.spaces.EntityQuerySpaceImpl@334cf7ed]
2017-09-14 22:27:17.006 DEBUG 8168 --- [    Test worker] lanBuildingAssociationVisitationStrategy : Building LoadPlan...
2017-09-14 22:27:17.007 DEBUG 8168 --- [    Test worker] h.l.p.e.i.LoadQueryJoinAndFetchProcessor : processing queryspace <gen:0>
2017-09-14 22:27:17.007 DEBUG 8168 --- [    Test worker] o.h.l.p.build.spi.LoadPlanTreePrinter    : LoadPlan(entity=pl.drat.dominik.dao.entity.User)
    - Returns
       - EntityReturnImpl(entity=pl.drat.dominik.dao.entity.User, querySpaceUid=<gen:0>, path=pl.drat.dominik.dao.entity.User)
          - CollectionAttributeFetchImpl(collection=pl.drat.dominik.dao.entity.User.subjects, querySpaceUid=<gen:1>, path=pl.drat.dominik.dao.entity.User.subjects)
             - (collection element) CollectionFetchableElementEntityGraph(entity=pl.drat.dominik.dao.entity.Subject, querySpaceUid=<gen:2>, path=pl.drat.dominik.dao.entity.User.subjects.<elements>)
    - QuerySpaces
       - EntityQuerySpaceImpl(uid=<gen:0>, entity=pl.drat.dominik.dao.entity.User)
          - SQL table alias mapping - user0_
          - alias suffix - 0_
          - suffixed key columns - {id1_6_0_}

2017-09-14 22:27:17.007 DEBUG 8168 --- [    Test worker] o.h.loader.entity.plan.EntityLoader      : Static select for entity pl.drat.dominik.dao.entity.User [PESSIMISTIC_WRITE]: select user0_.id as id1_6_0_, user0_.email as email2_6_0_, user0_.first_name as first_na3_6_0_, user0_.last_name as last_nam4_6_0_, user0_.password as password5_6_0_, user0_.role as role6_6_0_ from user user0_ where user0_.id=? for update
2017-09-14 22:27:17.007 DEBUG 8168 --- [    Test worker] o.h.l.p.b.i.spaces.QuerySpacesImpl       : Adding QuerySpace : uid = <gen:0> -> org.hibernate.loader.plan.build.internal.spaces.EntityQuerySpaceImpl@6fd32c49]
2017-09-14 22:27:17.008 DEBUG 8168 --- [    Test worker] o.h.p.walking.spi.MetamodelGraphWalker   : Visiting attribute path : email
2017-09-14 22:27:17.008 DEBUG 8168 --- [    Test worker] o.h.p.walking.spi.MetamodelGraphWalker   : Visiting attribute path : firstName
2017-09-14 22:27:17.008 DEBUG 8168 --- [    Test worker] o.h.p.walking.spi.MetamodelGraphWalker   : Visiting attribute path : lastName
2017-09-14 22:27:17.008 DEBUG 8168 --- [    Test worker] o.h.p.walking.spi.MetamodelGraphWalker   : Visiting attribute path : password
2017-09-14 22:27:17.009 DEBUG 8168 --- [    Test worker] o.h.p.walking.spi.MetamodelGraphWalker   : Visiting attribute path : role
2017-09-14 22:27:17.009 DEBUG 8168 --- [    Test worker] o.h.p.walking.spi.MetamodelGraphWalker   : Visiting attribute path : subjects
2017-09-14 22:27:17.009 DEBUG 8168 --- [    Test worker] o.h.l.p.b.i.spaces.QuerySpacesImpl       : Adding QuerySpace : uid = <gen:1> -> org.hibernate.loader.plan.build.internal.spaces.CollectionQuerySpaceImpl@3ee48ff9]
2017-09-14 22:27:17.009 DEBUG 8168 --- [    Test worker] o.h.l.p.b.i.spaces.QuerySpacesImpl       : Adding QuerySpace : uid = <gen:2> -> org.hibernate.loader.plan.build.internal.spaces.EntityQuerySpaceImpl@6ac3f457]
2017-09-14 22:27:17.009 DEBUG 8168 --- [    Test worker] lanBuildingAssociationVisitationStrategy : Building LoadPlan...
2017-09-14 22:27:17.010 DEBUG 8168 --- [    Test worker] h.l.p.e.i.LoadQueryJoinAndFetchProcessor : processing queryspace <gen:0>
2017-09-14 22:27:17.010 DEBUG 8168 --- [    Test worker] o.h.l.p.build.spi.LoadPlanTreePrinter    : LoadPlan(entity=pl.drat.dominik.dao.entity.User)
    - Returns
       - EntityReturnImpl(entity=pl.drat.dominik.dao.entity.User, querySpaceUid=<gen:0>, path=pl.drat.dominik.dao.entity.User)
          - CollectionAttributeFetchImpl(collection=pl.drat.dominik.dao.entity.User.subjects, querySpaceUid=<gen:1>, path=pl.drat.dominik.dao.entity.User.subjects)
             - (collection element) CollectionFetchableElementEntityGraph(entity=pl.drat.dominik.dao.entity.Subject, querySpaceUid=<gen:2>, path=pl.drat.dominik.dao.entity.User.subjects.<elements>)
    - QuerySpaces
       - EntityQuerySpaceImpl(uid=<gen:0>, entity=pl.drat.dominik.dao.entity.User)
          - SQL table alias mapping - user0_
          - alias suffix - 0_
          - suffixed key columns - {id1_6_0_}

2017-09-14 22:27:17.011 DEBUG 8168 --- [    Test worker] o.h.loader.entity.plan.EntityLoader      : Static select for entity pl.drat.dominik.dao.entity.User [PESSIMISTIC_FORCE_INCREMENT]: select user0_.id as id1_6_0_, user0_.email as email2_6_0_, user0_.first_name as first_na3_6_0_, user0_.last_name as last_nam4_6_0_, user0_.password as password5_6_0_, user0_.role as role6_6_0_ from user user0_ where user0_.id=? for update
2017-09-14 22:27:17.011 DEBUG 8168 --- [    Test worker] o.h.l.p.b.i.spaces.QuerySpacesImpl       : Adding QuerySpace : uid = <gen:0> -> org.hibernate.loader.plan.build.internal.spaces.EntityQuerySpaceImpl@1c042c22]
2017-09-14 22:27:17.011 DEBUG 8168 --- [    Test worker] o.h.p.walking.spi.MetamodelGraphWalker   : Visiting attribute path : email
2017-09-14 22:27:17.011 DEBUG 8168 --- [    Test worker] o.h.p.walking.spi.MetamodelGraphWalker   : Visiting attribute path : firstName
2017-09-14 22:27:17.011 DEBUG 8168 --- [    Test worker] o.h.p.walking.spi.MetamodelGraphWalker   : Visiting attribute path : lastName
2017-09-14 22:27:17.011 DEBUG 8168 --- [    Test worker] o.h.p.walking.spi.MetamodelGraphWalker   : Visiting attribute path : password
2017-09-14 22:27:17.011 DEBUG 8168 --- [    Test worker] o.h.p.walking.spi.MetamodelGraphWalker   : Visiting attribute path : role
2017-09-14 22:27:17.011 DEBUG 8168 --- [    Test worker] o.h.p.walking.spi.MetamodelGraphWalker   : Visiting attribute path : subjects
2017-09-14 22:27:17.011 DEBUG 8168 --- [    Test worker] o.h.l.p.b.i.spaces.QuerySpacesImpl       : Adding QuerySpace : uid = <gen:1> -> org.hibernate.loader.plan.build.internal.spaces.CollectionQuerySpaceImpl@69616764]
2017-09-14 22:27:17.012 DEBUG 8168 --- [    Test worker] o.h.l.p.b.i.spaces.QuerySpacesImpl       : Adding QuerySpace : uid = <gen:2> -> org.hibernate.loader.plan.build.internal.spaces.EntityQuerySpaceImpl@1c754753]
2017-09-14 22:27:17.012 DEBUG 8168 --- [    Test worker] lanBuildingAssociationVisitationStrategy : Building LoadPlan...
2017-09-14 22:27:17.012 DEBUG 8168 --- [    Test worker] h.l.p.e.i.LoadQueryJoinAndFetchProcessor : processing queryspace <gen:0>
2017-09-14 22:27:17.012 DEBUG 8168 --- [    Test worker] o.h.l.p.build.spi.LoadPlanTreePrinter    : LoadPlan(entity=pl.drat.dominik.dao.entity.User)
    - Returns
       - EntityReturnImpl(entity=pl.drat.dominik.dao.entity.User, querySpaceUid=<gen:0>, path=pl.drat.dominik.dao.entity.User)
          - CollectionAttributeFetchImpl(collection=pl.drat.dominik.dao.entity.User.subjects, querySpaceUid=<gen:1>, path=pl.drat.dominik.dao.entity.User.subjects)
             - (collection element) CollectionFetchableElementEntityGraph(entity=pl.drat.dominik.dao.entity.Subject, querySpaceUid=<gen:2>, path=pl.drat.dominik.dao.entity.User.subjects.<elements>)
    - QuerySpaces
       - EntityQuerySpaceImpl(uid=<gen:0>, entity=pl.drat.dominik.dao.entity.User)
          - SQL table alias mapping - user0_
          - alias suffix - 0_
          - suffixed key columns - {id1_6_0_}

2017-09-14 22:27:17.013 DEBUG 8168 --- [    Test worker] o.h.loader.entity.plan.EntityLoader      : Static select for entity pl.drat.dominik.dao.entity.User [OPTIMISTIC]: select user0_.id as id1_6_0_, user0_.email as email2_6_0_, user0_.first_name as first_na3_6_0_, user0_.last_name as last_nam4_6_0_, user0_.password as password5_6_0_, user0_.role as role6_6_0_ from user user0_ where user0_.id=?
2017-09-14 22:27:17.013 DEBUG 8168 --- [    Test worker] o.h.l.p.b.i.spaces.QuerySpacesImpl       : Adding QuerySpace : uid = <gen:0> -> org.hibernate.loader.plan.build.internal.spaces.EntityQuerySpaceImpl@212d1dc3]
2017-09-14 22:27:17.013 DEBUG 8168 --- [    Test worker] o.h.p.walking.spi.MetamodelGraphWalker   : Visiting attribute path : email
2017-09-14 22:27:17.013 DEBUG 8168 --- [    Test worker] o.h.p.walking.spi.MetamodelGraphWalker   : Visiting attribute path : firstName
2017-09-14 22:27:17.013 DEBUG 8168 --- [    Test worker] o.h.p.walking.spi.MetamodelGraphWalker   : Visiting attribute path : lastName
2017-09-14 22:27:17.013 DEBUG 8168 --- [    Test worker] o.h.p.walking.spi.MetamodelGraphWalker   : Visiting attribute path : password
2017-09-14 22:27:17.013 DEBUG 8168 --- [    Test worker] o.h.p.walking.spi.MetamodelGraphWalker   : Visiting attribute path : role
2017-09-14 22:27:17.013 DEBUG 8168 --- [    Test worker] o.h.p.walking.spi.MetamodelGraphWalker   : Visiting attribute path : subjects
2017-09-14 22:27:17.014 DEBUG 8168 --- [    Test worker] o.h.l.p.b.i.spaces.QuerySpacesImpl       : Adding QuerySpace : uid = <gen:1> -> org.hibernate.loader.plan.build.internal.spaces.CollectionQuerySpaceImpl@35ae4694]
2017-09-14 22:27:17.014 DEBUG 8168 --- [    Test worker] o.h.l.p.b.i.spaces.QuerySpacesImpl       : Adding QuerySpace : uid = <gen:2> -> org.hibernate.loader.plan.build.internal.spaces.EntityQuerySpaceImpl@357c0ad]
2017-09-14 22:27:17.014 DEBUG 8168 --- [    Test worker] lanBuildingAssociationVisitationStrategy : Building LoadPlan...
2017-09-14 22:27:17.014 DEBUG 8168 --- [    Test worker] h.l.p.e.i.LoadQueryJoinAndFetchProcessor : processing queryspace <gen:0>
2017-09-14 22:27:17.015 DEBUG 8168 --- [    Test worker] o.h.l.p.build.spi.LoadPlanTreePrinter    : LoadPlan(entity=pl.drat.dominik.dao.entity.User)
    - Returns
       - EntityReturnImpl(entity=pl.drat.dominik.dao.entity.User, querySpaceUid=<gen:0>, path=pl.drat.dominik.dao.entity.User)
          - CollectionAttributeFetchImpl(collection=pl.drat.dominik.dao.entity.User.subjects, querySpaceUid=<gen:1>, path=pl.drat.dominik.dao.entity.User.subjects)
             - (collection element) CollectionFetchableElementEntityGraph(entity=pl.drat.dominik.dao.entity.Subject, querySpaceUid=<gen:2>, path=pl.drat.dominik.dao.entity.User.subjects.<elements>)
    - QuerySpaces
       - EntityQuerySpaceImpl(uid=<gen:0>, entity=pl.drat.dominik.dao.entity.User)
          - SQL table alias mapping - user0_
          - alias suffix - 0_
          - suffixed key columns - {id1_6_0_}

2017-09-14 22:27:17.015 DEBUG 8168 --- [    Test worker] o.h.loader.entity.plan.EntityLoader      : Static select for entity pl.drat.dominik.dao.entity.User [OPTIMISTIC_FORCE_INCREMENT]: select user0_.id as id1_6_0_, user0_.email as email2_6_0_, user0_.first_name as first_na3_6_0_, user0_.last_name as last_nam4_6_0_, user0_.password as password5_6_0_, user0_.role as role6_6_0_ from user user0_ where user0_.id=?
2017-09-14 22:27:17.016 DEBUG 8168 --- [    Test worker] org.hibernate.loader.Loader              : Static select for action ACTION_MERGE on entity pl.drat.dominik.dao.entity.User: /* load pl.drat.dominik.dao.entity.User */ select user0_.id as id1_6_1_, user0_.email as email2_6_1_, user0_.first_name as first_na3_6_1_, user0_.last_name as last_nam4_6_1_, user0_.password as password5_6_1_, user0_.role as role6_6_1_, subjects1_.user_id as user_id2_5_3_, subject2_.id as subject_1_5_3_, subject2_.id as id1_4_0_, subject2_.name as name2_4_0_, subject2_.semester as semester3_4_0_, subject2_.year as year4_4_0_ from user user0_ left outer join subject_user subjects1_ on user0_.id=subjects1_.user_id left outer join subject subject2_ on subjects1_.subject_id=subject2_.id where user0_.id=?
2017-09-14 22:27:17.016 DEBUG 8168 --- [    Test worker] org.hibernate.loader.Loader              : Static select for action ACTION_REFRESH on entity pl.drat.dominik.dao.entity.User: /* load pl.drat.dominik.dao.entity.User */ select user0_.id as id1_6_0_, user0_.email as email2_6_0_, user0_.first_name as first_na3_6_0_, user0_.last_name as last_nam4_6_0_, user0_.password as password5_6_0_, user0_.role as role6_6_0_ from user user0_ where user0_.id=?
2017-09-14 22:27:17.017 DEBUG 8168 --- [    Test worker] o.h.p.entity.AbstractEntityPersister     : Static SQL for entity: pl.drat.dominik.dao.entity.SubjectUser
2017-09-14 22:27:17.017 DEBUG 8168 --- [    Test worker] o.h.p.entity.AbstractEntityPersister     :  Version select: /* get version pl.drat.dominik.dao.entity.SubjectUser */ select subject_id, user_id from subject_user where subject_id =? and user_id =?
2017-09-14 22:27:17.018 DEBUG 8168 --- [    Test worker] o.h.p.entity.AbstractEntityPersister     :  Snapshot select: /* get current state pl.drat.dominik.dao.entity.SubjectUser */ select subjectuse_.subject_id, subjectuse_.user_id from subject_user subjectuse_ where subjectuse_.subject_id=? and subjectuse_.user_id=?
2017-09-14 22:27:17.018 DEBUG 8168 --- [    Test worker] o.h.p.entity.AbstractEntityPersister     :  Insert 0: /* insert pl.drat.dominik.dao.entity.SubjectUser */ insert into subject_user (subject_id, user_id) values (?, ?)
2017-09-14 22:27:17.018 DEBUG 8168 --- [    Test worker] o.h.p.entity.AbstractEntityPersister     :  Update 0: null
2017-09-14 22:27:17.018 DEBUG 8168 --- [    Test worker] o.h.p.entity.AbstractEntityPersister     :  Delete 0: /* delete pl.drat.dominik.dao.entity.SubjectUser */ delete from subject_user where subject_id=? and user_id=?
2017-09-14 22:27:17.019 DEBUG 8168 --- [    Test worker] o.h.l.p.b.i.spaces.QuerySpacesImpl       : Adding QuerySpace : uid = <gen:0> -> org.hibernate.loader.plan.build.internal.spaces.EntityQuerySpaceImpl@4add0601]
2017-09-14 22:27:17.022 DEBUG 8168 --- [    Test worker] o.h.l.p.b.i.spaces.QuerySpacesImpl       : Adding QuerySpace : uid = <gen:0>-id -> org.hibernate.loader.plan.build.internal.spaces.CompositeQuerySpaceImpl@7f262e90]
2017-09-14 22:27:17.028 DEBUG 8168 --- [    Test worker] o.h.p.walking.spi.MetamodelGraphWalker   : Visiting attribute path : subjectId
2017-09-14 22:27:17.028 DEBUG 8168 --- [    Test worker] o.h.p.walking.spi.MetamodelGraphWalker   : Visiting attribute path : userId
2017-09-14 22:27:17.028 DEBUG 8168 --- [    Test worker] o.h.p.walking.spi.MetamodelGraphWalker   : Visiting attribute path : 
2017-09-14 22:27:17.028 DEBUG 8168 --- [    Test worker] o.h.l.p.b.i.spaces.QuerySpacesImpl       : Adding QuerySpace : uid = <gen:1> -> org.hibernate.loader.plan.build.internal.spaces.CompositeQuerySpaceImpl@63cb13a3]
2017-09-14 22:27:17.034 DEBUG 8168 --- [    Test worker] o.h.p.walking.spi.MetamodelGraphWalker   : Visiting attribute path : subjectId
2017-09-14 22:27:17.034 DEBUG 8168 --- [    Test worker] o.h.p.walking.spi.MetamodelGraphWalker   : Visiting attribute path : userId
2017-09-14 22:27:17.035 DEBUG 8168 --- [    Test worker] lanBuildingAssociationVisitationStrategy : Building LoadPlan...
2017-09-14 22:27:17.037 DEBUG 8168 --- [    Test worker] h.l.p.e.i.LoadQueryJoinAndFetchProcessor : processing queryspace <gen:0>
2017-09-14 22:27:17.037 DEBUG 8168 --- [    Test worker] o.h.l.p.build.spi.LoadPlanTreePrinter    : LoadPlan(entity=pl.drat.dominik.dao.entity.SubjectUser)
    - Returns
       - EntityReturnImpl(entity=pl.drat.dominik.dao.entity.SubjectUser, querySpaceUid=<gen:0>, path=pl.drat.dominik.dao.entity.SubjectUser)
          - CompositeAttributeFetchImpl(composite=pl.drat.dominik.dao.entity.SubjectUser, querySpaceUid=<gen:1>, path=pl.drat.dominik.dao.entity.SubjectUser)
    - QuerySpaces
       - EntityQuerySpaceImpl(uid=<gen:0>, entity=pl.drat.dominik.dao.entity.SubjectUser)
          - SQL table alias mapping - subjectuse0_
          - alias suffix - 0_
          - suffixed key columns - {subject_1_5_0_, user_id2_5_0_}
          - JOIN (JoinDefinedByMetadata(id)) : <gen:0> -> <gen:0>-id
             - CompositeQuerySpaceImpl(uid=<gen:0>-id)
                - SQL table alias mapping - subjectuse0_
          - JOIN (JoinDefinedByMetadata(_identifierMapper)) : <gen:0> -> <gen:1>
             - CompositeQuerySpaceImpl(uid=<gen:1>)
                - SQL table alias mapping - subjectuse0_

2017-09-14 22:27:17.038 DEBUG 8168 --- [    Test worker] o.h.loader.entity.plan.EntityLoader      : Static select for entity pl.drat.dominik.dao.entity.SubjectUser [NONE]: select subjectuse0_.subject_id as subject_1_5_0_, subjectuse0_.user_id as user_id2_5_0_ from subject_user subjectuse0_ where subjectuse0_.subject_id=? and subjectuse0_.user_id=?
2017-09-14 22:27:17.038 DEBUG 8168 --- [    Test worker] o.h.l.p.b.i.spaces.QuerySpacesImpl       : Adding QuerySpace : uid = <gen:0> -> org.hibernate.loader.plan.build.internal.spaces.EntityQuerySpaceImpl@5126d61b]
2017-09-14 22:27:17.038 DEBUG 8168 --- [    Test worker] o.h.l.p.b.i.spaces.QuerySpacesImpl       : Adding QuerySpace : uid = <gen:0>-id -> org.hibernate.loader.plan.build.internal.spaces.CompositeQuerySpaceImpl@51156755]
2017-09-14 22:27:17.038 DEBUG 8168 --- [    Test worker] o.h.p.walking.spi.MetamodelGraphWalker   : Visiting attribute path : subjectId
2017-09-14 22:27:17.038 DEBUG 8168 --- [    Test worker] o.h.p.walking.spi.MetamodelGraphWalker   : Visiting attribute path : userId
2017-09-14 22:27:17.038 DEBUG 8168 --- [    Test worker] o.h.p.walking.spi.MetamodelGraphWalker   : Visiting attribute path : 
2017-09-14 22:27:17.039 DEBUG 8168 --- [    Test worker] o.h.l.p.b.i.spaces.QuerySpacesImpl       : Adding QuerySpace : uid = <gen:1> -> org.hibernate.loader.plan.build.internal.spaces.CompositeQuerySpaceImpl@521b00c6]
2017-09-14 22:27:17.039 DEBUG 8168 --- [    Test worker] o.h.p.walking.spi.MetamodelGraphWalker   : Visiting attribute path : subjectId
2017-09-14 22:27:17.039 DEBUG 8168 --- [    Test worker] o.h.p.walking.spi.MetamodelGraphWalker   : Visiting attribute path : userId
2017-09-14 22:27:17.039 DEBUG 8168 --- [    Test worker] lanBuildingAssociationVisitationStrategy : Building LoadPlan...
2017-09-14 22:27:17.039 DEBUG 8168 --- [    Test worker] h.l.p.e.i.LoadQueryJoinAndFetchProcessor : processing queryspace <gen:0>
2017-09-14 22:27:17.040 DEBUG 8168 --- [    Test worker] o.h.l.p.build.spi.LoadPlanTreePrinter    : LoadPlan(entity=pl.drat.dominik.dao.entity.SubjectUser)
    - Returns
       - EntityReturnImpl(entity=pl.drat.dominik.dao.entity.SubjectUser, querySpaceUid=<gen:0>, path=pl.drat.dominik.dao.entity.SubjectUser)
          - CompositeAttributeFetchImpl(composite=pl.drat.dominik.dao.entity.SubjectUser, querySpaceUid=<gen:1>, path=pl.drat.dominik.dao.entity.SubjectUser)
    - QuerySpaces
       - EntityQuerySpaceImpl(uid=<gen:0>, entity=pl.drat.dominik.dao.entity.SubjectUser)
          - SQL table alias mapping - subjectuse0_
          - alias suffix - 0_
          - suffixed key columns - {subject_1_5_0_, user_id2_5_0_}
          - JOIN (JoinDefinedByMetadata(id)) : <gen:0> -> <gen:0>-id
             - CompositeQuerySpaceImpl(uid=<gen:0>-id)
                - SQL table alias mapping - subjectuse0_
          - JOIN (JoinDefinedByMetadata(_identifierMapper)) : <gen:0> -> <gen:1>
             - CompositeQuerySpaceImpl(uid=<gen:1>)
                - SQL table alias mapping - subjectuse0_

2017-09-14 22:27:17.041 DEBUG 8168 --- [    Test worker] o.h.loader.entity.plan.EntityLoader      : Static select for entity pl.drat.dominik.dao.entity.SubjectUser [READ]: select subjectuse0_.subject_id as subject_1_5_0_, subjectuse0_.user_id as user_id2_5_0_ from subject_user subjectuse0_ where subjectuse0_.subject_id=? and subjectuse0_.user_id=?
2017-09-14 22:27:17.042 DEBUG 8168 --- [    Test worker] o.h.l.p.b.i.spaces.QuerySpacesImpl       : Adding QuerySpace : uid = <gen:0> -> org.hibernate.loader.plan.build.internal.spaces.EntityQuerySpaceImpl@50857b2d]
2017-09-14 22:27:17.042 DEBUG 8168 --- [    Test worker] o.h.l.p.b.i.spaces.QuerySpacesImpl       : Adding QuerySpace : uid = <gen:0>-id -> org.hibernate.loader.plan.build.internal.spaces.CompositeQuerySpaceImpl@317d862d]
2017-09-14 22:27:17.042 DEBUG 8168 --- [    Test worker] o.h.p.walking.spi.MetamodelGraphWalker   : Visiting attribute path : subjectId
2017-09-14 22:27:17.042 DEBUG 8168 --- [    Test worker] o.h.p.walking.spi.MetamodelGraphWalker   : Visiting attribute path : userId
2017-09-14 22:27:17.042 DEBUG 8168 --- [    Test worker] o.h.p.walking.spi.MetamodelGraphWalker   : Visiting attribute path : 
2017-09-14 22:27:17.042 DEBUG 8168 --- [    Test worker] o.h.l.p.b.i.spaces.QuerySpacesImpl       : Adding QuerySpace : uid = <gen:1> -> org.hibernate.loader.plan.build.internal.spaces.CompositeQuerySpaceImpl@1f0c653f]
2017-09-14 22:27:17.042 DEBUG 8168 --- [    Test worker] o.h.p.walking.spi.MetamodelGraphWalker   : Visiting attribute path : subjectId
2017-09-14 22:27:17.042 DEBUG 8168 --- [    Test worker] o.h.p.walking.spi.MetamodelGraphWalker   : Visiting attribute path : userId
2017-09-14 22:27:17.042 DEBUG 8168 --- [    Test worker] lanBuildingAssociationVisitationStrategy : Building LoadPlan...
2017-09-14 22:27:17.043 DEBUG 8168 --- [    Test worker] h.l.p.e.i.LoadQueryJoinAndFetchProcessor : processing queryspace <gen:0>
2017-09-14 22:27:17.044 DEBUG 8168 --- [    Test worker] o.h.l.p.build.spi.LoadPlanTreePrinter    : LoadPlan(entity=pl.drat.dominik.dao.entity.SubjectUser)
    - Returns
       - EntityReturnImpl(entity=pl.drat.dominik.dao.entity.SubjectUser, querySpaceUid=<gen:0>, path=pl.drat.dominik.dao.entity.SubjectUser)
          - CompositeAttributeFetchImpl(composite=pl.drat.dominik.dao.entity.SubjectUser, querySpaceUid=<gen:1>, path=pl.drat.dominik.dao.entity.SubjectUser)
    - QuerySpaces
       - EntityQuerySpaceImpl(uid=<gen:0>, entity=pl.drat.dominik.dao.entity.SubjectUser)
          - SQL table alias mapping - subjectuse0_
          - alias suffix - 0_
          - suffixed key columns - {subject_1_5_0_, user_id2_5_0_}
          - JOIN (JoinDefinedByMetadata(id)) : <gen:0> -> <gen:0>-id
             - CompositeQuerySpaceImpl(uid=<gen:0>-id)
                - SQL table alias mapping - subjectuse0_
          - JOIN (JoinDefinedByMetadata(_identifierMapper)) : <gen:0> -> <gen:1>
             - CompositeQuerySpaceImpl(uid=<gen:1>)
                - SQL table alias mapping - subjectuse0_

2017-09-14 22:27:17.044 DEBUG 8168 --- [    Test worker] o.h.loader.entity.plan.EntityLoader      : Static select for entity pl.drat.dominik.dao.entity.SubjectUser [UPGRADE]: select subjectuse0_.subject_id as subject_1_5_0_, subjectuse0_.user_id as user_id2_5_0_ from subject_user subjectuse0_ where subjectuse0_.subject_id=? and subjectuse0_.user_id=? for update
2017-09-14 22:27:17.044 DEBUG 8168 --- [    Test worker] o.h.l.p.b.i.spaces.QuerySpacesImpl       : Adding QuerySpace : uid = <gen:0> -> org.hibernate.loader.plan.build.internal.spaces.EntityQuerySpaceImpl@2cf6d4b7]
2017-09-14 22:27:17.047 DEBUG 8168 --- [    Test worker] o.h.l.p.b.i.spaces.QuerySpacesImpl       : Adding QuerySpace : uid = <gen:0>-id -> org.hibernate.loader.plan.build.internal.spaces.CompositeQuerySpaceImpl@11d458bb]
2017-09-14 22:27:17.048 DEBUG 8168 --- [    Test worker] o.h.p.walking.spi.MetamodelGraphWalker   : Visiting attribute path : subjectId
2017-09-14 22:27:17.048 DEBUG 8168 --- [    Test worker] o.h.p.walking.spi.MetamodelGraphWalker   : Visiting attribute path : userId
2017-09-14 22:27:17.048 DEBUG 8168 --- [    Test worker] o.h.p.walking.spi.MetamodelGraphWalker   : Visiting attribute path : 
2017-09-14 22:27:17.049 DEBUG 8168 --- [    Test worker] o.h.l.p.b.i.spaces.QuerySpacesImpl       : Adding QuerySpace : uid = <gen:1> -> org.hibernate.loader.plan.build.internal.spaces.CompositeQuerySpaceImpl@5b55d94b]
2017-09-14 22:27:17.049 DEBUG 8168 --- [    Test worker] o.h.p.walking.spi.MetamodelGraphWalker   : Visiting attribute path : subjectId
2017-09-14 22:27:17.049 DEBUG 8168 --- [    Test worker] o.h.p.walking.spi.MetamodelGraphWalker   : Visiting attribute path : userId
2017-09-14 22:27:17.049 DEBUG 8168 --- [    Test worker] lanBuildingAssociationVisitationStrategy : Building LoadPlan...
2017-09-14 22:27:17.050 DEBUG 8168 --- [    Test worker] h.l.p.e.i.LoadQueryJoinAndFetchProcessor : processing queryspace <gen:0>
2017-09-14 22:27:17.051 DEBUG 8168 --- [    Test worker] o.h.l.p.build.spi.LoadPlanTreePrinter    : LoadPlan(entity=pl.drat.dominik.dao.entity.SubjectUser)
    - Returns
       - EntityReturnImpl(entity=pl.drat.dominik.dao.entity.SubjectUser, querySpaceUid=<gen:0>, path=pl.drat.dominik.dao.entity.SubjectUser)
          - CompositeAttributeFetchImpl(composite=pl.drat.dominik.dao.entity.SubjectUser, querySpaceUid=<gen:1>, path=pl.drat.dominik.dao.entity.SubjectUser)
    - QuerySpaces
       - EntityQuerySpaceImpl(uid=<gen:0>, entity=pl.drat.dominik.dao.entity.SubjectUser)
          - SQL table alias mapping - subjectuse0_
          - alias suffix - 0_
          - suffixed key columns - {subject_1_5_0_, user_id2_5_0_}
          - JOIN (JoinDefinedByMetadata(id)) : <gen:0> -> <gen:0>-id
             - CompositeQuerySpaceImpl(uid=<gen:0>-id)
                - SQL table alias mapping - subjectuse0_
          - JOIN (JoinDefinedByMetadata(_identifierMapper)) : <gen:0> -> <gen:1>
             - CompositeQuerySpaceImpl(uid=<gen:1>)
                - SQL table alias mapping - subjectuse0_

2017-09-14 22:27:17.051 DEBUG 8168 --- [    Test worker] o.h.loader.entity.plan.EntityLoader      : Static select for entity pl.drat.dominik.dao.entity.SubjectUser [UPGRADE_NOWAIT]: select subjectuse0_.subject_id as subject_1_5_0_, subjectuse0_.user_id as user_id2_5_0_ from subject_user subjectuse0_ where subjectuse0_.subject_id=? and subjectuse0_.user_id=? for update
2017-09-14 22:27:17.051 DEBUG 8168 --- [    Test worker] o.h.l.p.b.i.spaces.QuerySpacesImpl       : Adding QuerySpace : uid = <gen:0> -> org.hibernate.loader.plan.build.internal.spaces.EntityQuerySpaceImpl@6ae938dd]
2017-09-14 22:27:17.052 DEBUG 8168 --- [    Test worker] o.h.l.p.b.i.spaces.QuerySpacesImpl       : Adding QuerySpace : uid = <gen:0>-id -> org.hibernate.loader.plan.build.internal.spaces.CompositeQuerySpaceImpl@4ca6bac5]
2017-09-14 22:27:17.052 DEBUG 8168 --- [    Test worker] o.h.p.walking.spi.MetamodelGraphWalker   : Visiting attribute path : subjectId
2017-09-14 22:27:17.052 DEBUG 8168 --- [    Test worker] o.h.p.walking.spi.MetamodelGraphWalker   : Visiting attribute path : userId
2017-09-14 22:27:17.052 DEBUG 8168 --- [    Test worker] o.h.p.walking.spi.MetamodelGraphWalker   : Visiting attribute path : 
2017-09-14 22:27:17.052 DEBUG 8168 --- [    Test worker] o.h.l.p.b.i.spaces.QuerySpacesImpl       : Adding QuerySpace : uid = <gen:1> -> org.hibernate.loader.plan.build.internal.spaces.CompositeQuerySpaceImpl@487db448]
2017-09-14 22:27:17.052 DEBUG 8168 --- [    Test worker] o.h.p.walking.spi.MetamodelGraphWalker   : Visiting attribute path : subjectId
2017-09-14 22:27:17.052 DEBUG 8168 --- [    Test worker] o.h.p.walking.spi.MetamodelGraphWalker   : Visiting attribute path : userId
2017-09-14 22:27:17.053 DEBUG 8168 --- [    Test worker] lanBuildingAssociationVisitationStrategy : Building LoadPlan...
2017-09-14 22:27:17.053 DEBUG 8168 --- [    Test worker] h.l.p.e.i.LoadQueryJoinAndFetchProcessor : processing queryspace <gen:0>
2017-09-14 22:27:17.054 DEBUG 8168 --- [    Test worker] o.h.l.p.build.spi.LoadPlanTreePrinter    : LoadPlan(entity=pl.drat.dominik.dao.entity.SubjectUser)
    - Returns
       - EntityReturnImpl(entity=pl.drat.dominik.dao.entity.SubjectUser, querySpaceUid=<gen:0>, path=pl.drat.dominik.dao.entity.SubjectUser)
          - CompositeAttributeFetchImpl(composite=pl.drat.dominik.dao.entity.SubjectUser, querySpaceUid=<gen:1>, path=pl.drat.dominik.dao.entity.SubjectUser)
    - QuerySpaces
       - EntityQuerySpaceImpl(uid=<gen:0>, entity=pl.drat.dominik.dao.entity.SubjectUser)
          - SQL table alias mapping - subjectuse0_
          - alias suffix - 0_
          - suffixed key columns - {subject_1_5_0_, user_id2_5_0_}
          - JOIN (JoinDefinedByMetadata(id)) : <gen:0> -> <gen:0>-id
             - CompositeQuerySpaceImpl(uid=<gen:0>-id)
                - SQL table alias mapping - subjectuse0_
          - JOIN (JoinDefinedByMetadata(_identifierMapper)) : <gen:0> -> <gen:1>
             - CompositeQuerySpaceImpl(uid=<gen:1>)
                - SQL table alias mapping - subjectuse0_

2017-09-14 22:27:17.056 DEBUG 8168 --- [    Test worker] o.h.loader.entity.plan.EntityLoader      : Static select for entity pl.drat.dominik.dao.entity.SubjectUser [UPGRADE_SKIPLOCKED]: select subjectuse0_.subject_id as subject_1_5_0_, subjectuse0_.user_id as user_id2_5_0_ from subject_user subjectuse0_ where subjectuse0_.subject_id=? and subjectuse0_.user_id=? for update
2017-09-14 22:27:17.056 DEBUG 8168 --- [    Test worker] o.h.l.p.b.i.spaces.QuerySpacesImpl       : Adding QuerySpace : uid = <gen:0> -> org.hibernate.loader.plan.build.internal.spaces.EntityQuerySpaceImpl@6d088cd0]
2017-09-14 22:27:17.056 DEBUG 8168 --- [    Test worker] o.h.l.p.b.i.spaces.QuerySpacesImpl       : Adding QuerySpace : uid = <gen:0>-id -> org.hibernate.loader.plan.build.internal.spaces.CompositeQuerySpaceImpl@ca9cf44]
2017-09-14 22:27:17.058 DEBUG 8168 --- [    Test worker] o.h.p.walking.spi.MetamodelGraphWalker   : Visiting attribute path : subjectId
2017-09-14 22:27:17.058 DEBUG 8168 --- [    Test worker] o.h.p.walking.spi.MetamodelGraphWalker   : Visiting attribute path : userId
2017-09-14 22:27:17.059 DEBUG 8168 --- [    Test worker] o.h.p.walking.spi.MetamodelGraphWalker   : Visiting attribute path : 
2017-09-14 22:27:17.059 DEBUG 8168 --- [    Test worker] o.h.l.p.b.i.spaces.QuerySpacesImpl       : Adding QuerySpace : uid = <gen:1> -> org.hibernate.loader.plan.build.internal.spaces.CompositeQuerySpaceImpl@130bc61d]
2017-09-14 22:27:17.059 DEBUG 8168 --- [    Test worker] o.h.p.walking.spi.MetamodelGraphWalker   : Visiting attribute path : subjectId
2017-09-14 22:27:17.059 DEBUG 8168 --- [    Test worker] o.h.p.walking.spi.MetamodelGraphWalker   : Visiting attribute path : userId
2017-09-14 22:27:17.059 DEBUG 8168 --- [    Test worker] lanBuildingAssociationVisitationStrategy : Building LoadPlan...
2017-09-14 22:27:17.060 DEBUG 8168 --- [    Test worker] h.l.p.e.i.LoadQueryJoinAndFetchProcessor : processing queryspace <gen:0>
2017-09-14 22:27:17.061 DEBUG 8168 --- [    Test worker] o.h.l.p.build.spi.LoadPlanTreePrinter    : LoadPlan(entity=pl.drat.dominik.dao.entity.SubjectUser)
    - Returns
       - EntityReturnImpl(entity=pl.drat.dominik.dao.entity.SubjectUser, querySpaceUid=<gen:0>, path=pl.drat.dominik.dao.entity.SubjectUser)
          - CompositeAttributeFetchImpl(composite=pl.drat.dominik.dao.entity.SubjectUser, querySpaceUid=<gen:1>, path=pl.drat.dominik.dao.entity.SubjectUser)
    - QuerySpaces
       - EntityQuerySpaceImpl(uid=<gen:0>, entity=pl.drat.dominik.dao.entity.SubjectUser)
          - SQL table alias mapping - subjectuse0_
          - alias suffix - 0_
          - suffixed key columns - {subject_1_5_0_, user_id2_5_0_}
          - JOIN (JoinDefinedByMetadata(id)) : <gen:0> -> <gen:0>-id
             - CompositeQuerySpaceImpl(uid=<gen:0>-id)
                - SQL table alias mapping - subjectuse0_
          - JOIN (JoinDefinedByMetadata(_identifierMapper)) : <gen:0> -> <gen:1>
             - CompositeQuerySpaceImpl(uid=<gen:1>)
                - SQL table alias mapping - subjectuse0_

2017-09-14 22:27:17.061 DEBUG 8168 --- [    Test worker] o.h.loader.entity.plan.EntityLoader      : Static select for entity pl.drat.dominik.dao.entity.SubjectUser [FORCE]: select subjectuse0_.subject_id as subject_1_5_0_, subjectuse0_.user_id as user_id2_5_0_ from subject_user subjectuse0_ where subjectuse0_.subject_id=? and subjectuse0_.user_id=? for update
2017-09-14 22:27:17.062 DEBUG 8168 --- [    Test worker] o.h.l.p.b.i.spaces.QuerySpacesImpl       : Adding QuerySpace : uid = <gen:0> -> org.hibernate.loader.plan.build.internal.spaces.EntityQuerySpaceImpl@67548704]
2017-09-14 22:27:17.062 DEBUG 8168 --- [    Test worker] o.h.l.p.b.i.spaces.QuerySpacesImpl       : Adding QuerySpace : uid = <gen:0>-id -> org.hibernate.loader.plan.build.internal.spaces.CompositeQuerySpaceImpl@38db2815]
2017-09-14 22:27:17.062 DEBUG 8168 --- [    Test worker] o.h.p.walking.spi.MetamodelGraphWalker   : Visiting attribute path : subjectId
2017-09-14 22:27:17.062 DEBUG 8168 --- [    Test worker] o.h.p.walking.spi.MetamodelGraphWalker   : Visiting attribute path : userId
2017-09-14 22:27:17.067 DEBUG 8168 --- [    Test worker] o.h.p.walking.spi.MetamodelGraphWalker   : Visiting attribute path : 
2017-09-14 22:27:17.067 DEBUG 8168 --- [    Test worker] o.h.l.p.b.i.spaces.QuerySpacesImpl       : Adding QuerySpace : uid = <gen:1> -> org.hibernate.loader.plan.build.internal.spaces.CompositeQuerySpaceImpl@30d86dc2]
2017-09-14 22:27:17.067 DEBUG 8168 --- [    Test worker] o.h.p.walking.spi.MetamodelGraphWalker   : Visiting attribute path : subjectId
2017-09-14 22:27:17.067 DEBUG 8168 --- [    Test worker] o.h.p.walking.spi.MetamodelGraphWalker   : Visiting attribute path : userId
2017-09-14 22:27:17.067 DEBUG 8168 --- [    Test worker] lanBuildingAssociationVisitationStrategy : Building LoadPlan...
2017-09-14 22:27:17.068 DEBUG 8168 --- [    Test worker] h.l.p.e.i.LoadQueryJoinAndFetchProcessor : processing queryspace <gen:0>
2017-09-14 22:27:17.068 DEBUG 8168 --- [    Test worker] o.h.l.p.build.spi.LoadPlanTreePrinter    : LoadPlan(entity=pl.drat.dominik.dao.entity.SubjectUser)
    - Returns
       - EntityReturnImpl(entity=pl.drat.dominik.dao.entity.SubjectUser, querySpaceUid=<gen:0>, path=pl.drat.dominik.dao.entity.SubjectUser)
          - CompositeAttributeFetchImpl(composite=pl.drat.dominik.dao.entity.SubjectUser, querySpaceUid=<gen:1>, path=pl.drat.dominik.dao.entity.SubjectUser)
    - QuerySpaces
       - EntityQuerySpaceImpl(uid=<gen:0>, entity=pl.drat.dominik.dao.entity.SubjectUser)
          - SQL table alias mapping - subjectuse0_
          - alias suffix - 0_
          - suffixed key columns - {subject_1_5_0_, user_id2_5_0_}
          - JOIN (JoinDefinedByMetadata(id)) : <gen:0> -> <gen:0>-id
             - CompositeQuerySpaceImpl(uid=<gen:0>-id)
                - SQL table alias mapping - subjectuse0_
          - JOIN (JoinDefinedByMetadata(_identifierMapper)) : <gen:0> -> <gen:1>
             - CompositeQuerySpaceImpl(uid=<gen:1>)
                - SQL table alias mapping - subjectuse0_

2017-09-14 22:27:17.069 DEBUG 8168 --- [    Test worker] o.h.loader.entity.plan.EntityLoader      : Static select for entity pl.drat.dominik.dao.entity.SubjectUser [PESSIMISTIC_READ]: select subjectuse0_.subject_id as subject_1_5_0_, subjectuse0_.user_id as user_id2_5_0_ from subject_user subjectuse0_ where subjectuse0_.subject_id=? and subjectuse0_.user_id=? lock in share mode
2017-09-14 22:27:17.069 DEBUG 8168 --- [    Test worker] o.h.l.p.b.i.spaces.QuerySpacesImpl       : Adding QuerySpace : uid = <gen:0> -> org.hibernate.loader.plan.build.internal.spaces.EntityQuerySpaceImpl@4d42c497]
2017-09-14 22:27:17.069 DEBUG 8168 --- [    Test worker] o.h.l.p.b.i.spaces.QuerySpacesImpl       : Adding QuerySpace : uid = <gen:0>-id -> org.hibernate.loader.plan.build.internal.spaces.CompositeQuerySpaceImpl@33b2a70]
2017-09-14 22:27:17.070 DEBUG 8168 --- [    Test worker] o.h.p.walking.spi.MetamodelGraphWalker   : Visiting attribute path : subjectId
2017-09-14 22:27:17.070 DEBUG 8168 --- [    Test worker] o.h.p.walking.spi.MetamodelGraphWalker   : Visiting attribute path : userId
2017-09-14 22:27:17.070 DEBUG 8168 --- [    Test worker] o.h.p.walking.spi.MetamodelGraphWalker   : Visiting attribute path : 
2017-09-14 22:27:17.070 DEBUG 8168 --- [    Test worker] o.h.l.p.b.i.spaces.QuerySpacesImpl       : Adding QuerySpace : uid = <gen:1> -> org.hibernate.loader.plan.build.internal.spaces.CompositeQuerySpaceImpl@69a15343]
2017-09-14 22:27:17.070 DEBUG 8168 --- [    Test worker] o.h.p.walking.spi.MetamodelGraphWalker   : Visiting attribute path : subjectId
2017-09-14 22:27:17.070 DEBUG 8168 --- [    Test worker] o.h.p.walking.spi.MetamodelGraphWalker   : Visiting attribute path : userId
2017-09-14 22:27:17.070 DEBUG 8168 --- [    Test worker] lanBuildingAssociationVisitationStrategy : Building LoadPlan...
2017-09-14 22:27:17.071 DEBUG 8168 --- [    Test worker] h.l.p.e.i.LoadQueryJoinAndFetchProcessor : processing queryspace <gen:0>
2017-09-14 22:27:17.072 DEBUG 8168 --- [    Test worker] o.h.l.p.build.spi.LoadPlanTreePrinter    : LoadPlan(entity=pl.drat.dominik.dao.entity.SubjectUser)
    - Returns
       - EntityReturnImpl(entity=pl.drat.dominik.dao.entity.SubjectUser, querySpaceUid=<gen:0>, path=pl.drat.dominik.dao.entity.SubjectUser)
          - CompositeAttributeFetchImpl(composite=pl.drat.dominik.dao.entity.SubjectUser, querySpaceUid=<gen:1>, path=pl.drat.dominik.dao.entity.SubjectUser)
    - QuerySpaces
       - EntityQuerySpaceImpl(uid=<gen:0>, entity=pl.drat.dominik.dao.entity.SubjectUser)
          - SQL table alias mapping - subjectuse0_
          - alias suffix - 0_
          - suffixed key columns - {subject_1_5_0_, user_id2_5_0_}
          - JOIN (JoinDefinedByMetadata(id)) : <gen:0> -> <gen:0>-id
             - CompositeQuerySpaceImpl(uid=<gen:0>-id)
                - SQL table alias mapping - subjectuse0_
          - JOIN (JoinDefinedByMetadata(_identifierMapper)) : <gen:0> -> <gen:1>
             - CompositeQuerySpaceImpl(uid=<gen:1>)
                - SQL table alias mapping - subjectuse0_

2017-09-14 22:27:17.072 DEBUG 8168 --- [    Test worker] o.h.loader.entity.plan.EntityLoader      : Static select for entity pl.drat.dominik.dao.entity.SubjectUser [PESSIMISTIC_WRITE]: select subjectuse0_.subject_id as subject_1_5_0_, subjectuse0_.user_id as user_id2_5_0_ from subject_user subjectuse0_ where subjectuse0_.subject_id=? and subjectuse0_.user_id=? for update
2017-09-14 22:27:17.072 DEBUG 8168 --- [    Test worker] o.h.l.p.b.i.spaces.QuerySpacesImpl       : Adding QuerySpace : uid = <gen:0> -> org.hibernate.loader.plan.build.internal.spaces.EntityQuerySpaceImpl@34e7d8c6]
2017-09-14 22:27:17.073 DEBUG 8168 --- [    Test worker] o.h.l.p.b.i.spaces.QuerySpacesImpl       : Adding QuerySpace : uid = <gen:0>-id -> org.hibernate.loader.plan.build.internal.spaces.CompositeQuerySpaceImpl@64d4ba36]
2017-09-14 22:27:17.073 DEBUG 8168 --- [    Test worker] o.h.p.walking.spi.MetamodelGraphWalker   : Visiting attribute path : subjectId
2017-09-14 22:27:17.073 DEBUG 8168 --- [    Test worker] o.h.p.walking.spi.MetamodelGraphWalker   : Visiting attribute path : userId
2017-09-14 22:27:17.073 DEBUG 8168 --- [    Test worker] o.h.p.walking.spi.MetamodelGraphWalker   : Visiting attribute path : 
2017-09-14 22:27:17.073 DEBUG 8168 --- [    Test worker] o.h.l.p.b.i.spaces.QuerySpacesImpl       : Adding QuerySpace : uid = <gen:1> -> org.hibernate.loader.plan.build.internal.spaces.CompositeQuerySpaceImpl@22fe9828]
2017-09-14 22:27:17.073 DEBUG 8168 --- [    Test worker] o.h.p.walking.spi.MetamodelGraphWalker   : Visiting attribute path : subjectId
2017-09-14 22:27:17.073 DEBUG 8168 --- [    Test worker] o.h.p.walking.spi.MetamodelGraphWalker   : Visiting attribute path : userId
2017-09-14 22:27:17.073 DEBUG 8168 --- [    Test worker] lanBuildingAssociationVisitationStrategy : Building LoadPlan...
2017-09-14 22:27:17.074 DEBUG 8168 --- [    Test worker] h.l.p.e.i.LoadQueryJoinAndFetchProcessor : processing queryspace <gen:0>
2017-09-14 22:27:17.074 DEBUG 8168 --- [    Test worker] o.h.l.p.build.spi.LoadPlanTreePrinter    : LoadPlan(entity=pl.drat.dominik.dao.entity.SubjectUser)
    - Returns
       - EntityReturnImpl(entity=pl.drat.dominik.dao.entity.SubjectUser, querySpaceUid=<gen:0>, path=pl.drat.dominik.dao.entity.SubjectUser)
          - CompositeAttributeFetchImpl(composite=pl.drat.dominik.dao.entity.SubjectUser, querySpaceUid=<gen:1>, path=pl.drat.dominik.dao.entity.SubjectUser)
    - QuerySpaces
       - EntityQuerySpaceImpl(uid=<gen:0>, entity=pl.drat.dominik.dao.entity.SubjectUser)
          - SQL table alias mapping - subjectuse0_
          - alias suffix - 0_
          - suffixed key columns - {subject_1_5_0_, user_id2_5_0_}
          - JOIN (JoinDefinedByMetadata(id)) : <gen:0> -> <gen:0>-id
             - CompositeQuerySpaceImpl(uid=<gen:0>-id)
                - SQL table alias mapping - subjectuse0_
          - JOIN (JoinDefinedByMetadata(_identifierMapper)) : <gen:0> -> <gen:1>
             - CompositeQuerySpaceImpl(uid=<gen:1>)
                - SQL table alias mapping - subjectuse0_

2017-09-14 22:27:17.076 DEBUG 8168 --- [    Test worker] o.h.loader.entity.plan.EntityLoader      : Static select for entity pl.drat.dominik.dao.entity.SubjectUser [PESSIMISTIC_FORCE_INCREMENT]: select subjectuse0_.subject_id as subject_1_5_0_, subjectuse0_.user_id as user_id2_5_0_ from subject_user subjectuse0_ where subjectuse0_.subject_id=? and subjectuse0_.user_id=? for update
2017-09-14 22:27:17.077 DEBUG 8168 --- [    Test worker] o.h.l.p.b.i.spaces.QuerySpacesImpl       : Adding QuerySpace : uid = <gen:0> -> org.hibernate.loader.plan.build.internal.spaces.EntityQuerySpaceImpl@2e2d06e]
2017-09-14 22:27:17.077 DEBUG 8168 --- [    Test worker] o.h.l.p.b.i.spaces.QuerySpacesImpl       : Adding QuerySpace : uid = <gen:0>-id -> org.hibernate.loader.plan.build.internal.spaces.CompositeQuerySpaceImpl@95911a]
2017-09-14 22:27:17.077 DEBUG 8168 --- [    Test worker] o.h.p.walking.spi.MetamodelGraphWalker   : Visiting attribute path : subjectId
2017-09-14 22:27:17.077 DEBUG 8168 --- [    Test worker] o.h.p.walking.spi.MetamodelGraphWalker   : Visiting attribute path : userId
2017-09-14 22:27:17.077 DEBUG 8168 --- [    Test worker] o.h.p.walking.spi.MetamodelGraphWalker   : Visiting attribute path : 
2017-09-14 22:27:17.078 DEBUG 8168 --- [    Test worker] o.h.l.p.b.i.spaces.QuerySpacesImpl       : Adding QuerySpace : uid = <gen:1> -> org.hibernate.loader.plan.build.internal.spaces.CompositeQuerySpaceImpl@751eca44]
2017-09-14 22:27:17.078 DEBUG 8168 --- [    Test worker] o.h.p.walking.spi.MetamodelGraphWalker   : Visiting attribute path : subjectId
2017-09-14 22:27:17.078 DEBUG 8168 --- [    Test worker] o.h.p.walking.spi.MetamodelGraphWalker   : Visiting attribute path : userId
2017-09-14 22:27:17.078 DEBUG 8168 --- [    Test worker] lanBuildingAssociationVisitationStrategy : Building LoadPlan...
2017-09-14 22:27:17.079 DEBUG 8168 --- [    Test worker] h.l.p.e.i.LoadQueryJoinAndFetchProcessor : processing queryspace <gen:0>
2017-09-14 22:27:17.079 DEBUG 8168 --- [    Test worker] o.h.l.p.build.spi.LoadPlanTreePrinter    : LoadPlan(entity=pl.drat.dominik.dao.entity.SubjectUser)
    - Returns
       - EntityReturnImpl(entity=pl.drat.dominik.dao.entity.SubjectUser, querySpaceUid=<gen:0>, path=pl.drat.dominik.dao.entity.SubjectUser)
          - CompositeAttributeFetchImpl(composite=pl.drat.dominik.dao.entity.SubjectUser, querySpaceUid=<gen:1>, path=pl.drat.dominik.dao.entity.SubjectUser)
    - QuerySpaces
       - EntityQuerySpaceImpl(uid=<gen:0>, entity=pl.drat.dominik.dao.entity.SubjectUser)
          - SQL table alias mapping - subjectuse0_
          - alias suffix - 0_
          - suffixed key columns - {subject_1_5_0_, user_id2_5_0_}
          - JOIN (JoinDefinedByMetadata(id)) : <gen:0> -> <gen:0>-id
             - CompositeQuerySpaceImpl(uid=<gen:0>-id)
                - SQL table alias mapping - subjectuse0_
          - JOIN (JoinDefinedByMetadata(_identifierMapper)) : <gen:0> -> <gen:1>
             - CompositeQuerySpaceImpl(uid=<gen:1>)
                - SQL table alias mapping - subjectuse0_

2017-09-14 22:27:17.080 DEBUG 8168 --- [    Test worker] o.h.loader.entity.plan.EntityLoader      : Static select for entity pl.drat.dominik.dao.entity.SubjectUser [OPTIMISTIC]: select subjectuse0_.subject_id as subject_1_5_0_, subjectuse0_.user_id as user_id2_5_0_ from subject_user subjectuse0_ where subjectuse0_.subject_id=? and subjectuse0_.user_id=?
2017-09-14 22:27:17.081 DEBUG 8168 --- [    Test worker] o.h.l.p.b.i.spaces.QuerySpacesImpl       : Adding QuerySpace : uid = <gen:0> -> org.hibernate.loader.plan.build.internal.spaces.EntityQuerySpaceImpl@6cd17ec7]
2017-09-14 22:27:17.081 DEBUG 8168 --- [    Test worker] o.h.l.p.b.i.spaces.QuerySpacesImpl       : Adding QuerySpace : uid = <gen:0>-id -> org.hibernate.loader.plan.build.internal.spaces.CompositeQuerySpaceImpl@553e1a55]
2017-09-14 22:27:17.081 DEBUG 8168 --- [    Test worker] o.h.p.walking.spi.MetamodelGraphWalker   : Visiting attribute path : subjectId
2017-09-14 22:27:17.081 DEBUG 8168 --- [    Test worker] o.h.p.walking.spi.MetamodelGraphWalker   : Visiting attribute path : userId
2017-09-14 22:27:17.081 DEBUG 8168 --- [    Test worker] o.h.p.walking.spi.MetamodelGraphWalker   : Visiting attribute path : 
2017-09-14 22:27:17.081 DEBUG 8168 --- [    Test worker] o.h.l.p.b.i.spaces.QuerySpacesImpl       : Adding QuerySpace : uid = <gen:1> -> org.hibernate.loader.plan.build.internal.spaces.CompositeQuerySpaceImpl@147ec1b0]
2017-09-14 22:27:17.082 DEBUG 8168 --- [    Test worker] o.h.p.walking.spi.MetamodelGraphWalker   : Visiting attribute path : subjectId
2017-09-14 22:27:17.082 DEBUG 8168 --- [    Test worker] o.h.p.walking.spi.MetamodelGraphWalker   : Visiting attribute path : userId
2017-09-14 22:27:17.082 DEBUG 8168 --- [    Test worker] lanBuildingAssociationVisitationStrategy : Building LoadPlan...
2017-09-14 22:27:17.083 DEBUG 8168 --- [    Test worker] h.l.p.e.i.LoadQueryJoinAndFetchProcessor : processing queryspace <gen:0>
2017-09-14 22:27:17.083 DEBUG 8168 --- [    Test worker] o.h.l.p.build.spi.LoadPlanTreePrinter    : LoadPlan(entity=pl.drat.dominik.dao.entity.SubjectUser)
    - Returns
       - EntityReturnImpl(entity=pl.drat.dominik.dao.entity.SubjectUser, querySpaceUid=<gen:0>, path=pl.drat.dominik.dao.entity.SubjectUser)
          - CompositeAttributeFetchImpl(composite=pl.drat.dominik.dao.entity.SubjectUser, querySpaceUid=<gen:1>, path=pl.drat.dominik.dao.entity.SubjectUser)
    - QuerySpaces
       - EntityQuerySpaceImpl(uid=<gen:0>, entity=pl.drat.dominik.dao.entity.SubjectUser)
          - SQL table alias mapping - subjectuse0_
          - alias suffix - 0_
          - suffixed key columns - {subject_1_5_0_, user_id2_5_0_}
          - JOIN (JoinDefinedByMetadata(id)) : <gen:0> -> <gen:0>-id
             - CompositeQuerySpaceImpl(uid=<gen:0>-id)
                - SQL table alias mapping - subjectuse0_
          - JOIN (JoinDefinedByMetadata(_identifierMapper)) : <gen:0> -> <gen:1>
             - CompositeQuerySpaceImpl(uid=<gen:1>)
                - SQL table alias mapping - subjectuse0_

2017-09-14 22:27:17.084 DEBUG 8168 --- [    Test worker] o.h.loader.entity.plan.EntityLoader      : Static select for entity pl.drat.dominik.dao.entity.SubjectUser [OPTIMISTIC_FORCE_INCREMENT]: select subjectuse0_.subject_id as subject_1_5_0_, subjectuse0_.user_id as user_id2_5_0_ from subject_user subjectuse0_ where subjectuse0_.subject_id=? and subjectuse0_.user_id=?
2017-09-14 22:27:17.084 DEBUG 8168 --- [    Test worker] org.hibernate.loader.Loader              : Static select for action ACTION_MERGE on entity pl.drat.dominik.dao.entity.SubjectUser: /* load pl.drat.dominik.dao.entity.SubjectUser */ select subjectuse0_.subject_id as subject_1_5_0_, subjectuse0_.user_id as user_id2_5_0_ from subject_user subjectuse0_ where subjectuse0_.subject_id=? and subjectuse0_.user_id=?
2017-09-14 22:27:17.084 DEBUG 8168 --- [    Test worker] org.hibernate.loader.Loader              : Static select for action ACTION_REFRESH on entity pl.drat.dominik.dao.entity.SubjectUser: /* load pl.drat.dominik.dao.entity.SubjectUser */ select subjectuse0_.subject_id as subject_1_5_0_, subjectuse0_.user_id as user_id2_5_0_ from subject_user subjectuse0_ where subjectuse0_.subject_id=? and subjectuse0_.user_id=?
2017-09-14 22:27:17.085 DEBUG 8168 --- [    Test worker] o.h.p.entity.AbstractEntityPersister     : Static SQL for entity: pl.drat.dominik.dao.entity.Presence
2017-09-14 22:27:17.085 DEBUG 8168 --- [    Test worker] o.h.p.entity.AbstractEntityPersister     :  Version select: /* get version pl.drat.dominik.dao.entity.Presence */ select id from presence where id =?
2017-09-14 22:27:17.085 DEBUG 8168 --- [    Test worker] o.h.p.entity.AbstractEntityPersister     :  Snapshot select: /* get current state pl.drat.dominik.dao.entity.Presence */ select presence_.id, presence_.date as date2_0_, presence_.status as status3_0_, presence_.student_id as student_4_0_, presence_.subject_id as subject_5_0_ from presence presence_ where presence_.id=?
2017-09-14 22:27:17.085 DEBUG 8168 --- [    Test worker] o.h.p.entity.AbstractEntityPersister     :  Insert 0: /* insert pl.drat.dominik.dao.entity.Presence */ insert into presence (date, status, student_id, subject_id, id) values (?, ?, ?, ?, ?)
2017-09-14 22:27:17.085 DEBUG 8168 --- [    Test worker] o.h.p.entity.AbstractEntityPersister     :  Update 0: /* update pl.drat.dominik.dao.entity.Presence */ update presence set date=?, status=?, student_id=?, subject_id=? where id=?
2017-09-14 22:27:17.085 DEBUG 8168 --- [    Test worker] o.h.p.entity.AbstractEntityPersister     :  Delete 0: /* delete pl.drat.dominik.dao.entity.Presence */ delete from presence where id=?
2017-09-14 22:27:17.085 DEBUG 8168 --- [    Test worker] o.h.p.entity.AbstractEntityPersister     :  Identity insert: /* insert pl.drat.dominik.dao.entity.Presence */ insert into presence (date, status, student_id, subject_id) values (?, ?, ?, ?)
2017-09-14 22:27:17.085 DEBUG 8168 --- [    Test worker] o.h.l.p.b.i.spaces.QuerySpacesImpl       : Adding QuerySpace : uid = <gen:0> -> org.hibernate.loader.plan.build.internal.spaces.EntityQuerySpaceImpl@6a2f1ef4]
2017-09-14 22:27:17.085 DEBUG 8168 --- [    Test worker] o.h.p.walking.spi.MetamodelGraphWalker   : Visiting attribute path : date
2017-09-14 22:27:17.085 DEBUG 8168 --- [    Test worker] o.h.p.walking.spi.MetamodelGraphWalker   : Visiting attribute path : presenceStatus
2017-09-14 22:27:17.086 DEBUG 8168 --- [    Test worker] o.h.p.walking.spi.MetamodelGraphWalker   : Visiting attribute path : studentId
2017-09-14 22:27:17.086 DEBUG 8168 --- [    Test worker] o.h.p.walking.spi.MetamodelGraphWalker   : Visiting attribute path : subjectId
2017-09-14 22:27:17.086 DEBUG 8168 --- [    Test worker] lanBuildingAssociationVisitationStrategy : Building LoadPlan...
2017-09-14 22:27:17.086 DEBUG 8168 --- [    Test worker] h.l.p.e.i.LoadQueryJoinAndFetchProcessor : processing queryspace <gen:0>
2017-09-14 22:27:17.086 DEBUG 8168 --- [    Test worker] o.h.l.p.build.spi.LoadPlanTreePrinter    : LoadPlan(entity=pl.drat.dominik.dao.entity.Presence)
    - Returns
       - EntityReturnImpl(entity=pl.drat.dominik.dao.entity.Presence, querySpaceUid=<gen:0>, path=pl.drat.dominik.dao.entity.Presence)
    - QuerySpaces
       - EntityQuerySpaceImpl(uid=<gen:0>, entity=pl.drat.dominik.dao.entity.Presence)
          - SQL table alias mapping - presence0_
          - alias suffix - 0_
          - suffixed key columns - {id1_0_0_}

2017-09-14 22:27:17.086 DEBUG 8168 --- [    Test worker] o.h.loader.entity.plan.EntityLoader      : Static select for entity pl.drat.dominik.dao.entity.Presence [NONE]: select presence0_.id as id1_0_0_, presence0_.date as date2_0_0_, presence0_.status as status3_0_0_, presence0_.student_id as student_4_0_0_, presence0_.subject_id as subject_5_0_0_ from presence presence0_ where presence0_.id=?
2017-09-14 22:27:17.087 DEBUG 8168 --- [    Test worker] o.h.l.p.b.i.spaces.QuerySpacesImpl       : Adding QuerySpace : uid = <gen:0> -> org.hibernate.loader.plan.build.internal.spaces.EntityQuerySpaceImpl@ef4ee04]
2017-09-14 22:27:17.087 DEBUG 8168 --- [    Test worker] o.h.p.walking.spi.MetamodelGraphWalker   : Visiting attribute path : date
2017-09-14 22:27:17.087 DEBUG 8168 --- [    Test worker] o.h.p.walking.spi.MetamodelGraphWalker   : Visiting attribute path : presenceStatus
2017-09-14 22:27:17.087 DEBUG 8168 --- [    Test worker] o.h.p.walking.spi.MetamodelGraphWalker   : Visiting attribute path : studentId
2017-09-14 22:27:17.087 DEBUG 8168 --- [    Test worker] o.h.p.walking.spi.MetamodelGraphWalker   : Visiting attribute path : subjectId
2017-09-14 22:27:17.087 DEBUG 8168 --- [    Test worker] lanBuildingAssociationVisitationStrategy : Building LoadPlan...
2017-09-14 22:27:17.087 DEBUG 8168 --- [    Test worker] h.l.p.e.i.LoadQueryJoinAndFetchProcessor : processing queryspace <gen:0>
2017-09-14 22:27:17.087 DEBUG 8168 --- [    Test worker] o.h.l.p.build.spi.LoadPlanTreePrinter    : LoadPlan(entity=pl.drat.dominik.dao.entity.Presence)
    - Returns
       - EntityReturnImpl(entity=pl.drat.dominik.dao.entity.Presence, querySpaceUid=<gen:0>, path=pl.drat.dominik.dao.entity.Presence)
    - QuerySpaces
       - EntityQuerySpaceImpl(uid=<gen:0>, entity=pl.drat.dominik.dao.entity.Presence)
          - SQL table alias mapping - presence0_
          - alias suffix - 0_
          - suffixed key columns - {id1_0_0_}

2017-09-14 22:27:17.088 DEBUG 8168 --- [    Test worker] o.h.loader.entity.plan.EntityLoader      : Static select for entity pl.drat.dominik.dao.entity.Presence [READ]: select presence0_.id as id1_0_0_, presence0_.date as date2_0_0_, presence0_.status as status3_0_0_, presence0_.student_id as student_4_0_0_, presence0_.subject_id as subject_5_0_0_ from presence presence0_ where presence0_.id=?
2017-09-14 22:27:17.088 DEBUG 8168 --- [    Test worker] o.h.l.p.b.i.spaces.QuerySpacesImpl       : Adding QuerySpace : uid = <gen:0> -> org.hibernate.loader.plan.build.internal.spaces.EntityQuerySpaceImpl@11ea0d71]
2017-09-14 22:27:17.088 DEBUG 8168 --- [    Test worker] o.h.p.walking.spi.MetamodelGraphWalker   : Visiting attribute path : date
2017-09-14 22:27:17.088 DEBUG 8168 --- [    Test worker] o.h.p.walking.spi.MetamodelGraphWalker   : Visiting attribute path : presenceStatus
2017-09-14 22:27:17.088 DEBUG 8168 --- [    Test worker] o.h.p.walking.spi.MetamodelGraphWalker   : Visiting attribute path : studentId
2017-09-14 22:27:17.088 DEBUG 8168 --- [    Test worker] o.h.p.walking.spi.MetamodelGraphWalker   : Visiting attribute path : subjectId
2017-09-14 22:27:17.088 DEBUG 8168 --- [    Test worker] lanBuildingAssociationVisitationStrategy : Building LoadPlan...
2017-09-14 22:27:17.089 DEBUG 8168 --- [    Test worker] h.l.p.e.i.LoadQueryJoinAndFetchProcessor : processing queryspace <gen:0>
2017-09-14 22:27:17.089 DEBUG 8168 --- [    Test worker] o.h.l.p.build.spi.LoadPlanTreePrinter    : LoadPlan(entity=pl.drat.dominik.dao.entity.Presence)
    - Returns
       - EntityReturnImpl(entity=pl.drat.dominik.dao.entity.Presence, querySpaceUid=<gen:0>, path=pl.drat.dominik.dao.entity.Presence)
    - QuerySpaces
       - EntityQuerySpaceImpl(uid=<gen:0>, entity=pl.drat.dominik.dao.entity.Presence)
          - SQL table alias mapping - presence0_
          - alias suffix - 0_
          - suffixed key columns - {id1_0_0_}

2017-09-14 22:27:17.089 DEBUG 8168 --- [    Test worker] o.h.loader.entity.plan.EntityLoader      : Static select for entity pl.drat.dominik.dao.entity.Presence [UPGRADE]: select presence0_.id as id1_0_0_, presence0_.date as date2_0_0_, presence0_.status as status3_0_0_, presence0_.student_id as student_4_0_0_, presence0_.subject_id as subject_5_0_0_ from presence presence0_ where presence0_.id=? for update
2017-09-14 22:27:17.089 DEBUG 8168 --- [    Test worker] o.h.l.p.b.i.spaces.QuerySpacesImpl       : Adding QuerySpace : uid = <gen:0> -> org.hibernate.loader.plan.build.internal.spaces.EntityQuerySpaceImpl@7aebb88e]
2017-09-14 22:27:17.089 DEBUG 8168 --- [    Test worker] o.h.p.walking.spi.MetamodelGraphWalker   : Visiting attribute path : date
2017-09-14 22:27:17.090 DEBUG 8168 --- [    Test worker] o.h.p.walking.spi.MetamodelGraphWalker   : Visiting attribute path : presenceStatus
2017-09-14 22:27:17.090 DEBUG 8168 --- [    Test worker] o.h.p.walking.spi.MetamodelGraphWalker   : Visiting attribute path : studentId
2017-09-14 22:27:17.090 DEBUG 8168 --- [    Test worker] o.h.p.walking.spi.MetamodelGraphWalker   : Visiting attribute path : subjectId
2017-09-14 22:27:17.090 DEBUG 8168 --- [    Test worker] lanBuildingAssociationVisitationStrategy : Building LoadPlan...
2017-09-14 22:27:17.090 DEBUG 8168 --- [    Test worker] h.l.p.e.i.LoadQueryJoinAndFetchProcessor : processing queryspace <gen:0>
2017-09-14 22:27:17.091 DEBUG 8168 --- [    Test worker] o.h.l.p.build.spi.LoadPlanTreePrinter    : LoadPlan(entity=pl.drat.dominik.dao.entity.Presence)
    - Returns
       - EntityReturnImpl(entity=pl.drat.dominik.dao.entity.Presence, querySpaceUid=<gen:0>, path=pl.drat.dominik.dao.entity.Presence)
    - QuerySpaces
       - EntityQuerySpaceImpl(uid=<gen:0>, entity=pl.drat.dominik.dao.entity.Presence)
          - SQL table alias mapping - presence0_
          - alias suffix - 0_
          - suffixed key columns - {id1_0_0_}

2017-09-14 22:27:17.091 DEBUG 8168 --- [    Test worker] o.h.loader.entity.plan.EntityLoader      : Static select for entity pl.drat.dominik.dao.entity.Presence [UPGRADE_NOWAIT]: select presence0_.id as id1_0_0_, presence0_.date as date2_0_0_, presence0_.status as status3_0_0_, presence0_.student_id as student_4_0_0_, presence0_.subject_id as subject_5_0_0_ from presence presence0_ where presence0_.id=? for update
2017-09-14 22:27:17.091 DEBUG 8168 --- [    Test worker] o.h.l.p.b.i.spaces.QuerySpacesImpl       : Adding QuerySpace : uid = <gen:0> -> org.hibernate.loader.plan.build.internal.spaces.EntityQuerySpaceImpl@3bd1d5a9]
2017-09-14 22:27:17.091 DEBUG 8168 --- [    Test worker] o.h.p.walking.spi.MetamodelGraphWalker   : Visiting attribute path : date
2017-09-14 22:27:17.091 DEBUG 8168 --- [    Test worker] o.h.p.walking.spi.MetamodelGraphWalker   : Visiting attribute path : presenceStatus
2017-09-14 22:27:17.091 DEBUG 8168 --- [    Test worker] o.h.p.walking.spi.MetamodelGraphWalker   : Visiting attribute path : studentId
2017-09-14 22:27:17.091 DEBUG 8168 --- [    Test worker] o.h.p.walking.spi.MetamodelGraphWalker   : Visiting attribute path : subjectId
2017-09-14 22:27:17.091 DEBUG 8168 --- [    Test worker] lanBuildingAssociationVisitationStrategy : Building LoadPlan...
2017-09-14 22:27:17.092 DEBUG 8168 --- [    Test worker] h.l.p.e.i.LoadQueryJoinAndFetchProcessor : processing queryspace <gen:0>
2017-09-14 22:27:17.092 DEBUG 8168 --- [    Test worker] o.h.l.p.build.spi.LoadPlanTreePrinter    : LoadPlan(entity=pl.drat.dominik.dao.entity.Presence)
    - Returns
       - EntityReturnImpl(entity=pl.drat.dominik.dao.entity.Presence, querySpaceUid=<gen:0>, path=pl.drat.dominik.dao.entity.Presence)
    - QuerySpaces
       - EntityQuerySpaceImpl(uid=<gen:0>, entity=pl.drat.dominik.dao.entity.Presence)
          - SQL table alias mapping - presence0_
          - alias suffix - 0_
          - suffixed key columns - {id1_0_0_}

2017-09-14 22:27:17.092 DEBUG 8168 --- [    Test worker] o.h.loader.entity.plan.EntityLoader      : Static select for entity pl.drat.dominik.dao.entity.Presence [UPGRADE_SKIPLOCKED]: select presence0_.id as id1_0_0_, presence0_.date as date2_0_0_, presence0_.status as status3_0_0_, presence0_.student_id as student_4_0_0_, presence0_.subject_id as subject_5_0_0_ from presence presence0_ where presence0_.id=? for update
2017-09-14 22:27:17.093 DEBUG 8168 --- [    Test worker] o.h.l.p.b.i.spaces.QuerySpacesImpl       : Adding QuerySpace : uid = <gen:0> -> org.hibernate.loader.plan.build.internal.spaces.EntityQuerySpaceImpl@78baa1d7]
2017-09-14 22:27:17.093 DEBUG 8168 --- [    Test worker] o.h.p.walking.spi.MetamodelGraphWalker   : Visiting attribute path : date
2017-09-14 22:27:17.093 DEBUG 8168 --- [    Test worker] o.h.p.walking.spi.MetamodelGraphWalker   : Visiting attribute path : presenceStatus
2017-09-14 22:27:17.093 DEBUG 8168 --- [    Test worker] o.h.p.walking.spi.MetamodelGraphWalker   : Visiting attribute path : studentId
2017-09-14 22:27:17.093 DEBUG 8168 --- [    Test worker] o.h.p.walking.spi.MetamodelGraphWalker   : Visiting attribute path : subjectId
2017-09-14 22:27:17.093 DEBUG 8168 --- [    Test worker] lanBuildingAssociationVisitationStrategy : Building LoadPlan...
2017-09-14 22:27:17.093 DEBUG 8168 --- [    Test worker] h.l.p.e.i.LoadQueryJoinAndFetchProcessor : processing queryspace <gen:0>
2017-09-14 22:27:17.094 DEBUG 8168 --- [    Test worker] o.h.l.p.build.spi.LoadPlanTreePrinter    : LoadPlan(entity=pl.drat.dominik.dao.entity.Presence)
    - Returns
       - EntityReturnImpl(entity=pl.drat.dominik.dao.entity.Presence, querySpaceUid=<gen:0>, path=pl.drat.dominik.dao.entity.Presence)
    - QuerySpaces
       - EntityQuerySpaceImpl(uid=<gen:0>, entity=pl.drat.dominik.dao.entity.Presence)
          - SQL table alias mapping - presence0_
          - alias suffix - 0_
          - suffixed key columns - {id1_0_0_}

2017-09-14 22:27:17.095 DEBUG 8168 --- [    Test worker] o.h.loader.entity.plan.EntityLoader      : Static select for entity pl.drat.dominik.dao.entity.Presence [FORCE]: select presence0_.id as id1_0_0_, presence0_.date as date2_0_0_, presence0_.status as status3_0_0_, presence0_.student_id as student_4_0_0_, presence0_.subject_id as subject_5_0_0_ from presence presence0_ where presence0_.id=? for update
2017-09-14 22:27:17.095 DEBUG 8168 --- [    Test worker] o.h.l.p.b.i.spaces.QuerySpacesImpl       : Adding QuerySpace : uid = <gen:0> -> org.hibernate.loader.plan.build.internal.spaces.EntityQuerySpaceImpl@396699d8]
2017-09-14 22:27:17.095 DEBUG 8168 --- [    Test worker] o.h.p.walking.spi.MetamodelGraphWalker   : Visiting attribute path : date
2017-09-14 22:27:17.095 DEBUG 8168 --- [    Test worker] o.h.p.walking.spi.MetamodelGraphWalker   : Visiting attribute path : presenceStatus
2017-09-14 22:27:17.095 DEBUG 8168 --- [    Test worker] o.h.p.walking.spi.MetamodelGraphWalker   : Visiting attribute path : studentId
2017-09-14 22:27:17.095 DEBUG 8168 --- [    Test worker] o.h.p.walking.spi.MetamodelGraphWalker   : Visiting attribute path : subjectId
2017-09-14 22:27:17.095 DEBUG 8168 --- [    Test worker] lanBuildingAssociationVisitationStrategy : Building LoadPlan...
2017-09-14 22:27:17.096 DEBUG 8168 --- [    Test worker] h.l.p.e.i.LoadQueryJoinAndFetchProcessor : processing queryspace <gen:0>
2017-09-14 22:27:17.096 DEBUG 8168 --- [    Test worker] o.h.l.p.build.spi.LoadPlanTreePrinter    : LoadPlan(entity=pl.drat.dominik.dao.entity.Presence)
    - Returns
       - EntityReturnImpl(entity=pl.drat.dominik.dao.entity.Presence, querySpaceUid=<gen:0>, path=pl.drat.dominik.dao.entity.Presence)
    - QuerySpaces
       - EntityQuerySpaceImpl(uid=<gen:0>, entity=pl.drat.dominik.dao.entity.Presence)
          - SQL table alias mapping - presence0_
          - alias suffix - 0_
          - suffixed key columns - {id1_0_0_}

2017-09-14 22:27:17.096 DEBUG 8168 --- [    Test worker] o.h.loader.entity.plan.EntityLoader      : Static select for entity pl.drat.dominik.dao.entity.Presence [PESSIMISTIC_READ]: select presence0_.id as id1_0_0_, presence0_.date as date2_0_0_, presence0_.status as status3_0_0_, presence0_.student_id as student_4_0_0_, presence0_.subject_id as subject_5_0_0_ from presence presence0_ where presence0_.id=? lock in share mode
2017-09-14 22:27:17.096 DEBUG 8168 --- [    Test worker] o.h.l.p.b.i.spaces.QuerySpacesImpl       : Adding QuerySpace : uid = <gen:0> -> org.hibernate.loader.plan.build.internal.spaces.EntityQuerySpaceImpl@596b8126]
2017-09-14 22:27:17.096 DEBUG 8168 --- [    Test worker] o.h.p.walking.spi.MetamodelGraphWalker   : Visiting attribute path : date
2017-09-14 22:27:17.097 DEBUG 8168 --- [    Test worker] o.h.p.walking.spi.MetamodelGraphWalker   : Visiting attribute path : presenceStatus
2017-09-14 22:27:17.097 DEBUG 8168 --- [    Test worker] o.h.p.walking.spi.MetamodelGraphWalker   : Visiting attribute path : studentId
2017-09-14 22:27:17.097 DEBUG 8168 --- [    Test worker] o.h.p.walking.spi.MetamodelGraphWalker   : Visiting attribute path : subjectId
2017-09-14 22:27:17.097 DEBUG 8168 --- [    Test worker] lanBuildingAssociationVisitationStrategy : Building LoadPlan...
2017-09-14 22:27:17.097 DEBUG 8168 --- [    Test worker] h.l.p.e.i.LoadQueryJoinAndFetchProcessor : processing queryspace <gen:0>
2017-09-14 22:27:17.098 DEBUG 8168 --- [    Test worker] o.h.l.p.build.spi.LoadPlanTreePrinter    : LoadPlan(entity=pl.drat.dominik.dao.entity.Presence)
    - Returns
       - EntityReturnImpl(entity=pl.drat.dominik.dao.entity.Presence, querySpaceUid=<gen:0>, path=pl.drat.dominik.dao.entity.Presence)
    - QuerySpaces
       - EntityQuerySpaceImpl(uid=<gen:0>, entity=pl.drat.dominik.dao.entity.Presence)
          - SQL table alias mapping - presence0_
          - alias suffix - 0_
          - suffixed key columns - {id1_0_0_}

2017-09-14 22:27:17.098 DEBUG 8168 --- [    Test worker] o.h.loader.entity.plan.EntityLoader      : Static select for entity pl.drat.dominik.dao.entity.Presence [PESSIMISTIC_WRITE]: select presence0_.id as id1_0_0_, presence0_.date as date2_0_0_, presence0_.status as status3_0_0_, presence0_.student_id as student_4_0_0_, presence0_.subject_id as subject_5_0_0_ from presence presence0_ where presence0_.id=? for update
2017-09-14 22:27:17.098 DEBUG 8168 --- [    Test worker] o.h.l.p.b.i.spaces.QuerySpacesImpl       : Adding QuerySpace : uid = <gen:0> -> org.hibernate.loader.plan.build.internal.spaces.EntityQuerySpaceImpl@235dab0d]
2017-09-14 22:27:17.098 DEBUG 8168 --- [    Test worker] o.h.p.walking.spi.MetamodelGraphWalker   : Visiting attribute path : date
2017-09-14 22:27:17.098 DEBUG 8168 --- [    Test worker] o.h.p.walking.spi.MetamodelGraphWalker   : Visiting attribute path : presenceStatus
2017-09-14 22:27:17.098 DEBUG 8168 --- [    Test worker] o.h.p.walking.spi.MetamodelGraphWalker   : Visiting attribute path : studentId
2017-09-14 22:27:17.098 DEBUG 8168 --- [    Test worker] o.h.p.walking.spi.MetamodelGraphWalker   : Visiting attribute path : subjectId
2017-09-14 22:27:17.099 DEBUG 8168 --- [    Test worker] lanBuildingAssociationVisitationStrategy : Building LoadPlan...
2017-09-14 22:27:17.099 DEBUG 8168 --- [    Test worker] h.l.p.e.i.LoadQueryJoinAndFetchProcessor : processing queryspace <gen:0>
2017-09-14 22:27:17.099 DEBUG 8168 --- [    Test worker] o.h.l.p.build.spi.LoadPlanTreePrinter    : LoadPlan(entity=pl.drat.dominik.dao.entity.Presence)
    - Returns
       - EntityReturnImpl(entity=pl.drat.dominik.dao.entity.Presence, querySpaceUid=<gen:0>, path=pl.drat.dominik.dao.entity.Presence)
    - QuerySpaces
       - EntityQuerySpaceImpl(uid=<gen:0>, entity=pl.drat.dominik.dao.entity.Presence)
          - SQL table alias mapping - presence0_
          - alias suffix - 0_
          - suffixed key columns - {id1_0_0_}

2017-09-14 22:27:17.099 DEBUG 8168 --- [    Test worker] o.h.loader.entity.plan.EntityLoader      : Static select for entity pl.drat.dominik.dao.entity.Presence [PESSIMISTIC_FORCE_INCREMENT]: select presence0_.id as id1_0_0_, presence0_.date as date2_0_0_, presence0_.status as status3_0_0_, presence0_.student_id as student_4_0_0_, presence0_.subject_id as subject_5_0_0_ from presence presence0_ where presence0_.id=? for update
2017-09-14 22:27:17.100 DEBUG 8168 --- [    Test worker] o.h.l.p.b.i.spaces.QuerySpacesImpl       : Adding QuerySpace : uid = <gen:0> -> org.hibernate.loader.plan.build.internal.spaces.EntityQuerySpaceImpl@43be97ce]
2017-09-14 22:27:17.100 DEBUG 8168 --- [    Test worker] o.h.p.walking.spi.MetamodelGraphWalker   : Visiting attribute path : date
2017-09-14 22:27:17.100 DEBUG 8168 --- [    Test worker] o.h.p.walking.spi.MetamodelGraphWalker   : Visiting attribute path : presenceStatus
2017-09-14 22:27:17.100 DEBUG 8168 --- [    Test worker] o.h.p.walking.spi.MetamodelGraphWalker   : Visiting attribute path : studentId
2017-09-14 22:27:17.100 DEBUG 8168 --- [    Test worker] o.h.p.walking.spi.MetamodelGraphWalker   : Visiting attribute path : subjectId
2017-09-14 22:27:17.100 DEBUG 8168 --- [    Test worker] lanBuildingAssociationVisitationStrategy : Building LoadPlan...
2017-09-14 22:27:17.100 DEBUG 8168 --- [    Test worker] h.l.p.e.i.LoadQueryJoinAndFetchProcessor : processing queryspace <gen:0>
2017-09-14 22:27:17.101 DEBUG 8168 --- [    Test worker] o.h.l.p.build.spi.LoadPlanTreePrinter    : LoadPlan(entity=pl.drat.dominik.dao.entity.Presence)
    - Returns
       - EntityReturnImpl(entity=pl.drat.dominik.dao.entity.Presence, querySpaceUid=<gen:0>, path=pl.drat.dominik.dao.entity.Presence)
    - QuerySpaces
       - EntityQuerySpaceImpl(uid=<gen:0>, entity=pl.drat.dominik.dao.entity.Presence)
          - SQL table alias mapping - presence0_
          - alias suffix - 0_
          - suffixed key columns - {id1_0_0_}

2017-09-14 22:27:17.101 DEBUG 8168 --- [    Test worker] o.h.loader.entity.plan.EntityLoader      : Static select for entity pl.drat.dominik.dao.entity.Presence [OPTIMISTIC]: select presence0_.id as id1_0_0_, presence0_.date as date2_0_0_, presence0_.status as status3_0_0_, presence0_.student_id as student_4_0_0_, presence0_.subject_id as subject_5_0_0_ from presence presence0_ where presence0_.id=?
2017-09-14 22:27:17.101 DEBUG 8168 --- [    Test worker] o.h.l.p.b.i.spaces.QuerySpacesImpl       : Adding QuerySpace : uid = <gen:0> -> org.hibernate.loader.plan.build.internal.spaces.EntityQuerySpaceImpl@611b0919]
2017-09-14 22:27:17.101 DEBUG 8168 --- [    Test worker] o.h.p.walking.spi.MetamodelGraphWalker   : Visiting attribute path : date
2017-09-14 22:27:17.101 DEBUG 8168 --- [    Test worker] o.h.p.walking.spi.MetamodelGraphWalker   : Visiting attribute path : presenceStatus
2017-09-14 22:27:17.102 DEBUG 8168 --- [    Test worker] o.h.p.walking.spi.MetamodelGraphWalker   : Visiting attribute path : studentId
2017-09-14 22:27:17.102 DEBUG 8168 --- [    Test worker] o.h.p.walking.spi.MetamodelGraphWalker   : Visiting attribute path : subjectId
2017-09-14 22:27:17.102 DEBUG 8168 --- [    Test worker] lanBuildingAssociationVisitationStrategy : Building LoadPlan...
2017-09-14 22:27:17.102 DEBUG 8168 --- [    Test worker] h.l.p.e.i.LoadQueryJoinAndFetchProcessor : processing queryspace <gen:0>
2017-09-14 22:27:17.102 DEBUG 8168 --- [    Test worker] o.h.l.p.build.spi.LoadPlanTreePrinter    : LoadPlan(entity=pl.drat.dominik.dao.entity.Presence)
    - Returns
       - EntityReturnImpl(entity=pl.drat.dominik.dao.entity.Presence, querySpaceUid=<gen:0>, path=pl.drat.dominik.dao.entity.Presence)
    - QuerySpaces
       - EntityQuerySpaceImpl(uid=<gen:0>, entity=pl.drat.dominik.dao.entity.Presence)
          - SQL table alias mapping - presence0_
          - alias suffix - 0_
          - suffixed key columns - {id1_0_0_}

2017-09-14 22:27:17.103 DEBUG 8168 --- [    Test worker] o.h.loader.entity.plan.EntityLoader      : Static select for entity pl.drat.dominik.dao.entity.Presence [OPTIMISTIC_FORCE_INCREMENT]: select presence0_.id as id1_0_0_, presence0_.date as date2_0_0_, presence0_.status as status3_0_0_, presence0_.student_id as student_4_0_0_, presence0_.subject_id as subject_5_0_0_ from presence presence0_ where presence0_.id=?
2017-09-14 22:27:17.103 DEBUG 8168 --- [    Test worker] org.hibernate.loader.Loader              : Static select for action ACTION_MERGE on entity pl.drat.dominik.dao.entity.Presence: /* load pl.drat.dominik.dao.entity.Presence */ select presence0_.id as id1_0_0_, presence0_.date as date2_0_0_, presence0_.status as status3_0_0_, presence0_.student_id as student_4_0_0_, presence0_.subject_id as subject_5_0_0_ from presence presence0_ where presence0_.id=?
2017-09-14 22:27:17.103 DEBUG 8168 --- [    Test worker] org.hibernate.loader.Loader              : Static select for action ACTION_REFRESH on entity pl.drat.dominik.dao.entity.Presence: /* load pl.drat.dominik.dao.entity.Presence */ select presence0_.id as id1_0_0_, presence0_.date as date2_0_0_, presence0_.status as status3_0_0_, presence0_.student_id as student_4_0_0_, presence0_.subject_id as subject_5_0_0_ from presence presence0_ where presence0_.id=?
2017-09-14 22:27:17.103 DEBUG 8168 --- [    Test worker] o.h.p.entity.AbstractEntityPersister     : Static SQL for entity: pl.drat.dominik.dao.entity.Role
2017-09-14 22:27:17.104 DEBUG 8168 --- [    Test worker] o.h.p.entity.AbstractEntityPersister     :  Version select: /* get version pl.drat.dominik.dao.entity.Role */ select role from role where role =?
2017-09-14 22:27:17.104 DEBUG 8168 --- [    Test worker] o.h.p.entity.AbstractEntityPersister     :  Snapshot select: /* get current state pl.drat.dominik.dao.entity.Role */ select role_.role from role role_ where role_.role=?
2017-09-14 22:27:17.104 DEBUG 8168 --- [    Test worker] o.h.p.entity.AbstractEntityPersister     :  Insert 0: /* insert pl.drat.dominik.dao.entity.Role */ insert into role (role) values (?)
2017-09-14 22:27:17.104 DEBUG 8168 --- [    Test worker] o.h.p.entity.AbstractEntityPersister     :  Update 0: null
2017-09-14 22:27:17.104 DEBUG 8168 --- [    Test worker] o.h.p.entity.AbstractEntityPersister     :  Delete 0: /* delete pl.drat.dominik.dao.entity.Role */ delete from role where role=?
2017-09-14 22:27:17.104 DEBUG 8168 --- [    Test worker] o.h.l.p.b.i.spaces.QuerySpacesImpl       : Adding QuerySpace : uid = <gen:0> -> org.hibernate.loader.plan.build.internal.spaces.EntityQuerySpaceImpl@5a1d9ef8]
2017-09-14 22:27:17.104 DEBUG 8168 --- [    Test worker] lanBuildingAssociationVisitationStrategy : Building LoadPlan...
2017-09-14 22:27:17.105 DEBUG 8168 --- [    Test worker] h.l.p.e.i.LoadQueryJoinAndFetchProcessor : processing queryspace <gen:0>
2017-09-14 22:27:17.105 DEBUG 8168 --- [    Test worker] o.h.l.p.build.spi.LoadPlanTreePrinter    : LoadPlan(entity=pl.drat.dominik.dao.entity.Role)
    - Returns
       - EntityReturnImpl(entity=pl.drat.dominik.dao.entity.Role, querySpaceUid=<gen:0>, path=pl.drat.dominik.dao.entity.Role)
    - QuerySpaces
       - EntityQuerySpaceImpl(uid=<gen:0>, entity=pl.drat.dominik.dao.entity.Role)
          - SQL table alias mapping - role0_
          - alias suffix - 0_
          - suffixed key columns - {role1_1_0_}

2017-09-14 22:27:17.105 DEBUG 8168 --- [    Test worker] o.h.loader.entity.plan.EntityLoader      : Static select for entity pl.drat.dominik.dao.entity.Role [NONE]: select role0_.role as role1_1_0_ from role role0_ where role0_.role=?
2017-09-14 22:27:17.105 DEBUG 8168 --- [    Test worker] o.h.l.p.b.i.spaces.QuerySpacesImpl       : Adding QuerySpace : uid = <gen:0> -> org.hibernate.loader.plan.build.internal.spaces.EntityQuerySpaceImpl@4a5f3a0a]
2017-09-14 22:27:17.106 DEBUG 8168 --- [    Test worker] lanBuildingAssociationVisitationStrategy : Building LoadPlan...
2017-09-14 22:27:17.106 DEBUG 8168 --- [    Test worker] h.l.p.e.i.LoadQueryJoinAndFetchProcessor : processing queryspace <gen:0>
2017-09-14 22:27:17.106 DEBUG 8168 --- [    Test worker] o.h.l.p.build.spi.LoadPlanTreePrinter    : LoadPlan(entity=pl.drat.dominik.dao.entity.Role)
    - Returns
       - EntityReturnImpl(entity=pl.drat.dominik.dao.entity.Role, querySpaceUid=<gen:0>, path=pl.drat.dominik.dao.entity.Role)
    - QuerySpaces
       - EntityQuerySpaceImpl(uid=<gen:0>, entity=pl.drat.dominik.dao.entity.Role)
          - SQL table alias mapping - role0_
          - alias suffix - 0_
          - suffixed key columns - {role1_1_0_}

2017-09-14 22:27:17.106 DEBUG 8168 --- [    Test worker] o.h.loader.entity.plan.EntityLoader      : Static select for entity pl.drat.dominik.dao.entity.Role [READ]: select role0_.role as role1_1_0_ from role role0_ where role0_.role=?
2017-09-14 22:27:17.106 DEBUG 8168 --- [    Test worker] o.h.l.p.b.i.spaces.QuerySpacesImpl       : Adding QuerySpace : uid = <gen:0> -> org.hibernate.loader.plan.build.internal.spaces.EntityQuerySpaceImpl@42b4d45a]
2017-09-14 22:27:17.107 DEBUG 8168 --- [    Test worker] lanBuildingAssociationVisitationStrategy : Building LoadPlan...
2017-09-14 22:27:17.107 DEBUG 8168 --- [    Test worker] h.l.p.e.i.LoadQueryJoinAndFetchProcessor : processing queryspace <gen:0>
2017-09-14 22:27:17.107 DEBUG 8168 --- [    Test worker] o.h.l.p.build.spi.LoadPlanTreePrinter    : LoadPlan(entity=pl.drat.dominik.dao.entity.Role)
    - Returns
       - EntityReturnImpl(entity=pl.drat.dominik.dao.entity.Role, querySpaceUid=<gen:0>, path=pl.drat.dominik.dao.entity.Role)
    - QuerySpaces
       - EntityQuerySpaceImpl(uid=<gen:0>, entity=pl.drat.dominik.dao.entity.Role)
          - SQL table alias mapping - role0_
          - alias suffix - 0_
          - suffixed key columns - {role1_1_0_}

2017-09-14 22:27:17.107 DEBUG 8168 --- [    Test worker] o.h.loader.entity.plan.EntityLoader      : Static select for entity pl.drat.dominik.dao.entity.Role [UPGRADE]: select role0_.role as role1_1_0_ from role role0_ where role0_.role=? for update
2017-09-14 22:27:17.107 DEBUG 8168 --- [    Test worker] o.h.l.p.b.i.spaces.QuerySpacesImpl       : Adding QuerySpace : uid = <gen:0> -> org.hibernate.loader.plan.build.internal.spaces.EntityQuerySpaceImpl@2f562cd3]
2017-09-14 22:27:17.108 DEBUG 8168 --- [    Test worker] lanBuildingAssociationVisitationStrategy : Building LoadPlan...
2017-09-14 22:27:17.108 DEBUG 8168 --- [    Test worker] h.l.p.e.i.LoadQueryJoinAndFetchProcessor : processing queryspace <gen:0>
2017-09-14 22:27:17.109 DEBUG 8168 --- [    Test worker] o.h.l.p.build.spi.LoadPlanTreePrinter    : LoadPlan(entity=pl.drat.dominik.dao.entity.Role)
    - Returns
       - EntityReturnImpl(entity=pl.drat.dominik.dao.entity.Role, querySpaceUid=<gen:0>, path=pl.drat.dominik.dao.entity.Role)
    - QuerySpaces
       - EntityQuerySpaceImpl(uid=<gen:0>, entity=pl.drat.dominik.dao.entity.Role)
          - SQL table alias mapping - role0_
          - alias suffix - 0_
          - suffixed key columns - {role1_1_0_}

2017-09-14 22:27:17.109 DEBUG 8168 --- [    Test worker] o.h.loader.entity.plan.EntityLoader      : Static select for entity pl.drat.dominik.dao.entity.Role [UPGRADE_NOWAIT]: select role0_.role as role1_1_0_ from role role0_ where role0_.role=? for update
2017-09-14 22:27:17.110 DEBUG 8168 --- [    Test worker] o.h.l.p.b.i.spaces.QuerySpacesImpl       : Adding QuerySpace : uid = <gen:0> -> org.hibernate.loader.plan.build.internal.spaces.EntityQuerySpaceImpl@7c0845ef]
2017-09-14 22:27:17.110 DEBUG 8168 --- [    Test worker] lanBuildingAssociationVisitationStrategy : Building LoadPlan...
2017-09-14 22:27:17.110 DEBUG 8168 --- [    Test worker] h.l.p.e.i.LoadQueryJoinAndFetchProcessor : processing queryspace <gen:0>
2017-09-14 22:27:17.110 DEBUG 8168 --- [    Test worker] o.h.l.p.build.spi.LoadPlanTreePrinter    : LoadPlan(entity=pl.drat.dominik.dao.entity.Role)
    - Returns
       - EntityReturnImpl(entity=pl.drat.dominik.dao.entity.Role, querySpaceUid=<gen:0>, path=pl.drat.dominik.dao.entity.Role)
    - QuerySpaces
       - EntityQuerySpaceImpl(uid=<gen:0>, entity=pl.drat.dominik.dao.entity.Role)
          - SQL table alias mapping - role0_
          - alias suffix - 0_
          - suffixed key columns - {role1_1_0_}

2017-09-14 22:27:17.111 DEBUG 8168 --- [    Test worker] o.h.loader.entity.plan.EntityLoader      : Static select for entity pl.drat.dominik.dao.entity.Role [UPGRADE_SKIPLOCKED]: select role0_.role as role1_1_0_ from role role0_ where role0_.role=? for update
2017-09-14 22:27:17.111 DEBUG 8168 --- [    Test worker] o.h.l.p.b.i.spaces.QuerySpacesImpl       : Adding QuerySpace : uid = <gen:0> -> org.hibernate.loader.plan.build.internal.spaces.EntityQuerySpaceImpl@2857c942]
2017-09-14 22:27:17.111 DEBUG 8168 --- [    Test worker] lanBuildingAssociationVisitationStrategy : Building LoadPlan...
2017-09-14 22:27:17.112 DEBUG 8168 --- [    Test worker] h.l.p.e.i.LoadQueryJoinAndFetchProcessor : processing queryspace <gen:0>
2017-09-14 22:27:17.112 DEBUG 8168 --- [    Test worker] o.h.l.p.build.spi.LoadPlanTreePrinter    : LoadPlan(entity=pl.drat.dominik.dao.entity.Role)
    - Returns
       - EntityReturnImpl(entity=pl.drat.dominik.dao.entity.Role, querySpaceUid=<gen:0>, path=pl.drat.dominik.dao.entity.Role)
    - QuerySpaces
       - EntityQuerySpaceImpl(uid=<gen:0>, entity=pl.drat.dominik.dao.entity.Role)
          - SQL table alias mapping - role0_
          - alias suffix - 0_
          - suffixed key columns - {role1_1_0_}

2017-09-14 22:27:17.112 DEBUG 8168 --- [    Test worker] o.h.loader.entity.plan.EntityLoader      : Static select for entity pl.drat.dominik.dao.entity.Role [FORCE]: select role0_.role as role1_1_0_ from role role0_ where role0_.role=? for update
2017-09-14 22:27:17.113 DEBUG 8168 --- [    Test worker] o.h.l.p.b.i.spaces.QuerySpacesImpl       : Adding QuerySpace : uid = <gen:0> -> org.hibernate.loader.plan.build.internal.spaces.EntityQuerySpaceImpl@5cdb31d8]
2017-09-14 22:27:17.113 DEBUG 8168 --- [    Test worker] lanBuildingAssociationVisitationStrategy : Building LoadPlan...
2017-09-14 22:27:17.113 DEBUG 8168 --- [    Test worker] h.l.p.e.i.LoadQueryJoinAndFetchProcessor : processing queryspace <gen:0>
2017-09-14 22:27:17.114 DEBUG 8168 --- [    Test worker] o.h.l.p.build.spi.LoadPlanTreePrinter    : LoadPlan(entity=pl.drat.dominik.dao.entity.Role)
    - Returns
       - EntityReturnImpl(entity=pl.drat.dominik.dao.entity.Role, querySpaceUid=<gen:0>, path=pl.drat.dominik.dao.entity.Role)
    - QuerySpaces
       - EntityQuerySpaceImpl(uid=<gen:0>, entity=pl.drat.dominik.dao.entity.Role)
          - SQL table alias mapping - role0_
          - alias suffix - 0_
          - suffixed key columns - {role1_1_0_}

2017-09-14 22:27:17.114 DEBUG 8168 --- [    Test worker] o.h.loader.entity.plan.EntityLoader      : Static select for entity pl.drat.dominik.dao.entity.Role [PESSIMISTIC_READ]: select role0_.role as role1_1_0_ from role role0_ where role0_.role=? lock in share mode
2017-09-14 22:27:17.115 DEBUG 8168 --- [    Test worker] o.h.l.p.b.i.spaces.QuerySpacesImpl       : Adding QuerySpace : uid = <gen:0> -> org.hibernate.loader.plan.build.internal.spaces.EntityQuerySpaceImpl@360a57b9]
2017-09-14 22:27:17.115 DEBUG 8168 --- [    Test worker] lanBuildingAssociationVisitationStrategy : Building LoadPlan...
2017-09-14 22:27:17.115 DEBUG 8168 --- [    Test worker] h.l.p.e.i.LoadQueryJoinAndFetchProcessor : processing queryspace <gen:0>
2017-09-14 22:27:17.115 DEBUG 8168 --- [    Test worker] o.h.l.p.build.spi.LoadPlanTreePrinter    : LoadPlan(entity=pl.drat.dominik.dao.entity.Role)
    - Returns
       - EntityReturnImpl(entity=pl.drat.dominik.dao.entity.Role, querySpaceUid=<gen:0>, path=pl.drat.dominik.dao.entity.Role)
    - QuerySpaces
       - EntityQuerySpaceImpl(uid=<gen:0>, entity=pl.drat.dominik.dao.entity.Role)
          - SQL table alias mapping - role0_
          - alias suffix - 0_
          - suffixed key columns - {role1_1_0_}

2017-09-14 22:27:17.116 DEBUG 8168 --- [    Test worker] o.h.loader.entity.plan.EntityLoader      : Static select for entity pl.drat.dominik.dao.entity.Role [PESSIMISTIC_WRITE]: select role0_.role as role1_1_0_ from role role0_ where role0_.role=? for update
2017-09-14 22:27:17.116 DEBUG 8168 --- [    Test worker] o.h.l.p.b.i.spaces.QuerySpacesImpl       : Adding QuerySpace : uid = <gen:0> -> org.hibernate.loader.plan.build.internal.spaces.EntityQuerySpaceImpl@4051b284]
2017-09-14 22:27:17.116 DEBUG 8168 --- [    Test worker] lanBuildingAssociationVisitationStrategy : Building LoadPlan...
2017-09-14 22:27:17.116 DEBUG 8168 --- [    Test worker] h.l.p.e.i.LoadQueryJoinAndFetchProcessor : processing queryspace <gen:0>
2017-09-14 22:27:17.117 DEBUG 8168 --- [    Test worker] o.h.l.p.build.spi.LoadPlanTreePrinter    : LoadPlan(entity=pl.drat.dominik.dao.entity.Role)
    - Returns
       - EntityReturnImpl(entity=pl.drat.dominik.dao.entity.Role, querySpaceUid=<gen:0>, path=pl.drat.dominik.dao.entity.Role)
    - QuerySpaces
       - EntityQuerySpaceImpl(uid=<gen:0>, entity=pl.drat.dominik.dao.entity.Role)
          - SQL table alias mapping - role0_
          - alias suffix - 0_
          - suffixed key columns - {role1_1_0_}

2017-09-14 22:27:17.117 DEBUG 8168 --- [    Test worker] o.h.loader.entity.plan.EntityLoader      : Static select for entity pl.drat.dominik.dao.entity.Role [PESSIMISTIC_FORCE_INCREMENT]: select role0_.role as role1_1_0_ from role role0_ where role0_.role=? for update
2017-09-14 22:27:17.117 DEBUG 8168 --- [    Test worker] o.h.l.p.b.i.spaces.QuerySpacesImpl       : Adding QuerySpace : uid = <gen:0> -> org.hibernate.loader.plan.build.internal.spaces.EntityQuerySpaceImpl@8962005]
2017-09-14 22:27:17.117 DEBUG 8168 --- [    Test worker] lanBuildingAssociationVisitationStrategy : Building LoadPlan...
2017-09-14 22:27:17.117 DEBUG 8168 --- [    Test worker] h.l.p.e.i.LoadQueryJoinAndFetchProcessor : processing queryspace <gen:0>
2017-09-14 22:27:17.119 DEBUG 8168 --- [    Test worker] o.h.l.p.build.spi.LoadPlanTreePrinter    : LoadPlan(entity=pl.drat.dominik.dao.entity.Role)
    - Returns
       - EntityReturnImpl(entity=pl.drat.dominik.dao.entity.Role, querySpaceUid=<gen:0>, path=pl.drat.dominik.dao.entity.Role)
    - QuerySpaces
       - EntityQuerySpaceImpl(uid=<gen:0>, entity=pl.drat.dominik.dao.entity.Role)
          - SQL table alias mapping - role0_
          - alias suffix - 0_
          - suffixed key columns - {role1_1_0_}

2017-09-14 22:27:17.119 DEBUG 8168 --- [    Test worker] o.h.loader.entity.plan.EntityLoader      : Static select for entity pl.drat.dominik.dao.entity.Role [OPTIMISTIC]: select role0_.role as role1_1_0_ from role role0_ where role0_.role=?
2017-09-14 22:27:17.119 DEBUG 8168 --- [    Test worker] o.h.l.p.b.i.spaces.QuerySpacesImpl       : Adding QuerySpace : uid = <gen:0> -> org.hibernate.loader.plan.build.internal.spaces.EntityQuerySpaceImpl@822f9df]
2017-09-14 22:27:17.120 DEBUG 8168 --- [    Test worker] lanBuildingAssociationVisitationStrategy : Building LoadPlan...
2017-09-14 22:27:17.120 DEBUG 8168 --- [    Test worker] h.l.p.e.i.LoadQueryJoinAndFetchProcessor : processing queryspace <gen:0>
2017-09-14 22:27:17.120 DEBUG 8168 --- [    Test worker] o.h.l.p.build.spi.LoadPlanTreePrinter    : LoadPlan(entity=pl.drat.dominik.dao.entity.Role)
    - Returns
       - EntityReturnImpl(entity=pl.drat.dominik.dao.entity.Role, querySpaceUid=<gen:0>, path=pl.drat.dominik.dao.entity.Role)
    - QuerySpaces
       - EntityQuerySpaceImpl(uid=<gen:0>, entity=pl.drat.dominik.dao.entity.Role)
          - SQL table alias mapping - role0_
          - alias suffix - 0_
          - suffixed key columns - {role1_1_0_}

2017-09-14 22:27:17.120 DEBUG 8168 --- [    Test worker] o.h.loader.entity.plan.EntityLoader      : Static select for entity pl.drat.dominik.dao.entity.Role [OPTIMISTIC_FORCE_INCREMENT]: select role0_.role as role1_1_0_ from role role0_ where role0_.role=?
2017-09-14 22:27:17.121 DEBUG 8168 --- [    Test worker] org.hibernate.loader.Loader              : Static select for action ACTION_MERGE on entity pl.drat.dominik.dao.entity.Role: /* load pl.drat.dominik.dao.entity.Role */ select role0_.role as role1_1_0_ from role role0_ where role0_.role=?
2017-09-14 22:27:17.121 DEBUG 8168 --- [    Test worker] org.hibernate.loader.Loader              : Static select for action ACTION_REFRESH on entity pl.drat.dominik.dao.entity.Role: /* load pl.drat.dominik.dao.entity.Role */ select role0_.role as role1_1_0_ from role role0_ where role0_.role=?
2017-09-14 22:27:17.156 DEBUG 8168 --- [    Test worker] o.h.l.p.b.i.spaces.QuerySpacesImpl       : Adding QuerySpace : uid = <gen:0> -> org.hibernate.loader.plan.build.internal.spaces.CollectionQuerySpaceImpl@3e4f5c12]
2017-09-14 22:27:17.156 DEBUG 8168 --- [    Test worker] o.h.l.p.b.i.spaces.QuerySpacesImpl       : Adding QuerySpace : uid = <gen:1> -> org.hibernate.loader.plan.build.internal.spaces.EntityQuerySpaceImpl@42250531]
2017-09-14 22:27:17.157 DEBUG 8168 --- [    Test worker] o.h.p.walking.spi.MetamodelGraphWalker   : Visiting attribute path : date
2017-09-14 22:27:17.157 DEBUG 8168 --- [    Test worker] o.h.p.walking.spi.MetamodelGraphWalker   : Visiting attribute path : subject
2017-09-14 22:27:17.157 DEBUG 8168 --- [    Test worker] o.h.p.walking.spi.MetamodelGraphWalker   : Property path deemed to be circular : subject
2017-09-14 22:27:17.157 DEBUG 8168 --- [    Test worker] lanBuildingAssociationVisitationStrategy : Building LoadPlan...
2017-09-14 22:27:17.161 DEBUG 8168 --- [    Test worker] h.l.p.e.i.LoadQueryJoinAndFetchProcessor : processing queryspace <gen:0>
2017-09-14 22:27:17.162 DEBUG 8168 --- [    Test worker] o.h.l.p.build.spi.LoadPlanTreePrinter    : LoadPlan(collection=pl.drat.dominik.dao.entity.Subject.schedules)
    - Returns
       - CollectionReturnImpl(collection=pl.drat.dominik.dao.entity.Subject.schedules, querySpaceUid=<gen:0>, path=[pl.drat.dominik.dao.entity.Subject.schedules])
          - (collection element) CollectionFetchableElementEntityGraph(entity=pl.drat.dominik.dao.entity.Schedule, querySpaceUid=<gen:1>, path=[pl.drat.dominik.dao.entity.Subject.schedules].<elements>)
    - QuerySpaces
       - CollectionQuerySpaceImpl(uid=<gen:0>, collection=pl.drat.dominik.dao.entity.Subject.schedules)
          - SQL table alias mapping - schedules0_
          - alias suffix - 0_
          - suffixed key columns - {subject_3_2_0_}
          - entity-element alias suffix - 1_
          - 1_entity-element suffixed key columns - id1_2_1_
          - JOIN (JoinDefinedByMetadata(elements)) : <gen:0> -> <gen:1>
             - EntityQuerySpaceImpl(uid=<gen:1>, entity=pl.drat.dominik.dao.entity.Schedule)
                - SQL table alias mapping - schedules0_
                - alias suffix - 1_
                - suffixed key columns - {id1_2_1_}

2017-09-14 22:27:17.164 DEBUG 8168 --- [    Test worker] o.h.l.collection.plan.CollectionLoader   : Static select for collection pl.drat.dominik.dao.entity.Subject.schedules: select schedules0_.subject_id as subject_3_2_0_, schedules0_.id as id1_2_0_, schedules0_.id as id1_2_1_, schedules0_.date as date2_2_1_, schedules0_.subject_id as subject_3_2_1_ from schedule schedules0_ where schedules0_.subject_id=?
2017-09-14 22:27:17.165 DEBUG 8168 --- [    Test worker] o.h.l.p.b.i.spaces.QuerySpacesImpl       : Adding QuerySpace : uid = <gen:0> -> org.hibernate.loader.plan.build.internal.spaces.CollectionQuerySpaceImpl@73030f4]
2017-09-14 22:27:17.165 DEBUG 8168 --- [    Test worker] o.h.l.p.b.i.spaces.QuerySpacesImpl       : Adding QuerySpace : uid = <gen:1> -> org.hibernate.loader.plan.build.internal.spaces.EntityQuerySpaceImpl@665f310f]
2017-09-14 22:27:17.165 DEBUG 8168 --- [    Test worker] o.h.p.walking.spi.MetamodelGraphWalker   : Visiting attribute path : email
2017-09-14 22:27:17.167 DEBUG 8168 --- [    Test worker] o.h.p.walking.spi.MetamodelGraphWalker   : Visiting attribute path : firstName
2017-09-14 22:27:17.167 DEBUG 8168 --- [    Test worker] o.h.p.walking.spi.MetamodelGraphWalker   : Visiting attribute path : lastName
2017-09-14 22:27:17.167 DEBUG 8168 --- [    Test worker] o.h.p.walking.spi.MetamodelGraphWalker   : Visiting attribute path : password
2017-09-14 22:27:17.168 DEBUG 8168 --- [    Test worker] o.h.p.walking.spi.MetamodelGraphWalker   : Visiting attribute path : role
2017-09-14 22:27:17.168 DEBUG 8168 --- [    Test worker] o.h.p.walking.spi.MetamodelGraphWalker   : Visiting attribute path : subjects
2017-09-14 22:27:17.168 DEBUG 8168 --- [    Test worker] o.h.p.walking.spi.MetamodelGraphWalker   : Property path deemed to be circular : subjects
2017-09-14 22:27:17.168 DEBUG 8168 --- [    Test worker] lanBuildingAssociationVisitationStrategy : Building LoadPlan...
2017-09-14 22:27:17.169 DEBUG 8168 --- [    Test worker] h.l.p.e.i.LoadQueryJoinAndFetchProcessor : processing queryspace <gen:0>
2017-09-14 22:27:17.170 DEBUG 8168 --- [    Test worker] o.h.l.p.build.spi.LoadPlanTreePrinter    : LoadPlan(collection=pl.drat.dominik.dao.entity.Subject.users)
    - Returns
       - CollectionReturnImpl(collection=pl.drat.dominik.dao.entity.Subject.users, querySpaceUid=<gen:0>, path=[pl.drat.dominik.dao.entity.Subject.users])
          - (collection element) CollectionFetchableElementEntityGraph(entity=pl.drat.dominik.dao.entity.User, querySpaceUid=<gen:1>, path=[pl.drat.dominik.dao.entity.Subject.users].<elements>)
    - QuerySpaces
       - CollectionQuerySpaceImpl(uid=<gen:0>, collection=pl.drat.dominik.dao.entity.Subject.users)
          - SQL table alias mapping - users0_
          - alias suffix - 0_
          - suffixed key columns - {subject_1_5_0_}
          - entity-element alias suffix - 1_
          - 1_entity-element suffixed key columns - id1_6_1_
          - JOIN (JoinDefinedByMetadata(elements)) : <gen:0> -> <gen:1>
             - EntityQuerySpaceImpl(uid=<gen:1>, entity=pl.drat.dominik.dao.entity.User)
                - SQL table alias mapping - user1_
                - alias suffix - 1_
                - suffixed key columns - {id1_6_1_}

2017-09-14 22:27:17.170 DEBUG 8168 --- [    Test worker] o.h.l.collection.plan.CollectionLoader   : Static select for collection pl.drat.dominik.dao.entity.Subject.users: select users0_.subject_id as subject_1_5_0_, users0_.user_id as user_id2_5_0_, user1_.id as id1_6_1_, user1_.email as email2_6_1_, user1_.first_name as first_na3_6_1_, user1_.last_name as last_nam4_6_1_, user1_.password as password5_6_1_, user1_.role as role6_6_1_ from subject_user users0_ inner join user user1_ on users0_.user_id=user1_.id where users0_.subject_id=?
2017-09-14 22:27:17.170 DEBUG 8168 --- [    Test worker] o.h.l.p.b.i.spaces.QuerySpacesImpl       : Adding QuerySpace : uid = <gen:0> -> org.hibernate.loader.plan.build.internal.spaces.CollectionQuerySpaceImpl@322de487]
2017-09-14 22:27:17.170 DEBUG 8168 --- [    Test worker] o.h.l.p.b.i.spaces.QuerySpacesImpl       : Adding QuerySpace : uid = <gen:1> -> org.hibernate.loader.plan.build.internal.spaces.EntityQuerySpaceImpl@2de56c84]
2017-09-14 22:27:17.175 DEBUG 8168 --- [    Test worker] o.h.p.walking.spi.MetamodelGraphWalker   : Visiting attribute path : name
2017-09-14 22:27:17.175 DEBUG 8168 --- [    Test worker] o.h.p.walking.spi.MetamodelGraphWalker   : Visiting attribute path : schedules
2017-09-14 22:27:17.176 DEBUG 8168 --- [    Test worker] o.h.l.p.b.i.spaces.QuerySpacesImpl       : Adding QuerySpace : uid = <gen:2> -> org.hibernate.loader.plan.build.internal.spaces.CollectionQuerySpaceImpl@77f00eac]
2017-09-14 22:27:17.176 DEBUG 8168 --- [    Test worker] o.h.l.p.b.i.spaces.QuerySpacesImpl       : Adding QuerySpace : uid = <gen:3> -> org.hibernate.loader.plan.build.internal.spaces.EntityQuerySpaceImpl@71f7dd9a]
2017-09-14 22:27:17.176 DEBUG 8168 --- [    Test worker] o.h.p.walking.spi.MetamodelGraphWalker   : Visiting attribute path : semester
2017-09-14 22:27:17.176 DEBUG 8168 --- [    Test worker] o.h.p.walking.spi.MetamodelGraphWalker   : Visiting attribute path : users
2017-09-14 22:27:17.176 DEBUG 8168 --- [    Test worker] o.h.p.walking.spi.MetamodelGraphWalker   : Property path deemed to be circular : users
2017-09-14 22:27:17.176 DEBUG 8168 --- [    Test worker] o.h.p.walking.spi.MetamodelGraphWalker   : Visiting attribute path : year
2017-09-14 22:27:17.177 DEBUG 8168 --- [    Test worker] lanBuildingAssociationVisitationStrategy : Building LoadPlan...
2017-09-14 22:27:17.177 DEBUG 8168 --- [    Test worker] h.l.p.e.i.LoadQueryJoinAndFetchProcessor : processing queryspace <gen:0>
2017-09-14 22:27:17.178 DEBUG 8168 --- [    Test worker] o.h.l.p.build.spi.LoadPlanTreePrinter    : LoadPlan(collection=pl.drat.dominik.dao.entity.User.subjects)
    - Returns
       - CollectionReturnImpl(collection=pl.drat.dominik.dao.entity.User.subjects, querySpaceUid=<gen:0>, path=[pl.drat.dominik.dao.entity.User.subjects])
          - (collection element) CollectionFetchableElementEntityGraph(entity=pl.drat.dominik.dao.entity.Subject, querySpaceUid=<gen:1>, path=[pl.drat.dominik.dao.entity.User.subjects].<elements>)
             - CollectionAttributeFetchImpl(collection=pl.drat.dominik.dao.entity.Subject.schedules, querySpaceUid=<gen:2>, path=[pl.drat.dominik.dao.entity.User.subjects].<elements>.schedules)
                - (collection element) CollectionFetchableElementEntityGraph(entity=pl.drat.dominik.dao.entity.Schedule, querySpaceUid=<gen:3>, path=[pl.drat.dominik.dao.entity.User.subjects].<elements>.schedules.<elements>)
    - QuerySpaces
       - CollectionQuerySpaceImpl(uid=<gen:0>, collection=pl.drat.dominik.dao.entity.User.subjects)
          - SQL table alias mapping - subjects0_
          - alias suffix - 0_
          - suffixed key columns - {user_id2_5_0_}
          - entity-element alias suffix - 1_
          - 1_entity-element suffixed key columns - id1_4_1_
          - JOIN (JoinDefinedByMetadata(elements)) : <gen:0> -> <gen:1>
             - EntityQuerySpaceImpl(uid=<gen:1>, entity=pl.drat.dominik.dao.entity.Subject)
                - SQL table alias mapping - subject1_
                - alias suffix - 1_
                - suffixed key columns - {id1_4_1_}

2017-09-14 22:27:17.178 DEBUG 8168 --- [    Test worker] o.h.l.collection.plan.CollectionLoader   : Static select for collection pl.drat.dominik.dao.entity.User.subjects: select subjects0_.user_id as user_id2_5_0_, subjects0_.subject_id as subject_1_5_0_, subject1_.id as id1_4_1_, subject1_.name as name2_4_1_, subject1_.semester as semester3_4_1_, subject1_.year as year4_4_1_ from subject_user subjects0_ inner join subject subject1_ on subjects0_.subject_id=subject1_.id where subjects0_.user_id=?
2017-09-14 22:27:17.178 DEBUG 8168 --- [    Test worker] o.hibernate.internal.SessionFactoryImpl  : Instantiated session factory
2017-09-14 22:27:17.191 DEBUG 8168 --- [    Test worker] o.h.internal.NamedQueryRepository        : Checking 0 named HQL queries
2017-09-14 22:27:17.191 DEBUG 8168 --- [    Test worker] o.h.internal.NamedQueryRepository        : Checking 0 named SQL queries
2017-09-14 22:27:17.200 DEBUG 8168 --- [    Test worker] o.h.internal.SessionFactoryRegistry      : Initializing SessionFactoryRegistry : org.hibernate.internal.SessionFactoryRegistry@12039d13
2017-09-14 22:27:17.200 DEBUG 8168 --- [    Test worker] o.h.internal.SessionFactoryRegistry      : Registering SessionFactory: 8fa746f9-581e-4828-80b3-b6d3e0967934 (<unnamed>)
2017-09-14 22:27:17.200 DEBUG 8168 --- [    Test worker] o.h.internal.SessionFactoryRegistry      : Not binding SessionFactory to JNDI, no JNDI name configured
2017-09-14 22:27:17.220 DEBUG 8168 --- [    Test worker] o.h.j.i.schemagen.JpaSchemaGenerator     : No actions specified; doing nothing
2017-09-14 22:27:17.379 DEBUG 8168 --- [    Test worker] o.h.j.i.EntityManagerFactoryRegistry     : Initializing EntityManagerFactoryRegistry : org.hibernate.jpa.internal.EntityManagerFactoryRegistry@7aaa5967
2017-09-14 22:27:17.379 DEBUG 8168 --- [    Test worker] o.h.j.i.EntityManagerFactoryRegistry     : Registering EntityManagerFactory: default 
2017-09-14 22:27:17.380  INFO 8168 --- [    Test worker] j.LocalContainerEntityManagerFactoryBean : Initialized JPA EntityManagerFactory for persistence unit 'default'
2017-09-14 22:27:17.641 ERROR 8168 --- [    Test worker] o.a.tomcat.jdbc.pool.ConnectionPool      : Unable to create initial connections of pool.

java.sql.SQLException: Access denied for user 'root'@'localhost' (using password: YES)
	at com.mysql.jdbc.SQLError.createSQLException(SQLError.java:964) ~[mysql-connector-java-5.1.40.jar:5.1.40]
	at com.mysql.jdbc.MysqlIO.checkErrorPacket(MysqlIO.java:3970) ~[mysql-connector-java-5.1.40.jar:5.1.40]
	at com.mysql.jdbc.MysqlIO.checkErrorPacket(MysqlIO.java:3906) ~[mysql-connector-java-5.1.40.jar:5.1.40]
	at com.mysql.jdbc.MysqlIO.checkErrorPacket(MysqlIO.java:873) ~[mysql-connector-java-5.1.40.jar:5.1.40]
	at com.mysql.jdbc.MysqlIO.proceedHandshakeWithPluggableAuthentication(MysqlIO.java:1710) ~[mysql-connector-java-5.1.40.jar:5.1.40]
	at com.mysql.jdbc.MysqlIO.doHandshake(MysqlIO.java:1226) ~[mysql-connector-java-5.1.40.jar:5.1.40]
	at com.mysql.jdbc.ConnectionImpl.coreConnect(ConnectionImpl.java:2253) ~[mysql-connector-java-5.1.40.jar:5.1.40]
	at com.mysql.jdbc.ConnectionImpl.connectOneTryOnly(ConnectionImpl.java:2284) ~[mysql-connector-java-5.1.40.jar:5.1.40]
	at com.mysql.jdbc.ConnectionImpl.createNewIO(ConnectionImpl.java:2083) ~[mysql-connector-java-5.1.40.jar:5.1.40]
	at com.mysql.jdbc.ConnectionImpl.<init>(ConnectionImpl.java:806) ~[mysql-connector-java-5.1.40.jar:5.1.40]
	at com.mysql.jdbc.JDBC4Connection.<init>(JDBC4Connection.java:47) ~[mysql-connector-java-5.1.40.jar:5.1.40]
	at sun.reflect.NativeConstructorAccessorImpl.newInstance0(Native Method) ~[na:1.8.0_65]
	at sun.reflect.NativeConstructorAccessorImpl.newInstance(NativeConstructorAccessorImpl.java:62) ~[na:1.8.0_65]
	at sun.reflect.DelegatingConstructorAccessorImpl.newInstance(DelegatingConstructorAccessorImpl.java:45) ~[na:1.8.0_65]
	at java.lang.reflect.Constructor.newInstance(Constructor.java:422) ~[na:1.8.0_65]
	at com.mysql.jdbc.Util.handleNewInstance(Util.java:425) ~[mysql-connector-java-5.1.40.jar:5.1.40]
	at com.mysql.jdbc.ConnectionImpl.getInstance(ConnectionImpl.java:410) ~[mysql-connector-java-5.1.40.jar:5.1.40]
	at com.mysql.jdbc.NonRegisteringDriver.connect(NonRegisteringDriver.java:328) ~[mysql-connector-java-5.1.40.jar:5.1.40]
	at org.apache.tomcat.jdbc.pool.PooledConnection.connectUsingDriver(PooledConnection.java:310) ~[tomcat-jdbc-8.5.11.jar:na]
	at org.apache.tomcat.jdbc.pool.PooledConnection.connect(PooledConnection.java:203) ~[tomcat-jdbc-8.5.11.jar:na]
	at org.apache.tomcat.jdbc.pool.ConnectionPool.createConnection(ConnectionPool.java:732) [tomcat-jdbc-8.5.11.jar:na]
	at org.apache.tomcat.jdbc.pool.ConnectionPool.borrowConnection(ConnectionPool.java:664) [tomcat-jdbc-8.5.11.jar:na]
	at org.apache.tomcat.jdbc.pool.ConnectionPool.init(ConnectionPool.java:479) [tomcat-jdbc-8.5.11.jar:na]
	at org.apache.tomcat.jdbc.pool.ConnectionPool.<init>(ConnectionPool.java:154) [tomcat-jdbc-8.5.11.jar:na]
	at org.apache.tomcat.jdbc.pool.DataSourceProxy.pCreatePool(DataSourceProxy.java:118) [tomcat-jdbc-8.5.11.jar:na]
	at org.apache.tomcat.jdbc.pool.DataSourceProxy.createPool(DataSourceProxy.java:107) [tomcat-jdbc-8.5.11.jar:na]
	at org.apache.tomcat.jdbc.pool.DataSourceProxy.getConnection(DataSourceProxy.java:131) [tomcat-jdbc-8.5.11.jar:na]
	at org.springframework.jdbc.datasource.DataSourceUtils.doGetConnection(DataSourceUtils.java:111) [spring-jdbc-4.3.6.RELEASE.jar:4.3.6.RELEASE]
	at org.springframework.jdbc.datasource.DataSourceUtils.getConnection(DataSourceUtils.java:77) [spring-jdbc-4.3.6.RELEASE.jar:4.3.6.RELEASE]
	at org.springframework.jdbc.core.JdbcTemplate.execute(JdbcTemplate.java:342) [spring-jdbc-4.3.6.RELEASE.jar:4.3.6.RELEASE]
	at org.springframework.boot.autoconfigure.jdbc.EmbeddedDatabaseConnection.isEmbedded(EmbeddedDatabaseConnection.java:137) [spring-boot-autoconfigure-1.5.1.RELEASE.jar:1.5.1.RELEASE]
	at org.springframework.boot.autoconfigure.orm.jpa.JpaProperties$Hibernate.getDefaultDdlAuto(JpaProperties.java:226) [spring-boot-autoconfigure-1.5.1.RELEASE.jar:1.5.1.RELEASE]
	at org.springframework.boot.autoconfigure.orm.jpa.JpaProperties$Hibernate.getOrDeduceDdlAuto(JpaProperties.java:214) [spring-boot-autoconfigure-1.5.1.RELEASE.jar:1.5.1.RELEASE]
	at org.springframework.boot.autoconfigure.orm.jpa.JpaProperties$Hibernate.getAdditionalProperties(JpaProperties.java:190) [spring-boot-autoconfigure-1.5.1.RELEASE.jar:1.5.1.RELEASE]
	at org.springframework.boot.autoconfigure.orm.jpa.JpaProperties$Hibernate.access$000(JpaProperties.java:142) [spring-boot-autoconfigure-1.5.1.RELEASE.jar:1.5.1.RELEASE]
	at org.springframework.boot.autoconfigure.orm.jpa.JpaProperties.getHibernateProperties(JpaProperties.java:126) [spring-boot-autoconfigure-1.5.1.RELEASE.jar:1.5.1.RELEASE]
	at org.springframework.boot.autoconfigure.orm.jpa.DataSourceInitializedPublisher.isInitializingDatabase(DataSourceInitializedPublisher.java:80) [spring-boot-autoconfigure-1.5.1.RELEASE.jar:1.5.1.RELEASE]
	at org.springframework.boot.autoconfigure.orm.jpa.DataSourceInitializedPublisher.postProcessAfterInitialization(DataSourceInitializedPublisher.java:68) [spring-boot-autoconfigure-1.5.1.RELEASE.jar:1.5.1.RELEASE]
	at org.springframework.beans.factory.support.AbstractAutowireCapableBeanFactory.applyBeanPostProcessorsAfterInitialization(AbstractAutowireCapableBeanFactory.java:423) [spring-beans-4.3.6.RELEASE.jar:4.3.6.RELEASE]
	at org.springframework.beans.factory.support.AbstractAutowireCapableBeanFactory.postProcessObjectFromFactoryBean(AbstractAutowireCapableBeanFactory.java:1775) [spring-beans-4.3.6.RELEASE.jar:4.3.6.RELEASE]
	at org.springframework.beans.factory.support.FactoryBeanRegistrySupport.getObjectFromFactoryBean(FactoryBeanRegistrySupport.java:113) [spring-beans-4.3.6.RELEASE.jar:4.3.6.RELEASE]
	at org.springframework.beans.factory.support.AbstractBeanFactory.getObjectForBeanInstance(AbstractBeanFactory.java:1634) [spring-beans-4.3.6.RELEASE.jar:4.3.6.RELEASE]
	at org.springframework.beans.factory.support.AbstractBeanFactory.doGetBean(AbstractBeanFactory.java:254) [spring-beans-4.3.6.RELEASE.jar:4.3.6.RELEASE]
	at org.springframework.beans.factory.support.AbstractBeanFactory.getBean(AbstractBeanFactory.java:197) [spring-beans-4.3.6.RELEASE.jar:4.3.6.RELEASE]
	at org.springframework.beans.factory.support.BeanDefinitionValueResolver.resolveReference(BeanDefinitionValueResolver.java:351) [spring-beans-4.3.6.RELEASE.jar:4.3.6.RELEASE]
	at org.springframework.beans.factory.support.BeanDefinitionValueResolver.resolveValueIfNecessary(BeanDefinitionValueResolver.java:108) [spring-beans-4.3.6.RELEASE.jar:4.3.6.RELEASE]
	at org.springframework.beans.factory.support.ConstructorResolver.resolveConstructorArguments(ConstructorResolver.java:634) [spring-beans-4.3.6.RELEASE.jar:4.3.6.RELEASE]
	at org.springframework.beans.factory.support.ConstructorResolver.instantiateUsingFactoryMethod(ConstructorResolver.java:448) [spring-beans-4.3.6.RELEASE.jar:4.3.6.RELEASE]
	at org.springframework.beans.factory.support.AbstractAutowireCapableBeanFactory.instantiateUsingFactoryMethod(AbstractAutowireCapableBeanFactory.java:1173) [spring-beans-4.3.6.RELEASE.jar:4.3.6.RELEASE]
	at org.springframework.beans.factory.support.AbstractAutowireCapableBeanFactory.createBeanInstance(AbstractAutowireCapableBeanFactory.java:1067) [spring-beans-4.3.6.RELEASE.jar:4.3.6.RELEASE]
	at org.springframework.beans.factory.support.AbstractAutowireCapableBeanFactory.doCreateBean(AbstractAutowireCapableBeanFactory.java:513) [spring-beans-4.3.6.RELEASE.jar:4.3.6.RELEASE]
	at org.springframework.beans.factory.support.AbstractAutowireCapableBeanFactory.createBean(AbstractAutowireCapableBeanFactory.java:483) [spring-beans-4.3.6.RELEASE.jar:4.3.6.RELEASE]
	at org.springframework.beans.factory.support.BeanDefinitionValueResolver.resolveInnerBean(BeanDefinitionValueResolver.java:299) [spring-beans-4.3.6.RELEASE.jar:4.3.6.RELEASE]
	at org.springframework.beans.factory.support.BeanDefinitionValueResolver.resolveValueIfNecessary(BeanDefinitionValueResolver.java:129) [spring-beans-4.3.6.RELEASE.jar:4.3.6.RELEASE]
	at org.springframework.beans.factory.support.AbstractAutowireCapableBeanFactory.applyPropertyValues(AbstractAutowireCapableBeanFactory.java:1531) [spring-beans-4.3.6.RELEASE.jar:4.3.6.RELEASE]
	at org.springframework.beans.factory.support.AbstractAutowireCapableBeanFactory.populateBean(AbstractAutowireCapableBeanFactory.java:1276) [spring-beans-4.3.6.RELEASE.jar:4.3.6.RELEASE]
	at org.springframework.beans.factory.support.AbstractAutowireCapableBeanFactory.doCreateBean(AbstractAutowireCapableBeanFactory.java:553) [spring-beans-4.3.6.RELEASE.jar:4.3.6.RELEASE]
	at org.springframework.beans.factory.support.AbstractAutowireCapableBeanFactory.createBean(AbstractAutowireCapableBeanFactory.java:483) [spring-beans-4.3.6.RELEASE.jar:4.3.6.RELEASE]
	at org.springframework.beans.factory.support.AbstractBeanFactory$1.getObject(AbstractBeanFactory.java:306) [spring-beans-4.3.6.RELEASE.jar:4.3.6.RELEASE]
	at org.springframework.beans.factory.support.DefaultSingletonBeanRegistry.getSingleton(DefaultSingletonBeanRegistry.java:230) [spring-beans-4.3.6.RELEASE.jar:4.3.6.RELEASE]
	at org.springframework.beans.factory.support.AbstractBeanFactory.doGetBean(AbstractBeanFactory.java:302) [spring-beans-4.3.6.RELEASE.jar:4.3.6.RELEASE]
	at org.springframework.beans.factory.support.AbstractBeanFactory.getBean(AbstractBeanFactory.java:202) [spring-beans-4.3.6.RELEASE.jar:4.3.6.RELEASE]
	at org.springframework.beans.factory.config.DependencyDescriptor.resolveCandidate(DependencyDescriptor.java:208) [spring-beans-4.3.6.RELEASE.jar:4.3.6.RELEASE]
	at org.springframework.beans.factory.support.DefaultListableBeanFactory.doResolveDependency(DefaultListableBeanFactory.java:1138) [spring-beans-4.3.6.RELEASE.jar:4.3.6.RELEASE]
	at org.springframework.beans.factory.support.DefaultListableBeanFactory.resolveDependency(DefaultListableBeanFactory.java:1066) [spring-beans-4.3.6.RELEASE.jar:4.3.6.RELEASE]
	at org.springframework.beans.factory.annotation.AutowiredAnnotationBeanPostProcessor$AutowiredFieldElement.inject(AutowiredAnnotationBeanPostProcessor.java:585) [spring-beans-4.3.6.RELEASE.jar:4.3.6.RELEASE]
	at org.springframework.beans.factory.annotation.InjectionMetadata.inject(InjectionMetadata.java:88) [spring-beans-4.3.6.RELEASE.jar:4.3.6.RELEASE]
	at org.springframework.beans.factory.annotation.AutowiredAnnotationBeanPostProcessor.postProcessPropertyValues(AutowiredAnnotationBeanPostProcessor.java:366) [spring-beans-4.3.6.RELEASE.jar:4.3.6.RELEASE]
	at org.springframework.beans.factory.support.AbstractAutowireCapableBeanFactory.populateBean(AbstractAutowireCapableBeanFactory.java:1264) [spring-beans-4.3.6.RELEASE.jar:4.3.6.RELEASE]
	at org.springframework.beans.factory.support.AbstractAutowireCapableBeanFactory.doCreateBean(AbstractAutowireCapableBeanFactory.java:553) [spring-beans-4.3.6.RELEASE.jar:4.3.6.RELEASE]
	at org.springframework.beans.factory.support.AbstractAutowireCapableBeanFactory.createBean(AbstractAutowireCapableBeanFactory.java:483) [spring-beans-4.3.6.RELEASE.jar:4.3.6.RELEASE]
	at org.springframework.beans.factory.support.AbstractBeanFactory$1.getObject(AbstractBeanFactory.java:306) [spring-beans-4.3.6.RELEASE.jar:4.3.6.RELEASE]
	at org.springframework.beans.factory.support.DefaultSingletonBeanRegistry.getSingleton(DefaultSingletonBeanRegistry.java:230) [spring-beans-4.3.6.RELEASE.jar:4.3.6.RELEASE]
	at org.springframework.beans.factory.support.AbstractBeanFactory.doGetBean(AbstractBeanFactory.java:302) [spring-beans-4.3.6.RELEASE.jar:4.3.6.RELEASE]
	at org.springframework.beans.factory.support.AbstractBeanFactory.getBean(AbstractBeanFactory.java:202) [spring-beans-4.3.6.RELEASE.jar:4.3.6.RELEASE]
	at org.springframework.beans.factory.config.DependencyDescriptor.resolveCandidate(DependencyDescriptor.java:208) [spring-beans-4.3.6.RELEASE.jar:4.3.6.RELEASE]
	at org.springframework.beans.factory.support.DefaultListableBeanFactory.doResolveDependency(DefaultListableBeanFactory.java:1138) [spring-beans-4.3.6.RELEASE.jar:4.3.6.RELEASE]
	at org.springframework.beans.factory.support.DefaultListableBeanFactory.resolveDependency(DefaultListableBeanFactory.java:1066) [spring-beans-4.3.6.RELEASE.jar:4.3.6.RELEASE]
	at org.springframework.beans.factory.annotation.AutowiredAnnotationBeanPostProcessor$AutowiredFieldElement.inject(AutowiredAnnotationBeanPostProcessor.java:585) [spring-beans-4.3.6.RELEASE.jar:4.3.6.RELEASE]
	at org.springframework.beans.factory.annotation.InjectionMetadata.inject(InjectionMetadata.java:88) [spring-beans-4.3.6.RELEASE.jar:4.3.6.RELEASE]
	at org.springframework.beans.factory.annotation.AutowiredAnnotationBeanPostProcessor.postProcessPropertyValues(AutowiredAnnotationBeanPostProcessor.java:366) [spring-beans-4.3.6.RELEASE.jar:4.3.6.RELEASE]
	at org.springframework.beans.factory.support.AbstractAutowireCapableBeanFactory.populateBean(AbstractAutowireCapableBeanFactory.java:1264) [spring-beans-4.3.6.RELEASE.jar:4.3.6.RELEASE]
	at org.springframework.beans.factory.support.AbstractAutowireCapableBeanFactory.doCreateBean(AbstractAutowireCapableBeanFactory.java:553) [spring-beans-4.3.6.RELEASE.jar:4.3.6.RELEASE]
	at org.springframework.beans.factory.support.AbstractAutowireCapableBeanFactory.createBean(AbstractAutowireCapableBeanFactory.java:483) [spring-beans-4.3.6.RELEASE.jar:4.3.6.RELEASE]
	at org.springframework.beans.factory.support.AbstractBeanFactory$1.getObject(AbstractBeanFactory.java:306) [spring-beans-4.3.6.RELEASE.jar:4.3.6.RELEASE]
	at org.springframework.beans.factory.support.DefaultSingletonBeanRegistry.getSingleton(DefaultSingletonBeanRegistry.java:230) [spring-beans-4.3.6.RELEASE.jar:4.3.6.RELEASE]
	at org.springframework.beans.factory.support.AbstractBeanFactory.doGetBean(AbstractBeanFactory.java:302) [spring-beans-4.3.6.RELEASE.jar:4.3.6.RELEASE]
	at org.springframework.beans.factory.support.AbstractBeanFactory.getBean(AbstractBeanFactory.java:197) [spring-beans-4.3.6.RELEASE.jar:4.3.6.RELEASE]
	at org.springframework.beans.factory.support.DefaultListableBeanFactory.preInstantiateSingletons(DefaultListableBeanFactory.java:761) [spring-beans-4.3.6.RELEASE.jar:4.3.6.RELEASE]
	at org.springframework.context.support.AbstractApplicationContext.finishBeanFactoryInitialization(AbstractApplicationContext.java:866) [spring-context-4.3.6.RELEASE.jar:4.3.6.RELEASE]
	at org.springframework.context.support.AbstractApplicationContext.refresh(AbstractApplicationContext.java:542) [spring-context-4.3.6.RELEASE.jar:4.3.6.RELEASE]
	at org.springframework.boot.SpringApplication.refresh(SpringApplication.java:737) [spring-boot-1.5.1.RELEASE.jar:1.5.1.RELEASE]
	at org.springframework.boot.SpringApplication.refreshContext(SpringApplication.java:370) [spring-boot-1.5.1.RELEASE.jar:1.5.1.RELEASE]
	at org.springframework.boot.SpringApplication.run(SpringApplication.java:314) [spring-boot-1.5.1.RELEASE.jar:1.5.1.RELEASE]
	at org.springframework.boot.test.context.SpringBootContextLoader.loadContext(SpringBootContextLoader.java:120) [spring-boot-test-1.5.1.RELEASE.jar:1.5.1.RELEASE]
	at org.springframework.test.context.cache.DefaultCacheAwareContextLoaderDelegate.loadContextInternal(DefaultCacheAwareContextLoaderDelegate.java:98) [spring-test-4.3.6.RELEASE.jar:4.3.6.RELEASE]
	at org.springframework.test.context.cache.DefaultCacheAwareContextLoaderDelegate.loadContext(DefaultCacheAwareContextLoaderDelegate.java:116) [spring-test-4.3.6.RELEASE.jar:4.3.6.RELEASE]
	at org.springframework.test.context.support.DefaultTestContext.getApplicationContext(DefaultTestContext.java:83) [spring-test-4.3.6.RELEASE.jar:4.3.6.RELEASE]
	at org.springframework.test.context.web.ServletTestExecutionListener.setUpRequestContextIfNecessary(ServletTestExecutionListener.java:189) [spring-test-4.3.6.RELEASE.jar:4.3.6.RELEASE]
	at org.springframework.test.context.web.ServletTestExecutionListener.prepareTestInstance(ServletTestExecutionListener.java:131) [spring-test-4.3.6.RELEASE.jar:4.3.6.RELEASE]
	at org.springframework.test.context.TestContextManager.prepareTestInstance(TestContextManager.java:230) [spring-test-4.3.6.RELEASE.jar:4.3.6.RELEASE]
	at org.springframework.test.context.junit4.SpringJUnit4ClassRunner.createTest(SpringJUnit4ClassRunner.java:228) [spring-test-4.3.6.RELEASE.jar:4.3.6.RELEASE]
	at org.springframework.test.context.junit4.SpringJUnit4ClassRunner$1.runReflectiveCall(SpringJUnit4ClassRunner.java:287) [spring-test-4.3.6.RELEASE.jar:4.3.6.RELEASE]
	at org.junit.internal.runners.model.ReflectiveCallable.run(ReflectiveCallable.java:12) [junit-4.12.jar:4.12]
	at org.springframework.test.context.junit4.SpringJUnit4ClassRunner.methodBlock(SpringJUnit4ClassRunner.java:289) [spring-test-4.3.6.RELEASE.jar:4.3.6.RELEASE]
	at org.springframework.test.context.junit4.SpringJUnit4ClassRunner.runChild(SpringJUnit4ClassRunner.java:247) [spring-test-4.3.6.RELEASE.jar:4.3.6.RELEASE]
	at org.springframework.test.context.junit4.SpringJUnit4ClassRunner.runChild(SpringJUnit4ClassRunner.java:94) [spring-test-4.3.6.RELEASE.jar:4.3.6.RELEASE]
	at org.junit.runners.ParentRunner$3.run(ParentRunner.java:290) [junit-4.12.jar:4.12]
	at org.junit.runners.ParentRunner$1.schedule(ParentRunner.java:71) [junit-4.12.jar:4.12]
	at org.junit.runners.ParentRunner.runChildren(ParentRunner.java:288) [junit-4.12.jar:4.12]
	at org.junit.runners.ParentRunner.access$000(ParentRunner.java:58) [junit-4.12.jar:4.12]
	at org.junit.runners.ParentRunner$2.evaluate(ParentRunner.java:268) [junit-4.12.jar:4.12]
	at org.springframework.test.context.junit4.statements.RunBeforeTestClassCallbacks.evaluate(RunBeforeTestClassCallbacks.java:61) [spring-test-4.3.6.RELEASE.jar:4.3.6.RELEASE]
	at org.springframework.test.context.junit4.statements.RunAfterTestClassCallbacks.evaluate(RunAfterTestClassCallbacks.java:70) [spring-test-4.3.6.RELEASE.jar:4.3.6.RELEASE]
	at org.junit.runners.ParentRunner.run(ParentRunner.java:363) [junit-4.12.jar:4.12]
	at org.springframework.test.context.junit4.SpringJUnit4ClassRunner.run(SpringJUnit4ClassRunner.java:191) [spring-test-4.3.6.RELEASE.jar:4.3.6.RELEASE]
	at org.gradle.api.internal.tasks.testing.junit.JUnitTestClassExecuter.runTestClass(JUnitTestClassExecuter.java:114) [gradle-testing-jvm-3.3.jar:3.3]
	at org.gradle.api.internal.tasks.testing.junit.JUnitTestClassExecuter.execute(JUnitTestClassExecuter.java:57) [gradle-testing-jvm-3.3.jar:3.3]
	at org.gradle.api.internal.tasks.testing.junit.JUnitTestClassProcessor.processTestClass(JUnitTestClassProcessor.java:66) [gradle-testing-jvm-3.3.jar:3.3]
	at org.gradle.api.internal.tasks.testing.SuiteTestClassProcessor.processTestClass(SuiteTestClassProcessor.java:51) [gradle-testing-base-3.3.jar:3.3]
	at sun.reflect.NativeMethodAccessorImpl.invoke0(Native Method) ~[na:1.8.0_65]
	at sun.reflect.NativeMethodAccessorImpl.invoke(NativeMethodAccessorImpl.java:62) ~[na:1.8.0_65]
	at sun.reflect.DelegatingMethodAccessorImpl.invoke(DelegatingMethodAccessorImpl.java:43) ~[na:1.8.0_65]
	at java.lang.reflect.Method.invoke(Method.java:497) ~[na:1.8.0_65]
	at org.gradle.internal.dispatch.ReflectionDispatch.dispatch(ReflectionDispatch.java:35) [gradle-messaging-3.3.jar:3.3]
	at org.gradle.internal.dispatch.ReflectionDispatch.dispatch(ReflectionDispatch.java:24) [gradle-messaging-3.3.jar:3.3]
	at org.gradle.internal.dispatch.ContextClassLoaderDispatch.dispatch(ContextClassLoaderDispatch.java:32) [gradle-messaging-3.3.jar:3.3]
	at org.gradle.internal.dispatch.ProxyDispatchAdapter$DispatchingInvocationHandler.invoke(ProxyDispatchAdapter.java:93) [gradle-messaging-3.3.jar:3.3]
	at com.sun.proxy.$Proxy3.processTestClass(Unknown Source) [na:na]
	at org.gradle.api.internal.tasks.testing.worker.TestWorker.processTestClass(TestWorker.java:109) [gradle-testing-base-3.3.jar:3.3]
	at sun.reflect.NativeMethodAccessorImpl.invoke0(Native Method) ~[na:1.8.0_65]
	at sun.reflect.NativeMethodAccessorImpl.invoke(NativeMethodAccessorImpl.java:62) ~[na:1.8.0_65]
	at sun.reflect.DelegatingMethodAccessorImpl.invoke(DelegatingMethodAccessorImpl.java:43) ~[na:1.8.0_65]
	at java.lang.reflect.Method.invoke(Method.java:497) ~[na:1.8.0_65]
	at org.gradle.internal.dispatch.ReflectionDispatch.dispatch(ReflectionDispatch.java:35) [gradle-messaging-3.3.jar:3.3]
	at org.gradle.internal.dispatch.ReflectionDispatch.dispatch(ReflectionDispatch.java:24) [gradle-messaging-3.3.jar:3.3]
	at org.gradle.internal.remote.internal.hub.MessageHub$Handler.run(MessageHub.java:377) [gradle-messaging-3.3.jar:3.3]
	at org.gradle.internal.concurrent.ExecutorPolicy$CatchAndRecordFailures.onExecute(ExecutorPolicy.java:54) [gradle-base-services-3.3.jar:3.3]
	at org.gradle.internal.concurrent.StoppableExecutorImpl$1.run(StoppableExecutorImpl.java:40) [gradle-base-services-3.3.jar:3.3]
	at java.util.concurrent.ThreadPoolExecutor.runWorker(ThreadPoolExecutor.java:1142) [na:1.8.0_65]
	at java.util.concurrent.ThreadPoolExecutor$Worker.run(ThreadPoolExecutor.java:617) [na:1.8.0_65]
	at java.lang.Thread.run(Thread.java:745) [na:1.8.0_65]

2017-09-14 22:27:18.525 DEBUG 8168 --- [    Test worker] o.h.stat.internal.StatisticsInitiator    : Statistics initialized [enabled=false]
2017-09-14 22:27:19.087 DEBUG 8168 --- [    Test worker] o.h.jpa.spi.AbstractEntityManagerImpl    : Mark transaction for rollback
2017-09-14 22:27:19.233 DEBUG 8168 --- [    Test worker] o.h.jpa.spi.AbstractEntityManagerImpl    : Mark transaction for rollback
2017-09-14 22:27:19.238 DEBUG 8168 --- [    Test worker] o.h.jpa.spi.AbstractEntityManagerImpl    : Mark transaction for rollback
2017-09-14 22:27:19.700 DEBUG 8168 --- [    Test worker] o.h.jpa.spi.AbstractEntityManagerImpl    : Mark transaction for rollback
2017-09-14 22:27:19.707 DEBUG 8168 --- [    Test worker] o.h.jpa.spi.AbstractEntityManagerImpl    : Mark transaction for rollback
2017-09-14 22:27:19.715 DEBUG 8168 --- [    Test worker] o.h.jpa.spi.AbstractEntityManagerImpl    : Mark transaction for rollback
2017-09-14 22:27:19.810 DEBUG 8168 --- [    Test worker] o.h.jpa.spi.AbstractEntityManagerImpl    : Mark transaction for rollback
2017-09-14 22:27:19.902 DEBUG 8168 --- [    Test worker] o.h.jpa.spi.AbstractEntityManagerImpl    : Mark transaction for rollback
2017-09-14 22:27:19.907 DEBUG 8168 --- [    Test worker] o.h.jpa.spi.AbstractEntityManagerImpl    : Mark transaction for rollback
2017-09-14 22:27:20.305 DEBUG 8168 --- [    Test worker] o.s.w.c.s.StandardServletEnvironment     : Adding [servletConfigInitParams] PropertySource with lowest search precedence
2017-09-14 22:27:20.305 DEBUG 8168 --- [    Test worker] o.s.w.c.s.StandardServletEnvironment     : Adding [servletContextInitParams] PropertySource with lowest search precedence
2017-09-14 22:27:20.305 DEBUG 8168 --- [    Test worker] o.s.w.c.s.StandardServletEnvironment     : Adding [systemProperties] PropertySource with lowest search precedence
2017-09-14 22:27:20.305 DEBUG 8168 --- [    Test worker] o.s.w.c.s.StandardServletEnvironment     : Adding [systemEnvironment] PropertySource with lowest search precedence
2017-09-14 22:27:20.306 DEBUG 8168 --- [    Test worker] o.s.w.c.s.StandardServletEnvironment     : Initialized StandardServletEnvironment with PropertySources [servletConfigInitParams,servletContextInitParams,systemProperties,systemEnvironment]
2017-09-14 22:27:23.454 DEBUG 8168 --- [    Test worker] o.h.v.i.e.r.DefaultTraversableResolver   : Found javax.persistence.Persistence on classpath containing 'getPersistenceUtil'. Assuming JPA 2 environment. Trying to instantiate JPA aware TraversableResolver
2017-09-14 22:27:23.454 DEBUG 8168 --- [    Test worker] o.h.v.i.e.r.DefaultTraversableResolver   : Instantiated JPA aware TraversableResolver of type org.hibernate.validator.internal.engine.resolver.JPATraversableResolver.
2017-09-14 22:27:23.455 DEBUG 8168 --- [    Test worker] o.h.v.internal.engine.ConfigurationImpl  : Setting custom MessageInterpolator of type org.springframework.validation.beanvalidation.LocaleContextMessageInterpolator
2017-09-14 22:27:23.455 DEBUG 8168 --- [    Test worker] o.h.v.internal.engine.ConfigurationImpl  : Setting custom ConstraintValidatorFactory of type org.springframework.validation.beanvalidation.SpringConstraintValidatorFactory
2017-09-14 22:27:23.455 DEBUG 8168 --- [    Test worker] o.h.v.internal.engine.ConfigurationImpl  : Setting custom ParameterNameProvider of type com.sun.proxy.$Proxy85
2017-09-14 22:27:23.455 DEBUG 8168 --- [    Test worker] o.h.v.internal.xml.ValidationXmlParser   : Trying to load META-INF/validation.xml for XML based Validator configuration.
2017-09-14 22:27:23.455 DEBUG 8168 --- [    Test worker] o.h.v.internal.xml.ResourceLoaderHelper  : Trying to load META-INF/validation.xml via user class loader
2017-09-14 22:27:23.456 DEBUG 8168 --- [    Test worker] o.h.v.internal.xml.ResourceLoaderHelper  : Trying to load META-INF/validation.xml via TCCL
2017-09-14 22:27:23.456 DEBUG 8168 --- [    Test worker] o.h.v.internal.xml.ResourceLoaderHelper  : Trying to load META-INF/validation.xml via Hibernate Validator's class loader
2017-09-14 22:27:23.457 DEBUG 8168 --- [    Test worker] o.h.v.internal.xml.ValidationXmlParser   : No META-INF/validation.xml found. Using annotation based configuration only.
2017-09-14 22:27:23.598  INFO 8168 --- [    Test worker] s.w.s.m.m.a.RequestMappingHandlerAdapter : Looking for @ControllerAdvice: org.springframework.web.context.support.GenericWebApplicationContext@629a1522: startup date [Thu Sep 14 22:27:00 CEST 2017]; root of context hierarchy
2017-09-14 22:27:23.906 DEBUG 8168 --- [    Test worker] s.w.s.m.m.a.RequestMappingHandlerMapping : Looking for request mappings in application context: org.springframework.web.context.support.GenericWebApplicationContext@629a1522: startup date [Thu Sep 14 22:27:00 CEST 2017]; root of context hierarchy
2017-09-14 22:27:23.940 DEBUG 8168 --- [    Test worker] s.w.s.m.m.a.RequestMappingHandlerMapping : 1 request handler methods found on class pl.drat.dominik.controller.AuthenticateController: {public org.springframework.http.ResponseEntity pl.drat.dominik.controller.AuthenticateController.authenticate(pl.drat.dominik.dto.request.UserAuthenticationDTO)={[/authenticate/login],methods=[POST]}}
2017-09-14 22:27:23.942  INFO 8168 --- [    Test worker] s.w.s.m.m.a.RequestMappingHandlerMapping : Mapped "{[/authenticate/login],methods=[POST]}" onto public org.springframework.http.ResponseEntity<pl.drat.dominik.dto.response.UserDTO> pl.drat.dominik.controller.AuthenticateController.authenticate(pl.drat.dominik.dto.request.UserAuthenticationDTO)
2017-09-14 22:27:23.964 DEBUG 8168 --- [    Test worker] s.w.s.m.m.a.RequestMappingHandlerMapping : 9 request handler methods found on class pl.drat.dominik.controller.PresenceController: {public org.springframework.http.ResponseEntity pl.drat.dominik.controller.PresenceController.getPresenceWindowForSubjectIfExist(java.lang.Long) throws java.text.ParseException={[/presence/get/window/{subjectId}],methods=[GET]}, public org.springframework.http.ResponseEntity pl.drat.dominik.controller.PresenceController.updatePresence(pl.drat.dominik.dao.entity.Presence,java.lang.Long)={[/presence/update/{id}],methods=[PUT]}, public org.springframework.http.ResponseEntity pl.drat.dominik.controller.PresenceController.deletePresence(java.lang.Long)={[/presence/delete/{id}],methods=[DELETE]}, public org.springframework.http.ResponseEntity pl.drat.dominik.controller.PresenceController.getPresenceForSubject(java.lang.Long)={[/presence/get/{subjectId}],methods=[GET]}, public org.springframework.http.ResponseEntity pl.drat.dominik.controller.PresenceController.getPresenceForStudentForSubject(java.lang.Long,java.lang.Long)={[/presence/student/{studentId}/subject/{subjectId}],methods=[GET]}, public org.springframework.http.ResponseEntity pl.drat.dominik.controller.PresenceController.presenceReportByStudent(pl.drat.dominik.dto.request.StudentPresenceReportDTO) throws java.text.ParseException={[/presence/student/report],methods=[POST]}, public org.springframework.http.ResponseEntity pl.drat.dominik.controller.PresenceController.expirePresenceWindow(java.lang.Long) throws java.text.ParseException={[/presence/expire/window/{subjectId}],methods=[GET]}, public org.springframework.http.ResponseEntity pl.drat.dominik.controller.PresenceController.createPresence(pl.drat.dominik.dto.request.SchedulePresenceWindowDTO) throws java.text.ParseException={[/presence/create/window],methods=[POST]}, public org.springframework.http.ResponseEntity pl.drat.dominik.controller.PresenceController.createPresence(pl.drat.dominik.dao.entity.Presence)={[/presence/create],methods=[POST]}}
2017-09-14 22:27:23.965  INFO 8168 --- [    Test worker] s.w.s.m.m.a.RequestMappingHandlerMapping : Mapped "{[/presence/get/window/{subjectId}],methods=[GET]}" onto public org.springframework.http.ResponseEntity<pl.drat.dominik.dto.PresenceWindowMessageDTO> pl.drat.dominik.controller.PresenceController.getPresenceWindowForSubjectIfExist(java.lang.Long) throws java.text.ParseException
2017-09-14 22:27:23.966  INFO 8168 --- [    Test worker] s.w.s.m.m.a.RequestMappingHandlerMapping : Mapped "{[/presence/update/{id}],methods=[PUT]}" onto public org.springframework.http.ResponseEntity<pl.drat.dominik.dto.response.PresenceDTO> pl.drat.dominik.controller.PresenceController.updatePresence(pl.drat.dominik.dao.entity.Presence,java.lang.Long)
2017-09-14 22:27:23.967  INFO 8168 --- [    Test worker] s.w.s.m.m.a.RequestMappingHandlerMapping : Mapped "{[/presence/delete/{id}],methods=[DELETE]}" onto public org.springframework.http.ResponseEntity<pl.drat.dominik.dao.entity.Presence> pl.drat.dominik.controller.PresenceController.deletePresence(java.lang.Long)
2017-09-14 22:27:23.968  INFO 8168 --- [    Test worker] s.w.s.m.m.a.RequestMappingHandlerMapping : Mapped "{[/presence/get/{subjectId}],methods=[GET]}" onto public org.springframework.http.ResponseEntity<java.util.List<pl.drat.dominik.dto.response.PresenceDTO>> pl.drat.dominik.controller.PresenceController.getPresenceForSubject(java.lang.Long)
2017-09-14 22:27:23.969  INFO 8168 --- [    Test worker] s.w.s.m.m.a.RequestMappingHandlerMapping : Mapped "{[/presence/student/{studentId}/subject/{subjectId}],methods=[GET]}" onto public org.springframework.http.ResponseEntity<java.util.List<pl.drat.dominik.dto.response.PresenceDTO>> pl.drat.dominik.controller.PresenceController.getPresenceForStudentForSubject(java.lang.Long,java.lang.Long)
2017-09-14 22:27:23.970  INFO 8168 --- [    Test worker] s.w.s.m.m.a.RequestMappingHandlerMapping : Mapped "{[/presence/student/report],methods=[POST]}" onto public org.springframework.http.ResponseEntity<pl.drat.dominik.dto.MessageDTO> pl.drat.dominik.controller.PresenceController.presenceReportByStudent(pl.drat.dominik.dto.request.StudentPresenceReportDTO) throws java.text.ParseException
2017-09-14 22:27:23.971  INFO 8168 --- [    Test worker] s.w.s.m.m.a.RequestMappingHandlerMapping : Mapped "{[/presence/expire/window/{subjectId}],methods=[GET]}" onto public org.springframework.http.ResponseEntity<pl.drat.dominik.dto.MessageDTO> pl.drat.dominik.controller.PresenceController.expirePresenceWindow(java.lang.Long) throws java.text.ParseException
2017-09-14 22:27:23.972  INFO 8168 --- [    Test worker] s.w.s.m.m.a.RequestMappingHandlerMapping : Mapped "{[/presence/create/window],methods=[POST]}" onto public org.springframework.http.ResponseEntity<pl.drat.dominik.dto.PresenceWindowMessageDTO> pl.drat.dominik.controller.PresenceController.createPresence(pl.drat.dominik.dto.request.SchedulePresenceWindowDTO) throws java.text.ParseException
2017-09-14 22:27:23.972  INFO 8168 --- [    Test worker] s.w.s.m.m.a.RequestMappingHandlerMapping : Mapped "{[/presence/create],methods=[POST]}" onto public org.springframework.http.ResponseEntity<pl.drat.dominik.dto.response.PresenceDTO> pl.drat.dominik.controller.PresenceController.createPresence(pl.drat.dominik.dao.entity.Presence)
2017-09-14 22:27:23.999 DEBUG 8168 --- [    Test worker] s.w.s.m.m.a.RequestMappingHandlerMapping : 4 request handler methods found on class pl.drat.dominik.controller.RoleController: {public org.springframework.http.ResponseEntity pl.drat.dominik.controller.RoleController.getRole(java.lang.Long)={[/role/get/{id}],methods=[GET]}, public org.springframework.http.ResponseEntity pl.drat.dominik.controller.RoleController.createRole(pl.drat.dominik.dao.entity.Role)={[/role/create],methods=[POST]}, public org.springframework.http.ResponseEntity pl.drat.dominik.controller.RoleController.updateRole(pl.drat.dominik.dao.entity.Role,java.lang.Long)={[/role/update/{id}],methods=[PUT]}, public org.springframework.http.ResponseEntity pl.drat.dominik.controller.RoleController.deleteRole(java.lang.Long)={[/role/delete/{id}],methods=[DELETE]}}
2017-09-14 22:27:23.999  INFO 8168 --- [    Test worker] s.w.s.m.m.a.RequestMappingHandlerMapping : Mapped "{[/role/get/{id}],methods=[GET]}" onto public org.springframework.http.ResponseEntity<pl.drat.dominik.dao.entity.Role> pl.drat.dominik.controller.RoleController.getRole(java.lang.Long)
2017-09-14 22:27:24.008  INFO 8168 --- [    Test worker] s.w.s.m.m.a.RequestMappingHandlerMapping : Mapped "{[/role/create],methods=[POST]}" onto public org.springframework.http.ResponseEntity<pl.drat.dominik.dao.entity.Role> pl.drat.dominik.controller.RoleController.createRole(pl.drat.dominik.dao.entity.Role)
2017-09-14 22:27:24.025  INFO 8168 --- [    Test worker] s.w.s.m.m.a.RequestMappingHandlerMapping : Mapped "{[/role/update/{id}],methods=[PUT]}" onto public org.springframework.http.ResponseEntity<pl.drat.dominik.dao.entity.Role> pl.drat.dominik.controller.RoleController.updateRole(pl.drat.dominik.dao.entity.Role,java.lang.Long)
2017-09-14 22:27:24.026  INFO 8168 --- [    Test worker] s.w.s.m.m.a.RequestMappingHandlerMapping : Mapped "{[/role/delete/{id}],methods=[DELETE]}" onto public org.springframework.http.ResponseEntity<pl.drat.dominik.dao.entity.Role> pl.drat.dominik.controller.RoleController.deleteRole(java.lang.Long)
2017-09-14 22:27:24.046 DEBUG 8168 --- [    Test worker] s.w.s.m.m.a.RequestMappingHandlerMapping : 9 request handler methods found on class pl.drat.dominik.controller.SubjectController: {public org.springframework.http.ResponseEntity pl.drat.dominik.controller.SubjectController.getSubject(java.lang.Long)={[/subject/get/{id}],methods=[GET]}, public org.springframework.http.ResponseEntity pl.drat.dominik.controller.SubjectController.updateSubject(pl.drat.dominik.dto.response.SubjectDTO,java.lang.Long)={[/subject/update/{id}],methods=[PUT]}, public org.springframework.http.ResponseEntity pl.drat.dominik.controller.SubjectController.deleteSubject(java.lang.Long)={[/subject/delete/{id}],methods=[DELETE]}, public org.springframework.http.ResponseEntity pl.drat.dominik.controller.SubjectController.createSubjectForTeacher(pl.drat.dominik.dao.entity.Subject,java.lang.Long)={[/subject/create/teacher/{teacherId}],methods=[POST]}, public org.springframework.http.ResponseEntity pl.drat.dominik.controller.SubjectController.getAssignedSubjectsToUser(java.lang.Long,java.lang.Long)={[/subject/assignstudent/{studentId}/tosubject/{subjectId}],methods=[GET]}, public org.springframework.http.ResponseEntity pl.drat.dominik.controller.SubjectController.getAssignedSubjectsToUser(java.lang.Long)={[/subject/assignedToUser/{userId}],methods=[GET]}, public org.springframework.http.ResponseEntity pl.drat.dominik.controller.SubjectController.deleteScheduleForSubject(java.lang.Long,java.lang.Long)={[/subject/{subjectId}/schedule/{scheduleId}],methods=[DELETE]}, public org.springframework.http.ResponseEntity pl.drat.dominik.controller.SubjectController.deleteUserForSubject(java.lang.Long,java.lang.Long)={[/subject/{subjectId}/student/{studentId}],methods=[DELETE]}, public org.springframework.http.ResponseEntity pl.drat.dominik.controller.SubjectController.createNewScheduleForSubject(pl.drat.dominik.dto.response.ScheduleDTO,java.lang.Long)={[/subject/create/{subjectId}/schedule],methods=[POST]}}
2017-09-14 22:27:24.047  INFO 8168 --- [    Test worker] s.w.s.m.m.a.RequestMappingHandlerMapping : Mapped "{[/subject/get/{id}],methods=[GET]}" onto public org.springframework.http.ResponseEntity<pl.drat.dominik.dto.response.SubjectDTO> pl.drat.dominik.controller.SubjectController.getSubject(java.lang.Long)
2017-09-14 22:27:24.047  INFO 8168 --- [    Test worker] s.w.s.m.m.a.RequestMappingHandlerMapping : Mapped "{[/subject/update/{id}],methods=[PUT]}" onto public org.springframework.http.ResponseEntity<pl.drat.dominik.dto.response.SubjectDTO> pl.drat.dominik.controller.SubjectController.updateSubject(pl.drat.dominik.dto.response.SubjectDTO,java.lang.Long)
2017-09-14 22:27:24.051  INFO 8168 --- [    Test worker] s.w.s.m.m.a.RequestMappingHandlerMapping : Mapped "{[/subject/delete/{id}],methods=[DELETE]}" onto public org.springframework.http.ResponseEntity<pl.drat.dominik.dao.entity.Subject> pl.drat.dominik.controller.SubjectController.deleteSubject(java.lang.Long)
2017-09-14 22:27:24.052  INFO 8168 --- [    Test worker] s.w.s.m.m.a.RequestMappingHandlerMapping : Mapped "{[/subject/create/teacher/{teacherId}],methods=[POST]}" onto public org.springframework.http.ResponseEntity<pl.drat.dominik.dao.entity.Subject> pl.drat.dominik.controller.SubjectController.createSubjectForTeacher(pl.drat.dominik.dao.entity.Subject,java.lang.Long)
2017-09-14 22:27:24.052  INFO 8168 --- [    Test worker] s.w.s.m.m.a.RequestMappingHandlerMapping : Mapped "{[/subject/assignstudent/{studentId}/tosubject/{subjectId}],methods=[GET]}" onto public org.springframework.http.ResponseEntity<pl.drat.dominik.dao.entity.SubjectUser> pl.drat.dominik.controller.SubjectController.getAssignedSubjectsToUser(java.lang.Long,java.lang.Long)
2017-09-14 22:27:24.053  INFO 8168 --- [    Test worker] s.w.s.m.m.a.RequestMappingHandlerMapping : Mapped "{[/subject/assignedToUser/{userId}],methods=[GET]}" onto public org.springframework.http.ResponseEntity<java.util.List<pl.drat.dominik.dto.response.SubjectDTO>> pl.drat.dominik.controller.SubjectController.getAssignedSubjectsToUser(java.lang.Long)
2017-09-14 22:27:24.053  INFO 8168 --- [    Test worker] s.w.s.m.m.a.RequestMappingHandlerMapping : Mapped "{[/subject/{subjectId}/schedule/{scheduleId}],methods=[DELETE]}" onto public org.springframework.http.ResponseEntity<pl.drat.dominik.dao.entity.Subject> pl.drat.dominik.controller.SubjectController.deleteScheduleForSubject(java.lang.Long,java.lang.Long)
2017-09-14 22:27:24.054  INFO 8168 --- [    Test worker] s.w.s.m.m.a.RequestMappingHandlerMapping : Mapped "{[/subject/{subjectId}/student/{studentId}],methods=[DELETE]}" onto public org.springframework.http.ResponseEntity<pl.drat.dominik.dao.entity.Subject> pl.drat.dominik.controller.SubjectController.deleteUserForSubject(java.lang.Long,java.lang.Long)
2017-09-14 22:27:24.055  INFO 8168 --- [    Test worker] s.w.s.m.m.a.RequestMappingHandlerMapping : Mapped "{[/subject/create/{subjectId}/schedule],methods=[POST]}" onto public org.springframework.http.ResponseEntity<pl.drat.dominik.dto.response.SubjectDTO> pl.drat.dominik.controller.SubjectController.createNewScheduleForSubject(pl.drat.dominik.dto.response.ScheduleDTO,java.lang.Long)
2017-09-14 22:27:24.077 DEBUG 8168 --- [    Test worker] s.w.s.m.m.a.RequestMappingHandlerMapping : 8 request handler methods found on class pl.drat.dominik.controller.UserController: {public org.springframework.http.ResponseEntity pl.drat.dominik.controller.UserController.getUser(java.lang.Long)={[/user/get/{id}],methods=[GET]}, public org.springframework.http.ResponseEntity pl.drat.dominik.controller.UserController.deleteUser(java.lang.Long)={[/user/delete/{id}],methods=[DELETE]}, public org.springframework.http.ResponseEntity pl.drat.dominik.controller.UserController.createUser(pl.drat.dominik.dao.entity.User)={[/user/create],methods=[POST]}, public org.springframework.http.ResponseEntity pl.drat.dominik.controller.UserController.updateUser(pl.drat.dominik.dao.entity.User,java.lang.Long)={[/user/update/{id}],methods=[PUT]}, public org.springframework.http.ResponseEntity pl.drat.dominik.controller.UserController.getAllStudents()={[/user/get/allStudents],methods=[GET]}, public org.springframework.http.ResponseEntity pl.drat.dominik.controller.UserController.getAllTeachers()={[/user/get/allTeachers],methods=[GET]}, public org.springframework.http.ResponseEntity pl.drat.dominik.controller.UserController.getStudentsByFirstNameLastName(java.lang.String,java.lang.String)={[/user/get/firstname/{firstName}/lastname/{lastName}],methods=[GET]}, public org.springframework.http.ResponseEntity pl.drat.dominik.controller.UserController.getAssignedUsersToSubject(java.lang.Long)={[/user/assignedToSubject/{subjectId}],methods=[GET]}}
2017-09-14 22:27:24.077  INFO 8168 --- [    Test worker] s.w.s.m.m.a.RequestMappingHandlerMapping : Mapped "{[/user/get/{id}],methods=[GET]}" onto public org.springframework.http.ResponseEntity<pl.drat.dominik.dto.response.UserDTO> pl.drat.dominik.controller.UserController.getUser(java.lang.Long)
2017-09-14 22:27:24.079  INFO 8168 --- [    Test worker] s.w.s.m.m.a.RequestMappingHandlerMapping : Mapped "{[/user/delete/{id}],methods=[DELETE]}" onto public org.springframework.http.ResponseEntity<pl.drat.dominik.dao.entity.User> pl.drat.dominik.controller.UserController.deleteUser(java.lang.Long)
2017-09-14 22:27:24.091  INFO 8168 --- [    Test worker] s.w.s.m.m.a.RequestMappingHandlerMapping : Mapped "{[/user/create],methods=[POST]}" onto public org.springframework.http.ResponseEntity<pl.drat.dominik.dao.entity.User> pl.drat.dominik.controller.UserController.createUser(pl.drat.dominik.dao.entity.User)
2017-09-14 22:27:24.091  INFO 8168 --- [    Test worker] s.w.s.m.m.a.RequestMappingHandlerMapping : Mapped "{[/user/update/{id}],methods=[PUT]}" onto public org.springframework.http.ResponseEntity<pl.drat.dominik.dao.entity.User> pl.drat.dominik.controller.UserController.updateUser(pl.drat.dominik.dao.entity.User,java.lang.Long)
2017-09-14 22:27:24.092  INFO 8168 --- [    Test worker] s.w.s.m.m.a.RequestMappingHandlerMapping : Mapped "{[/user/get/allStudents],methods=[GET]}" onto public org.springframework.http.ResponseEntity<java.util.List<pl.drat.dominik.dto.response.UserDTO>> pl.drat.dominik.controller.UserController.getAllStudents()
2017-09-14 22:27:24.093  INFO 8168 --- [    Test worker] s.w.s.m.m.a.RequestMappingHandlerMapping : Mapped "{[/user/get/allTeachers],methods=[GET]}" onto public org.springframework.http.ResponseEntity<java.util.List<pl.drat.dominik.dto.response.UserDTO>> pl.drat.dominik.controller.UserController.getAllTeachers()
2017-09-14 22:27:24.095  INFO 8168 --- [    Test worker] s.w.s.m.m.a.RequestMappingHandlerMapping : Mapped "{[/user/get/firstname/{firstName}/lastname/{lastName}],methods=[GET]}" onto public org.springframework.http.ResponseEntity<java.util.List<pl.drat.dominik.dto.response.UserDTO>> pl.drat.dominik.controller.UserController.getStudentsByFirstNameLastName(java.lang.String,java.lang.String)
2017-09-14 22:27:24.096  INFO 8168 --- [    Test worker] s.w.s.m.m.a.RequestMappingHandlerMapping : Mapped "{[/user/assignedToSubject/{subjectId}],methods=[GET]}" onto public org.springframework.http.ResponseEntity<java.util.List<pl.drat.dominik.dto.response.UserDTO>> pl.drat.dominik.controller.UserController.getAssignedUsersToSubject(java.lang.Long)
2017-09-14 22:27:24.101 DEBUG 8168 --- [    Test worker] s.w.s.m.m.a.RequestMappingHandlerMapping : 2 request handler methods found on class org.springframework.boot.autoconfigure.web.BasicErrorController: {public org.springframework.http.ResponseEntity org.springframework.boot.autoconfigure.web.BasicErrorController.error(javax.servlet.http.HttpServletRequest)={[/error]}, public org.springframework.web.servlet.ModelAndView org.springframework.boot.autoconfigure.web.BasicErrorController.errorHtml(javax.servlet.http.HttpServletRequest,javax.servlet.http.HttpServletResponse)={[/error],produces=[text/html]}}
2017-09-14 22:27:24.102  INFO 8168 --- [    Test worker] s.w.s.m.m.a.RequestMappingHandlerMapping : Mapped "{[/error]}" onto public org.springframework.http.ResponseEntity<java.util.Map<java.lang.String, java.lang.Object>> org.springframework.boot.autoconfigure.web.BasicErrorController.error(javax.servlet.http.HttpServletRequest)
2017-09-14 22:27:24.102  INFO 8168 --- [    Test worker] s.w.s.m.m.a.RequestMappingHandlerMapping : Mapped "{[/error],produces=[text/html]}" onto public org.springframework.web.servlet.ModelAndView org.springframework.boot.autoconfigure.web.BasicErrorController.errorHtml(javax.servlet.http.HttpServletRequest,javax.servlet.http.HttpServletResponse)
2017-09-14 22:27:24.273 DEBUG 8168 --- [    Test worker] o.s.w.s.h.BeanNameUrlHandlerMapping      : Looking for URL mappings in application context: org.springframework.web.context.support.GenericWebApplicationContext@629a1522: startup date [Thu Sep 14 22:27:00 CEST 2017]; root of context hierarchy
2017-09-14 22:27:24.273 DEBUG 8168 --- [    Test worker] o.s.w.s.h.BeanNameUrlHandlerMapping      : Rejected bean name 'org.springframework.boot.test.mock.mockito.MockitoPostProcessor$SpyPostProcessor': no URL paths identified
2017-09-14 22:27:24.273 DEBUG 8168 --- [    Test worker] o.s.w.s.h.BeanNameUrlHandlerMapping      : Rejected bean name 'org.springframework.boot.test.mock.mockito.MockitoPostProcessor': no URL paths identified
2017-09-14 22:27:24.273 DEBUG 8168 --- [    Test worker] o.s.w.s.h.BeanNameUrlHandlerMapping      : Rejected bean name 'org.springframework.context.annotation.internalConfigurationAnnotationProcessor': no URL paths identified
2017-09-14 22:27:24.273 DEBUG 8168 --- [    Test worker] o.s.w.s.h.BeanNameUrlHandlerMapping      : Rejected bean name 'org.springframework.context.annotation.internalAutowiredAnnotationProcessor': no URL paths identified
2017-09-14 22:27:24.273 DEBUG 8168 --- [    Test worker] o.s.w.s.h.BeanNameUrlHandlerMapping      : Rejected bean name 'org.springframework.context.annotation.internalRequiredAnnotationProcessor': no URL paths identified
2017-09-14 22:27:24.273 DEBUG 8168 --- [    Test worker] o.s.w.s.h.BeanNameUrlHandlerMapping      : Rejected bean name 'org.springframework.context.annotation.internalCommonAnnotationProcessor': no URL paths identified
2017-09-14 22:27:24.273 DEBUG 8168 --- [    Test worker] o.s.w.s.h.BeanNameUrlHandlerMapping      : Rejected bean name 'org.springframework.context.annotation.internalPersistenceAnnotationProcessor': no URL paths identified
2017-09-14 22:27:24.273 DEBUG 8168 --- [    Test worker] o.s.w.s.h.BeanNameUrlHandlerMapping      : Rejected bean name 'org.springframework.context.event.internalEventListenerProcessor': no URL paths identified
2017-09-14 22:27:24.273 DEBUG 8168 --- [    Test worker] o.s.w.s.h.BeanNameUrlHandlerMapping      : Rejected bean name 'org.springframework.context.event.internalEventListenerFactory': no URL paths identified
2017-09-14 22:27:24.273 DEBUG 8168 --- [    Test worker] o.s.w.s.h.BeanNameUrlHandlerMapping      : Rejected bean name 'registerApplication': no URL paths identified
2017-09-14 22:27:24.273 DEBUG 8168 --- [    Test worker] o.s.w.s.h.BeanNameUrlHandlerMapping      : Rejected bean name 'org.springframework.boot.autoconfigure.internalCachingMetadataReaderFactory': no URL paths identified
2017-09-14 22:27:24.273 DEBUG 8168 --- [    Test worker] o.s.w.s.h.BeanNameUrlHandlerMapping      : Rejected bean name 'authenticateController': no URL paths identified
2017-09-14 22:27:24.273 DEBUG 8168 --- [    Test worker] o.s.w.s.h.BeanNameUrlHandlerMapping      : Rejected bean name 'presenceController': no URL paths identified
2017-09-14 22:27:24.274 DEBUG 8168 --- [    Test worker] o.s.w.s.h.BeanNameUrlHandlerMapping      : Rejected bean name 'roleController': no URL paths identified
2017-09-14 22:27:24.274 DEBUG 8168 --- [    Test worker] o.s.w.s.h.BeanNameUrlHandlerMapping      : Rejected bean name 'subjectController': no URL paths identified
2017-09-14 22:27:24.274 DEBUG 8168 --- [    Test worker] o.s.w.s.h.BeanNameUrlHandlerMapping      : Rejected bean name 'userController': no URL paths identified
2017-09-14 22:27:24.274 DEBUG 8168 --- [    Test worker] o.s.w.s.h.BeanNameUrlHandlerMapping      : Rejected bean name 'customSchedulePresenceWindowRepositoryImpl': no URL paths identified
2017-09-14 22:27:24.274 DEBUG 8168 --- [    Test worker] o.s.w.s.h.BeanNameUrlHandlerMapping      : Rejected bean name 'customScheduleRepositoryImpl': no URL paths identified
2017-09-14 22:27:24.274 DEBUG 8168 --- [    Test worker] o.s.w.s.h.BeanNameUrlHandlerMapping      : Rejected bean name 'customSubjectUserRepositoryImpl': no URL paths identified
2017-09-14 22:27:24.274 DEBUG 8168 --- [    Test worker] o.s.w.s.h.BeanNameUrlHandlerMapping      : Rejected bean name 'IPServiceImpl': no URL paths identified
2017-09-14 22:27:24.274 DEBUG 8168 --- [    Test worker] o.s.w.s.h.BeanNameUrlHandlerMapping      : Rejected bean name 'presenceServiceImpl': no URL paths identified
2017-09-14 22:27:24.274 DEBUG 8168 --- [    Test worker] o.s.w.s.h.BeanNameUrlHandlerMapping      : Rejected bean name 'roleServiceImpl': no URL paths identified
2017-09-14 22:27:24.274 DEBUG 8168 --- [    Test worker] o.s.w.s.h.BeanNameUrlHandlerMapping      : Rejected bean name 'subjectServiceImpl': no URL paths identified
2017-09-14 22:27:24.274 DEBUG 8168 --- [    Test worker] o.s.w.s.h.BeanNameUrlHandlerMapping      : Rejected bean name 'userServiceImpl': no URL paths identified
2017-09-14 22:27:24.274 DEBUG 8168 --- [    Test worker] o.s.w.s.h.BeanNameUrlHandlerMapping      : Rejected bean name 'org.springframework.boot.web.support.SpringBootServletInitializer$ErrorPageFilterConfiguration': no URL paths identified
2017-09-14 22:27:24.274 DEBUG 8168 --- [    Test worker] o.s.w.s.h.BeanNameUrlHandlerMapping      : Rejected bean name 'errorPageFilter': no URL paths identified
2017-09-14 22:27:24.274 DEBUG 8168 --- [    Test worker] o.s.w.s.h.BeanNameUrlHandlerMapping      : Rejected bean name 'org.springframework.boot.autoconfigure.AutoConfigurationPackages': no URL paths identified
2017-09-14 22:27:24.274 DEBUG 8168 --- [    Test worker] o.s.w.s.h.BeanNameUrlHandlerMapping      : Rejected bean name 'org.springframework.boot.autoconfigure.context.PropertyPlaceholderAutoConfiguration': no URL paths identified
2017-09-14 22:27:24.274 DEBUG 8168 --- [    Test worker] o.s.w.s.h.BeanNameUrlHandlerMapping      : Rejected bean name 'org.springframework.boot.autoconfigure.condition.BeanTypeRegistry': no URL paths identified
2017-09-14 22:27:24.274 DEBUG 8168 --- [    Test worker] o.s.w.s.h.BeanNameUrlHandlerMapping      : Rejected bean name 'propertySourcesPlaceholderConfigurer': no URL paths identified
2017-09-14 22:27:24.274 DEBUG 8168 --- [    Test worker] o.s.w.s.h.BeanNameUrlHandlerMapping      : Rejected bean name 'org.springframework.boot.autoconfigure.jackson.JacksonAutoConfiguration$Jackson2ObjectMapperBuilderCustomizerConfiguration': no URL paths identified
2017-09-14 22:27:24.275 DEBUG 8168 --- [    Test worker] o.s.w.s.h.BeanNameUrlHandlerMapping      : Rejected bean name 'standardJacksonObjectMapperBuilderCustomizer': no URL paths identified
2017-09-14 22:27:24.275 DEBUG 8168 --- [    Test worker] o.s.w.s.h.BeanNameUrlHandlerMapping      : Rejected bean name 'spring.jackson-org.springframework.boot.autoconfigure.jackson.JacksonProperties': no URL paths identified
2017-09-14 22:27:24.275 DEBUG 8168 --- [    Test worker] o.s.w.s.h.BeanNameUrlHandlerMapping      : Rejected bean name 'org.springframework.boot.context.properties.ConfigurationPropertiesBindingPostProcessor': no URL paths identified
2017-09-14 22:27:24.275 DEBUG 8168 --- [    Test worker] o.s.w.s.h.BeanNameUrlHandlerMapping      : Rejected bean name 'org.springframework.boot.context.properties.ConfigurationPropertiesBindingPostProcessor.store': no URL paths identified
2017-09-14 22:27:24.275 DEBUG 8168 --- [    Test worker] o.s.w.s.h.BeanNameUrlHandlerMapping      : Rejected bean name 'org.springframework.boot.autoconfigure.jackson.JacksonAutoConfiguration$JacksonObjectMapperBuilderConfiguration': no URL paths identified
2017-09-14 22:27:24.275 DEBUG 8168 --- [    Test worker] o.s.w.s.h.BeanNameUrlHandlerMapping      : Rejected bean name 'jacksonObjectMapperBuilder': no URL paths identified
2017-09-14 22:27:24.275 DEBUG 8168 --- [    Test worker] o.s.w.s.h.BeanNameUrlHandlerMapping      : Rejected bean name 'org.springframework.boot.autoconfigure.jackson.JacksonAutoConfiguration$JacksonObjectMapperConfiguration': no URL paths identified
2017-09-14 22:27:24.275 DEBUG 8168 --- [    Test worker] o.s.w.s.h.BeanNameUrlHandlerMapping      : Rejected bean name 'jacksonObjectMapper': no URL paths identified
2017-09-14 22:27:24.275 DEBUG 8168 --- [    Test worker] o.s.w.s.h.BeanNameUrlHandlerMapping      : Rejected bean name 'org.springframework.boot.autoconfigure.jackson.JacksonAutoConfiguration': no URL paths identified
2017-09-14 22:27:24.275 DEBUG 8168 --- [    Test worker] o.s.w.s.h.BeanNameUrlHandlerMapping      : Rejected bean name 'jsonComponentModule': no URL paths identified
2017-09-14 22:27:24.275 DEBUG 8168 --- [    Test worker] o.s.w.s.h.BeanNameUrlHandlerMapping      : Rejected bean name 'org.springframework.boot.autoconfigure.websocket.WebSocketAutoConfiguration$TomcatWebSocketConfiguration': no URL paths identified
2017-09-14 22:27:24.275 DEBUG 8168 --- [    Test worker] o.s.w.s.h.BeanNameUrlHandlerMapping      : Rejected bean name 'websocketContainerCustomizer': no URL paths identified
2017-09-14 22:27:24.275 DEBUG 8168 --- [    Test worker] o.s.w.s.h.BeanNameUrlHandlerMapping      : Rejected bean name 'org.springframework.boot.autoconfigure.websocket.WebSocketAutoConfiguration': no URL paths identified
2017-09-14 22:27:24.275 DEBUG 8168 --- [    Test worker] o.s.w.s.h.BeanNameUrlHandlerMapping      : Rejected bean name 'org.springframework.boot.autoconfigure.web.EmbeddedServletContainerAutoConfiguration$EmbeddedTomcat': no URL paths identified
2017-09-14 22:27:24.275 DEBUG 8168 --- [    Test worker] o.s.w.s.h.BeanNameUrlHandlerMapping      : Rejected bean name 'tomcatEmbeddedServletContainerFactory': no URL paths identified
2017-09-14 22:27:24.275 DEBUG 8168 --- [    Test worker] o.s.w.s.h.BeanNameUrlHandlerMapping      : Rejected bean name 'org.springframework.boot.autoconfigure.web.EmbeddedServletContainerAutoConfiguration': no URL paths identified
2017-09-14 22:27:24.275 DEBUG 8168 --- [    Test worker] o.s.w.s.h.BeanNameUrlHandlerMapping      : Rejected bean name 'embeddedServletContainerCustomizerBeanPostProcessor': no URL paths identified
2017-09-14 22:27:24.276 DEBUG 8168 --- [    Test worker] o.s.w.s.h.BeanNameUrlHandlerMapping      : Rejected bean name 'errorPageRegistrarBeanPostProcessor': no URL paths identified
2017-09-14 22:27:24.276 DEBUG 8168 --- [    Test worker] o.s.w.s.h.BeanNameUrlHandlerMapping      : Rejected bean name 'org.springframework.boot.autoconfigure.web.DispatcherServletAutoConfiguration$DispatcherServletConfiguration': no URL paths identified
2017-09-14 22:27:24.276 DEBUG 8168 --- [    Test worker] o.s.w.s.h.BeanNameUrlHandlerMapping      : Rejected bean name 'dispatcherServlet': no URL paths identified
2017-09-14 22:27:24.276 DEBUG 8168 --- [    Test worker] o.s.w.s.h.BeanNameUrlHandlerMapping      : Rejected bean name 'spring.mvc-org.springframework.boot.autoconfigure.web.WebMvcProperties': no URL paths identified
2017-09-14 22:27:24.276 DEBUG 8168 --- [    Test worker] o.s.w.s.h.BeanNameUrlHandlerMapping      : Rejected bean name 'org.springframework.boot.autoconfigure.web.DispatcherServletAutoConfiguration$DispatcherServletRegistrationConfiguration': no URL paths identified
2017-09-14 22:27:24.276 DEBUG 8168 --- [    Test worker] o.s.w.s.h.BeanNameUrlHandlerMapping      : Rejected bean name 'dispatcherServletRegistration': no URL paths identified
2017-09-14 22:27:24.276 DEBUG 8168 --- [    Test worker] o.s.w.s.h.BeanNameUrlHandlerMapping      : Rejected bean name 'org.springframework.boot.autoconfigure.web.DispatcherServletAutoConfiguration': no URL paths identified
2017-09-14 22:27:24.276 DEBUG 8168 --- [    Test worker] o.s.w.s.h.BeanNameUrlHandlerMapping      : Rejected bean name 'org.springframework.boot.autoconfigure.web.ErrorMvcAutoConfiguration$WhitelabelErrorViewConfiguration': no URL paths identified
2017-09-14 22:27:24.276 DEBUG 8168 --- [    Test worker] o.s.w.s.h.BeanNameUrlHandlerMapping      : Rejected bean name 'error': no URL paths identified
2017-09-14 22:27:24.276 DEBUG 8168 --- [    Test worker] o.s.w.s.h.BeanNameUrlHandlerMapping      : Rejected bean name 'beanNameViewResolver': no URL paths identified
2017-09-14 22:27:24.276 DEBUG 8168 --- [    Test worker] o.s.w.s.h.BeanNameUrlHandlerMapping      : Rejected bean name 'org.springframework.boot.autoconfigure.web.ErrorMvcAutoConfiguration$DefaultErrorViewResolverConfiguration': no URL paths identified
2017-09-14 22:27:24.276 DEBUG 8168 --- [    Test worker] o.s.w.s.h.BeanNameUrlHandlerMapping      : Rejected bean name 'conventionErrorViewResolver': no URL paths identified
2017-09-14 22:27:24.276 DEBUG 8168 --- [    Test worker] o.s.w.s.h.BeanNameUrlHandlerMapping      : Rejected bean name 'org.springframework.boot.autoconfigure.web.ErrorMvcAutoConfiguration': no URL paths identified
2017-09-14 22:27:24.276 DEBUG 8168 --- [    Test worker] o.s.w.s.h.BeanNameUrlHandlerMapping      : Rejected bean name 'errorAttributes': no URL paths identified
2017-09-14 22:27:24.276 DEBUG 8168 --- [    Test worker] o.s.w.s.h.BeanNameUrlHandlerMapping      : Rejected bean name 'basicErrorController': no URL paths identified
2017-09-14 22:27:24.276 DEBUG 8168 --- [    Test worker] o.s.w.s.h.BeanNameUrlHandlerMapping      : Rejected bean name 'errorPageCustomizer': no URL paths identified
2017-09-14 22:27:24.276 DEBUG 8168 --- [    Test worker] o.s.w.s.h.BeanNameUrlHandlerMapping      : Rejected bean name 'preserveErrorControllerTargetClassPostProcessor': no URL paths identified
2017-09-14 22:27:24.276 DEBUG 8168 --- [    Test worker] o.s.w.s.h.BeanNameUrlHandlerMapping      : Rejected bean name 'spring.resources-org.springframework.boot.autoconfigure.web.ResourceProperties': no URL paths identified
2017-09-14 22:27:24.276 DEBUG 8168 --- [    Test worker] o.s.w.s.h.BeanNameUrlHandlerMapping      : Rejected bean name 'org.springframework.boot.autoconfigure.web.WebMvcAutoConfiguration$EnableWebMvcConfiguration': no URL paths identified
2017-09-14 22:27:24.276 DEBUG 8168 --- [    Test worker] o.s.w.s.h.BeanNameUrlHandlerMapping      : Rejected bean name 'requestMappingHandlerAdapter': no URL paths identified
2017-09-14 22:27:24.276 DEBUG 8168 --- [    Test worker] o.s.w.s.h.BeanNameUrlHandlerMapping      : Rejected bean name 'requestMappingHandlerMapping': no URL paths identified
2017-09-14 22:27:24.277 DEBUG 8168 --- [    Test worker] o.s.w.s.h.BeanNameUrlHandlerMapping      : Rejected bean name 'mvcPathMatcher': no URL paths identified
2017-09-14 22:27:24.277 DEBUG 8168 --- [    Test worker] o.s.w.s.h.BeanNameUrlHandlerMapping      : Rejected bean name 'mvcUrlPathHelper': no URL paths identified
2017-09-14 22:27:24.277 DEBUG 8168 --- [    Test worker] o.s.w.s.h.BeanNameUrlHandlerMapping      : Rejected bean name 'mvcContentNegotiationManager': no URL paths identified
2017-09-14 22:27:24.277 DEBUG 8168 --- [    Test worker] o.s.w.s.h.BeanNameUrlHandlerMapping      : Rejected bean name 'viewControllerHandlerMapping': no URL paths identified
2017-09-14 22:27:24.277 DEBUG 8168 --- [    Test worker] o.s.w.s.h.BeanNameUrlHandlerMapping      : Rejected bean name 'beanNameHandlerMapping': no URL paths identified
2017-09-14 22:27:24.277 DEBUG 8168 --- [    Test worker] o.s.w.s.h.BeanNameUrlHandlerMapping      : Rejected bean name 'resourceHandlerMapping': no URL paths identified
2017-09-14 22:27:24.277 DEBUG 8168 --- [    Test worker] o.s.w.s.h.BeanNameUrlHandlerMapping      : Rejected bean name 'mvcResourceUrlProvider': no URL paths identified
2017-09-14 22:27:24.277 DEBUG 8168 --- [    Test worker] o.s.w.s.h.BeanNameUrlHandlerMapping      : Rejected bean name 'defaultServletHandlerMapping': no URL paths identified
2017-09-14 22:27:24.277 DEBUG 8168 --- [    Test worker] o.s.w.s.h.BeanNameUrlHandlerMapping      : Rejected bean name 'mvcConversionService': no URL paths identified
2017-09-14 22:27:24.277 DEBUG 8168 --- [    Test worker] o.s.w.s.h.BeanNameUrlHandlerMapping      : Rejected bean name 'mvcValidator': no URL paths identified
2017-09-14 22:27:24.277 DEBUG 8168 --- [    Test worker] o.s.w.s.h.BeanNameUrlHandlerMapping      : Rejected bean name 'mvcUriComponentsContributor': no URL paths identified
2017-09-14 22:27:24.277 DEBUG 8168 --- [    Test worker] o.s.w.s.h.BeanNameUrlHandlerMapping      : Rejected bean name 'httpRequestHandlerAdapter': no URL paths identified
2017-09-14 22:27:24.277 DEBUG 8168 --- [    Test worker] o.s.w.s.h.BeanNameUrlHandlerMapping      : Rejected bean name 'simpleControllerHandlerAdapter': no URL paths identified
2017-09-14 22:27:24.277 DEBUG 8168 --- [    Test worker] o.s.w.s.h.BeanNameUrlHandlerMapping      : Rejected bean name 'handlerExceptionResolver': no URL paths identified
2017-09-14 22:27:24.277 DEBUG 8168 --- [    Test worker] o.s.w.s.h.BeanNameUrlHandlerMapping      : Rejected bean name 'mvcViewResolver': no URL paths identified
2017-09-14 22:27:24.277 DEBUG 8168 --- [    Test worker] o.s.w.s.h.BeanNameUrlHandlerMapping      : Rejected bean name 'org.springframework.boot.autoconfigure.web.WebMvcAutoConfiguration$WebMvcAutoConfigurationAdapter$FaviconConfiguration': no URL paths identified
2017-09-14 22:27:24.277 DEBUG 8168 --- [    Test worker] o.s.w.s.h.BeanNameUrlHandlerMapping      : Rejected bean name 'faviconHandlerMapping': no URL paths identified
2017-09-14 22:27:24.277 DEBUG 8168 --- [    Test worker] o.s.w.s.h.BeanNameUrlHandlerMapping      : Rejected bean name 'faviconRequestHandler': no URL paths identified
2017-09-14 22:27:24.278 DEBUG 8168 --- [    Test worker] o.s.w.s.h.BeanNameUrlHandlerMapping      : Rejected bean name 'org.springframework.boot.autoconfigure.web.WebMvcAutoConfiguration$WebMvcAutoConfigurationAdapter': no URL paths identified
2017-09-14 22:27:24.278 DEBUG 8168 --- [    Test worker] o.s.w.s.h.BeanNameUrlHandlerMapping      : Rejected bean name 'defaultViewResolver': no URL paths identified
2017-09-14 22:27:24.278 DEBUG 8168 --- [    Test worker] o.s.w.s.h.BeanNameUrlHandlerMapping      : Rejected bean name 'viewResolver': no URL paths identified
2017-09-14 22:27:24.278 DEBUG 8168 --- [    Test worker] o.s.w.s.h.BeanNameUrlHandlerMapping      : Rejected bean name 'welcomePageHandlerMapping': no URL paths identified
2017-09-14 22:27:24.278 DEBUG 8168 --- [    Test worker] o.s.w.s.h.BeanNameUrlHandlerMapping      : Rejected bean name 'requestContextFilter': no URL paths identified
2017-09-14 22:27:24.278 DEBUG 8168 --- [    Test worker] o.s.w.s.h.BeanNameUrlHandlerMapping      : Rejected bean name 'org.springframework.boot.autoconfigure.web.WebMvcAutoConfiguration': no URL paths identified
2017-09-14 22:27:24.278 DEBUG 8168 --- [    Test worker] o.s.w.s.h.BeanNameUrlHandlerMapping      : Rejected bean name 'hiddenHttpMethodFilter': no URL paths identified
2017-09-14 22:27:24.278 DEBUG 8168 --- [    Test worker] o.s.w.s.h.BeanNameUrlHandlerMapping      : Rejected bean name 'httpPutFormContentFilter': no URL paths identified
2017-09-14 22:27:24.278 DEBUG 8168 --- [    Test worker] o.s.w.s.h.BeanNameUrlHandlerMapping      : Rejected bean name 'org.springframework.boot.actuate.autoconfigure.AuditAutoConfiguration$AuditEventRepositoryConfiguration': no URL paths identified
2017-09-14 22:27:24.278 DEBUG 8168 --- [    Test worker] o.s.w.s.h.BeanNameUrlHandlerMapping      : Rejected bean name 'auditEventRepository': no URL paths identified
2017-09-14 22:27:24.278 DEBUG 8168 --- [    Test worker] o.s.w.s.h.BeanNameUrlHandlerMapping      : Rejected bean name 'org.springframework.boot.actuate.autoconfigure.AuditAutoConfiguration': no URL paths identified
2017-09-14 22:27:24.278 DEBUG 8168 --- [    Test worker] o.s.w.s.h.BeanNameUrlHandlerMapping      : Rejected bean name 'auditListener': no URL paths identified
2017-09-14 22:27:24.278 DEBUG 8168 --- [    Test worker] o.s.w.s.h.BeanNameUrlHandlerMapping      : Rejected bean name 'authenticationAuditListener': no URL paths identified
2017-09-14 22:27:24.278 DEBUG 8168 --- [    Test worker] o.s.w.s.h.BeanNameUrlHandlerMapping      : Rejected bean name 'authorizationAuditListener': no URL paths identified
2017-09-14 22:27:24.278 DEBUG 8168 --- [    Test worker] o.s.w.s.h.BeanNameUrlHandlerMapping      : Rejected bean name 'org.springframework.boot.autoconfigure.security.SpringBootWebSecurityConfiguration$ApplicationNoWebSecurityConfigurerAdapter': no URL paths identified
2017-09-14 22:27:24.278 DEBUG 8168 --- [    Test worker] o.s.w.s.h.BeanNameUrlHandlerMapping      : Rejected bean name 'org.springframework.security.config.annotation.configuration.ObjectPostProcessorConfiguration': no URL paths identified
2017-09-14 22:27:24.278 DEBUG 8168 --- [    Test worker] o.s.w.s.h.BeanNameUrlHandlerMapping      : Rejected bean name 'objectPostProcessor': no URL paths identified
2017-09-14 22:27:24.279 DEBUG 8168 --- [    Test worker] o.s.w.s.h.BeanNameUrlHandlerMapping      : Rejected bean name 'org.springframework.security.config.annotation.authentication.configuration.AuthenticationConfiguration': no URL paths identified
2017-09-14 22:27:24.279 DEBUG 8168 --- [    Test worker] o.s.w.s.h.BeanNameUrlHandlerMapping      : Rejected bean name 'authenticationManagerBuilder': no URL paths identified
2017-09-14 22:27:24.279 DEBUG 8168 --- [    Test worker] o.s.w.s.h.BeanNameUrlHandlerMapping      : Rejected bean name 'enableGlobalAuthenticationAutowiredConfigurer': no URL paths identified
2017-09-14 22:27:24.279 DEBUG 8168 --- [    Test worker] o.s.w.s.h.BeanNameUrlHandlerMapping      : Rejected bean name 'initializeUserDetailsBeanManagerConfigurer': no URL paths identified
2017-09-14 22:27:24.279 DEBUG 8168 --- [    Test worker] o.s.w.s.h.BeanNameUrlHandlerMapping      : Rejected bean name 'initializeAuthenticationProviderBeanManagerConfigurer': no URL paths identified
2017-09-14 22:27:24.279 DEBUG 8168 --- [    Test worker] o.s.w.s.h.BeanNameUrlHandlerMapping      : Rejected bean name 'org.springframework.security.config.annotation.web.configuration.WebSecurityConfiguration': no URL paths identified
2017-09-14 22:27:24.279 DEBUG 8168 --- [    Test worker] o.s.w.s.h.BeanNameUrlHandlerMapping      : Rejected bean name 'delegatingApplicationListener': no URL paths identified
2017-09-14 22:27:24.279 DEBUG 8168 --- [    Test worker] o.s.w.s.h.BeanNameUrlHandlerMapping      : Rejected bean name 'webSecurityExpressionHandler': no URL paths identified
2017-09-14 22:27:24.279 DEBUG 8168 --- [    Test worker] o.s.w.s.h.BeanNameUrlHandlerMapping      : Rejected bean name 'springSecurityFilterChain': no URL paths identified
2017-09-14 22:27:24.279 DEBUG 8168 --- [    Test worker] o.s.w.s.h.BeanNameUrlHandlerMapping      : Rejected bean name 'privilegeEvaluator': no URL paths identified
2017-09-14 22:27:24.279 DEBUG 8168 --- [    Test worker] o.s.w.s.h.BeanNameUrlHandlerMapping      : Rejected bean name 'autowiredWebSecurityConfigurersIgnoreParents': no URL paths identified
2017-09-14 22:27:24.279 DEBUG 8168 --- [    Test worker] o.s.w.s.h.BeanNameUrlHandlerMapping      : Rejected bean name 'org.springframework.security.config.annotation.web.configuration.WebMvcSecurityConfiguration': no URL paths identified
2017-09-14 22:27:24.279 DEBUG 8168 --- [    Test worker] o.s.w.s.h.BeanNameUrlHandlerMapping      : Rejected bean name 'requestDataValueProcessor': no URL paths identified
2017-09-14 22:27:24.279 DEBUG 8168 --- [    Test worker] o.s.w.s.h.BeanNameUrlHandlerMapping      : Rejected bean name 'org.springframework.boot.autoconfigure.security.SpringBootWebSecurityConfiguration': no URL paths identified
2017-09-14 22:27:24.279 DEBUG 8168 --- [    Test worker] o.s.w.s.h.BeanNameUrlHandlerMapping      : Rejected bean name 'ignoredPathsWebSecurityConfigurerAdapter': no URL paths identified
2017-09-14 22:27:24.279 DEBUG 8168 --- [    Test worker] o.s.w.s.h.BeanNameUrlHandlerMapping      : Rejected bean name 'defaultIgnoredRequestsCustomizer': no URL paths identified
2017-09-14 22:27:24.279 DEBUG 8168 --- [    Test worker] o.s.w.s.h.BeanNameUrlHandlerMapping      : Rejected bean name 'org.springframework.boot.autoconfigure.security.AuthenticationManagerConfiguration': no URL paths identified
2017-09-14 22:27:24.279 DEBUG 8168 --- [    Test worker] o.s.w.s.h.BeanNameUrlHandlerMapping      : Rejected bean name 'authenticationManager': no URL paths identified
2017-09-14 22:27:24.279 DEBUG 8168 --- [    Test worker] o.s.w.s.h.BeanNameUrlHandlerMapping      : Rejected bean name 'springBootAuthenticationConfigurerAdapter': no URL paths identified
2017-09-14 22:27:24.280 DEBUG 8168 --- [    Test worker] o.s.w.s.h.BeanNameUrlHandlerMapping      : Rejected bean name 'authenticationManagerConfigurationListener': no URL paths identified
2017-09-14 22:27:24.280 DEBUG 8168 --- [    Test worker] o.s.w.s.h.BeanNameUrlHandlerMapping      : Rejected bean name 'org.springframework.boot.autoconfigure.security.BootGlobalAuthenticationConfiguration': no URL paths identified
2017-09-14 22:27:24.280 DEBUG 8168 --- [    Test worker] o.s.w.s.h.BeanNameUrlHandlerMapping      : Rejected bean name 'bootGlobalAuthenticationConfigurationAdapter': no URL paths identified
2017-09-14 22:27:24.280 DEBUG 8168 --- [    Test worker] o.s.w.s.h.BeanNameUrlHandlerMapping      : Rejected bean name 'org.springframework.boot.autoconfigure.security.SecurityAutoConfiguration': no URL paths identified
2017-09-14 22:27:24.280 DEBUG 8168 --- [    Test worker] o.s.w.s.h.BeanNameUrlHandlerMapping      : Rejected bean name 'authenticationEventPublisher': no URL paths identified
2017-09-14 22:27:24.281 DEBUG 8168 --- [    Test worker] o.s.w.s.h.BeanNameUrlHandlerMapping      : Rejected bean name 'securityProperties': no URL paths identified
2017-09-14 22:27:24.281 DEBUG 8168 --- [    Test worker] o.s.w.s.h.BeanNameUrlHandlerMapping      : Rejected bean name 'org.springframework.boot.actuate.autoconfigure.ManagementWebSecurityAutoConfiguration$ManagementSecurityPropertiesConfiguration': no URL paths identified
2017-09-14 22:27:24.281 DEBUG 8168 --- [    Test worker] o.s.w.s.h.BeanNameUrlHandlerMapping      : Rejected bean name 'org.springframework.boot.actuate.autoconfigure.ManagementWebSecurityAutoConfiguration': no URL paths identified
2017-09-14 22:27:24.281 DEBUG 8168 --- [    Test worker] o.s.w.s.h.BeanNameUrlHandlerMapping      : Rejected bean name 'managementIgnoredRequestCustomizer': no URL paths identified
2017-09-14 22:27:24.281 DEBUG 8168 --- [    Test worker] o.s.w.s.h.BeanNameUrlHandlerMapping      : Rejected bean name 'org.springframework.boot.autoconfigure.transaction.jta.JtaAutoConfiguration': no URL paths identified
2017-09-14 22:27:24.281 DEBUG 8168 --- [    Test worker] o.s.w.s.h.BeanNameUrlHandlerMapping      : Rejected bean name 'spring.jta-org.springframework.boot.autoconfigure.transaction.jta.JtaProperties': no URL paths identified
2017-09-14 22:27:24.281 DEBUG 8168 --- [    Test worker] o.s.w.s.h.BeanNameUrlHandlerMapping      : Rejected bean name 'org.springframework.boot.autoconfigure.jdbc.DataSourceConfiguration$Tomcat': no URL paths identified
2017-09-14 22:27:24.281 DEBUG 8168 --- [    Test worker] o.s.w.s.h.BeanNameUrlHandlerMapping      : Rejected bean name 'dataSource': no URL paths identified
2017-09-14 22:27:24.281 DEBUG 8168 --- [    Test worker] o.s.w.s.h.BeanNameUrlHandlerMapping      : Rejected bean name 'org.springframework.boot.autoconfigure.jdbc.DataSourceAutoConfiguration$PooledDataSourceConfiguration': no URL paths identified
2017-09-14 22:27:24.281 DEBUG 8168 --- [    Test worker] o.s.w.s.h.BeanNameUrlHandlerMapping      : Rejected bean name 'org.springframework.boot.autoconfigure.jdbc.metadata.DataSourcePoolMetadataProvidersConfiguration$TomcatDataSourcePoolMetadataProviderConfiguration': no URL paths identified
2017-09-14 22:27:24.282 DEBUG 8168 --- [    Test worker] o.s.w.s.h.BeanNameUrlHandlerMapping      : Rejected bean name 'tomcatPoolDataSourceMetadataProvider': no URL paths identified
2017-09-14 22:27:24.282 DEBUG 8168 --- [    Test worker] o.s.w.s.h.BeanNameUrlHandlerMapping      : Rejected bean name 'org.springframework.boot.autoconfigure.jdbc.metadata.DataSourcePoolMetadataProvidersConfiguration': no URL paths identified
2017-09-14 22:27:24.282 DEBUG 8168 --- [    Test worker] o.s.w.s.h.BeanNameUrlHandlerMapping      : Rejected bean name 'org.springframework.boot.autoconfigure.jdbc.DataSourceAutoConfiguration': no URL paths identified
2017-09-14 22:27:24.282 DEBUG 8168 --- [    Test worker] o.s.w.s.h.BeanNameUrlHandlerMapping      : Rejected bean name 'dataSourceInitializer': no URL paths identified
2017-09-14 22:27:24.282 DEBUG 8168 --- [    Test worker] o.s.w.s.h.BeanNameUrlHandlerMapping      : Rejected bean name 'spring.datasource-org.springframework.boot.autoconfigure.jdbc.DataSourceProperties': no URL paths identified
2017-09-14 22:27:24.282 DEBUG 8168 --- [    Test worker] o.s.w.s.h.BeanNameUrlHandlerMapping      : Rejected bean name 'dataSourceInitializerPostProcessor': no URL paths identified
2017-09-14 22:27:24.282 DEBUG 8168 --- [    Test worker] o.s.w.s.h.BeanNameUrlHandlerMapping      : Rejected bean name 'org.springframework.boot.autoconfigure.orm.jpa.JpaBaseConfiguration$JpaWebConfiguration$JpaWebMvcConfiguration': no URL paths identified
2017-09-14 22:27:24.282 DEBUG 8168 --- [    Test worker] o.s.w.s.h.BeanNameUrlHandlerMapping      : Rejected bean name 'openEntityManagerInViewInterceptor': no URL paths identified
2017-09-14 22:27:24.282 DEBUG 8168 --- [    Test worker] o.s.w.s.h.BeanNameUrlHandlerMapping      : Rejected bean name 'org.springframework.boot.autoconfigure.orm.jpa.JpaBaseConfiguration$JpaWebConfiguration': no URL paths identified
2017-09-14 22:27:24.282 DEBUG 8168 --- [    Test worker] o.s.w.s.h.BeanNameUrlHandlerMapping      : Rejected bean name 'org.springframework.boot.autoconfigure.orm.jpa.HibernateJpaAutoConfiguration': no URL paths identified
2017-09-14 22:27:24.282 DEBUG 8168 --- [    Test worker] o.s.w.s.h.BeanNameUrlHandlerMapping      : Rejected bean name 'transactionManager': no URL paths identified
2017-09-14 22:27:24.282 DEBUG 8168 --- [    Test worker] o.s.w.s.h.BeanNameUrlHandlerMapping      : Rejected bean name 'jpaVendorAdapter': no URL paths identified
2017-09-14 22:27:24.282 DEBUG 8168 --- [    Test worker] o.s.w.s.h.BeanNameUrlHandlerMapping      : Rejected bean name 'entityManagerFactoryBuilder': no URL paths identified
2017-09-14 22:27:24.282 DEBUG 8168 --- [    Test worker] o.s.w.s.h.BeanNameUrlHandlerMapping      : Rejected bean name 'entityManagerFactory': no URL paths identified
2017-09-14 22:27:24.282 DEBUG 8168 --- [    Test worker] o.s.w.s.h.BeanNameUrlHandlerMapping      : Rejected bean name 'spring.jpa-org.springframework.boot.autoconfigure.orm.jpa.JpaProperties': no URL paths identified
2017-09-14 22:27:24.282 DEBUG 8168 --- [    Test worker] o.s.w.s.h.BeanNameUrlHandlerMapping      : Rejected bean name 'dataSourceInitializedPublisher': no URL paths identified
2017-09-14 22:27:24.282 DEBUG 8168 --- [    Test worker] o.s.w.s.h.BeanNameUrlHandlerMapping      : Rejected bean name 'org.springframework.boot.autoconfigure.info.ProjectInfoAutoConfiguration': no URL paths identified
2017-09-14 22:27:24.282 DEBUG 8168 --- [    Test worker] o.s.w.s.h.BeanNameUrlHandlerMapping      : Rejected bean name 'spring.info-org.springframework.boot.autoconfigure.info.ProjectInfoProperties': no URL paths identified
2017-09-14 22:27:24.282 DEBUG 8168 --- [    Test worker] o.s.w.s.h.BeanNameUrlHandlerMapping      : Rejected bean name 'org.springframework.boot.actuate.autoconfigure.InfoContributorAutoConfiguration': no URL paths identified
2017-09-14 22:27:24.283 DEBUG 8168 --- [    Test worker] o.s.w.s.h.BeanNameUrlHandlerMapping      : Rejected bean name 'envInfoContributor': no URL paths identified
2017-09-14 22:27:24.283 DEBUG 8168 --- [    Test worker] o.s.w.s.h.BeanNameUrlHandlerMapping      : Rejected bean name 'management.info-org.springframework.boot.actuate.autoconfigure.InfoContributorProperties': no URL paths identified
2017-09-14 22:27:24.283 DEBUG 8168 --- [    Test worker] o.s.w.s.h.BeanNameUrlHandlerMapping      : Rejected bean name 'org.springframework.boot.autoconfigure.validation.ValidationAutoConfiguration': no URL paths identified
2017-09-14 22:27:24.283 DEBUG 8168 --- [    Test worker] o.s.w.s.h.BeanNameUrlHandlerMapping      : Rejected bean name 'validator': no URL paths identified
2017-09-14 22:27:24.283 DEBUG 8168 --- [    Test worker] o.s.w.s.h.BeanNameUrlHandlerMapping      : Rejected bean name 'methodValidationPostProcessor': no URL paths identified
2017-09-14 22:27:24.283 DEBUG 8168 --- [    Test worker] o.s.w.s.h.BeanNameUrlHandlerMapping      : Rejected bean name 'org.springframework.boot.actuate.autoconfigure.HealthIndicatorAutoConfiguration$DiskSpaceHealthIndicatorConfiguration': no URL paths identified
2017-09-14 22:27:24.283 DEBUG 8168 --- [    Test worker] o.s.w.s.h.BeanNameUrlHandlerMapping      : Rejected bean name 'diskSpaceHealthIndicator': no URL paths identified
2017-09-14 22:27:24.283 DEBUG 8168 --- [    Test worker] o.s.w.s.h.BeanNameUrlHandlerMapping      : Rejected bean name 'diskSpaceHealthIndicatorProperties': no URL paths identified
2017-09-14 22:27:24.283 DEBUG 8168 --- [    Test worker] o.s.w.s.h.BeanNameUrlHandlerMapping      : Rejected bean name 'org.springframework.boot.actuate.autoconfigure.HealthIndicatorAutoConfiguration$DataSourcesHealthIndicatorConfiguration': no URL paths identified
2017-09-14 22:27:24.283 DEBUG 8168 --- [    Test worker] o.s.w.s.h.BeanNameUrlHandlerMapping      : Rejected bean name 'dbHealthIndicator': no URL paths identified
2017-09-14 22:27:24.283 DEBUG 8168 --- [    Test worker] o.s.w.s.h.BeanNameUrlHandlerMapping      : Rejected bean name 'org.springframework.boot.actuate.autoconfigure.HealthIndicatorAutoConfiguration': no URL paths identified
2017-09-14 22:27:24.283 DEBUG 8168 --- [    Test worker] o.s.w.s.h.BeanNameUrlHandlerMapping      : Rejected bean name 'healthAggregator': no URL paths identified
2017-09-14 22:27:24.283 DEBUG 8168 --- [    Test worker] o.s.w.s.h.BeanNameUrlHandlerMapping      : Rejected bean name 'management.health.status-org.springframework.boot.actuate.autoconfigure.HealthIndicatorProperties': no URL paths identified
2017-09-14 22:27:24.283 DEBUG 8168 --- [    Test worker] o.s.w.s.h.BeanNameUrlHandlerMapping      : Rejected bean name 'org.springframework.boot.actuate.autoconfigure.MetricRepositoryAutoConfiguration$FastMetricServicesConfiguration': no URL paths identified
2017-09-14 22:27:24.283 DEBUG 8168 --- [    Test worker] o.s.w.s.h.BeanNameUrlHandlerMapping      : Rejected bean name 'counterBuffers': no URL paths identified
2017-09-14 22:27:24.283 DEBUG 8168 --- [    Test worker] o.s.w.s.h.BeanNameUrlHandlerMapping      : Rejected bean name 'gaugeBuffers': no URL paths identified
2017-09-14 22:27:24.283 DEBUG 8168 --- [    Test worker] o.s.w.s.h.BeanNameUrlHandlerMapping      : Rejected bean name 'actuatorMetricReader': no URL paths identified
2017-09-14 22:27:24.283 DEBUG 8168 --- [    Test worker] o.s.w.s.h.BeanNameUrlHandlerMapping      : Rejected bean name 'counterService': no URL paths identified
2017-09-14 22:27:24.283 DEBUG 8168 --- [    Test worker] o.s.w.s.h.BeanNameUrlHandlerMapping      : Rejected bean name 'gaugeService': no URL paths identified
2017-09-14 22:27:24.283 DEBUG 8168 --- [    Test worker] o.s.w.s.h.BeanNameUrlHandlerMapping      : Rejected bean name 'org.springframework.boot.actuate.autoconfigure.MetricRepositoryAutoConfiguration': no URL paths identified
2017-09-14 22:27:24.284 DEBUG 8168 --- [    Test worker] o.s.w.s.h.BeanNameUrlHandlerMapping      : Rejected bean name 'org.springframework.boot.actuate.autoconfigure.PublicMetricsAutoConfiguration$TomcatMetricsConfiguration': no URL paths identified
2017-09-14 22:27:24.284 DEBUG 8168 --- [    Test worker] o.s.w.s.h.BeanNameUrlHandlerMapping      : Rejected bean name 'tomcatPublicMetrics': no URL paths identified
2017-09-14 22:27:24.284 DEBUG 8168 --- [    Test worker] o.s.w.s.h.BeanNameUrlHandlerMapping      : Rejected bean name 'org.springframework.boot.actuate.autoconfigure.PublicMetricsAutoConfiguration$DataSourceMetricsConfiguration': no URL paths identified
2017-09-14 22:27:24.284 DEBUG 8168 --- [    Test worker] o.s.w.s.h.BeanNameUrlHandlerMapping      : Rejected bean name 'dataSourcePublicMetrics': no URL paths identified
2017-09-14 22:27:24.284 DEBUG 8168 --- [    Test worker] o.s.w.s.h.BeanNameUrlHandlerMapping      : Rejected bean name 'org.springframework.boot.actuate.autoconfigure.PublicMetricsAutoConfiguration': no URL paths identified
2017-09-14 22:27:24.284 DEBUG 8168 --- [    Test worker] o.s.w.s.h.BeanNameUrlHandlerMapping      : Rejected bean name 'systemPublicMetrics': no URL paths identified
2017-09-14 22:27:24.284 DEBUG 8168 --- [    Test worker] o.s.w.s.h.BeanNameUrlHandlerMapping      : Rejected bean name 'metricReaderPublicMetrics': no URL paths identified
2017-09-14 22:27:24.284 DEBUG 8168 --- [    Test worker] o.s.w.s.h.BeanNameUrlHandlerMapping      : Rejected bean name 'org.springframework.boot.actuate.autoconfigure.EndpointAutoConfiguration$RequestMappingEndpointConfiguration': no URL paths identified
2017-09-14 22:27:24.284 DEBUG 8168 --- [    Test worker] o.s.w.s.h.BeanNameUrlHandlerMapping      : Rejected bean name 'requestMappingEndpoint': no URL paths identified
2017-09-14 22:27:24.284 DEBUG 8168 --- [    Test worker] o.s.w.s.h.BeanNameUrlHandlerMapping      : Rejected bean name 'org.springframework.boot.actuate.autoconfigure.EndpointAutoConfiguration': no URL paths identified
2017-09-14 22:27:24.284 DEBUG 8168 --- [    Test worker] o.s.w.s.h.BeanNameUrlHandlerMapping      : Rejected bean name 'environmentEndpoint': no URL paths identified
2017-09-14 22:27:24.284 DEBUG 8168 --- [    Test worker] o.s.w.s.h.BeanNameUrlHandlerMapping      : Rejected bean name 'healthEndpoint': no URL paths identified
2017-09-14 22:27:24.284 DEBUG 8168 --- [    Test worker] o.s.w.s.h.BeanNameUrlHandlerMapping      : Rejected bean name 'beansEndpoint': no URL paths identified
2017-09-14 22:27:24.284 DEBUG 8168 --- [    Test worker] o.s.w.s.h.BeanNameUrlHandlerMapping      : Rejected bean name 'infoEndpoint': no URL paths identified
2017-09-14 22:27:24.284 DEBUG 8168 --- [    Test worker] o.s.w.s.h.BeanNameUrlHandlerMapping      : Rejected bean name 'loggersEndpoint': no URL paths identified
2017-09-14 22:27:24.284 DEBUG 8168 --- [    Test worker] o.s.w.s.h.BeanNameUrlHandlerMapping      : Rejected bean name 'metricsEndpoint': no URL paths identified
2017-09-14 22:27:24.284 DEBUG 8168 --- [    Test worker] o.s.w.s.h.BeanNameUrlHandlerMapping      : Rejected bean name 'traceEndpoint': no URL paths identified
2017-09-14 22:27:24.284 DEBUG 8168 --- [    Test worker] o.s.w.s.h.BeanNameUrlHandlerMapping      : Rejected bean name 'dumpEndpoint': no URL paths identified
2017-09-14 22:27:24.284 DEBUG 8168 --- [    Test worker] o.s.w.s.h.BeanNameUrlHandlerMapping      : Rejected bean name 'autoConfigurationReportEndpoint': no URL paths identified
2017-09-14 22:27:24.284 DEBUG 8168 --- [    Test worker] o.s.w.s.h.BeanNameUrlHandlerMapping      : Rejected bean name 'shutdownEndpoint': no URL paths identified
2017-09-14 22:27:24.284 DEBUG 8168 --- [    Test worker] o.s.w.s.h.BeanNameUrlHandlerMapping      : Rejected bean name 'configurationPropertiesReportEndpoint': no URL paths identified
2017-09-14 22:27:24.284 DEBUG 8168 --- [    Test worker] o.s.w.s.h.BeanNameUrlHandlerMapping      : Rejected bean name 'endpoints-org.springframework.boot.actuate.endpoint.EndpointProperties': no URL paths identified
2017-09-14 22:27:24.285 DEBUG 8168 --- [    Test worker] o.s.w.s.h.BeanNameUrlHandlerMapping      : Rejected bean name 'org.springframework.boot.autoconfigure.web.ServerPropertiesAutoConfiguration': no URL paths identified
2017-09-14 22:27:24.285 DEBUG 8168 --- [    Test worker] o.s.w.s.h.BeanNameUrlHandlerMapping      : Rejected bean name 'serverProperties': no URL paths identified
2017-09-14 22:27:24.285 DEBUG 8168 --- [    Test worker] o.s.w.s.h.BeanNameUrlHandlerMapping      : Rejected bean name 'duplicateServerPropertiesDetector': no URL paths identified
2017-09-14 22:27:24.285 DEBUG 8168 --- [    Test worker] o.s.w.s.h.BeanNameUrlHandlerMapping      : Rejected bean name 'org.springframework.boot.actuate.autoconfigure.ManagementServerPropertiesAutoConfiguration': no URL paths identified
2017-09-14 22:27:24.285 DEBUG 8168 --- [    Test worker] o.s.w.s.h.BeanNameUrlHandlerMapping      : Rejected bean name 'managementServerProperties': no URL paths identified
2017-09-14 22:27:24.285 DEBUG 8168 --- [    Test worker] o.s.w.s.h.BeanNameUrlHandlerMapping      : Rejected bean name 'org.springframework.boot.autoconfigure.web.HttpMessageConvertersAutoConfiguration$StringHttpMessageConverterConfiguration': no URL paths identified
2017-09-14 22:27:24.285 DEBUG 8168 --- [    Test worker] o.s.w.s.h.BeanNameUrlHandlerMapping      : Rejected bean name 'stringHttpMessageConverter': no URL paths identified
2017-09-14 22:27:24.285 DEBUG 8168 --- [    Test worker] o.s.w.s.h.BeanNameUrlHandlerMapping      : Rejected bean name 'spring.http.encoding-org.springframework.boot.autoconfigure.web.HttpEncodingProperties': no URL paths identified
2017-09-14 22:27:24.285 DEBUG 8168 --- [    Test worker] o.s.w.s.h.BeanNameUrlHandlerMapping      : Rejected bean name 'org.springframework.boot.autoconfigure.web.JacksonHttpMessageConvertersConfiguration$MappingJackson2HttpMessageConverterConfiguration': no URL paths identified
2017-09-14 22:27:24.285 DEBUG 8168 --- [    Test worker] o.s.w.s.h.BeanNameUrlHandlerMapping      : Rejected bean name 'mappingJackson2HttpMessageConverter': no URL paths identified
2017-09-14 22:27:24.285 DEBUG 8168 --- [    Test worker] o.s.w.s.h.BeanNameUrlHandlerMapping      : Rejected bean name 'org.springframework.boot.autoconfigure.web.JacksonHttpMessageConvertersConfiguration': no URL paths identified
2017-09-14 22:27:24.285 DEBUG 8168 --- [    Test worker] o.s.w.s.h.BeanNameUrlHandlerMapping      : Rejected bean name 'org.springframework.boot.autoconfigure.web.HttpMessageConvertersAutoConfiguration': no URL paths identified
2017-09-14 22:27:24.285 DEBUG 8168 --- [    Test worker] o.s.w.s.h.BeanNameUrlHandlerMapping      : Rejected bean name 'messageConverters': no URL paths identified
2017-09-14 22:27:24.285 DEBUG 8168 --- [    Test worker] o.s.w.s.h.BeanNameUrlHandlerMapping      : Rejected bean name 'org.springframework.boot.actuate.autoconfigure.EndpointWebMvcManagementContextConfiguration': no URL paths identified
2017-09-14 22:27:24.285 DEBUG 8168 --- [    Test worker] o.s.w.s.h.BeanNameUrlHandlerMapping      : Rejected bean name 'endpointHandlerMapping': no URL paths identified
2017-09-14 22:27:24.285 DEBUG 8168 --- [    Test worker] o.s.w.s.h.BeanNameUrlHandlerMapping      : Rejected bean name 'mvcEndpoints': no URL paths identified
2017-09-14 22:27:24.285 DEBUG 8168 --- [    Test worker] o.s.w.s.h.BeanNameUrlHandlerMapping      : Rejected bean name 'environmentMvcEndpoint': no URL paths identified
2017-09-14 22:27:24.285 DEBUG 8168 --- [    Test worker] o.s.w.s.h.BeanNameUrlHandlerMapping      : Rejected bean name 'heapdumpMvcEndpoint': no URL paths identified
2017-09-14 22:27:24.285 DEBUG 8168 --- [    Test worker] o.s.w.s.h.BeanNameUrlHandlerMapping      : Rejected bean name 'healthMvcEndpoint': no URL paths identified
2017-09-14 22:27:24.285 DEBUG 8168 --- [    Test worker] o.s.w.s.h.BeanNameUrlHandlerMapping      : Rejected bean name 'loggersMvcEndpoint': no URL paths identified
2017-09-14 22:27:24.286 DEBUG 8168 --- [    Test worker] o.s.w.s.h.BeanNameUrlHandlerMapping      : Rejected bean name 'metricsMvcEndpoint': no URL paths identified
2017-09-14 22:27:24.286 DEBUG 8168 --- [    Test worker] o.s.w.s.h.BeanNameUrlHandlerMapping      : Rejected bean name 'auditEventMvcEndpoint': no URL paths identified
2017-09-14 22:27:24.286 DEBUG 8168 --- [    Test worker] o.s.w.s.h.BeanNameUrlHandlerMapping      : Rejected bean name 'endpoints.health-org.springframework.boot.actuate.autoconfigure.HealthMvcEndpointProperties': no URL paths identified
2017-09-14 22:27:24.286 DEBUG 8168 --- [    Test worker] o.s.w.s.h.BeanNameUrlHandlerMapping      : Rejected bean name 'endpoints.cors-org.springframework.boot.actuate.autoconfigure.EndpointCorsProperties': no URL paths identified
2017-09-14 22:27:24.286 DEBUG 8168 --- [    Test worker] o.s.w.s.h.BeanNameUrlHandlerMapping      : Rejected bean name 'org.springframework.boot.actuate.autoconfigure.EndpointWebMvcAutoConfiguration$EndpointWebMvcConfiguration': no URL paths identified
2017-09-14 22:27:24.286 DEBUG 8168 --- [    Test worker] o.s.w.s.h.BeanNameUrlHandlerMapping      : Rejected bean name 'org.springframework.boot.actuate.autoconfigure.EndpointWebMvcAutoConfiguration$ApplicationContextFilterConfiguration': no URL paths identified
2017-09-14 22:27:24.286 DEBUG 8168 --- [    Test worker] o.s.w.s.h.BeanNameUrlHandlerMapping      : Rejected bean name 'applicationContextIdFilter': no URL paths identified
2017-09-14 22:27:24.286 DEBUG 8168 --- [    Test worker] o.s.w.s.h.BeanNameUrlHandlerMapping      : Rejected bean name 'org.springframework.boot.actuate.autoconfigure.EndpointWebMvcAutoConfiguration': no URL paths identified
2017-09-14 22:27:24.286 DEBUG 8168 --- [    Test worker] o.s.w.s.h.BeanNameUrlHandlerMapping      : Rejected bean name 'managementContextResolver': no URL paths identified
2017-09-14 22:27:24.286 DEBUG 8168 --- [    Test worker] o.s.w.s.h.BeanNameUrlHandlerMapping      : Rejected bean name 'managementServletContext': no URL paths identified
2017-09-14 22:27:24.286 DEBUG 8168 --- [    Test worker] o.s.w.s.h.BeanNameUrlHandlerMapping      : Rejected bean name 'org.springframework.boot.actuate.autoconfigure.MetricExportAutoConfiguration$MetricExportPropertiesConfiguration': no URL paths identified
2017-09-14 22:27:24.286 DEBUG 8168 --- [    Test worker] o.s.w.s.h.BeanNameUrlHandlerMapping      : Rejected bean name 'spring.metrics.export-org.springframework.boot.actuate.metrics.export.MetricExportProperties': no URL paths identified
2017-09-14 22:27:24.286 DEBUG 8168 --- [    Test worker] o.s.w.s.h.BeanNameUrlHandlerMapping      : Rejected bean name 'org.springframework.boot.actuate.autoconfigure.MetricExportAutoConfiguration$StatsdConfiguration': no URL paths identified
2017-09-14 22:27:24.286 DEBUG 8168 --- [    Test worker] o.s.w.s.h.BeanNameUrlHandlerMapping      : Rejected bean name 'org.springframework.scheduling.annotation.SchedulingConfiguration': no URL paths identified
2017-09-14 22:27:24.286 DEBUG 8168 --- [    Test worker] o.s.w.s.h.BeanNameUrlHandlerMapping      : Rejected bean name 'org.springframework.context.annotation.internalScheduledAnnotationProcessor': no URL paths identified
2017-09-14 22:27:24.286 DEBUG 8168 --- [    Test worker] o.s.w.s.h.BeanNameUrlHandlerMapping      : Rejected bean name 'org.springframework.boot.actuate.autoconfigure.MetricExportAutoConfiguration': no URL paths identified
2017-09-14 22:27:24.286 DEBUG 8168 --- [    Test worker] o.s.w.s.h.BeanNameUrlHandlerMapping      : Rejected bean name 'metricWritersMetricExporter': no URL paths identified
2017-09-14 22:27:24.286 DEBUG 8168 --- [    Test worker] o.s.w.s.h.BeanNameUrlHandlerMapping      : Rejected bean name 'org.springframework.boot.actuate.autoconfigure.MetricFilterAutoConfiguration': no URL paths identified
2017-09-14 22:27:24.286 DEBUG 8168 --- [    Test worker] o.s.w.s.h.BeanNameUrlHandlerMapping      : Rejected bean name 'metricsFilter': no URL paths identified
2017-09-14 22:27:24.286 DEBUG 8168 --- [    Test worker] o.s.w.s.h.BeanNameUrlHandlerMapping      : Rejected bean name 'endpoints.metrics.filter-org.springframework.boot.actuate.autoconfigure.MetricFilterProperties': no URL paths identified
2017-09-14 22:27:24.286 DEBUG 8168 --- [    Test worker] o.s.w.s.h.BeanNameUrlHandlerMapping      : Rejected bean name 'org.springframework.boot.actuate.autoconfigure.TraceRepositoryAutoConfiguration': no URL paths identified
2017-09-14 22:27:24.287 DEBUG 8168 --- [    Test worker] o.s.w.s.h.BeanNameUrlHandlerMapping      : Rejected bean name 'traceRepository': no URL paths identified
2017-09-14 22:27:24.287 DEBUG 8168 --- [    Test worker] o.s.w.s.h.BeanNameUrlHandlerMapping      : Rejected bean name 'org.springframework.boot.actuate.autoconfigure.TraceWebFilterAutoConfiguration': no URL paths identified
2017-09-14 22:27:24.287 DEBUG 8168 --- [    Test worker] o.s.w.s.h.BeanNameUrlHandlerMapping      : Rejected bean name 'webRequestLoggingFilter': no URL paths identified
2017-09-14 22:27:24.287 DEBUG 8168 --- [    Test worker] o.s.w.s.h.BeanNameUrlHandlerMapping      : Rejected bean name 'management.trace-org.springframework.boot.actuate.trace.TraceProperties': no URL paths identified
2017-09-14 22:27:24.287 DEBUG 8168 --- [    Test worker] o.s.w.s.h.BeanNameUrlHandlerMapping      : Rejected bean name 'org.springframework.boot.autoconfigure.aop.AopAutoConfiguration$JdkDynamicAutoProxyConfiguration': no URL paths identified
2017-09-14 22:27:24.287 DEBUG 8168 --- [    Test worker] o.s.w.s.h.BeanNameUrlHandlerMapping      : Rejected bean name 'org.springframework.aop.config.internalAutoProxyCreator': no URL paths identified
2017-09-14 22:27:24.287 DEBUG 8168 --- [    Test worker] o.s.w.s.h.BeanNameUrlHandlerMapping      : Rejected bean name 'org.springframework.boot.autoconfigure.aop.AopAutoConfiguration': no URL paths identified
2017-09-14 22:27:24.287 DEBUG 8168 --- [    Test worker] o.s.w.s.h.BeanNameUrlHandlerMapping      : Rejected bean name 'org.springframework.boot.autoconfigure.context.ConfigurationPropertiesAutoConfiguration': no URL paths identified
2017-09-14 22:27:24.287 DEBUG 8168 --- [    Test worker] o.s.w.s.h.BeanNameUrlHandlerMapping      : Rejected bean name 'org.springframework.boot.autoconfigure.dao.PersistenceExceptionTranslationAutoConfiguration': no URL paths identified
2017-09-14 22:27:24.287 DEBUG 8168 --- [    Test worker] o.s.w.s.h.BeanNameUrlHandlerMapping      : Rejected bean name 'persistenceExceptionTranslationPostProcessor': no URL paths identified
2017-09-14 22:27:24.287 DEBUG 8168 --- [    Test worker] o.s.w.s.h.BeanNameUrlHandlerMapping      : Rejected bean name 'org.springframework.boot.autoconfigure.data.jpa.JpaRepositoriesAutoConfiguration': no URL paths identified
2017-09-14 22:27:24.287 DEBUG 8168 --- [    Test worker] o.s.w.s.h.BeanNameUrlHandlerMapping      : Rejected bean name 'emBeanDefinitionRegistrarPostProcessor': no URL paths identified
2017-09-14 22:27:24.287 DEBUG 8168 --- [    Test worker] o.s.w.s.h.BeanNameUrlHandlerMapping      : Rejected bean name 'jpaMappingContext': no URL paths identified
2017-09-14 22:27:24.287 DEBUG 8168 --- [    Test worker] o.s.w.s.h.BeanNameUrlHandlerMapping      : Rejected bean name 'jpaContext': no URL paths identified
2017-09-14 22:27:24.287 DEBUG 8168 --- [    Test worker] o.s.w.s.h.BeanNameUrlHandlerMapping      : Rejected bean name 'schedulePresenceWindowRepository': no URL paths identified
2017-09-14 22:27:24.287 DEBUG 8168 --- [    Test worker] o.s.w.s.h.BeanNameUrlHandlerMapping      : Rejected bean name 'roleRepository': no URL paths identified
2017-09-14 22:27:24.287 DEBUG 8168 --- [    Test worker] o.s.w.s.h.BeanNameUrlHandlerMapping      : Rejected bean name 'scheduleRepository': no URL paths identified
2017-09-14 22:27:24.287 DEBUG 8168 --- [    Test worker] o.s.w.s.h.BeanNameUrlHandlerMapping      : Rejected bean name 'presenceRepository': no URL paths identified
2017-09-14 22:27:24.287 DEBUG 8168 --- [    Test worker] o.s.w.s.h.BeanNameUrlHandlerMapping      : Rejected bean name 'subjectUserRepository': no URL paths identified
2017-09-14 22:27:24.287 DEBUG 8168 --- [    Test worker] o.s.w.s.h.BeanNameUrlHandlerMapping      : Rejected bean name 'subjectRepository': no URL paths identified
2017-09-14 22:27:24.287 DEBUG 8168 --- [    Test worker] o.s.w.s.h.BeanNameUrlHandlerMapping      : Rejected bean name 'userRepository': no URL paths identified
2017-09-14 22:27:24.287 DEBUG 8168 --- [    Test worker] o.s.w.s.h.BeanNameUrlHandlerMapping      : Rejected bean name 'org.springframework.transaction.annotation.ProxyTransactionManagementConfiguration': no URL paths identified
2017-09-14 22:27:24.288 DEBUG 8168 --- [    Test worker] o.s.w.s.h.BeanNameUrlHandlerMapping      : Rejected bean name 'org.springframework.transaction.config.internalTransactionAdvisor': no URL paths identified
2017-09-14 22:27:24.288 DEBUG 8168 --- [    Test worker] o.s.w.s.h.BeanNameUrlHandlerMapping      : Rejected bean name 'transactionAttributeSource': no URL paths identified
2017-09-14 22:27:24.288 DEBUG 8168 --- [    Test worker] o.s.w.s.h.BeanNameUrlHandlerMapping      : Rejected bean name 'transactionInterceptor': no URL paths identified
2017-09-14 22:27:24.288 DEBUG 8168 --- [    Test worker] o.s.w.s.h.BeanNameUrlHandlerMapping      : Rejected bean name 'org.springframework.transaction.config.internalTransactionalEventListenerFactory': no URL paths identified
2017-09-14 22:27:24.288 DEBUG 8168 --- [    Test worker] o.s.w.s.h.BeanNameUrlHandlerMapping      : Rejected bean name 'org.springframework.boot.autoconfigure.jdbc.DataSourceTransactionManagerAutoConfiguration$TransactionManagementConfiguration': no URL paths identified
2017-09-14 22:27:24.288 DEBUG 8168 --- [    Test worker] o.s.w.s.h.BeanNameUrlHandlerMapping      : Rejected bean name 'org.springframework.boot.autoconfigure.jdbc.DataSourceTransactionManagerAutoConfiguration$DataSourceTransactionManagerConfiguration': no URL paths identified
2017-09-14 22:27:24.288 DEBUG 8168 --- [    Test worker] o.s.w.s.h.BeanNameUrlHandlerMapping      : Rejected bean name 'org.springframework.boot.autoconfigure.jdbc.DataSourceTransactionManagerAutoConfiguration': no URL paths identified
2017-09-14 22:27:24.288 DEBUG 8168 --- [    Test worker] o.s.w.s.h.BeanNameUrlHandlerMapping      : Rejected bean name 'org.springframework.boot.autoconfigure.transaction.TransactionAutoConfiguration$TransactionTemplateConfiguration': no URL paths identified
2017-09-14 22:27:24.288 DEBUG 8168 --- [    Test worker] o.s.w.s.h.BeanNameUrlHandlerMapping      : Rejected bean name 'transactionTemplate': no URL paths identified
2017-09-14 22:27:24.288 DEBUG 8168 --- [    Test worker] o.s.w.s.h.BeanNameUrlHandlerMapping      : Rejected bean name 'org.springframework.boot.autoconfigure.transaction.TransactionAutoConfiguration': no URL paths identified
2017-09-14 22:27:24.288 DEBUG 8168 --- [    Test worker] o.s.w.s.h.BeanNameUrlHandlerMapping      : Rejected bean name 'platformTransactionManagerCustomizers': no URL paths identified
2017-09-14 22:27:24.288 DEBUG 8168 --- [    Test worker] o.s.w.s.h.BeanNameUrlHandlerMapping      : Rejected bean name 'spring.transaction-org.springframework.boot.autoconfigure.transaction.TransactionProperties': no URL paths identified
2017-09-14 22:27:24.288 DEBUG 8168 --- [    Test worker] o.s.w.s.h.BeanNameUrlHandlerMapping      : Rejected bean name 'org.springframework.data.web.config.SpringDataWebConfiguration': no URL paths identified
2017-09-14 22:27:24.288 DEBUG 8168 --- [    Test worker] o.s.w.s.h.BeanNameUrlHandlerMapping      : Rejected bean name 'pageableResolver': no URL paths identified
2017-09-14 22:27:24.288 DEBUG 8168 --- [    Test worker] o.s.w.s.h.BeanNameUrlHandlerMapping      : Rejected bean name 'sortResolver': no URL paths identified
2017-09-14 22:27:24.288 DEBUG 8168 --- [    Test worker] o.s.w.s.h.BeanNameUrlHandlerMapping      : Rejected bean name 'org.springframework.data.web.config.SpringDataJacksonConfiguration': no URL paths identified
2017-09-14 22:27:24.288 DEBUG 8168 --- [    Test worker] o.s.w.s.h.BeanNameUrlHandlerMapping      : Rejected bean name 'jacksonGeoModule': no URL paths identified
2017-09-14 22:27:24.288 DEBUG 8168 --- [    Test worker] o.s.w.s.h.BeanNameUrlHandlerMapping      : Rejected bean name 'org.springframework.boot.autoconfigure.data.web.SpringDataWebAutoConfiguration': no URL paths identified
2017-09-14 22:27:24.288 DEBUG 8168 --- [    Test worker] o.s.w.s.h.BeanNameUrlHandlerMapping      : Rejected bean name 'org.springframework.boot.autoconfigure.jdbc.JdbcTemplateAutoConfiguration': no URL paths identified
2017-09-14 22:27:24.288 DEBUG 8168 --- [    Test worker] o.s.w.s.h.BeanNameUrlHandlerMapping      : Rejected bean name 'jdbcTemplate': no URL paths identified
2017-09-14 22:27:24.288 DEBUG 8168 --- [    Test worker] o.s.w.s.h.BeanNameUrlHandlerMapping      : Rejected bean name 'namedParameterJdbcTemplate': no URL paths identified
2017-09-14 22:27:24.288 DEBUG 8168 --- [    Test worker] o.s.w.s.h.BeanNameUrlHandlerMapping      : Rejected bean name 'org.springframework.boot.autoconfigure.security.SecurityFilterAutoConfiguration': no URL paths identified
2017-09-14 22:27:24.288 DEBUG 8168 --- [    Test worker] o.s.w.s.h.BeanNameUrlHandlerMapping      : Rejected bean name 'securityFilterChainRegistration': no URL paths identified
2017-09-14 22:27:24.288 DEBUG 8168 --- [    Test worker] o.s.w.s.h.BeanNameUrlHandlerMapping      : Rejected bean name 'org.springframework.boot.autoconfigure.web.HttpEncodingAutoConfiguration': no URL paths identified
2017-09-14 22:27:24.288 DEBUG 8168 --- [    Test worker] o.s.w.s.h.BeanNameUrlHandlerMapping      : Rejected bean name 'characterEncodingFilter': no URL paths identified
2017-09-14 22:27:24.289 DEBUG 8168 --- [    Test worker] o.s.w.s.h.BeanNameUrlHandlerMapping      : Rejected bean name 'localeCharsetMappingsCustomizer': no URL paths identified
2017-09-14 22:27:24.289 DEBUG 8168 --- [    Test worker] o.s.w.s.h.BeanNameUrlHandlerMapping      : Rejected bean name 'org.springframework.boot.autoconfigure.web.MultipartAutoConfiguration': no URL paths identified
2017-09-14 22:27:24.289 DEBUG 8168 --- [    Test worker] o.s.w.s.h.BeanNameUrlHandlerMapping      : Rejected bean name 'multipartConfigElement': no URL paths identified
2017-09-14 22:27:24.289 DEBUG 8168 --- [    Test worker] o.s.w.s.h.BeanNameUrlHandlerMapping      : Rejected bean name 'multipartResolver': no URL paths identified
2017-09-14 22:27:24.289 DEBUG 8168 --- [    Test worker] o.s.w.s.h.BeanNameUrlHandlerMapping      : Rejected bean name 'spring.http.multipart-org.springframework.boot.autoconfigure.web.MultipartProperties': no URL paths identified
2017-09-14 22:27:24.289 DEBUG 8168 --- [    Test worker] o.s.w.s.h.BeanNameUrlHandlerMapping      : Rejected bean name 'org.springframework.boot.autoconfigure.web.WebClientAutoConfiguration$RestTemplateConfiguration': no URL paths identified
2017-09-14 22:27:24.289 DEBUG 8168 --- [    Test worker] o.s.w.s.h.BeanNameUrlHandlerMapping      : Rejected bean name 'restTemplateBuilder': no URL paths identified
2017-09-14 22:27:24.289 DEBUG 8168 --- [    Test worker] o.s.w.s.h.BeanNameUrlHandlerMapping      : Rejected bean name 'org.springframework.boot.autoconfigure.web.WebClientAutoConfiguration': no URL paths identified
2017-09-14 22:27:24.289 DEBUG 8168 --- [    Test worker] o.s.w.s.h.BeanNameUrlHandlerMapping      : Rejected bean name 'org.springframework.orm.jpa.SharedEntityManagerCreator#0': no URL paths identified
2017-09-14 22:27:24.289 DEBUG 8168 --- [    Test worker] o.s.w.s.h.BeanNameUrlHandlerMapping      : Rejected bean name 'autoConfigurationReport': no URL paths identified
2017-09-14 22:27:24.289 DEBUG 8168 --- [    Test worker] o.s.w.s.h.BeanNameUrlHandlerMapping      : Rejected bean name 'org.springframework.boot.test.context.filter.TestTypeExcludeFilter': no URL paths identified
2017-09-14 22:27:24.289 DEBUG 8168 --- [    Test worker] o.s.w.s.h.BeanNameUrlHandlerMapping      : Rejected bean name 'org.springframework.boot.test.autoconfigure.properties.PropertyMappingContextCustomizer$PropertyMappingCheckBeanPostProcessor': no URL paths identified
2017-09-14 22:27:24.289 DEBUG 8168 --- [    Test worker] o.s.w.s.h.BeanNameUrlHandlerMapping      : Rejected bean name 'springApplicationArguments': no URL paths identified
2017-09-14 22:27:24.289 DEBUG 8168 --- [    Test worker] o.s.w.s.h.BeanNameUrlHandlerMapping      : Rejected bean name 'springBootBanner': no URL paths identified
2017-09-14 22:27:24.289 DEBUG 8168 --- [    Test worker] o.s.w.s.h.BeanNameUrlHandlerMapping      : Rejected bean name 'springBootLoggingSystem': no URL paths identified
2017-09-14 22:27:24.289 DEBUG 8168 --- [    Test worker] o.s.w.s.h.BeanNameUrlHandlerMapping      : Rejected bean name 'environment': no URL paths identified
2017-09-14 22:27:24.289 DEBUG 8168 --- [    Test worker] o.s.w.s.h.BeanNameUrlHandlerMapping      : Rejected bean name 'systemProperties': no URL paths identified
2017-09-14 22:27:24.289 DEBUG 8168 --- [    Test worker] o.s.w.s.h.BeanNameUrlHandlerMapping      : Rejected bean name 'systemEnvironment': no URL paths identified
2017-09-14 22:27:24.289 DEBUG 8168 --- [    Test worker] o.s.w.s.h.BeanNameUrlHandlerMapping      : Rejected bean name 'servletContext': no URL paths identified
2017-09-14 22:27:24.289 DEBUG 8168 --- [    Test worker] o.s.w.s.h.BeanNameUrlHandlerMapping      : Rejected bean name 'contextParameters': no URL paths identified
2017-09-14 22:27:24.289 DEBUG 8168 --- [    Test worker] o.s.w.s.h.BeanNameUrlHandlerMapping      : Rejected bean name 'contextAttributes': no URL paths identified
2017-09-14 22:27:24.290 DEBUG 8168 --- [    Test worker] o.s.w.s.h.BeanNameUrlHandlerMapping      : Rejected bean name 'org.springframework.context.annotation.ConfigurationClassPostProcessor.importRegistry': no URL paths identified
2017-09-14 22:27:24.290 DEBUG 8168 --- [    Test worker] o.s.w.s.h.BeanNameUrlHandlerMapping      : Rejected bean name 'org.springframework.boot.test.mock.mockito.MockitoBeans': no URL paths identified
2017-09-14 22:27:24.290 DEBUG 8168 --- [    Test worker] o.s.w.s.h.BeanNameUrlHandlerMapping      : Rejected bean name 'messageSource': no URL paths identified
2017-09-14 22:27:24.290 DEBUG 8168 --- [    Test worker] o.s.w.s.h.BeanNameUrlHandlerMapping      : Rejected bean name 'applicationEventMulticaster': no URL paths identified
2017-09-14 22:27:24.349  INFO 8168 --- [    Test worker] o.s.w.s.handler.SimpleUrlHandlerMapping  : Mapped URL path [/webjars/**] onto handler of type [class org.springframework.web.servlet.resource.ResourceHttpRequestHandler]
2017-09-14 22:27:24.349  INFO 8168 --- [    Test worker] o.s.w.s.handler.SimpleUrlHandlerMapping  : Mapped URL path [/**] onto handler of type [class org.springframework.web.servlet.resource.ResourceHttpRequestHandler]
2017-09-14 22:27:24.412 DEBUG 8168 --- [    Test worker] .m.m.a.ExceptionHandlerExceptionResolver : Looking for exception mappings: org.springframework.web.context.support.GenericWebApplicationContext@629a1522: startup date [Thu Sep 14 22:27:00 CEST 2017]; root of context hierarchy
2017-09-14 22:27:24.539  INFO 8168 --- [    Test worker] o.s.w.s.handler.SimpleUrlHandlerMapping  : Mapped URL path [/**/favicon.ico] onto handler of type [class org.springframework.web.servlet.resource.ResourceHttpRequestHandler]
2017-09-14 22:27:24.684 DEBUG 8168 --- [    Test worker] o.s.w.c.s.StandardServletEnvironment     : Adding [servletConfigInitParams] PropertySource with lowest search precedence
2017-09-14 22:27:24.684 DEBUG 8168 --- [    Test worker] o.s.w.c.s.StandardServletEnvironment     : Adding [servletContextInitParams] PropertySource with lowest search precedence
2017-09-14 22:27:24.684 DEBUG 8168 --- [    Test worker] o.s.w.c.s.StandardServletEnvironment     : Adding [systemProperties] PropertySource with lowest search precedence
2017-09-14 22:27:24.686 DEBUG 8168 --- [    Test worker] o.s.w.c.s.StandardServletEnvironment     : Adding [systemEnvironment] PropertySource with lowest search precedence
2017-09-14 22:27:24.686 DEBUG 8168 --- [    Test worker] o.s.w.c.s.StandardServletEnvironment     : Initialized StandardServletEnvironment with PropertySources [servletConfigInitParams,servletContextInitParams,systemProperties,systemEnvironment]
2017-09-14 22:27:24.723 DEBUG 8168 --- [    Test worker] o.s.w.c.s.StandardServletEnvironment     : Adding [servletConfigInitParams] PropertySource with lowest search precedence
2017-09-14 22:27:24.723 DEBUG 8168 --- [    Test worker] o.s.w.c.s.StandardServletEnvironment     : Adding [servletContextInitParams] PropertySource with lowest search precedence
2017-09-14 22:27:24.724 DEBUG 8168 --- [    Test worker] o.s.w.c.s.StandardServletEnvironment     : Adding [systemProperties] PropertySource with lowest search precedence
2017-09-14 22:27:24.724 DEBUG 8168 --- [    Test worker] o.s.w.c.s.StandardServletEnvironment     : Adding [systemEnvironment] PropertySource with lowest search precedence
2017-09-14 22:27:24.724 DEBUG 8168 --- [    Test worker] o.s.w.c.s.StandardServletEnvironment     : Initialized StandardServletEnvironment with PropertySources [servletConfigInitParams,servletContextInitParams,systemProperties,systemEnvironment]
2017-09-14 22:27:24.749 DEBUG 8168 --- [    Test worker] o.s.w.c.s.StandardServletEnvironment     : Adding [servletConfigInitParams] PropertySource with lowest search precedence
2017-09-14 22:27:24.749 DEBUG 8168 --- [    Test worker] o.s.w.c.s.StandardServletEnvironment     : Adding [servletContextInitParams] PropertySource with lowest search precedence
2017-09-14 22:27:24.749 DEBUG 8168 --- [    Test worker] o.s.w.c.s.StandardServletEnvironment     : Adding [systemProperties] PropertySource with lowest search precedence
2017-09-14 22:27:24.749 DEBUG 8168 --- [    Test worker] o.s.w.c.s.StandardServletEnvironment     : Adding [systemEnvironment] PropertySource with lowest search precedence
2017-09-14 22:27:24.750 DEBUG 8168 --- [    Test worker] o.s.w.c.s.StandardServletEnvironment     : Initialized StandardServletEnvironment with PropertySources [servletConfigInitParams,servletContextInitParams,systemProperties,systemEnvironment]
2017-09-14 22:27:25.739  INFO 8168 --- [    Test worker] b.a.s.AuthenticationManagerConfiguration : 

Using default security password: a5a2eb02-5589-49d3-86e4-386f0652b815

2017-09-14 22:27:25.884 DEBUG 8168 --- [    Test worker] o.s.w.c.s.StandardServletEnvironment     : Adding [servletConfigInitParams] PropertySource with lowest search precedence
2017-09-14 22:27:25.884 DEBUG 8168 --- [    Test worker] o.s.w.c.s.StandardServletEnvironment     : Adding [servletContextInitParams] PropertySource with lowest search precedence
2017-09-14 22:27:25.884 DEBUG 8168 --- [    Test worker] o.s.w.c.s.StandardServletEnvironment     : Adding [systemProperties] PropertySource with lowest search precedence
2017-09-14 22:27:25.884 DEBUG 8168 --- [    Test worker] o.s.w.c.s.StandardServletEnvironment     : Adding [systemEnvironment] PropertySource with lowest search precedence
2017-09-14 22:27:25.884 DEBUG 8168 --- [    Test worker] o.s.w.c.s.StandardServletEnvironment     : Initialized StandardServletEnvironment with PropertySources [servletConfigInitParams,servletContextInitParams,systemProperties,systemEnvironment]
2017-09-14 22:27:25.939 DEBUG 8168 --- [    Test worker] o.s.w.c.s.StandardServletEnvironment     : Adding [servletConfigInitParams] PropertySource with lowest search precedence
2017-09-14 22:27:25.941 DEBUG 8168 --- [    Test worker] o.s.w.c.s.StandardServletEnvironment     : Adding [servletContextInitParams] PropertySource with lowest search precedence
2017-09-14 22:27:25.942 DEBUG 8168 --- [    Test worker] o.s.w.c.s.StandardServletEnvironment     : Adding [systemProperties] PropertySource with lowest search precedence
2017-09-14 22:27:25.942 DEBUG 8168 --- [    Test worker] o.s.w.c.s.StandardServletEnvironment     : Adding [systemEnvironment] PropertySource with lowest search precedence
2017-09-14 22:27:25.942 DEBUG 8168 --- [    Test worker] o.s.w.c.s.StandardServletEnvironment     : Initialized StandardServletEnvironment with PropertySources [servletConfigInitParams,servletContextInitParams,systemProperties,systemEnvironment]
2017-09-14 22:27:25.944 DEBUG 8168 --- [    Test worker] o.s.w.c.s.StandardServletEnvironment     : Adding [servletConfigInitParams] PropertySource with lowest search precedence
2017-09-14 22:27:25.944 DEBUG 8168 --- [    Test worker] o.s.w.c.s.StandardServletEnvironment     : Adding [servletContextInitParams] PropertySource with lowest search precedence
2017-09-14 22:27:25.945 DEBUG 8168 --- [    Test worker] o.s.w.c.s.StandardServletEnvironment     : Adding [systemProperties] PropertySource with lowest search precedence
2017-09-14 22:27:25.945 DEBUG 8168 --- [    Test worker] o.s.w.c.s.StandardServletEnvironment     : Adding [systemEnvironment] PropertySource with lowest search precedence
2017-09-14 22:27:25.946 DEBUG 8168 --- [    Test worker] o.s.w.c.s.StandardServletEnvironment     : Initialized StandardServletEnvironment with PropertySources [servletConfigInitParams,servletContextInitParams,systemProperties,systemEnvironment]
2017-09-14 22:27:25.968  INFO 8168 --- [    Test worker] o.s.s.web.DefaultSecurityFilterChain     : Creating filter chain: OrRequestMatcher [requestMatchers=[Ant [pattern='/css/**'], Ant [pattern='/js/**'], Ant [pattern='/images/**'], Ant [pattern='/webjars/**'], Ant [pattern='/**/favicon.ico'], Ant [pattern='/error']]], []
2017-09-14 22:27:25.968  INFO 8168 --- [    Test worker] o.s.s.web.DefaultSecurityFilterChain     : Creating filter chain: org.springframework.boot.actuate.autoconfigure.ManagementWebSecurityAutoConfiguration$LazyEndpointPathRequestMatcher@1aa83207, []
2017-09-14 22:27:26.019 DEBUG 8168 --- [    Test worker] o.s.w.c.s.StandardServletEnvironment     : Adding [servletConfigInitParams] PropertySource with lowest search precedence
2017-09-14 22:27:26.019 DEBUG 8168 --- [    Test worker] o.s.w.c.s.StandardServletEnvironment     : Adding [servletContextInitParams] PropertySource with lowest search precedence
2017-09-14 22:27:26.020 DEBUG 8168 --- [    Test worker] o.s.w.c.s.StandardServletEnvironment     : Adding [systemProperties] PropertySource with lowest search precedence
2017-09-14 22:27:26.020 DEBUG 8168 --- [    Test worker] o.s.w.c.s.StandardServletEnvironment     : Adding [systemEnvironment] PropertySource with lowest search precedence
2017-09-14 22:27:26.020 DEBUG 8168 --- [    Test worker] o.s.w.c.s.StandardServletEnvironment     : Initialized StandardServletEnvironment with PropertySources [servletConfigInitParams,servletContextInitParams,systemProperties,systemEnvironment]
2017-09-14 22:27:26.032 DEBUG 8168 --- [    Test worker] o.s.w.c.s.StandardServletEnvironment     : Adding [servletConfigInitParams] PropertySource with lowest search precedence
2017-09-14 22:27:26.033 DEBUG 8168 --- [    Test worker] o.s.w.c.s.StandardServletEnvironment     : Adding [servletContextInitParams] PropertySource with lowest search precedence
2017-09-14 22:27:26.034 DEBUG 8168 --- [    Test worker] o.s.w.c.s.StandardServletEnvironment     : Adding [systemProperties] PropertySource with lowest search precedence
2017-09-14 22:27:26.035 DEBUG 8168 --- [    Test worker] o.s.w.c.s.StandardServletEnvironment     : Adding [systemEnvironment] PropertySource with lowest search precedence
2017-09-14 22:27:26.035 DEBUG 8168 --- [    Test worker] o.s.w.c.s.StandardServletEnvironment     : Initialized StandardServletEnvironment with PropertySources [servletConfigInitParams,servletContextInitParams,systemProperties,systemEnvironment]
2017-09-14 22:27:26.070 DEBUG 8168 --- [    Test worker] o.s.w.c.s.StandardServletEnvironment     : Adding [servletConfigInitParams] PropertySource with lowest search precedence
2017-09-14 22:27:26.071 DEBUG 8168 --- [    Test worker] o.s.w.c.s.StandardServletEnvironment     : Adding [servletContextInitParams] PropertySource with lowest search precedence
2017-09-14 22:27:26.072 DEBUG 8168 --- [    Test worker] o.s.w.c.s.StandardServletEnvironment     : Adding [systemProperties] PropertySource with lowest search precedence
2017-09-14 22:27:26.072 DEBUG 8168 --- [    Test worker] o.s.w.c.s.StandardServletEnvironment     : Adding [systemEnvironment] PropertySource with lowest search precedence
2017-09-14 22:27:26.072 DEBUG 8168 --- [    Test worker] o.s.w.c.s.StandardServletEnvironment     : Initialized StandardServletEnvironment with PropertySources [servletConfigInitParams,servletContextInitParams,systemProperties,systemEnvironment]
2017-09-14 22:27:26.103 DEBUG 8168 --- [    Test worker] o.s.w.c.s.StandardServletEnvironment     : Adding [servletConfigInitParams] PropertySource with lowest search precedence
2017-09-14 22:27:26.103 DEBUG 8168 --- [    Test worker] o.s.w.c.s.StandardServletEnvironment     : Adding [servletContextInitParams] PropertySource with lowest search precedence
2017-09-14 22:27:26.103 DEBUG 8168 --- [    Test worker] o.s.w.c.s.StandardServletEnvironment     : Adding [systemProperties] PropertySource with lowest search precedence
2017-09-14 22:27:26.103 DEBUG 8168 --- [    Test worker] o.s.w.c.s.StandardServletEnvironment     : Adding [systemEnvironment] PropertySource with lowest search precedence
2017-09-14 22:27:26.103 DEBUG 8168 --- [    Test worker] o.s.w.c.s.StandardServletEnvironment     : Initialized StandardServletEnvironment with PropertySources [servletConfigInitParams,servletContextInitParams,systemProperties,systemEnvironment]
2017-09-14 22:27:26.119 DEBUG 8168 --- [    Test worker] o.s.w.c.s.StandardServletEnvironment     : Adding [servletConfigInitParams] PropertySource with lowest search precedence
2017-09-14 22:27:26.120 DEBUG 8168 --- [    Test worker] o.s.w.c.s.StandardServletEnvironment     : Adding [servletContextInitParams] PropertySource with lowest search precedence
2017-09-14 22:27:26.120 DEBUG 8168 --- [    Test worker] o.s.w.c.s.StandardServletEnvironment     : Adding [systemProperties] PropertySource with lowest search precedence
2017-09-14 22:27:26.121 DEBUG 8168 --- [    Test worker] o.s.w.c.s.StandardServletEnvironment     : Adding [systemEnvironment] PropertySource with lowest search precedence
2017-09-14 22:27:26.121 DEBUG 8168 --- [    Test worker] o.s.w.c.s.StandardServletEnvironment     : Initialized StandardServletEnvironment with PropertySources [servletConfigInitParams,servletContextInitParams,systemProperties,systemEnvironment]
2017-09-14 22:27:26.150 DEBUG 8168 --- [    Test worker] o.s.w.c.s.StandardServletEnvironment     : Adding [servletConfigInitParams] PropertySource with lowest search precedence
2017-09-14 22:27:26.150 DEBUG 8168 --- [    Test worker] o.s.w.c.s.StandardServletEnvironment     : Adding [servletContextInitParams] PropertySource with lowest search precedence
2017-09-14 22:27:26.151 DEBUG 8168 --- [    Test worker] o.s.w.c.s.StandardServletEnvironment     : Adding [systemProperties] PropertySource with lowest search precedence
2017-09-14 22:27:26.151 DEBUG 8168 --- [    Test worker] o.s.w.c.s.StandardServletEnvironment     : Adding [systemEnvironment] PropertySource with lowest search precedence
2017-09-14 22:27:26.151 DEBUG 8168 --- [    Test worker] o.s.w.c.s.StandardServletEnvironment     : Initialized StandardServletEnvironment with PropertySources [servletConfigInitParams,servletContextInitParams,systemProperties,systemEnvironment]
2017-09-14 22:27:26.176 DEBUG 8168 --- [    Test worker] o.s.w.c.s.StandardServletEnvironment     : Adding [servletConfigInitParams] PropertySource with lowest search precedence
2017-09-14 22:27:26.176 DEBUG 8168 --- [    Test worker] o.s.w.c.s.StandardServletEnvironment     : Adding [servletContextInitParams] PropertySource with lowest search precedence
2017-09-14 22:27:26.176 DEBUG 8168 --- [    Test worker] o.s.w.c.s.StandardServletEnvironment     : Adding [systemProperties] PropertySource with lowest search precedence
2017-09-14 22:27:26.176 DEBUG 8168 --- [    Test worker] o.s.w.c.s.StandardServletEnvironment     : Adding [systemEnvironment] PropertySource with lowest search precedence
2017-09-14 22:27:26.177 DEBUG 8168 --- [    Test worker] o.s.w.c.s.StandardServletEnvironment     : Initialized StandardServletEnvironment with PropertySources [servletConfigInitParams,servletContextInitParams,systemProperties,systemEnvironment]
2017-09-14 22:27:26.229 DEBUG 8168 --- [    Test worker] o.s.w.c.s.StandardServletEnvironment     : Adding [servletConfigInitParams] PropertySource with lowest search precedence
2017-09-14 22:27:26.229 DEBUG 8168 --- [    Test worker] o.s.w.c.s.StandardServletEnvironment     : Adding [servletContextInitParams] PropertySource with lowest search precedence
2017-09-14 22:27:26.230 DEBUG 8168 --- [    Test worker] o.s.w.c.s.StandardServletEnvironment     : Adding [systemProperties] PropertySource with lowest search precedence
2017-09-14 22:27:26.230 DEBUG 8168 --- [    Test worker] o.s.w.c.s.StandardServletEnvironment     : Adding [systemEnvironment] PropertySource with lowest search precedence
2017-09-14 22:27:26.230 DEBUG 8168 --- [    Test worker] o.s.w.c.s.StandardServletEnvironment     : Initialized StandardServletEnvironment with PropertySources [servletConfigInitParams,servletContextInitParams,systemProperties,systemEnvironment]
2017-09-14 22:27:26.250  INFO 8168 --- [    Test worker] o.s.s.web.DefaultSecurityFilterChain     : Creating filter chain: org.springframework.boot.autoconfigure.security.SpringBootWebSecurityConfiguration$ApplicationNoWebSecurityConfigurerAdapter$1@4cbdef0d, [org.springframework.security.web.context.request.async.WebAsyncManagerIntegrationFilter@58937fdb, org.springframework.security.web.context.SecurityContextPersistenceFilter@53dc6910, org.springframework.security.web.header.HeaderWriterFilter@6d631f32, org.springframework.security.web.csrf.CsrfFilter@270f4171, org.springframework.security.web.authentication.logout.LogoutFilter@4b8856c4, org.springframework.security.web.savedrequest.RequestCacheAwareFilter@47869c24, org.springframework.security.web.servletapi.SecurityContextHolderAwareRequestFilter@792a81ac, org.springframework.security.web.authentication.AnonymousAuthenticationFilter@51243c7b, org.springframework.security.web.session.SessionManagementFilter@4e007cb0, org.springframework.security.web.access.ExceptionTranslationFilter@246f6961]
2017-09-14 22:27:26.253 DEBUG 8168 --- [    Test worker] o.s.w.c.s.StandardServletEnvironment     : Adding [servletConfigInitParams] PropertySource with lowest search precedence
2017-09-14 22:27:26.253 DEBUG 8168 --- [    Test worker] o.s.w.c.s.StandardServletEnvironment     : Adding [servletContextInitParams] PropertySource with lowest search precedence
2017-09-14 22:27:26.253 DEBUG 8168 --- [    Test worker] o.s.w.c.s.StandardServletEnvironment     : Adding [systemProperties] PropertySource with lowest search precedence
2017-09-14 22:27:26.253 DEBUG 8168 --- [    Test worker] o.s.w.c.s.StandardServletEnvironment     : Adding [systemEnvironment] PropertySource with lowest search precedence
2017-09-14 22:27:26.253 DEBUG 8168 --- [    Test worker] o.s.w.c.s.StandardServletEnvironment     : Initialized StandardServletEnvironment with PropertySources [servletConfigInitParams,servletContextInitParams,systemProperties,systemEnvironment]
2017-09-14 22:27:27.387  INFO 8168 --- [    Test worker] o.s.b.a.e.mvc.EndpointHandlerMapping     : Mapped "{[/env/{name:.*}],methods=[GET],produces=[application/vnd.spring-boot.actuator.v1+json || application/json]}" onto public java.lang.Object org.springframework.boot.actuate.endpoint.mvc.EnvironmentMvcEndpoint.value(java.lang.String)
2017-09-14 22:27:27.387  INFO 8168 --- [    Test worker] o.s.b.a.e.mvc.EndpointHandlerMapping     : Mapped "{[/env || /env.json],methods=[GET],produces=[application/vnd.spring-boot.actuator.v1+json || application/json]}" onto public java.lang.Object org.springframework.boot.actuate.endpoint.mvc.EndpointMvcAdapter.invoke()
2017-09-14 22:27:27.388  INFO 8168 --- [    Test worker] o.s.b.a.e.mvc.EndpointHandlerMapping     : Mapped "{[/trace || /trace.json],methods=[GET],produces=[application/vnd.spring-boot.actuator.v1+json || application/json]}" onto public java.lang.Object org.springframework.boot.actuate.endpoint.mvc.EndpointMvcAdapter.invoke()
2017-09-14 22:27:27.390  INFO 8168 --- [    Test worker] o.s.b.a.e.mvc.EndpointHandlerMapping     : Mapped "{[/metrics/{name:.*}],methods=[GET],produces=[application/vnd.spring-boot.actuator.v1+json || application/json]}" onto public java.lang.Object org.springframework.boot.actuate.endpoint.mvc.MetricsMvcEndpoint.value(java.lang.String)
2017-09-14 22:27:27.390  INFO 8168 --- [    Test worker] o.s.b.a.e.mvc.EndpointHandlerMapping     : Mapped "{[/metrics || /metrics.json],methods=[GET],produces=[application/vnd.spring-boot.actuator.v1+json || application/json]}" onto public java.lang.Object org.springframework.boot.actuate.endpoint.mvc.EndpointMvcAdapter.invoke()
2017-09-14 22:27:27.392  INFO 8168 --- [    Test worker] o.s.b.a.e.mvc.EndpointHandlerMapping     : Mapped "{[/health || /health.json],methods=[GET],produces=[application/vnd.spring-boot.actuator.v1+json || application/json]}" onto public java.lang.Object org.springframework.boot.actuate.endpoint.mvc.HealthMvcEndpoint.invoke(javax.servlet.http.HttpServletRequest)
2017-09-14 22:27:27.394  INFO 8168 --- [    Test worker] o.s.b.a.e.mvc.EndpointHandlerMapping     : Mapped "{[/mappings || /mappings.json],methods=[GET],produces=[application/vnd.spring-boot.actuator.v1+json || application/json]}" onto public java.lang.Object org.springframework.boot.actuate.endpoint.mvc.EndpointMvcAdapter.invoke()
2017-09-14 22:27:27.395  INFO 8168 --- [    Test worker] o.s.b.a.e.mvc.EndpointHandlerMapping     : Mapped "{[/dump || /dump.json],methods=[GET],produces=[application/vnd.spring-boot.actuator.v1+json || application/json]}" onto public java.lang.Object org.springframework.boot.actuate.endpoint.mvc.EndpointMvcAdapter.invoke()
2017-09-14 22:27:27.396  INFO 8168 --- [    Test worker] o.s.b.a.e.mvc.EndpointHandlerMapping     : Mapped "{[/beans || /beans.json],methods=[GET],produces=[application/vnd.spring-boot.actuator.v1+json || application/json]}" onto public java.lang.Object org.springframework.boot.actuate.endpoint.mvc.EndpointMvcAdapter.invoke()
2017-09-14 22:27:27.398  INFO 8168 --- [    Test worker] o.s.b.a.e.mvc.EndpointHandlerMapping     : Mapped "{[/autoconfig || /autoconfig.json],methods=[GET],produces=[application/vnd.spring-boot.actuator.v1+json || application/json]}" onto public java.lang.Object org.springframework.boot.actuate.endpoint.mvc.EndpointMvcAdapter.invoke()
2017-09-14 22:27:27.400  INFO 8168 --- [    Test worker] o.s.b.a.e.mvc.EndpointHandlerMapping     : Mapped "{[/heapdump || /heapdump.json],methods=[GET],produces=[application/octet-stream]}" onto public void org.springframework.boot.actuate.endpoint.mvc.HeapdumpMvcEndpoint.invoke(boolean,javax.servlet.http.HttpServletRequest,javax.servlet.http.HttpServletResponse) throws java.io.IOException,javax.servlet.ServletException
2017-09-14 22:27:27.402  INFO 8168 --- [    Test worker] o.s.b.a.e.mvc.EndpointHandlerMapping     : Mapped "{[/info || /info.json],methods=[GET],produces=[application/vnd.spring-boot.actuator.v1+json || application/json]}" onto public java.lang.Object org.springframework.boot.actuate.endpoint.mvc.EndpointMvcAdapter.invoke()
2017-09-14 22:27:27.404  INFO 8168 --- [    Test worker] o.s.b.a.e.mvc.EndpointHandlerMapping     : Mapped "{[/configprops || /configprops.json],methods=[GET],produces=[application/vnd.spring-boot.actuator.v1+json || application/json]}" onto public java.lang.Object org.springframework.boot.actuate.endpoint.mvc.EndpointMvcAdapter.invoke()
2017-09-14 22:27:27.406  INFO 8168 --- [    Test worker] o.s.b.a.e.mvc.EndpointHandlerMapping     : Mapped "{[/auditevents || /auditevents.json],methods=[GET],produces=[application/vnd.spring-boot.actuator.v1+json || application/json]}" onto public org.springframework.http.ResponseEntity<?> org.springframework.boot.actuate.endpoint.mvc.AuditEventsMvcEndpoint.findByPrincipalAndAfterAndType(java.lang.String,java.util.Date,java.lang.String)
2017-09-14 22:27:27.409  INFO 8168 --- [    Test worker] o.s.b.a.e.mvc.EndpointHandlerMapping     : Mapped "{[/loggers/{name:.*}],methods=[GET],produces=[application/vnd.spring-boot.actuator.v1+json || application/json]}" onto public java.lang.Object org.springframework.boot.actuate.endpoint.mvc.LoggersMvcEndpoint.get(java.lang.String)
2017-09-14 22:27:27.410  INFO 8168 --- [    Test worker] o.s.b.a.e.mvc.EndpointHandlerMapping     : Mapped "{[/loggers/{name:.*}],methods=[POST],consumes=[application/vnd.spring-boot.actuator.v1+json || application/json],produces=[application/vnd.spring-boot.actuator.v1+json || application/json]}" onto public java.lang.Object org.springframework.boot.actuate.endpoint.mvc.LoggersMvcEndpoint.set(java.lang.String,java.util.Map<java.lang.String, java.lang.String>)
2017-09-14 22:27:27.410  INFO 8168 --- [    Test worker] o.s.b.a.e.mvc.EndpointHandlerMapping     : Mapped "{[/loggers || /loggers.json],methods=[GET],produces=[application/vnd.spring-boot.actuator.v1+json || application/json]}" onto public java.lang.Object org.springframework.boot.actuate.endpoint.mvc.EndpointMvcAdapter.invoke()
2017-09-14 22:27:27.438 DEBUG 8168 --- [    Test worker] o.s.w.c.s.StandardServletEnvironment     : Adding [servletConfigInitParams] PropertySource with lowest search precedence
2017-09-14 22:27:27.438 DEBUG 8168 --- [    Test worker] o.s.w.c.s.StandardServletEnvironment     : Adding [servletContextInitParams] PropertySource with lowest search precedence
2017-09-14 22:27:27.438 DEBUG 8168 --- [    Test worker] o.s.w.c.s.StandardServletEnvironment     : Adding [systemProperties] PropertySource with lowest search precedence
2017-09-14 22:27:27.438 DEBUG 8168 --- [    Test worker] o.s.w.c.s.StandardServletEnvironment     : Adding [systemEnvironment] PropertySource with lowest search precedence
2017-09-14 22:27:27.438 DEBUG 8168 --- [    Test worker] o.s.w.c.s.StandardServletEnvironment     : Initialized StandardServletEnvironment with PropertySources [servletConfigInitParams,servletContextInitParams,systemProperties,systemEnvironment]
2017-09-14 22:27:27.605 DEBUG 8168 --- [    Test worker] o.s.w.c.s.StandardServletEnvironment     : Adding [servletConfigInitParams] PropertySource with lowest search precedence
2017-09-14 22:27:27.605 DEBUG 8168 --- [    Test worker] o.s.w.c.s.StandardServletEnvironment     : Adding [servletContextInitParams] PropertySource with lowest search precedence
2017-09-14 22:27:27.605 DEBUG 8168 --- [    Test worker] o.s.w.c.s.StandardServletEnvironment     : Adding [systemProperties] PropertySource with lowest search precedence
2017-09-14 22:27:27.606 DEBUG 8168 --- [    Test worker] o.s.w.c.s.StandardServletEnvironment     : Adding [systemEnvironment] PropertySource with lowest search precedence
2017-09-14 22:27:27.606 DEBUG 8168 --- [    Test worker] o.s.w.c.s.StandardServletEnvironment     : Initialized StandardServletEnvironment with PropertySources [servletConfigInitParams,servletContextInitParams,systemProperties,systemEnvironment]
2017-09-14 22:27:27.673 DEBUG 8168 --- [    Test worker] o.s.w.c.s.StandardServletEnvironment     : Adding [servletConfigInitParams] PropertySource with lowest search precedence
2017-09-14 22:27:27.673 DEBUG 8168 --- [    Test worker] o.s.w.c.s.StandardServletEnvironment     : Adding [servletContextInitParams] PropertySource with lowest search precedence
2017-09-14 22:27:27.673 DEBUG 8168 --- [    Test worker] o.s.w.c.s.StandardServletEnvironment     : Adding [systemProperties] PropertySource with lowest search precedence
2017-09-14 22:27:27.673 DEBUG 8168 --- [    Test worker] o.s.w.c.s.StandardServletEnvironment     : Adding [systemEnvironment] PropertySource with lowest search precedence
2017-09-14 22:27:27.673 DEBUG 8168 --- [    Test worker] o.s.w.c.s.StandardServletEnvironment     : Initialized StandardServletEnvironment with PropertySources [servletConfigInitParams,servletContextInitParams,systemProperties,systemEnvironment]
2017-09-14 22:27:28.010 DEBUG 8168 --- [    Test worker] o.s.w.c.s.StandardServletEnvironment     : Adding [servletConfigInitParams] PropertySource with lowest search precedence
2017-09-14 22:27:28.010 DEBUG 8168 --- [    Test worker] o.s.w.c.s.StandardServletEnvironment     : Adding [servletContextInitParams] PropertySource with lowest search precedence
2017-09-14 22:27:28.010 DEBUG 8168 --- [    Test worker] o.s.w.c.s.StandardServletEnvironment     : Adding [systemProperties] PropertySource with lowest search precedence
2017-09-14 22:27:28.011 DEBUG 8168 --- [    Test worker] o.s.w.c.s.StandardServletEnvironment     : Adding [systemEnvironment] PropertySource with lowest search precedence
2017-09-14 22:27:28.011 DEBUG 8168 --- [    Test worker] o.s.w.c.s.StandardServletEnvironment     : Initialized StandardServletEnvironment with PropertySources [servletConfigInitParams,servletContextInitParams,systemProperties,systemEnvironment]
2017-09-14 22:27:28.471 DEBUG 8168 --- [    Test worker] o.s.w.c.s.GenericWebApplicationContext   : Unable to locate LifecycleProcessor with name 'lifecycleProcessor': using default [org.springframework.context.support.DefaultLifecycleProcessor@4ded197b]
2017-09-14 22:27:28.526 DEBUG 8168 --- [    Test worker] o.s.w.s.resource.ResourceUrlProvider     : Looking for resource handler mappings
2017-09-14 22:27:28.528 DEBUG 8168 --- [    Test worker] o.s.w.s.resource.ResourceUrlProvider     : Found resource handler mapping: URL pattern="/**/favicon.ico", locations=[ServletContext resource [/], class path resource [META-INF/resources/], class path resource [resources/], class path resource [static/], class path resource [public/], class path resource []], resolvers=[org.springframework.web.servlet.resource.PathResourceResolver@6900c655]
2017-09-14 22:27:28.528 DEBUG 8168 --- [    Test worker] o.s.w.s.resource.ResourceUrlProvider     : Found resource handler mapping: URL pattern="/webjars/**", locations=[class path resource [META-INF/resources/webjars/]], resolvers=[org.springframework.web.servlet.resource.PathResourceResolver@2728c461]
2017-09-14 22:27:28.530 DEBUG 8168 --- [    Test worker] o.s.w.s.resource.ResourceUrlProvider     : Found resource handler mapping: URL pattern="/**", locations=[ServletContext resource [/], class path resource [META-INF/resources/], class path resource [resources/], class path resource [static/], class path resource [public/]], resolvers=[org.springframework.web.servlet.resource.PathResourceResolver@3e5fb6e7]
2017-09-14 22:27:28.547  INFO 8168 --- [    Test worker] pl.drat.dominik.service.IPServiceTest    : Started IPServiceTest in 29.11 seconds (JVM running for 34.085)
]]></system-out>
  <system-err><![CDATA[Thu Sep 14 22:27:10 CEST 2017 WARN: Establishing SSL connection without server's identity verification is not recommended. According to MySQL 5.5.45+, 5.6.26+ and 5.7.6+ requirements SSL connection must be established by default if explicit option isn't set. For compliance with existing applications not using SSL the verifyServerCertificate property is set to 'false'. You need either to explicitly disable SSL by setting useSSL=false, or set useSSL=true and provide truststore for server certificate verification.
Thu Sep 14 22:27:11 CEST 2017 WARN: Establishing SSL connection without server's identity verification is not recommended. According to MySQL 5.5.45+, 5.6.26+ and 5.7.6+ requirements SSL connection must be established by default if explicit option isn't set. For compliance with existing applications not using SSL the verifyServerCertificate property is set to 'false'. You need either to explicitly disable SSL by setting useSSL=false, or set useSSL=true and provide truststore for server certificate verification.
Thu Sep 14 22:27:14 CEST 2017 WARN: Establishing SSL connection without server's identity verification is not recommended. According to MySQL 5.5.45+, 5.6.26+ and 5.7.6+ requirements SSL connection must be established by default if explicit option isn't set. For compliance with existing applications not using SSL the verifyServerCertificate property is set to 'false'. You need either to explicitly disable SSL by setting useSSL=false, or set useSSL=true and provide truststore for server certificate verification.
Thu Sep 14 22:27:17 CEST 2017 WARN: Establishing SSL connection without server's identity verification is not recommended. According to MySQL 5.5.45+, 5.6.26+ and 5.7.6+ requirements SSL connection must be established by default if explicit option isn't set. For compliance with existing applications not using SSL the verifyServerCertificate property is set to 'false'. You need either to explicitly disable SSL by setting useSSL=false, or set useSSL=true and provide truststore for server certificate verification.
]]></system-err>
</testsuite>
